[PWD] /home/rsadve1/scratch/FIR_GRAND_SyndromeVote
[HOST] fc20520
[DATE] Wed Mar 11 11:53:05 PDT 2026
[SLURM_JOB_ID] 27156506
[SLURM_CPUS_PER_TASK] 64
[SBATCH CONFIG] RESULTS_DIR=/home/rsadve1/scratch/FIR_GRAND_SyndromeVote/results/run_ms.sbatch_27156506
[SBATCH CONFIG] BASE_GIT_REF=37bf246:HW3_PARALLEL_Narval_LDPC_GRAND_MS_PATCH.py
[SBATCH CONFIG] SNR_SWEEP=7,7.5,8,8.5,9,9.5,10,10.5,11
[SBATCH CONFIG] LDPC_ITERS=4,8,15,20,100
[SBATCH CONFIG] STAGE1_ITERS=4,8,15
[SBATCH CONFIG] TARGET_FRAME_ERRORS=200 MAX_FRAMES=200000
[SBATCH CONFIG] RUN_RECEIVER2=1 RUN_RECEIVER3=1 RUN_RECEIVER4=1
[SBATCH CONFIG] GRAND_RR_SNAPSHOTS=8,15,4
[SBATCH CONFIG] GRAND_RR_RESTART_TOP_BITS=10
[SBATCH CONFIG] GRAND_RR_RESTART_MAX_ORDER=3
[SBATCH CONFIG] GRAND_RR_RESTART_MAX_CANDIDATES=8
[SBATCH CONFIG] GRAND_RR_EXTRA_LDPC_ITERS=8
[Receiver-4R launcher] repo_root=/scratch/rsadve1/FIR_GRAND_SyndromeVote
[Receiver-4R launcher] wrapper_ref=4e59ddbf1f6080fcb93a57c23ae6fc6092ea6fb8:HW3_PARALLEL_Narval_LDPC_GRAND_MS_PATCH.py
[Receiver-4R launcher] BASE_GIT_REF=37bf246:HW3_PARALLEL_Narval_LDPC_GRAND_MS_PATCH.py
Numba not available; using default threading.
