[SBATCH CONFIG] SNR_SWEEP=4.5,5.5,6.5,7.5,8.5,9.5,10.5,11.5
[SBATCH CONFIG] LDPC_ITERS=15,20,100 STAGE1_ITERS=15
[SBATCH CONFIG] CHANNEL=SIONNA_TDL TDL=C DELAY=1.5e-6 SPEED=[18.0,32.0] CFO=350.0 CSI_MODE=nr_imperfect
[SBATCH CONFIG] RUN_RECEIVER3=1 RUN_RECEIVER4=1 RUN_RECEIVER5=1 RUN_RECEIVER6=1
Numba threads: 64
[HW model]  {'fclk_mhz': 800, 'ldpc_edges_per_cycle': 64, 'ldpc_bits_per_cycle_hd': 64, 'ldpc_iter_overhead_cycles': 20, 'grand_edges_per_cycle': 64, 'grand_checks_per_cycle': 64, 'grand_batch_overhead_cycles': 200, 'grand_abs_per_cycle': 64, 'grand_sort_elem_log2_per_cycle': 64, 'grand_cost_add_per_cycle': 64, 'grand_patsort_patlog2_per_cycle': 64, 'cluster_pair_edges_per_cycle': 0}
[RUN_EXPERIMENTS] codes=['sionna5g']  snr_sweep=[4.5, 5.5, 6.5, 7.5, 8.5, 9.5, 10.5, 11.5]  out_dir=results/run_ms_scout.sbatch_27768739
[RUN_EXPERIMENTS] mc_cfg=AdaptiveMCConfig(target_frame_errors=120, min_frames=0, max_frames=120000)
Fast decoding structures prepared: 20488 edges
[RUN_EXPERIMENTS] Built code: sionna5g_k1024_n2048_qm1
[run_awgn_sweep_for_code] SNR-parallel ON: n_jobs=4, threads/worker=16, backend=loky
[save_awgn_results] Wrote raw results : results/run_ms_scout.sbatch_27768739/sionna_tdl_sionna5g_k1024_n2048_qm1_hybrid_20260314-225436_raw.pkl
[save_awgn_results] Wrote mean summary: results/run_ms_scout.sbatch_27768739/sionna_tdl_sionna5g_k1024_n2048_qm1_hybrid_20260314-225436_summary.csv
[save_awgn_results] Wrote tails summary: results/run_ms_scout.sbatch_27768739/sionna_tdl_sionna5g_k1024_n2048_qm1_hybrid_20260314-225436_summary_tails.csv

=== Adaptive LDPC-only Monte-Carlo (channel=SIONNA_TDL) ===
Decoder label                 : ldpc15
SNR (dB)                      : 6.50
Frames simulated              : 147
Frame errors                  : 120 (target=120)
Bit error rate (BER)          : 2.812e-01
Frame error rate (FER)        : 8.163e-01
Avg LDPC iterations/frame     : 13.87
Avg HW cycles/frame           : 19528.51
Avg HW decode time/frame      : 24.41 µs
HW model (fclk_mhz)            : 800.0 MHz

=== Adaptive LDPC-only Monte-Carlo (channel=SIONNA_TDL) ===
Decoder label                 : ldpc20
SNR (dB)                      : 6.50
Frames simulated              : 153
Frame errors                  : 120 (target=120)
Bit error rate (BER)          : 2.869e-01
Frame error rate (FER)        : 7.843e-01
Avg LDPC iterations/frame     : 17.97
Avg HW cycles/frame           : 25217.45
Avg HW decode time/frame      : 31.52 µs
HW model (fclk_mhz)            : 800.0 MHz

=== Adaptive LDPC-only Monte-Carlo (channel=SIONNA_TDL) ===
Decoder label                 : ldpc100
SNR (dB)                      : 6.50
Frames simulated              : 153
Frame errors                  : 120 (target=120)
Bit error rate (BER)          : 2.950e-01
Frame error rate (FER)        : 7.843e-01
Avg LDPC iterations/frame     : 81.07
Avg HW cycles/frame           : 112860.63
Avg HW decode time/frame      : 141.08 µs
HW model (fclk_mhz)            : 800.0 MHz

=== Adaptive HYBRID Monte-Carlo (channel=SIONNA_TDL) ===
Decoder label                 : hyb15
SNR (dB)                      : 6.50
Frames simulated              : 154
Final frame errors            : 120 (target=120)
Stage-1 BER                   : 2.692e-01
Stage-1 FER                   : 7.922e-01
Final BER (LDPC+GRAND)        : 2.692e-01
Final FER (LDPC+GRAND)        : 7.792e-01
Avg stage-1 iters/frame       : 13.94
Avg HW time/frame (stage-1)   : 24.51 µs
Avg HW time/frame (GRAND)     : 74.82 µs
Avg HW time/frame (total)     : 99.33 µs

=== Adaptive HYBRID Monte-Carlo (channel=SIONNA_TDL) ===
Decoder label                 : hybptg15
SNR (dB)                      : 6.50
Frames simulated              : 148
Final frame errors            : 120 (target=120)
Stage-1 BER                   : 2.862e-01
Stage-1 FER                   : 8.176e-01
Final BER (LDPC+GRAND)        : 2.861e-01
Final FER (LDPC+GRAND)        : 8.108e-01
Avg stage-1 iters/frame       : 13.77
Avg HW time/frame (stage-1)   : 24.24 µs
Avg HW time/frame (GRAND)     : 1296.08 µs
Avg HW time/frame (total)     : 1320.31 µs

=== Adaptive HYBRID Monte-Carlo (channel=SIONNA_TDL) ===
Decoder label                 : hybctg15
SNR (dB)                      : 6.50
Frames simulated              : 160
Final frame errors            : 120 (target=120)
Stage-1 BER                   : 2.632e-01
Stage-1 FER                   : 7.500e-01
Final BER (LDPC+GRAND)        : 2.632e-01
Final FER (LDPC+GRAND)        : 7.500e-01
Avg stage-1 iters/frame       : 13.51
Avg HW time/frame (stage-1)   : 23.76 µs
Avg HW time/frame (GRAND)     : 5314.86 µs
Avg HW time/frame (total)     : 5338.62 µs

=== Adaptive HYBRID Monte-Carlo (channel=SIONNA_TDL) ===
Decoder label                 : hybosd15
SNR (dB)                      : 6.50
Frames simulated              : 156
Final frame errors            : 120 (target=120)
Stage-1 BER                   : 2.580e-01
Stage-1 FER                   : 7.949e-01
Final BER (LDPC+GRAND)        : 2.580e-01
Final FER (LDPC+GRAND)        : 7.692e-01
Avg stage-1 iters/frame       : 13.67
Avg HW time/frame (stage-1)   : 24.06 µs
Avg HW time/frame (GRAND)     : 2850.53 µs
Avg HW time/frame (total)     : 2874.59 µs

=== Adaptive HYBRID Monte-Carlo (channel=SIONNA_TDL) ===
Decoder label                 : hybahr15
SNR (dB)                      : 6.50
Frames simulated              : 157
Final frame errors            : 120 (target=120)
Stage-1 BER                   : 2.705e-01
Stage-1 FER                   : 7.834e-01
Final BER (LDPC+GRAND)        : 2.702e-01
Final FER (LDPC+GRAND)        : 7.643e-01
Avg stage-1 iters/frame       : 13.61
Avg HW time/frame (stage-1)   : 23.95 µs
Avg HW time/frame (GRAND)     : 6633.67 µs
Avg HW time/frame (total)     : 6657.61 µs

=== Adaptive LDPC-only Monte-Carlo (channel=SIONNA_TDL) ===
Decoder label                 : ldpc15
SNR (dB)                      : 8.50
Frames simulated              : 162
Frame errors                  : 120 (target=120)
Bit error rate (BER)          : 2.509e-01
Frame error rate (FER)        : 7.407e-01
Avg LDPC iterations/frame     : 13.18
Avg HW cycles/frame           : 18543.43
Avg HW decode time/frame      : 23.18 µs
HW model (fclk_mhz)            : 800.0 MHz

=== Adaptive LDPC-only Monte-Carlo (channel=SIONNA_TDL) ===
Decoder label                 : ldpc20
SNR (dB)                      : 8.50
Frames simulated              : 184
Frame errors                  : 120 (target=120)
Bit error rate (BER)          : 2.278e-01
Frame error rate (FER)        : 6.522e-01
Avg LDPC iterations/frame     : 16.34
Avg HW cycles/frame           : 22908.93
Avg HW decode time/frame      : 28.64 µs
HW model (fclk_mhz)            : 800.0 MHz

=== Adaptive LDPC-only Monte-Carlo (channel=SIONNA_TDL) ===
Decoder label                 : ldpc100
SNR (dB)                      : 8.50
Frames simulated              : 181
Frame errors                  : 120 (target=120)
Bit error rate (BER)          : 2.320e-01
Frame error rate (FER)        : 6.630e-01
Avg LDPC iterations/frame     : 70.99
Avg HW cycles/frame           : 98824.14
Avg HW decode time/frame      : 123.53 µs
HW model (fclk_mhz)            : 800.0 MHz

=== Adaptive HYBRID Monte-Carlo (channel=SIONNA_TDL) ===
Decoder label                 : hyb15
SNR (dB)                      : 8.50
Frames simulated              : 169
Final frame errors            : 120 (target=120)
Stage-1 BER                   : 2.365e-01
Stage-1 FER                   : 7.160e-01
Final BER (LDPC+GRAND)        : 2.365e-01
Final FER (LDPC+GRAND)        : 7.101e-01
Avg stage-1 iters/frame       : 13.20
Avg HW time/frame (stage-1)   : 23.20 µs
Avg HW time/frame (GRAND)     : 68.17 µs
Avg HW time/frame (total)     : 91.37 µs

=== Adaptive HYBRID Monte-Carlo (channel=SIONNA_TDL) ===
Decoder label                 : hybptg15
SNR (dB)                      : 8.50
Frames simulated              : 172
Final frame errors            : 120 (target=120)
Stage-1 BER                   : 2.288e-01
Stage-1 FER                   : 7.093e-01
Final BER (LDPC+GRAND)        : 2.288e-01
Final FER (LDPC+GRAND)        : 6.977e-01
Avg stage-1 iters/frame       : 13.04
Avg HW time/frame (stage-1)   : 22.93 µs
Avg HW time/frame (GRAND)     : 1111.14 µs
Avg HW time/frame (total)     : 1134.07 µs

=== Adaptive HYBRID Monte-Carlo (channel=SIONNA_TDL) ===
Decoder label                 : hybctg15
SNR (dB)                      : 8.50
Frames simulated              : 175
Final frame errors            : 120 (target=120)
Stage-1 BER                   : 2.123e-01
Stage-1 FER                   : 6.971e-01
Final BER (LDPC+GRAND)        : 2.123e-01
Final FER (LDPC+GRAND)        : 6.857e-01
Avg stage-1 iters/frame       : 12.88
Avg HW time/frame (stage-1)   : 22.64 µs
Avg HW time/frame (GRAND)     : 4873.04 µs
Avg HW time/frame (total)     : 4895.68 µs

=== Adaptive HYBRID Monte-Carlo (channel=SIONNA_TDL) ===
Decoder label                 : hybosd15
SNR (dB)                      : 8.50
Frames simulated              : 178
Final frame errors            : 120 (target=120)
Stage-1 BER                   : 2.306e-01
Stage-1 FER                   : 6.854e-01
Final BER (LDPC+GRAND)        : 2.306e-01
Final FER (LDPC+GRAND)        : 6.742e-01
Avg stage-1 iters/frame       : 12.93
Avg HW time/frame (stage-1)   : 22.72 µs
Avg HW time/frame (GRAND)     : 2522.13 µs
Avg HW time/frame (total)     : 2544.85 µs

=== Adaptive HYBRID Monte-Carlo (channel=SIONNA_TDL) ===
Decoder label                 : hybahr15
SNR (dB)                      : 8.50
Frames simulated              : 187
Final frame errors            : 120 (target=120)
Stage-1 BER                   : 2.191e-01
Stage-1 FER                   : 6.738e-01
Final BER (LDPC+GRAND)        : 2.170e-01
Final FER (LDPC+GRAND)        : 6.417e-01
Avg stage-1 iters/frame       : 12.52
Avg HW time/frame (stage-1)   : 22.02 µs
Avg HW time/frame (GRAND)     : 5609.81 µs
Avg HW time/frame (total)     : 5631.82 µs

=== Adaptive LDPC-only Monte-Carlo (channel=SIONNA_TDL) ===
Decoder label                 : ldpc15
SNR (dB)                      : 4.50
Frames simulated              : 136
Frame errors                  : 120 (target=120)
Bit error rate (BER)          : 3.260e-01
Frame error rate (FER)        : 8.824e-01
Avg LDPC iterations/frame     : 14.20
Avg HW cycles/frame           : 20004.99
Avg HW decode time/frame      : 25.01 µs
HW model (fclk_mhz)            : 800.0 MHz

=== Adaptive LDPC-only Monte-Carlo (channel=SIONNA_TDL) ===
Decoder label                 : ldpc20
SNR (dB)                      : 4.50
Frames simulated              : 133
Frame errors                  : 120 (target=120)
Bit error rate (BER)          : 3.455e-01
Frame error rate (FER)        : 9.023e-01
Avg LDPC iterations/frame     : 19.24
Avg HW cycles/frame           : 27014.82
Avg HW decode time/frame      : 33.77 µs
HW model (fclk_mhz)            : 800.0 MHz

=== Adaptive LDPC-only Monte-Carlo (channel=SIONNA_TDL) ===
Decoder label                 : ldpc100
SNR (dB)                      : 4.50
Frames simulated              : 142
Frame errors                  : 120 (target=120)
Bit error rate (BER)          : 3.231e-01
Frame error rate (FER)        : 8.451e-01
Avg LDPC iterations/frame     : 87.51
Avg HW cycles/frame           : 121818.55
Avg HW decode time/frame      : 152.27 µs
HW model (fclk_mhz)            : 800.0 MHz

=== Adaptive HYBRID Monte-Carlo (channel=SIONNA_TDL) ===
Decoder label                 : hyb15
SNR (dB)                      : 4.50
Frames simulated              : 127
Final frame errors            : 120 (target=120)
Stage-1 BER                   : 3.555e-01
Stage-1 FER                   : 9.449e-01
Final BER (LDPC+GRAND)        : 3.555e-01
Final FER (LDPC+GRAND)        : 9.449e-01
Avg stage-1 iters/frame       : 14.68
Avg HW time/frame (stage-1)   : 25.86 µs
Avg HW time/frame (GRAND)     : 90.71 µs
Avg HW time/frame (total)     : 116.57 µs

=== Adaptive HYBRID Monte-Carlo (channel=SIONNA_TDL) ===
Decoder label                 : hybptg15
SNR (dB)                      : 4.50
Frames simulated              : 129
Final frame errors            : 120 (target=120)
Stage-1 BER                   : 3.439e-01
Stage-1 FER                   : 9.380e-01
Final BER (LDPC+GRAND)        : 3.439e-01
Final FER (LDPC+GRAND)        : 9.302e-01
Avg stage-1 iters/frame       : 14.60
Avg HW time/frame (stage-1)   : 25.72 µs
Avg HW time/frame (GRAND)     : 1486.03 µs
Avg HW time/frame (total)     : 1511.75 µs

=== Adaptive HYBRID Monte-Carlo (channel=SIONNA_TDL) ===
Decoder label                 : hybctg15
SNR (dB)                      : 4.50
Frames simulated              : 134
Final frame errors            : 120 (target=120)
Stage-1 BER                   : 3.241e-01
Stage-1 FER                   : 8.955e-01
Final BER (LDPC+GRAND)        : 3.241e-01
Final FER (LDPC+GRAND)        : 8.955e-01
Avg stage-1 iters/frame       : 14.49
Avg HW time/frame (stage-1)   : 25.52 µs
Avg HW time/frame (GRAND)     : 6357.25 µs
Avg HW time/frame (total)     : 6382.77 µs

=== Adaptive HYBRID Monte-Carlo (channel=SIONNA_TDL) ===
Decoder label                 : hybosd15
SNR (dB)                      : 4.50
Frames simulated              : 137
Final frame errors            : 120 (target=120)
Stage-1 BER                   : 3.203e-01
Stage-1 FER                   : 8.759e-01
Final BER (LDPC+GRAND)        : 3.203e-01
Final FER (LDPC+GRAND)        : 8.759e-01
Avg stage-1 iters/frame       : 14.42
Avg HW time/frame (stage-1)   : 25.39 µs
Avg HW time/frame (GRAND)     : 3258.33 µs
Avg HW time/frame (total)     : 3283.72 µs

=== Adaptive HYBRID Monte-Carlo (channel=SIONNA_TDL) ===
Decoder label                 : hybahr15
SNR (dB)                      : 4.50
Frames simulated              : 128
Final frame errors            : 120 (target=120)
Stage-1 BER                   : 3.462e-01
Stage-1 FER                   : 9.453e-01
Final BER (LDPC+GRAND)        : 3.452e-01
Final FER (LDPC+GRAND)        : 9.375e-01
Avg stage-1 iters/frame       : 14.73
Avg HW time/frame (stage-1)   : 25.96 µs
Avg HW time/frame (GRAND)     : 8163.97 µs
Avg HW time/frame (total)     : 8189.93 µs

=== Adaptive LDPC-only Monte-Carlo (channel=SIONNA_TDL) ===
Decoder label                 : ldpc15
SNR (dB)                      : 9.50
Frames simulated              : 174
Frame errors                  : 120 (target=120)
Bit error rate (BER)          : 2.208e-01
Frame error rate (FER)        : 6.897e-01
Avg LDPC iterations/frame     : 13.19
Avg HW cycles/frame           : 18541.81
Avg HW decode time/frame      : 23.18 µs
HW model (fclk_mhz)            : 800.0 MHz

=== Adaptive LDPC-only Monte-Carlo (channel=SIONNA_TDL) ===
Decoder label                 : ldpc20
SNR (dB)                      : 9.50
Frames simulated              : 192
Frame errors                  : 120 (target=120)
Bit error rate (BER)          : 2.130e-01
Frame error rate (FER)        : 6.250e-01
Avg LDPC iterations/frame     : 16.04
Avg HW cycles/frame           : 22475.27
Avg HW decode time/frame      : 28.09 µs
HW model (fclk_mhz)            : 800.0 MHz

=== Adaptive LDPC-only Monte-Carlo (channel=SIONNA_TDL) ===
Decoder label                 : ldpc100
SNR (dB)                      : 9.50
Frames simulated              : 222
Frame errors                  : 120 (target=120)
Bit error rate (BER)          : 1.907e-01
Frame error rate (FER)        : 5.405e-01
Avg LDPC iterations/frame     : 59.92
Avg HW cycles/frame           : 83400.89
Avg HW decode time/frame      : 104.25 µs
HW model (fclk_mhz)            : 800.0 MHz

=== Adaptive HYBRID Monte-Carlo (channel=SIONNA_TDL) ===
Decoder label                 : hyb15
SNR (dB)                      : 9.50
Frames simulated              : 197
Final frame errors            : 120 (target=120)
Stage-1 BER                   : 1.907e-01
Stage-1 FER                   : 6.091e-01
Final BER (LDPC+GRAND)        : 1.907e-01
Final FER (LDPC+GRAND)        : 6.091e-01
Avg stage-1 iters/frame       : 12.38
Avg HW time/frame (stage-1)   : 21.74 µs
Avg HW time/frame (GRAND)     : 58.25 µs
Avg HW time/frame (total)     : 79.99 µs

=== Adaptive HYBRID Monte-Carlo (channel=SIONNA_TDL) ===
Decoder label                 : hybptg15
SNR (dB)                      : 9.50
Frames simulated              : 181
Final frame errors            : 120 (target=120)
Stage-1 BER                   : 2.297e-01
Stage-1 FER                   : 6.685e-01
Final BER (LDPC+GRAND)        : 2.297e-01
Final FER (LDPC+GRAND)        : 6.630e-01
Avg stage-1 iters/frame       : 12.76
Avg HW time/frame (stage-1)   : 22.43 µs
Avg HW time/frame (GRAND)     : 1061.39 µs
Avg HW time/frame (total)     : 1083.81 µs

=== Adaptive HYBRID Monte-Carlo (channel=SIONNA_TDL) ===
Decoder label                 : hybctg15
SNR (dB)                      : 9.50
Frames simulated              : 180
Final frame errors            : 120 (target=120)
Stage-1 BER                   : 2.215e-01
Stage-1 FER                   : 6.667e-01
Final BER (LDPC+GRAND)        : 2.215e-01
Final FER (LDPC+GRAND)        : 6.667e-01
Avg stage-1 iters/frame       : 12.68
Avg HW time/frame (stage-1)   : 22.29 µs
Avg HW time/frame (GRAND)     : 4718.30 µs
Avg HW time/frame (total)     : 4740.59 µs

=== Adaptive HYBRID Monte-Carlo (channel=SIONNA_TDL) ===
Decoder label                 : hybosd15
SNR (dB)                      : 9.50
Frames simulated              : 181
Final frame errors            : 120 (target=120)
Stage-1 BER                   : 2.251e-01
Stage-1 FER                   : 6.685e-01
Final BER (LDPC+GRAND)        : 2.251e-01
Final FER (LDPC+GRAND)        : 6.630e-01
Avg stage-1 iters/frame       : 12.73
Avg HW time/frame (stage-1)   : 22.37 µs
Avg HW time/frame (GRAND)     : 2486.52 µs
Avg HW time/frame (total)     : 2508.89 µs

=== Adaptive HYBRID Monte-Carlo (channel=SIONNA_TDL) ===
Decoder label                 : hybahr15
SNR (dB)                      : 9.50
Frames simulated              : 198
Final frame errors            : 120 (target=120)
Stage-1 BER                   : 2.119e-01
Stage-1 FER                   : 6.515e-01
Final BER (LDPC+GRAND)        : 2.105e-01
Final FER (LDPC+GRAND)        : 6.061e-01
Avg stage-1 iters/frame       : 12.71
Avg HW time/frame (stage-1)   : 22.33 µs
Avg HW time/frame (GRAND)     : 5289.39 µs
Avg HW time/frame (total)     : 5311.72 µs

=== Adaptive LDPC-only Monte-Carlo (channel=SIONNA_TDL) ===
Decoder label                 : ldpc15
SNR (dB)                      : 5.50
Frames simulated              : 137
Frame errors                  : 120 (target=120)
Bit error rate (BER)          : 3.071e-01
Frame error rate (FER)        : 8.759e-01
Avg LDPC iterations/frame     : 14.28
Avg HW cycles/frame           : 20112.44
Avg HW decode time/frame      : 25.14 µs
HW model (fclk_mhz)            : 800.0 MHz

=== Adaptive LDPC-only Monte-Carlo (channel=SIONNA_TDL) ===
Decoder label                 : ldpc20
SNR (dB)                      : 5.50
Frames simulated              : 138
Frame errors                  : 120 (target=120)
Bit error rate (BER)          : 3.223e-01
Frame error rate (FER)        : 8.696e-01
Avg LDPC iterations/frame     : 18.79
Avg HW cycles/frame           : 26378.24
Avg HW decode time/frame      : 32.97 µs
HW model (fclk_mhz)            : 800.0 MHz

=== Adaptive LDPC-only Monte-Carlo (channel=SIONNA_TDL) ===
Decoder label                 : ldpc100
SNR (dB)                      : 5.50
Frames simulated              : 141
Frame errors                  : 120 (target=120)
Bit error rate (BER)          : 3.223e-01
Frame error rate (FER)        : 8.511e-01
Avg LDPC iterations/frame     : 87.57
Avg HW cycles/frame           : 121914.13
Avg HW decode time/frame      : 152.39 µs
HW model (fclk_mhz)            : 800.0 MHz

=== Adaptive HYBRID Monte-Carlo (channel=SIONNA_TDL) ===
Decoder label                 : hyb15
SNR (dB)                      : 5.50
Frames simulated              : 136
Final frame errors            : 120 (target=120)
Stage-1 BER                   : 3.236e-01
Stage-1 FER                   : 8.824e-01
Final BER (LDPC+GRAND)        : 3.236e-01
Final FER (LDPC+GRAND)        : 8.824e-01
Avg stage-1 iters/frame       : 14.40
Avg HW time/frame (stage-1)   : 25.35 µs
Avg HW time/frame (GRAND)     : 84.60 µs
Avg HW time/frame (total)     : 109.95 µs

=== Adaptive HYBRID Monte-Carlo (channel=SIONNA_TDL) ===
Decoder label                 : hybptg15
SNR (dB)                      : 5.50
Frames simulated              : 137
Final frame errors            : 120 (target=120)
Stage-1 BER                   : 3.040e-01
Stage-1 FER                   : 8.978e-01
Final BER (LDPC+GRAND)        : 3.040e-01
Final FER (LDPC+GRAND)        : 8.759e-01
Avg stage-1 iters/frame       : 14.36
Avg HW time/frame (stage-1)   : 25.29 µs
Avg HW time/frame (GRAND)     : 1394.31 µs
Avg HW time/frame (total)     : 1419.60 µs

=== Adaptive HYBRID Monte-Carlo (channel=SIONNA_TDL) ===
Decoder label                 : hybctg15
SNR (dB)                      : 5.50
Frames simulated              : 146
Final frame errors            : 120 (target=120)
Stage-1 BER                   : 3.019e-01
Stage-1 FER                   : 8.219e-01
Final BER (LDPC+GRAND)        : 3.019e-01
Final FER (LDPC+GRAND)        : 8.219e-01
Avg stage-1 iters/frame       : 13.93
Avg HW time/frame (stage-1)   : 24.52 µs
Avg HW time/frame (GRAND)     : 5836.10 µs
Avg HW time/frame (total)     : 5860.62 µs

=== Adaptive HYBRID Monte-Carlo (channel=SIONNA_TDL) ===
Decoder label                 : hybosd15
SNR (dB)                      : 5.50
Frames simulated              : 142
Final frame errors            : 120 (target=120)
Stage-1 BER                   : 3.128e-01
Stage-1 FER                   : 8.592e-01
Final BER (LDPC+GRAND)        : 3.128e-01
Final FER (LDPC+GRAND)        : 8.451e-01
Avg stage-1 iters/frame       : 14.31
Avg HW time/frame (stage-1)   : 25.19 µs
Avg HW time/frame (GRAND)     : 3164.89 µs
Avg HW time/frame (total)     : 3190.08 µs

=== Adaptive HYBRID Monte-Carlo (channel=SIONNA_TDL) ===
Decoder label                 : hybahr15
SNR (dB)                      : 5.50
Frames simulated              : 137
Final frame errors            : 120 (target=120)
Stage-1 BER                   : 3.162e-01
Stage-1 FER                   : 8.832e-01
Final BER (LDPC+GRAND)        : 3.160e-01
Final FER (LDPC+GRAND)        : 8.759e-01
Avg stage-1 iters/frame       : 14.26
Avg HW time/frame (stage-1)   : 25.12 µs
Avg HW time/frame (GRAND)     : 7611.56 µs
Avg HW time/frame (total)     : 7636.67 µs

=== Adaptive LDPC-only Monte-Carlo (channel=SIONNA_TDL) ===
Decoder label                 : ldpc15
SNR (dB)                      : 11.50
Frames simulated              : 208
Frame errors                  : 120 (target=120)
Bit error rate (BER)          : 1.854e-01
Frame error rate (FER)        : 5.769e-01
Avg LDPC iterations/frame     : 11.87
Avg HW cycles/frame           : 16666.21
Avg HW decode time/frame      : 20.83 µs
HW model (fclk_mhz)            : 800.0 MHz

=== Adaptive LDPC-only Monte-Carlo (channel=SIONNA_TDL) ===
Decoder label                 : ldpc20
SNR (dB)                      : 11.50
Frames simulated              : 207
Frame errors                  : 120 (target=120)
Bit error rate (BER)          : 1.909e-01
Frame error rate (FER)        : 5.797e-01
Avg LDPC iterations/frame     : 15.27
Avg HW cycles/frame           : 21390.14
Avg HW decode time/frame      : 26.74 µs
HW model (fclk_mhz)            : 800.0 MHz

=== Adaptive LDPC-only Monte-Carlo (channel=SIONNA_TDL) ===
Decoder label                 : ldpc100
SNR (dB)                      : 11.50
Frames simulated              : 266
Frame errors                  : 120 (target=120)
Bit error rate (BER)          : 1.588e-01
Frame error rate (FER)        : 4.511e-01
Avg LDPC iterations/frame     : 51.09
Avg HW cycles/frame           : 71114.36
Avg HW decode time/frame      : 88.89 µs
HW model (fclk_mhz)            : 800.0 MHz

=== Adaptive HYBRID Monte-Carlo (channel=SIONNA_TDL) ===
Decoder label                 : hyb15
SNR (dB)                      : 11.50
Frames simulated              : 210
Final frame errors            : 120 (target=120)
Stage-1 BER                   : 1.758e-01
Stage-1 FER                   : 5.714e-01
Final BER (LDPC+GRAND)        : 1.758e-01
Final FER (LDPC+GRAND)        : 5.714e-01
Avg stage-1 iters/frame       : 11.91
Avg HW time/frame (stage-1)   : 20.91 µs
Avg HW time/frame (GRAND)     : 54.63 µs
Avg HW time/frame (total)     : 75.54 µs

=== Adaptive HYBRID Monte-Carlo (channel=SIONNA_TDL) ===
Decoder label                 : hybptg15
SNR (dB)                      : 11.50
Frames simulated              : 201
Final frame errors            : 120 (target=120)
Stage-1 BER                   : 1.784e-01
Stage-1 FER                   : 6.119e-01
Final BER (LDPC+GRAND)        : 1.784e-01
Final FER (LDPC+GRAND)        : 5.970e-01
Avg stage-1 iters/frame       : 12.40
Avg HW time/frame (stage-1)   : 21.78 µs
Avg HW time/frame (GRAND)     : 941.06 µs
Avg HW time/frame (total)     : 962.84 µs

=== Adaptive HYBRID Monte-Carlo (channel=SIONNA_TDL) ===
Decoder label                 : hybctg15
SNR (dB)                      : 11.50
Frames simulated              : 196
Final frame errors            : 120 (target=120)
Stage-1 BER                   : 1.928e-01
Stage-1 FER                   : 6.122e-01
Final BER (LDPC+GRAND)        : 1.928e-01
Final FER (LDPC+GRAND)        : 6.122e-01
Avg stage-1 iters/frame       : 12.37
Avg HW time/frame (stage-1)   : 21.72 µs
Avg HW time/frame (GRAND)     : 4335.49 µs
Avg HW time/frame (total)     : 4357.21 µs

=== Adaptive HYBRID Monte-Carlo (channel=SIONNA_TDL) ===
Decoder label                 : hybosd15
SNR (dB)                      : 11.50
Frames simulated              : 213
Final frame errors            : 120 (target=120)
Stage-1 BER                   : 1.739e-01
Stage-1 FER                   : 5.822e-01
Final BER (LDPC+GRAND)        : 1.739e-01
Final FER (LDPC+GRAND)        : 5.634e-01
Avg stage-1 iters/frame       : 12.11
Avg HW time/frame (stage-1)   : 21.26 µs
Avg HW time/frame (GRAND)     : 2097.37 µs
Avg HW time/frame (total)     : 2118.62 µs

=== Adaptive HYBRID Monte-Carlo (channel=SIONNA_TDL) ===
Decoder label                 : hybahr15
SNR (dB)                      : 11.50
Frames simulated              : 217
Final frame errors            : 120 (target=120)
Stage-1 BER                   : 1.754e-01
Stage-1 FER                   : 5.760e-01
Final BER (LDPC+GRAND)        : 1.747e-01
Final FER (LDPC+GRAND)        : 5.530e-01
Avg stage-1 iters/frame       : 11.98
Avg HW time/frame (stage-1)   : 21.03 µs
Avg HW time/frame (GRAND)     : 4807.15 µs
Avg HW time/frame (total)     : 4828.17 µs

=== Adaptive LDPC-only Monte-Carlo (channel=SIONNA_TDL) ===
Decoder label                 : ldpc15
SNR (dB)                      : 7.50
Frames simulated              : 156
Frame errors                  : 120 (target=120)
Bit error rate (BER)          : 2.639e-01
Frame error rate (FER)        : 7.692e-01
Avg LDPC iterations/frame     : 13.61
Avg HW cycles/frame           : 19149.79
Avg HW decode time/frame      : 23.94 µs
HW model (fclk_mhz)            : 800.0 MHz

=== Adaptive LDPC-only Monte-Carlo (channel=SIONNA_TDL) ===
Decoder label                 : ldpc20
SNR (dB)                      : 7.50
Frames simulated              : 162
Frame errors                  : 120 (target=120)
Bit error rate (BER)          : 2.680e-01
Frame error rate (FER)        : 7.407e-01
Avg LDPC iterations/frame     : 17.52
Avg HW cycles/frame           : 24579.57
Avg HW decode time/frame      : 30.72 µs
HW model (fclk_mhz)            : 800.0 MHz

=== Adaptive LDPC-only Monte-Carlo (channel=SIONNA_TDL) ===
Decoder label                 : ldpc100
SNR (dB)                      : 7.50
Frames simulated              : 186
Frame errors                  : 120 (target=120)
Bit error rate (BER)          : 2.321e-01
Frame error rate (FER)        : 6.452e-01
Avg LDPC iterations/frame     : 68.83
Avg HW cycles/frame           : 95816.60
Avg HW decode time/frame      : 119.77 µs
HW model (fclk_mhz)            : 800.0 MHz

=== Adaptive HYBRID Monte-Carlo (channel=SIONNA_TDL) ===
Decoder label                 : hyb15
SNR (dB)                      : 7.50
Frames simulated              : 170
Final frame errors            : 120 (target=120)
Stage-1 BER                   : 2.530e-01
Stage-1 FER                   : 7.118e-01
Final BER (LDPC+GRAND)        : 2.530e-01
Final FER (LDPC+GRAND)        : 7.059e-01
Avg stage-1 iters/frame       : 13.24
Avg HW time/frame (stage-1)   : 23.28 µs
Avg HW time/frame (GRAND)     : 68.14 µs
Avg HW time/frame (total)     : 91.42 µs

=== Adaptive HYBRID Monte-Carlo (channel=SIONNA_TDL) ===
Decoder label                 : hybptg15
SNR (dB)                      : 7.50
Frames simulated              : 169
Final frame errors            : 120 (target=120)
Stage-1 BER                   : 2.373e-01
Stage-1 FER                   : 7.278e-01
Final BER (LDPC+GRAND)        : 2.373e-01
Final FER (LDPC+GRAND)        : 7.101e-01
Avg stage-1 iters/frame       : 13.16
Avg HW time/frame (stage-1)   : 23.14 µs
Avg HW time/frame (GRAND)     : 1125.91 µs
Avg HW time/frame (total)     : 1149.05 µs

=== Adaptive HYBRID Monte-Carlo (channel=SIONNA_TDL) ===
Decoder label                 : hybctg15
SNR (dB)                      : 7.50
Frames simulated              : 157
Final frame errors            : 120 (target=120)
Stage-1 BER                   : 2.642e-01
Stage-1 FER                   : 7.643e-01
Final BER (LDPC+GRAND)        : 2.642e-01
Final FER (LDPC+GRAND)        : 7.643e-01
Avg stage-1 iters/frame       : 13.46
Avg HW time/frame (stage-1)   : 23.67 µs
Avg HW time/frame (GRAND)     : 5425.44 µs
Avg HW time/frame (total)     : 5449.12 µs

=== Adaptive HYBRID Monte-Carlo (channel=SIONNA_TDL) ===
Decoder label                 : hybosd15
SNR (dB)                      : 7.50
Frames simulated              : 164
Final frame errors            : 120 (target=120)
Stage-1 BER                   : 2.552e-01
Stage-1 FER                   : 7.317e-01
Final BER (LDPC+GRAND)        : 2.552e-01
Final FER (LDPC+GRAND)        : 7.317e-01
Avg stage-1 iters/frame       : 13.41
Avg HW time/frame (stage-1)   : 23.58 µs
Avg HW time/frame (GRAND)     : 2722.51 µs
Avg HW time/frame (total)     : 2746.10 µs

=== Adaptive HYBRID Monte-Carlo (channel=SIONNA_TDL) ===
Decoder label                 : hybahr15
SNR (dB)                      : 7.50
Frames simulated              : 167
Final frame errors            : 120 (target=120)
Stage-1 BER                   : 2.495e-01
Stage-1 FER                   : 7.545e-01
Final BER (LDPC+GRAND)        : 2.477e-01
Final FER (LDPC+GRAND)        : 7.186e-01
Avg stage-1 iters/frame       : 13.33
Avg HW time/frame (stage-1)   : 23.45 µs
Avg HW time/frame (GRAND)     : 6269.02 µs
Avg HW time/frame (total)     : 6292.47 µs

=== Adaptive LDPC-only Monte-Carlo (channel=SIONNA_TDL) ===
Decoder label                 : ldpc15
SNR (dB)                      : 10.50
Frames simulated              : 194
Frame errors                  : 120 (target=120)
Bit error rate (BER)          : 2.020e-01
Frame error rate (FER)        : 6.186e-01
Avg LDPC iterations/frame     : 12.49
Avg HW cycles/frame           : 17553.90
Avg HW decode time/frame      : 21.94 µs
HW model (fclk_mhz)            : 800.0 MHz

=== Adaptive LDPC-only Monte-Carlo (channel=SIONNA_TDL) ===
Decoder label                 : ldpc20
SNR (dB)                      : 10.50
Frames simulated              : 229
Frame errors                  : 120 (target=120)
Bit error rate (BER)          : 1.754e-01
Frame error rate (FER)        : 5.240e-01
Avg LDPC iterations/frame     : 14.72
Avg HW cycles/frame           : 20621.08
Avg HW decode time/frame      : 25.78 µs
HW model (fclk_mhz)            : 800.0 MHz

=== Adaptive LDPC-only Monte-Carlo (channel=SIONNA_TDL) ===
Decoder label                 : ldpc100
SNR (dB)                      : 10.50
Frames simulated              : 253
Frame errors                  : 120 (target=120)
Bit error rate (BER)          : 1.694e-01
Frame error rate (FER)        : 4.743e-01
Avg LDPC iterations/frame     : 53.74
Avg HW cycles/frame           : 74801.40
Avg HW decode time/frame      : 93.50 µs
HW model (fclk_mhz)            : 800.0 MHz

=== Adaptive HYBRID Monte-Carlo (channel=SIONNA_TDL) ===
Decoder label                 : hyb15
SNR (dB)                      : 10.50
Frames simulated              : 209
Final frame errors            : 120 (target=120)
Stage-1 BER                   : 1.861e-01
Stage-1 FER                   : 5.789e-01
Final BER (LDPC+GRAND)        : 1.861e-01
Final FER (LDPC+GRAND)        : 5.742e-01
Avg stage-1 iters/frame       : 12.22
Avg HW time/frame (stage-1)   : 21.46 µs
Avg HW time/frame (GRAND)     : 54.99 µs
Avg HW time/frame (total)     : 76.45 µs

=== Adaptive HYBRID Monte-Carlo (channel=SIONNA_TDL) ===
Decoder label                 : hybptg15
SNR (dB)                      : 10.50
Frames simulated              : 177
Final frame errors            : 120 (target=120)
Stage-1 BER                   : 2.280e-01
Stage-1 FER                   : 6.780e-01
Final BER (LDPC+GRAND)        : 2.280e-01
Final FER (LDPC+GRAND)        : 6.780e-01
Avg stage-1 iters/frame       : 12.77
Avg HW time/frame (stage-1)   : 22.44 µs
Avg HW time/frame (GRAND)     : 1082.26 µs
Avg HW time/frame (total)     : 1104.70 µs

=== Adaptive HYBRID Monte-Carlo (channel=SIONNA_TDL) ===
Decoder label                 : hybctg15
SNR (dB)                      : 10.50
Frames simulated              : 195
Final frame errors            : 120 (target=120)
Stage-1 BER                   : 1.901e-01
Stage-1 FER                   : 6.256e-01
Final BER (LDPC+GRAND)        : 1.901e-01
Final FER (LDPC+GRAND)        : 6.154e-01
Avg stage-1 iters/frame       : 12.29
Avg HW time/frame (stage-1)   : 21.59 µs
Avg HW time/frame (GRAND)     : 4365.69 µs
Avg HW time/frame (total)     : 4387.28 µs

=== Adaptive HYBRID Monte-Carlo (channel=SIONNA_TDL) ===
Decoder label                 : hybosd15
SNR (dB)                      : 10.50
Frames simulated              : 194
Final frame errors            : 120 (target=120)
Stage-1 BER                   : 1.945e-01
Stage-1 FER                   : 6.340e-01
Final BER (LDPC+GRAND)        : 1.945e-01
Final FER (LDPC+GRAND)        : 6.186e-01
Avg stage-1 iters/frame       : 12.48
Avg HW time/frame (stage-1)   : 21.93 µs
Avg HW time/frame (GRAND)     : 2300.56 µs
Avg HW time/frame (total)     : 2322.49 µs

=== Adaptive HYBRID Monte-Carlo (channel=SIONNA_TDL) ===
Decoder label                 : hybahr15
SNR (dB)                      : 10.50
Frames simulated              : 216
Final frame errors            : 120 (target=120)
Stage-1 BER                   : 1.850e-01
Stage-1 FER                   : 5.972e-01
Final BER (LDPC+GRAND)        : 1.836e-01
Final FER (LDPC+GRAND)        : 5.556e-01
Avg stage-1 iters/frame       : 12.19
Avg HW time/frame (stage-1)   : 21.41 µs
Avg HW time/frame (GRAND)     : 4840.39 µs
Avg HW time/frame (total)     : 4861.80 µs
