[SBATCH CONFIG] SNR_SWEEP=10.0,10.5,11.0,11.5,12.0,12.5,13.0
[SBATCH CONFIG] LDPC_ITERS=100 STAGE1_ITERS=100
[SBATCH CONFIG] PAIR_DECODER_STREAMS=1 GRAND_RESCUE_SNAPSHOT_ITERS=4,8,12,15,20,40,60,80,100
[SBATCH CONFIG] CHANNEL=SIONNA_TDL TDL=C DELAY=8e-7 SPEED=[8.0,14.0] CFO=120.0 CSI_MODE=nr_imperfect
[SBATCH CONFIG] RUN_RECEIVER1=0 RUN_RECEIVER7=1
[SBATCH CONFIG] GRAND_BGR_MAX_WEIGHT=9 GRAND_BGR_MAX_PATTERNS=160000 GRAND_BGR_BOOST_MAX_PATTERNS=500000
[SBATCH CONFIG] GRAND_BGR_RATIO=3.6 GRAND_BGR_MAX_BITS=120 GRAND_BGR_MAX_VECTORS=22 GRAND_BGR_MAX_CANDIDATES=192
Numba threads: 64
[HW model]  {'fclk_mhz': 800, 'ldpc_edges_per_cycle': 64, 'ldpc_bits_per_cycle_hd': 64, 'ldpc_iter_overhead_cycles': 20, 'grand_edges_per_cycle': 64, 'grand_checks_per_cycle': 64, 'grand_batch_overhead_cycles': 200, 'grand_abs_per_cycle': 64, 'grand_sort_elem_log2_per_cycle': 64, 'grand_cost_add_per_cycle': 64, 'grand_patsort_patlog2_per_cycle': 64, 'cluster_pair_edges_per_cycle': 0}
[RUN_EXPERIMENTS] codes=['sionna5g']  snr_sweep=[10.0, 10.5, 11.0, 11.5, 12.0, 12.5, 13.0]  out_dir=results/run_ms_receiver7_winner.sbatch_29610725
[RUN_EXPERIMENTS] mc_cfg=AdaptiveMCConfig(target_frame_errors=120, min_frames=0, max_frames=220000)
Fast decoding structures prepared: 20488 edges
[RUN_EXPERIMENTS] Built code: sionna5g_k1024_n2048_qm1
[run_awgn_sweep_for_code] SNR-parallel ON: n_jobs=4, threads/worker=16, backend=loky

=== Adaptive LDPC-only Monte-Carlo (channel=SIONNA_TDL) ===
Decoder label                 : ldpc100
SNR (dB)                      : 11.00
Frames simulated              : 2085
Frame errors                  : 120 (target=120)
Bit error rate (BER)          : 1.928e-02
Frame error rate (FER)        : 5.755e-02
Avg LDPC iterations/frame     : 11.13
Avg HW cycles/frame           : 15472.68
Avg HW decode time/frame      : 19.34 µs
HW model (fclk_mhz)            : 800.0 MHz

=== Adaptive HYBRID Monte-Carlo (channel=SIONNA_TDL) ===
Decoder label                 : hybbgr100
SNR (dB)                      : 11.00
Frames simulated              : 2119
Final frame errors            : 120 (target=120)
Stage-1 BER                   : 1.954e-02
Stage-1 FER                   : 5.852e-02
Final BER (LDPC+GRAND)        : 1.902e-02
Final FER (LDPC+GRAND)        : 5.663e-02
Avg stage-1 iters/frame       : 11.21
Avg HW time/frame (stage-1)   : 19.49 µs
Avg HW time/frame (GRAND)     : 3585.35 µs
Avg HW time/frame (total)     : 3604.84 µs
[save_awgn_results] Wrote raw results : results/run_ms_receiver7_winner.sbatch_29610725/sionna_tdl_sionna5g_k1024_n2048_qm1_hybrid_20260325-223719_raw.pkl
[save_awgn_results] Wrote mean summary: results/run_ms_receiver7_winner.sbatch_29610725/sionna_tdl_sionna5g_k1024_n2048_qm1_hybrid_20260325-223719_summary.csv
[save_awgn_results] Wrote tails summary: results/run_ms_receiver7_winner.sbatch_29610725/sionna_tdl_sionna5g_k1024_n2048_qm1_hybrid_20260325-223719_summary_tails.csv

=== Adaptive LDPC-only Monte-Carlo (channel=SIONNA_TDL) ===
Decoder label                 : ldpc100
SNR (dB)                      : 11.50
Frames simulated              : 2173
Frame errors                  : 120 (target=120)
Bit error rate (BER)          : 1.813e-02
Frame error rate (FER)        : 5.522e-02
Avg LDPC iterations/frame     : 10.76
Avg HW cycles/frame           : 14961.14
Avg HW decode time/frame      : 18.70 µs
HW model (fclk_mhz)            : 800.0 MHz

=== Adaptive HYBRID Monte-Carlo (channel=SIONNA_TDL) ===
Decoder label                 : hybbgr100
SNR (dB)                      : 11.50
Frames simulated              : 2228
Final frame errors            : 120 (target=120)
Stage-1 BER                   : 1.798e-02
Stage-1 FER                   : 5.476e-02
Final BER (LDPC+GRAND)        : 1.773e-02
Final FER (LDPC+GRAND)        : 5.386e-02
Avg stage-1 iters/frame       : 10.71
Avg HW time/frame (stage-1)   : 18.61 µs
Avg HW time/frame (GRAND)     : 3358.31 µs
Avg HW time/frame (total)     : 3376.93 µs

=== Adaptive LDPC-only Monte-Carlo (channel=SIONNA_TDL) ===
Decoder label                 : ldpc100
SNR (dB)                      : 12.00
Frames simulated              : 3325
Frame errors                  : 120 (target=120)
Bit error rate (BER)          : 1.136e-02
Frame error rate (FER)        : 3.609e-02
Avg LDPC iterations/frame     : 8.78
Avg HW cycles/frame           : 12213.90
Avg HW decode time/frame      : 15.27 µs
HW model (fclk_mhz)            : 800.0 MHz

=== Adaptive HYBRID Monte-Carlo (channel=SIONNA_TDL) ===
Decoder label                 : hybbgr100
SNR (dB)                      : 12.00
Frames simulated              : 3442
Final frame errors            : 120 (target=120)
Stage-1 BER                   : 1.129e-02
Stage-1 FER                   : 3.574e-02
Final BER (LDPC+GRAND)        : 1.100e-02
Final FER (LDPC+GRAND)        : 3.486e-02
Avg stage-1 iters/frame       : 8.74
Avg HW time/frame (stage-1)   : 15.18 µs
Avg HW time/frame (GRAND)     : 2172.54 µs
Avg HW time/frame (total)     : 2187.72 µs

=== Adaptive LDPC-only Monte-Carlo (channel=SIONNA_TDL) ===
Decoder label                 : ldpc100
SNR (dB)                      : 10.50
Frames simulated              : 1727
Frame errors                  : 120 (target=120)
Bit error rate (BER)          : 2.280e-02
Frame error rate (FER)        : 6.948e-02
Avg LDPC iterations/frame     : 12.76
Avg HW cycles/frame           : 17749.55
Avg HW decode time/frame      : 22.19 µs
HW model (fclk_mhz)            : 800.0 MHz

=== Adaptive HYBRID Monte-Carlo (channel=SIONNA_TDL) ===
Decoder label                 : hybbgr100
SNR (dB)                      : 10.50
Frames simulated              : 1758
Final frame errors            : 120 (target=120)
Stage-1 BER                   : 2.324e-02
Stage-1 FER                   : 7.053e-02
Final BER (LDPC+GRAND)        : 2.261e-02
Final FER (LDPC+GRAND)        : 6.826e-02
Avg stage-1 iters/frame       : 12.87
Avg HW time/frame (stage-1)   : 22.37 µs
Avg HW time/frame (GRAND)     : 4296.87 µs
Avg HW time/frame (total)     : 4319.24 µs

=== Adaptive LDPC-only Monte-Carlo (channel=SIONNA_TDL) ===
Decoder label                 : ldpc100
SNR (dB)                      : 12.50
Frames simulated              : 3197
Frame errors                  : 120 (target=120)
Bit error rate (BER)          : 1.226e-02
Frame error rate (FER)        : 3.754e-02
Avg LDPC iterations/frame     : 8.77
Avg HW cycles/frame           : 12191.11
Avg HW decode time/frame      : 15.24 µs
HW model (fclk_mhz)            : 800.0 MHz

=== Adaptive HYBRID Monte-Carlo (channel=SIONNA_TDL) ===
Decoder label                 : hybbgr100
SNR (dB)                      : 12.50
Frames simulated              : 3318
Final frame errors            : 120 (target=120)
Stage-1 BER                   : 1.222e-02
Stage-1 FER                   : 3.737e-02
Final BER (LDPC+GRAND)        : 1.191e-02
Final FER (LDPC+GRAND)        : 3.617e-02
Avg stage-1 iters/frame       : 8.77
Avg HW time/frame (stage-1)   : 15.24 µs
Avg HW time/frame (GRAND)     : 2267.06 µs
Avg HW time/frame (total)     : 2282.31 µs

=== Adaptive LDPC-only Monte-Carlo (channel=SIONNA_TDL) ===
Decoder label                 : ldpc100
SNR (dB)                      : 10.00
Frames simulated              : 1575
Frame errors                  : 120 (target=120)
Bit error rate (BER)          : 2.552e-02
Frame error rate (FER)        : 7.619e-02
Avg LDPC iterations/frame     : 13.51
Avg HW cycles/frame           : 18792.27
Avg HW decode time/frame      : 23.49 µs
HW model (fclk_mhz)            : 800.0 MHz

=== Adaptive HYBRID Monte-Carlo (channel=SIONNA_TDL) ===
Decoder label                 : hybbgr100
SNR (dB)                      : 10.00
Frames simulated              : 1626
Final frame errors            : 120 (target=120)
Stage-1 BER                   : 2.533e-02
Stage-1 FER                   : 7.565e-02
Final BER (LDPC+GRAND)        : 2.477e-02
Final FER (LDPC+GRAND)        : 7.380e-02
Avg stage-1 iters/frame       : 13.46
Avg HW time/frame (stage-1)   : 23.40 µs
Avg HW time/frame (GRAND)     : 4627.17 µs
Avg HW time/frame (total)     : 4650.56 µs

=== Adaptive LDPC-only Monte-Carlo (channel=SIONNA_TDL) ===
Decoder label                 : ldpc100
SNR (dB)                      : 13.00
Frames simulated              : 4642
Frame errors                  : 120 (target=120)
Bit error rate (BER)          : 8.297e-03
Frame error rate (FER)        : 2.585e-02
Avg LDPC iterations/frame     : 7.54
Avg HW cycles/frame           : 10479.66
Avg HW decode time/frame      : 13.10 µs
HW model (fclk_mhz)            : 800.0 MHz

=== Adaptive HYBRID Monte-Carlo (channel=SIONNA_TDL) ===
Decoder label                 : hybbgr100
SNR (dB)                      : 13.00
Frames simulated              : 4780
Final frame errors            : 120 (target=120)
Stage-1 BER                   : 8.342e-03
Stage-1 FER                   : 2.594e-02
Final BER (LDPC+GRAND)        : 8.140e-03
Final FER (LDPC+GRAND)        : 2.510e-02
Avg stage-1 iters/frame       : 7.54
Avg HW time/frame (stage-1)   : 13.11 µs
Avg HW time/frame (GRAND)     : 1583.46 µs
Avg HW time/frame (total)     : 1596.57 µs
