[SBATCH CONFIG] FORCE_DEFAULTS=1
[SBATCH CONFIG] SNR_SWEEP=6.8,7.1,7.4,7.7,8.0,8.3,8.6
[SBATCH CONFIG] LDPC_ITERS=4,8,15,20,100
[SBATCH CONFIG] STAGE1_ITERS=4,8,15
[SBATCH CONFIG] TARGET_FRAME_ERRORS=300  MAX_FRAMES=250000
[SBATCH CONFIG] CHANNEL=SIONNA_TDL TDL=C DELAY=1.5e-6 SPEED=[18.0,32.0] CFO=350.0
[SBATCH CONFIG] CSI_MODE=nr_imperfect PILOT_STRIDE=24 EST_SNR=12 PHASE_STD=2.5 AMP_RIPPLE_DB=1.75 DELAY_BIAS_NS=18.0
[SBATCH CONFIG] RUN_RECEIVER2=1 RUN_RECEIVER3=1 RUN_RECEIVER4=1 RUN_RECEIVER5=1
[SBATCH CONFIG] GRAND_OSD_RATIO=3.2 GRAND_OSD_MAX_BITS=96 GRAND_OSD_ORDER=2 GRAND_OSD_ENUM_MAX_BITS=22
[SBATCH CONFIG] GRAND_OSD_MAX_CANDIDATES=192 GRAND_OSD_RESTART_MAX_CANDIDATES=28 GRAND_OSD_RESTART_ITERS=18
[SBATCH CONFIG] GRAND_OSD_RESTART_GAIN=4.8 GRAND_OSD_RESTART_DUAL_GAIN=7.0 GRAND_OSD_DISAGREEMENT_BITS=12
Numba threads: 64
[HW model]  {'fclk_mhz': 800, 'ldpc_edges_per_cycle': 64, 'ldpc_bits_per_cycle_hd': 64, 'ldpc_iter_overhead_cycles': 20, 'grand_edges_per_cycle': 64, 'grand_checks_per_cycle': 64, 'grand_batch_overhead_cycles': 200, 'grand_abs_per_cycle': 64, 'grand_sort_elem_log2_per_cycle': 64, 'grand_cost_add_per_cycle': 64, 'grand_patsort_patlog2_per_cycle': 64, 'cluster_pair_edges_per_cycle': 0}
[RUN_EXPERIMENTS] codes=['sionna5g']  snr_sweep=[6.8, 7.1, 7.4, 7.7, 8.0, 8.3, 8.6]  out_dir=results/run_ms.sbatch_27724535
[RUN_EXPERIMENTS] mc_cfg=AdaptiveMCConfig(target_frame_errors=300, min_frames=0, max_frames=250000)
Fast decoding structures prepared: 20488 edges
[RUN_EXPERIMENTS] Built code: sionna5g_k1024_n2048_qm1
[run_awgn_sweep_for_code] SNR-parallel ON: n_jobs=4, threads/worker=16, backend=loky

=== Adaptive LDPC-only Monte-Carlo (channel=SIONNA_TDL) ===
Decoder label                 : ldpc4
SNR (dB)                      : 6.80
Frames simulated              : 305
Frame errors                  : 300 (target=300)
Bit error rate (BER)          : 2.995e-01
Frame error rate (FER)        : 9.836e-01
Avg LDPC iterations/frame     : 4.00
Avg HW cycles/frame           : 5871.74
Avg HW decode time/frame      : 7.34 µs
HW model (fclk_mhz)            : 800.0 MHz

=== Adaptive LDPC-only Monte-Carlo (channel=SIONNA_TDL) ===
Decoder label                 : ldpc8
SNR (dB)                      : 6.80
Frames simulated              : 339
Frame errors                  : 300 (target=300)
Bit error rate (BER)          : 2.724e-01
Frame error rate (FER)        : 8.850e-01
Avg LDPC iterations/frame     : 7.83
Avg HW cycles/frame           : 11158.42
Avg HW decode time/frame      : 13.95 µs
HW model (fclk_mhz)            : 800.0 MHz

=== Adaptive LDPC-only Monte-Carlo (channel=SIONNA_TDL) ===
Decoder label                 : ldpc15
SNR (dB)                      : 6.80
Frames simulated              : 382
Frame errors                  : 300 (target=300)
Bit error rate (BER)          : 2.685e-01
Frame error rate (FER)        : 7.853e-01
Avg LDPC iterations/frame     : 13.75
Avg HW cycles/frame           : 19356.30
Avg HW decode time/frame      : 24.20 µs
HW model (fclk_mhz)            : 800.0 MHz

=== Adaptive LDPC-only Monte-Carlo (channel=SIONNA_TDL) ===
Decoder label                 : ldpc20
SNR (dB)                      : 6.80
Frames simulated              : 383
Frame errors                  : 300 (target=300)
Bit error rate (BER)          : 2.722e-01
Frame error rate (FER)        : 7.833e-01
Avg LDPC iterations/frame     : 17.71
Avg HW cycles/frame           : 24854.51
Avg HW decode time/frame      : 31.07 µs
HW model (fclk_mhz)            : 800.0 MHz

=== Adaptive LDPC-only Monte-Carlo (channel=SIONNA_TDL) ===
Decoder label                 : ldpc100
SNR (dB)                      : 6.80
Frames simulated              : 412
Frame errors                  : 300 (target=300)
Bit error rate (BER)          : 2.652e-01
Frame error rate (FER)        : 7.282e-01
Avg LDPC iterations/frame     : 76.65
Avg HW cycles/frame           : 106704.63
Avg HW decode time/frame      : 133.38 µs
HW model (fclk_mhz)            : 800.0 MHz

=== Adaptive HYBRID Monte-Carlo (channel=SIONNA_TDL) ===
Decoder label                 : hyb4
SNR (dB)                      : 6.80
Frames simulated              : 305
Final frame errors            : 300 (target=300)
Stage-1 BER                   : 2.987e-01
Stage-1 FER                   : 9.934e-01
Final BER (LDPC+GRAND)        : 2.987e-01
Final FER (LDPC+GRAND)        : 9.836e-01
Avg stage-1 iters/frame       : 4.00
Avg HW time/frame (stage-1)   : 7.34 µs
Avg HW time/frame (GRAND)     : 188.44 µs
Avg HW time/frame (total)     : 195.78 µs

=== Adaptive HYBRID Monte-Carlo (channel=SIONNA_TDL) ===
Decoder label                 : hyb8
SNR (dB)                      : 6.80
Frames simulated              : 332
Final frame errors            : 300 (target=300)
Stage-1 BER                   : 2.884e-01
Stage-1 FER                   : 9.157e-01
Final BER (LDPC+GRAND)        : 2.884e-01
Final FER (LDPC+GRAND)        : 9.036e-01
Avg stage-1 iters/frame       : 7.90
Avg HW time/frame (stage-1)   : 14.08 µs
Avg HW time/frame (GRAND)     : 172.95 µs
Avg HW time/frame (total)     : 187.03 µs

=== Adaptive HYBRID Monte-Carlo (channel=SIONNA_TDL) ===
Decoder label                 : hyb15
SNR (dB)                      : 6.80
Frames simulated              : 373
Final frame errors            : 300 (target=300)
Stage-1 BER                   : 2.772e-01
Stage-1 FER                   : 8.097e-01
Final BER (LDPC+GRAND)        : 2.772e-01
Final FER (LDPC+GRAND)        : 8.043e-01
Avg stage-1 iters/frame       : 13.94
Avg HW time/frame (stage-1)   : 24.53 µs
Avg HW time/frame (GRAND)     : 154.05 µs
Avg HW time/frame (total)     : 178.57 µs

=== Adaptive HYBRID Monte-Carlo (channel=SIONNA_TDL) ===
Decoder label                 : hybsv4
SNR (dB)                      : 6.80
Frames simulated              : 303
Final frame errors            : 300 (target=300)
Stage-1 BER                   : 3.045e-01
Stage-1 FER                   : 9.934e-01
Final BER (LDPC+GRAND)        : 3.045e-01
Final FER (LDPC+GRAND)        : 9.901e-01
Avg stage-1 iters/frame       : 4.00
Avg HW time/frame (stage-1)   : 7.34 µs
Avg HW time/frame (GRAND)     : 757.70 µs
Avg HW time/frame (total)     : 765.04 µs

=== Adaptive HYBRID Monte-Carlo (channel=SIONNA_TDL) ===
Decoder label                 : hybsv8
SNR (dB)                      : 6.80
Frames simulated              : 344
Final frame errors            : 300 (target=300)
Stage-1 BER                   : 2.776e-01
Stage-1 FER                   : 8.779e-01
Final BER (LDPC+GRAND)        : 2.776e-01
Final FER (LDPC+GRAND)        : 8.721e-01
Avg stage-1 iters/frame       : 7.80
Avg HW time/frame (stage-1)   : 13.89 µs
Avg HW time/frame (GRAND)     : 662.90 µs
Avg HW time/frame (total)     : 676.79 µs

=== Adaptive HYBRID Monte-Carlo (channel=SIONNA_TDL) ===
Decoder label                 : hybsv15
SNR (dB)                      : 6.80
Frames simulated              : 376
Final frame errors            : 300 (target=300)
Stage-1 BER                   : 2.726e-01
Stage-1 FER                   : 8.032e-01
Final BER (LDPC+GRAND)        : 2.726e-01
Final FER (LDPC+GRAND)        : 7.979e-01
Avg stage-1 iters/frame       : 13.72
Avg HW time/frame (stage-1)   : 24.14 µs
Avg HW time/frame (GRAND)     : 609.66 µs
Avg HW time/frame (total)     : 633.80 µs

=== Adaptive HYBRID Monte-Carlo (channel=SIONNA_TDL) ===
Decoder label                 : hybptg4
SNR (dB)                      : 6.80
Frames simulated              : 307
Final frame errors            : 300 (target=300)
Stage-1 BER                   : 2.943e-01
Stage-1 FER                   : 9.902e-01
Final BER (LDPC+GRAND)        : 2.943e-01
Final FER (LDPC+GRAND)        : 9.772e-01
Avg stage-1 iters/frame       : 4.00
Avg HW time/frame (stage-1)   : 7.34 µs
Avg HW time/frame (GRAND)     : 1551.23 µs
Avg HW time/frame (total)     : 1558.57 µs

=== Adaptive HYBRID Monte-Carlo (channel=SIONNA_TDL) ===
Decoder label                 : hybptg8
SNR (dB)                      : 6.80
Frames simulated              : 344
Final frame errors            : 300 (target=300)
Stage-1 BER                   : 2.808e-01
Stage-1 FER                   : 8.953e-01
Final BER (LDPC+GRAND)        : 2.807e-01
Final FER (LDPC+GRAND)        : 8.721e-01
Avg stage-1 iters/frame       : 7.85
Avg HW time/frame (stage-1)   : 13.99 µs
Avg HW time/frame (GRAND)     : 1385.07 µs
Avg HW time/frame (total)     : 1399.06 µs

=== Adaptive HYBRID Monte-Carlo (channel=SIONNA_TDL) ===
Decoder label                 : hybptg15
SNR (dB)                      : 6.80
Frames simulated              : 365
Final frame errors            : 300 (target=300)
Stage-1 BER                   : 2.857e-01
Stage-1 FER                   : 8.274e-01
Final BER (LDPC+GRAND)        : 2.857e-01
Final FER (LDPC+GRAND)        : 8.219e-01
Avg stage-1 iters/frame       : 13.91
Avg HW time/frame (stage-1)   : 24.48 µs
Avg HW time/frame (GRAND)     : 1310.11 µs
Avg HW time/frame (total)     : 1334.59 µs

=== Adaptive HYBRID Monte-Carlo (channel=SIONNA_TDL) ===
Decoder label                 : hybctg4
SNR (dB)                      : 6.80
Frames simulated              : 329
Final frame errors            : 300 (target=300)
Stage-1 BER                   : 3.008e-01
Stage-1 FER                   : 9.939e-01
Final BER (LDPC+GRAND)        : 2.973e-01
Final FER (LDPC+GRAND)        : 9.119e-01
Avg stage-1 iters/frame       : 4.00
Avg HW time/frame (stage-1)   : 7.34 µs
Avg HW time/frame (GRAND)     : 6485.01 µs
Avg HW time/frame (total)     : 6492.35 µs

=== Adaptive HYBRID Monte-Carlo (channel=SIONNA_TDL) ===
Decoder label                 : hybctg8
SNR (dB)                      : 6.80
Frames simulated              : 341
Final frame errors            : 300 (target=300)
Stage-1 BER                   : 2.825e-01
Stage-1 FER                   : 8.944e-01
Final BER (LDPC+GRAND)        : 2.825e-01
Final FER (LDPC+GRAND)        : 8.798e-01
Avg stage-1 iters/frame       : 7.88
Avg HW time/frame (stage-1)   : 14.04 µs
Avg HW time/frame (GRAND)     : 6229.96 µs
Avg HW time/frame (total)     : 6243.99 µs

=== Adaptive HYBRID Monte-Carlo (channel=SIONNA_TDL) ===
Decoder label                 : hybctg15
SNR (dB)                      : 6.80
Frames simulated              : 398
Final frame errors            : 300 (target=300)
Stage-1 BER                   : 2.675e-01
Stage-1 FER                   : 7.638e-01
Final BER (LDPC+GRAND)        : 2.675e-01
Final FER (LDPC+GRAND)        : 7.538e-01
Avg stage-1 iters/frame       : 13.50
Avg HW time/frame (stage-1)   : 23.75 µs
Avg HW time/frame (GRAND)     : 5371.99 µs
Avg HW time/frame (total)     : 5395.74 µs

=== Adaptive HYBRID Monte-Carlo (channel=SIONNA_TDL) ===
Decoder label                 : hybosd4
SNR (dB)                      : 6.80
Frames simulated              : 308
Final frame errors            : 300 (target=300)
Stage-1 BER                   : 3.012e-01
Stage-1 FER                   : 9.903e-01
Final BER (LDPC+GRAND)        : 3.012e-01
Final FER (LDPC+GRAND)        : 9.740e-01
Avg stage-1 iters/frame       : 4.00
Avg HW time/frame (stage-1)   : 7.34 µs
Avg HW time/frame (GRAND)     : 3623.41 µs
Avg HW time/frame (total)     : 3630.75 µs

=== Adaptive HYBRID Monte-Carlo (channel=SIONNA_TDL) ===
Decoder label                 : hybosd8
SNR (dB)                      : 6.80
Frames simulated              : 349
Final frame errors            : 300 (target=300)
Stage-1 BER                   : 2.750e-01
Stage-1 FER                   : 8.825e-01
Final BER (LDPC+GRAND)        : 2.750e-01
Final FER (LDPC+GRAND)        : 8.596e-01
Avg stage-1 iters/frame       : 7.82
Avg HW time/frame (stage-1)   : 13.93 µs
Avg HW time/frame (GRAND)     : 3200.21 µs
Avg HW time/frame (total)     : 3214.13 µs

=== Adaptive HYBRID Monte-Carlo (channel=SIONNA_TDL) ===
Decoder label                 : hybosd15
SNR (dB)                      : 6.80
Frames simulated              : 369
Final frame errors            : 300 (target=300)
Stage-1 BER                   : 2.868e-01
Stage-1 FER                   : 8.157e-01
Final BER (LDPC+GRAND)        : 2.868e-01
Final FER (LDPC+GRAND)        : 8.130e-01
Avg stage-1 iters/frame       : 13.91
Avg HW time/frame (stage-1)   : 24.48 µs
Avg HW time/frame (GRAND)     : 3036.16 µs
Avg HW time/frame (total)     : 3060.64 µs

=== Adaptive LDPC-only Monte-Carlo (channel=SIONNA_TDL) ===
Decoder label                 : ldpc4
SNR (dB)                      : 7.40
Frames simulated              : 302
Frame errors                  : 300 (target=300)
Bit error rate (BER)          : 2.947e-01
Frame error rate (FER)        : 9.934e-01
Avg LDPC iterations/frame     : 4.00
Avg HW cycles/frame           : 5874.87
Avg HW decode time/frame      : 7.34 µs
HW model (fclk_mhz)            : 800.0 MHz

=== Adaptive LDPC-only Monte-Carlo (channel=SIONNA_TDL) ===
Decoder label                 : ldpc8
SNR (dB)                      : 7.40
Frames simulated              : 343
Frame errors                  : 300 (target=300)
Bit error rate (BER)          : 2.587e-01
Frame error rate (FER)        : 8.746e-01
Avg LDPC iterations/frame     : 7.85
Avg HW cycles/frame           : 11178.13
Avg HW decode time/frame      : 13.97 µs
HW model (fclk_mhz)            : 800.0 MHz

=== Adaptive LDPC-only Monte-Carlo (channel=SIONNA_TDL) ===
Decoder label                 : ldpc15
SNR (dB)                      : 7.40
Frames simulated              : 394
Frame errors                  : 300 (target=300)
Bit error rate (BER)          : 2.619e-01
Frame error rate (FER)        : 7.614e-01
Avg LDPC iterations/frame     : 13.52
Avg HW cycles/frame           : 19020.59
Avg HW decode time/frame      : 23.78 µs
HW model (fclk_mhz)            : 800.0 MHz

=== Adaptive LDPC-only Monte-Carlo (channel=SIONNA_TDL) ===
Decoder label                 : ldpc20
SNR (dB)                      : 7.40
Frames simulated              : 397
Frame errors                  : 300 (target=300)
Bit error rate (BER)          : 2.577e-01
Frame error rate (FER)        : 7.557e-01
Avg LDPC iterations/frame     : 17.36
Avg HW cycles/frame           : 24352.39
Avg HW decode time/frame      : 30.44 µs
HW model (fclk_mhz)            : 800.0 MHz

=== Adaptive LDPC-only Monte-Carlo (channel=SIONNA_TDL) ===
Decoder label                 : ldpc100
SNR (dB)                      : 7.40
Frames simulated              : 436
Frame errors                  : 300 (target=300)
Bit error rate (BER)          : 2.528e-01
Frame error rate (FER)        : 6.881e-01
Avg LDPC iterations/frame     : 73.12
Avg HW cycles/frame           : 101786.72
Avg HW decode time/frame      : 127.23 µs
HW model (fclk_mhz)            : 800.0 MHz

=== Adaptive HYBRID Monte-Carlo (channel=SIONNA_TDL) ===
Decoder label                 : hyb4
SNR (dB)                      : 7.40
Frames simulated              : 307
Final frame errors            : 300 (target=300)
Stage-1 BER                   : 2.800e-01
Stage-1 FER                   : 9.837e-01
Final BER (LDPC+GRAND)        : 2.800e-01
Final FER (LDPC+GRAND)        : 9.772e-01
Avg stage-1 iters/frame       : 4.00
Avg HW time/frame (stage-1)   : 7.33 µs
Avg HW time/frame (GRAND)     : 187.59 µs
Avg HW time/frame (total)     : 194.92 µs

=== Adaptive HYBRID Monte-Carlo (channel=SIONNA_TDL) ===
Decoder label                 : hyb8
SNR (dB)                      : 7.40
Frames simulated              : 351
Final frame errors            : 300 (target=300)
Stage-1 BER                   : 2.745e-01
Stage-1 FER                   : 8.604e-01
Final BER (LDPC+GRAND)        : 2.745e-01
Final FER (LDPC+GRAND)        : 8.547e-01
Avg stage-1 iters/frame       : 7.78
Avg HW time/frame (stage-1)   : 13.85 µs
Avg HW time/frame (GRAND)     : 163.95 µs
Avg HW time/frame (total)     : 177.80 µs

=== Adaptive HYBRID Monte-Carlo (channel=SIONNA_TDL) ===
Decoder label                 : hyb15
SNR (dB)                      : 7.40
Frames simulated              : 404
Final frame errors            : 300 (target=300)
Stage-1 BER                   : 2.589e-01
Stage-1 FER                   : 7.426e-01
Final BER (LDPC+GRAND)        : 2.589e-01
Final FER (LDPC+GRAND)        : 7.426e-01
Avg stage-1 iters/frame       : 13.35
Avg HW time/frame (stage-1)   : 23.48 µs
Avg HW time/frame (GRAND)     : 142.75 µs
Avg HW time/frame (total)     : 166.22 µs

=== Adaptive HYBRID Monte-Carlo (channel=SIONNA_TDL) ===
Decoder label                 : hybsv4
SNR (dB)                      : 7.40
Frames simulated              : 300
Final frame errors            : 300 (target=300)
Stage-1 BER                   : 2.889e-01
Stage-1 FER                   : 1.000e+00
Final BER (LDPC+GRAND)        : 2.889e-01
Final FER (LDPC+GRAND)        : 1.000e+00
Avg stage-1 iters/frame       : 4.00
Avg HW time/frame (stage-1)   : 7.35 µs
Avg HW time/frame (GRAND)     : 762.50 µs
Avg HW time/frame (total)     : 769.84 µs

=== Adaptive HYBRID Monte-Carlo (channel=SIONNA_TDL) ===
Decoder label                 : hybsv8
SNR (dB)                      : 7.40
Frames simulated              : 333
Final frame errors            : 300 (target=300)
Stage-1 BER                   : 2.865e-01
Stage-1 FER                   : 9.009e-01
Final BER (LDPC+GRAND)        : 2.865e-01
Final FER (LDPC+GRAND)        : 9.009e-01
Avg stage-1 iters/frame       : 7.82
Avg HW time/frame (stage-1)   : 13.94 µs
Avg HW time/frame (GRAND)     : 686.15 µs
Avg HW time/frame (total)     : 700.09 µs

=== Adaptive HYBRID Monte-Carlo (channel=SIONNA_TDL) ===
Decoder label                 : hybsv15
SNR (dB)                      : 7.40
Frames simulated              : 403
Final frame errors            : 300 (target=300)
Stage-1 BER                   : 2.632e-01
Stage-1 FER                   : 7.444e-01
Final BER (LDPC+GRAND)        : 2.632e-01
Final FER (LDPC+GRAND)        : 7.444e-01
Avg stage-1 iters/frame       : 13.36
Avg HW time/frame (stage-1)   : 23.49 µs
Avg HW time/frame (GRAND)     : 569.28 µs
Avg HW time/frame (total)     : 592.77 µs

=== Adaptive HYBRID Monte-Carlo (channel=SIONNA_TDL) ===
Decoder label                 : hybptg4
SNR (dB)                      : 7.40
Frames simulated              : 304
Final frame errors            : 300 (target=300)
Stage-1 BER                   : 2.899e-01
Stage-1 FER                   : 9.967e-01
Final BER (LDPC+GRAND)        : 2.899e-01
Final FER (LDPC+GRAND)        : 9.868e-01
Avg stage-1 iters/frame       : 4.00
Avg HW time/frame (stage-1)   : 7.34 µs
Avg HW time/frame (GRAND)     : 1563.08 µs
Avg HW time/frame (total)     : 1570.43 µs

=== Adaptive HYBRID Monte-Carlo (channel=SIONNA_TDL) ===
Decoder label                 : hybptg8
SNR (dB)                      : 7.40
Frames simulated              : 355
Final frame errors            : 300 (target=300)
Stage-1 BER                   : 2.670e-01
Stage-1 FER                   : 8.732e-01
Final BER (LDPC+GRAND)        : 2.670e-01
Final FER (LDPC+GRAND)        : 8.451e-01
Avg stage-1 iters/frame       : 7.78
Avg HW time/frame (stage-1)   : 13.85 µs
Avg HW time/frame (GRAND)     : 1339.81 µs
Avg HW time/frame (total)     : 1353.66 µs

=== Adaptive HYBRID Monte-Carlo (channel=SIONNA_TDL) ===
Decoder label                 : hybptg15
SNR (dB)                      : 7.40
Frames simulated              : 393
Final frame errors            : 300 (target=300)
Stage-1 BER                   : 2.708e-01
Stage-1 FER                   : 7.735e-01
Final BER (LDPC+GRAND)        : 2.708e-01
Final FER (LDPC+GRAND)        : 7.634e-01
Avg stage-1 iters/frame       : 13.49
Avg HW time/frame (stage-1)   : 23.74 µs
Avg HW time/frame (GRAND)     : 1219.91 µs
Avg HW time/frame (total)     : 1243.65 µs

=== Adaptive HYBRID Monte-Carlo (channel=SIONNA_TDL) ===
Decoder label                 : hybctg4
SNR (dB)                      : 7.40
Frames simulated              : 345
Final frame errors            : 300 (target=300)
Stage-1 BER                   : 2.852e-01
Stage-1 FER                   : 9.971e-01
Final BER (LDPC+GRAND)        : 2.795e-01
Final FER (LDPC+GRAND)        : 8.696e-01
Avg stage-1 iters/frame       : 4.00
Avg HW time/frame (stage-1)   : 7.35 µs
Avg HW time/frame (GRAND)     : 6186.09 µs
Avg HW time/frame (total)     : 6193.44 µs

=== Adaptive HYBRID Monte-Carlo (channel=SIONNA_TDL) ===
Decoder label                 : hybctg8
SNR (dB)                      : 7.40
Frames simulated              : 347
Final frame errors            : 300 (target=300)
Stage-1 BER                   : 2.694e-01
Stage-1 FER                   : 8.847e-01
Final BER (LDPC+GRAND)        : 2.694e-01
Final FER (LDPC+GRAND)        : 8.646e-01
Avg stage-1 iters/frame       : 7.79
Avg HW time/frame (stage-1)   : 13.88 µs
Avg HW time/frame (GRAND)     : 6104.31 µs
Avg HW time/frame (total)     : 6118.20 µs

=== Adaptive HYBRID Monte-Carlo (channel=SIONNA_TDL) ===
Decoder label                 : hybctg15
SNR (dB)                      : 7.40
Frames simulated              : 414
Final frame errors            : 300 (target=300)
Stage-1 BER                   : 2.510e-01
Stage-1 FER                   : 7.319e-01
Final BER (LDPC+GRAND)        : 2.509e-01
Final FER (LDPC+GRAND)        : 7.246e-01
Avg stage-1 iters/frame       : 13.22
Avg HW time/frame (stage-1)   : 23.25 µs
Avg HW time/frame (GRAND)     : 5148.80 µs
Avg HW time/frame (total)     : 5172.05 µs

=== Adaptive HYBRID Monte-Carlo (channel=SIONNA_TDL) ===
Decoder label                 : hybosd4
SNR (dB)                      : 7.40
Frames simulated              : 308
Final frame errors            : 300 (target=300)
Stage-1 BER                   : 2.896e-01
Stage-1 FER                   : 9.903e-01
Final BER (LDPC+GRAND)        : 2.896e-01
Final FER (LDPC+GRAND)        : 9.740e-01
Avg stage-1 iters/frame       : 4.00
Avg HW time/frame (stage-1)   : 7.34 µs
Avg HW time/frame (GRAND)     : 3612.97 µs
Avg HW time/frame (total)     : 3620.31 µs

=== Adaptive HYBRID Monte-Carlo (channel=SIONNA_TDL) ===
Decoder label                 : hybosd8
SNR (dB)                      : 7.40
Frames simulated              : 347
Final frame errors            : 300 (target=300)
Stage-1 BER                   : 2.739e-01
Stage-1 FER                   : 8.847e-01
Final BER (LDPC+GRAND)        : 2.738e-01
Final FER (LDPC+GRAND)        : 8.646e-01
Avg stage-1 iters/frame       : 7.76
Avg HW time/frame (stage-1)   : 13.83 µs
Avg HW time/frame (GRAND)     : 3215.71 µs
Avg HW time/frame (total)     : 3229.55 µs

=== Adaptive HYBRID Monte-Carlo (channel=SIONNA_TDL) ===
Decoder label                 : hybosd15
SNR (dB)                      : 7.40
Frames simulated              : 397
Final frame errors            : 300 (target=300)
Stage-1 BER                   : 2.622e-01
Stage-1 FER                   : 7.683e-01
Final BER (LDPC+GRAND)        : 2.621e-01
Final FER (LDPC+GRAND)        : 7.557e-01
Avg stage-1 iters/frame       : 13.56
Avg HW time/frame (stage-1)   : 23.85 µs
Avg HW time/frame (GRAND)     : 2817.94 µs
Avg HW time/frame (total)     : 2841.79 µs

=== Adaptive LDPC-only Monte-Carlo (channel=SIONNA_TDL) ===
Decoder label                 : ldpc4
SNR (dB)                      : 8.00
Frames simulated              : 305
Frame errors                  : 300 (target=300)
Bit error rate (BER)          : 2.655e-01
Frame error rate (FER)        : 9.836e-01
Avg LDPC iterations/frame     : 4.00
Avg HW cycles/frame           : 5867.18
Avg HW decode time/frame      : 7.33 µs
HW model (fclk_mhz)            : 800.0 MHz

=== Adaptive LDPC-only Monte-Carlo (channel=SIONNA_TDL) ===
Decoder label                 : ldpc8
SNR (dB)                      : 8.00
Frames simulated              : 352
Frame errors                  : 300 (target=300)
Bit error rate (BER)          : 2.615e-01
Frame error rate (FER)        : 8.523e-01
Avg LDPC iterations/frame     : 7.71
Avg HW cycles/frame           : 10987.03
Avg HW decode time/frame      : 13.73 µs
HW model (fclk_mhz)            : 800.0 MHz

=== Adaptive LDPC-only Monte-Carlo (channel=SIONNA_TDL) ===
Decoder label                 : ldpc15
SNR (dB)                      : 8.00
Frames simulated              : 407
Frame errors                  : 300 (target=300)
Bit error rate (BER)          : 2.489e-01
Frame error rate (FER)        : 7.371e-01
Avg LDPC iterations/frame     : 13.28
Avg HW cycles/frame           : 18682.67
Avg HW decode time/frame      : 23.35 µs
HW model (fclk_mhz)            : 800.0 MHz

=== Adaptive LDPC-only Monte-Carlo (channel=SIONNA_TDL) ===
Decoder label                 : ldpc20
SNR (dB)                      : 8.00
Frames simulated              : 435
Frame errors                  : 300 (target=300)
Bit error rate (BER)          : 2.366e-01
Frame error rate (FER)        : 6.897e-01
Avg LDPC iterations/frame     : 16.70
Avg HW cycles/frame           : 23422.47
Avg HW decode time/frame      : 29.28 µs
HW model (fclk_mhz)            : 800.0 MHz

=== Adaptive LDPC-only Monte-Carlo (channel=SIONNA_TDL) ===
Decoder label                 : ldpc100
SNR (dB)                      : 8.00
Frames simulated              : 437
Frame errors                  : 300 (target=300)
Bit error rate (BER)          : 2.471e-01
Frame error rate (FER)        : 6.865e-01
Avg LDPC iterations/frame     : 72.78
Avg HW cycles/frame           : 101312.23
Avg HW decode time/frame      : 126.64 µs
HW model (fclk_mhz)            : 800.0 MHz

=== Adaptive HYBRID Monte-Carlo (channel=SIONNA_TDL) ===
Decoder label                 : hyb4
SNR (dB)                      : 8.00
Frames simulated              : 306
Final frame errors            : 300 (target=300)
Stage-1 BER                   : 2.904e-01
Stage-1 FER                   : 9.869e-01
Final BER (LDPC+GRAND)        : 2.904e-01
Final FER (LDPC+GRAND)        : 9.804e-01
Avg stage-1 iters/frame       : 4.00
Avg HW time/frame (stage-1)   : 7.34 µs
Avg HW time/frame (GRAND)     : 188.06 µs
Avg HW time/frame (total)     : 195.40 µs

=== Adaptive HYBRID Monte-Carlo (channel=SIONNA_TDL) ===
Decoder label                 : hyb8
SNR (dB)                      : 8.00
Frames simulated              : 358
Final frame errors            : 300 (target=300)
Stage-1 BER                   : 2.505e-01
Stage-1 FER                   : 8.436e-01
Final BER (LDPC+GRAND)        : 2.505e-01
Final FER (LDPC+GRAND)        : 8.380e-01
Avg stage-1 iters/frame       : 7.75
Avg HW time/frame (stage-1)   : 13.79 µs
Avg HW time/frame (GRAND)     : 159.82 µs
Avg HW time/frame (total)     : 173.61 µs

=== Adaptive HYBRID Monte-Carlo (channel=SIONNA_TDL) ===
Decoder label                 : hyb15
SNR (dB)                      : 8.00
Frames simulated              : 405
Final frame errors            : 300 (target=300)
Stage-1 BER                   : 2.539e-01
Stage-1 FER                   : 7.407e-01
Final BER (LDPC+GRAND)        : 2.539e-01
Final FER (LDPC+GRAND)        : 7.407e-01
Avg stage-1 iters/frame       : 13.25
Avg HW time/frame (stage-1)   : 23.31 µs
Avg HW time/frame (GRAND)     : 142.45 µs
Avg HW time/frame (total)     : 165.76 µs

=== Adaptive HYBRID Monte-Carlo (channel=SIONNA_TDL) ===
Decoder label                 : hybsv4
SNR (dB)                      : 8.00
Frames simulated              : 304
Final frame errors            : 300 (target=300)
Stage-1 BER                   : 2.739e-01
Stage-1 FER                   : 9.901e-01
Final BER (LDPC+GRAND)        : 2.739e-01
Final FER (LDPC+GRAND)        : 9.868e-01
Avg stage-1 iters/frame       : 4.00
Avg HW time/frame (stage-1)   : 7.34 µs
Avg HW time/frame (GRAND)     : 752.54 µs
Avg HW time/frame (total)     : 759.88 µs

=== Adaptive HYBRID Monte-Carlo (channel=SIONNA_TDL) ===
Decoder label                 : hybsv8
SNR (dB)                      : 8.00
Frames simulated              : 354
Final frame errors            : 300 (target=300)
Stage-1 BER                   : 2.596e-01
Stage-1 FER                   : 8.503e-01
Final BER (LDPC+GRAND)        : 2.596e-01
Final FER (LDPC+GRAND)        : 8.475e-01
Avg stage-1 iters/frame       : 7.77
Avg HW time/frame (stage-1)   : 13.83 µs
Avg HW time/frame (GRAND)     : 643.83 µs
Avg HW time/frame (total)     : 657.67 µs

=== Adaptive HYBRID Monte-Carlo (channel=SIONNA_TDL) ===
Decoder label                 : hybsv15
SNR (dB)                      : 8.00
Frames simulated              : 418
Final frame errors            : 300 (target=300)
Stage-1 BER                   : 2.355e-01
Stage-1 FER                   : 7.249e-01
Final BER (LDPC+GRAND)        : 2.355e-01
Final FER (LDPC+GRAND)        : 7.177e-01
Avg stage-1 iters/frame       : 13.30
Avg HW time/frame (stage-1)   : 23.38 µs
Avg HW time/frame (GRAND)     : 548.98 µs
Avg HW time/frame (total)     : 572.36 µs

=== Adaptive HYBRID Monte-Carlo (channel=SIONNA_TDL) ===
Decoder label                 : hybptg4
SNR (dB)                      : 8.00
Frames simulated              : 307
Final frame errors            : 300 (target=300)
Stage-1 BER                   : 2.773e-01
Stage-1 FER                   : 9.837e-01
Final BER (LDPC+GRAND)        : 2.773e-01
Final FER (LDPC+GRAND)        : 9.772e-01
Avg stage-1 iters/frame       : 4.00
Avg HW time/frame (stage-1)   : 7.34 µs
Avg HW time/frame (GRAND)     : 1543.69 µs
Avg HW time/frame (total)     : 1551.03 µs

=== Adaptive HYBRID Monte-Carlo (channel=SIONNA_TDL) ===
Decoder label                 : hybptg8
SNR (dB)                      : 8.00
Frames simulated              : 362
Final frame errors            : 300 (target=300)
Stage-1 BER                   : 2.558e-01
Stage-1 FER                   : 8.564e-01
Final BER (LDPC+GRAND)        : 2.557e-01
Final FER (LDPC+GRAND)        : 8.287e-01
Avg stage-1 iters/frame       : 7.75
Avg HW time/frame (stage-1)   : 13.79 µs
Avg HW time/frame (GRAND)     : 1305.03 µs
Avg HW time/frame (total)     : 1318.82 µs

=== Adaptive HYBRID Monte-Carlo (channel=SIONNA_TDL) ===
Decoder label                 : hybptg15
SNR (dB)                      : 8.00
Frames simulated              : 403
Final frame errors            : 300 (target=300)
Stage-1 BER                   : 2.608e-01
Stage-1 FER                   : 7.469e-01
Final BER (LDPC+GRAND)        : 2.608e-01
Final FER (LDPC+GRAND)        : 7.444e-01
Avg stage-1 iters/frame       : 13.25
Avg HW time/frame (stage-1)   : 23.31 µs
Avg HW time/frame (GRAND)     : 1186.52 µs
Avg HW time/frame (total)     : 1209.83 µs

=== Adaptive HYBRID Monte-Carlo (channel=SIONNA_TDL) ===
Decoder label                 : hybctg4
SNR (dB)                      : 8.00
Frames simulated              : 348
Final frame errors            : 300 (target=300)
Stage-1 BER                   : 2.865e-01
Stage-1 FER                   : 9.828e-01
Final BER (LDPC+GRAND)        : 2.804e-01
Final FER (LDPC+GRAND)        : 8.621e-01
Avg stage-1 iters/frame       : 4.00
Avg HW time/frame (stage-1)   : 7.34 µs
Avg HW time/frame (GRAND)     : 6133.70 µs
Avg HW time/frame (total)     : 6141.04 µs

=== Adaptive HYBRID Monte-Carlo (channel=SIONNA_TDL) ===
Decoder label                 : hybctg8
SNR (dB)                      : 8.00
Frames simulated              : 345
Final frame errors            : 300 (target=300)
Stage-1 BER                   : 2.776e-01
Stage-1 FER                   : 8.870e-01
Final BER (LDPC+GRAND)        : 2.776e-01
Final FER (LDPC+GRAND)        : 8.696e-01
Avg stage-1 iters/frame       : 7.83
Avg HW time/frame (stage-1)   : 13.96 µs
Avg HW time/frame (GRAND)     : 6159.37 µs
Avg HW time/frame (total)     : 6173.33 µs

=== Adaptive HYBRID Monte-Carlo (channel=SIONNA_TDL) ===
Decoder label                 : hybctg15
SNR (dB)                      : 8.00
Frames simulated              : 418
Final frame errors            : 300 (target=300)
Stage-1 BER                   : 2.430e-01
Stage-1 FER                   : 7.201e-01
Final BER (LDPC+GRAND)        : 2.430e-01
Final FER (LDPC+GRAND)        : 7.177e-01
Avg stage-1 iters/frame       : 13.31
Avg HW time/frame (stage-1)   : 23.40 µs
Avg HW time/frame (GRAND)     : 5092.21 µs
Avg HW time/frame (total)     : 5115.61 µs

=== Adaptive HYBRID Monte-Carlo (channel=SIONNA_TDL) ===
Decoder label                 : hybosd4
SNR (dB)                      : 8.00
Frames simulated              : 313
Final frame errors            : 300 (target=300)
Stage-1 BER                   : 2.585e-01
Stage-1 FER                   : 9.808e-01
Final BER (LDPC+GRAND)        : 2.585e-01
Final FER (LDPC+GRAND)        : 9.585e-01
Avg stage-1 iters/frame       : 4.00
Avg HW time/frame (stage-1)   : 7.34 µs
Avg HW time/frame (GRAND)     : 3548.13 µs
Avg HW time/frame (total)     : 3555.47 µs

=== Adaptive HYBRID Monte-Carlo (channel=SIONNA_TDL) ===
Decoder label                 : hybosd8
SNR (dB)                      : 8.00
Frames simulated              : 352
Final frame errors            : 300 (target=300)
Stage-1 BER                   : 2.617e-01
Stage-1 FER                   : 8.807e-01
Final BER (LDPC+GRAND)        : 2.616e-01
Final FER (LDPC+GRAND)        : 8.523e-01
Avg stage-1 iters/frame       : 7.84
Avg HW time/frame (stage-1)   : 13.96 µs
Avg HW time/frame (GRAND)     : 3165.09 µs
Avg HW time/frame (total)     : 3179.05 µs

=== Adaptive HYBRID Monte-Carlo (channel=SIONNA_TDL) ===
Decoder label                 : hybosd15
SNR (dB)                      : 8.00
Frames simulated              : 392
Final frame errors            : 300 (target=300)
Stage-1 BER                   : 2.523e-01
Stage-1 FER                   : 7.679e-01
Final BER (LDPC+GRAND)        : 2.523e-01
Final FER (LDPC+GRAND)        : 7.653e-01
Avg stage-1 iters/frame       : 13.44
Avg HW time/frame (stage-1)   : 23.65 µs
Avg HW time/frame (GRAND)     : 2853.56 µs
Avg HW time/frame (total)     : 2877.21 µs
[save_awgn_results] Wrote raw results : results/run_ms.sbatch_27724535/sionna_tdl_sionna5g_k1024_n2048_qm1_hybrid_20260314-154209_raw.pkl
[save_awgn_results] Wrote mean summary: results/run_ms.sbatch_27724535/sionna_tdl_sionna5g_k1024_n2048_qm1_hybrid_20260314-154209_summary.csv
[save_awgn_results] Wrote tails summary: results/run_ms.sbatch_27724535/sionna_tdl_sionna5g_k1024_n2048_qm1_hybrid_20260314-154209_summary_tails.csv

=== Adaptive LDPC-only Monte-Carlo (channel=SIONNA_TDL) ===
Decoder label                 : ldpc4
SNR (dB)                      : 7.10
Frames simulated              : 302
Frame errors                  : 300 (target=300)
Bit error rate (BER)          : 2.835e-01
Frame error rate (FER)        : 9.934e-01
Avg LDPC iterations/frame     : 4.00
Avg HW cycles/frame           : 5870.27
Avg HW decode time/frame      : 7.34 µs
HW model (fclk_mhz)            : 800.0 MHz

=== Adaptive LDPC-only Monte-Carlo (channel=SIONNA_TDL) ===
Decoder label                 : ldpc8
SNR (dB)                      : 7.10
Frames simulated              : 343
Frame errors                  : 300 (target=300)
Bit error rate (BER)          : 2.679e-01
Frame error rate (FER)        : 8.746e-01
Avg LDPC iterations/frame     : 7.80
Avg HW cycles/frame           : 11117.39
Avg HW decode time/frame      : 13.90 µs
HW model (fclk_mhz)            : 800.0 MHz

=== Adaptive LDPC-only Monte-Carlo (channel=SIONNA_TDL) ===
Decoder label                 : ldpc15
SNR (dB)                      : 7.10
Frames simulated              : 399
Frame errors                  : 300 (target=300)
Bit error rate (BER)          : 2.531e-01
Frame error rate (FER)        : 7.519e-01
Avg LDPC iterations/frame     : 13.48
Avg HW cycles/frame           : 18966.74
Avg HW decode time/frame      : 23.71 µs
HW model (fclk_mhz)            : 800.0 MHz

=== Adaptive LDPC-only Monte-Carlo (channel=SIONNA_TDL) ===
Decoder label                 : ldpc20
SNR (dB)                      : 7.10
Frames simulated              : 381
Frame errors                  : 300 (target=300)
Bit error rate (BER)          : 2.756e-01
Frame error rate (FER)        : 7.874e-01
Avg LDPC iterations/frame     : 17.72
Avg HW cycles/frame           : 24861.02
Avg HW decode time/frame      : 31.08 µs
HW model (fclk_mhz)            : 800.0 MHz

=== Adaptive LDPC-only Monte-Carlo (channel=SIONNA_TDL) ===
Decoder label                 : ldpc100
SNR (dB)                      : 7.10
Frames simulated              : 429
Frame errors                  : 300 (target=300)
Bit error rate (BER)          : 2.565e-01
Frame error rate (FER)        : 6.993e-01
Avg LDPC iterations/frame     : 74.34
Avg HW cycles/frame           : 103486.43
Avg HW decode time/frame      : 129.36 µs
HW model (fclk_mhz)            : 800.0 MHz

=== Adaptive HYBRID Monte-Carlo (channel=SIONNA_TDL) ===
Decoder label                 : hyb4
SNR (dB)                      : 7.10
Frames simulated              : 306
Final frame errors            : 300 (target=300)
Stage-1 BER                   : 2.997e-01
Stage-1 FER                   : 9.837e-01
Final BER (LDPC+GRAND)        : 2.997e-01
Final FER (LDPC+GRAND)        : 9.804e-01
Avg stage-1 iters/frame       : 4.00
Avg HW time/frame (stage-1)   : 7.34 µs
Avg HW time/frame (GRAND)     : 188.19 µs
Avg HW time/frame (total)     : 195.53 µs

=== Adaptive HYBRID Monte-Carlo (channel=SIONNA_TDL) ===
Decoder label                 : hyb8
SNR (dB)                      : 7.10
Frames simulated              : 350
Final frame errors            : 300 (target=300)
Stage-1 BER                   : 2.701e-01
Stage-1 FER                   : 8.629e-01
Final BER (LDPC+GRAND)        : 2.701e-01
Final FER (LDPC+GRAND)        : 8.571e-01
Avg stage-1 iters/frame       : 7.79
Avg HW time/frame (stage-1)   : 13.86 µs
Avg HW time/frame (GRAND)     : 163.95 µs
Avg HW time/frame (total)     : 177.82 µs

=== Adaptive HYBRID Monte-Carlo (channel=SIONNA_TDL) ===
Decoder label                 : hyb15
SNR (dB)                      : 7.10
Frames simulated              : 400
Final frame errors            : 300 (target=300)
Stage-1 BER                   : 2.528e-01
Stage-1 FER                   : 7.525e-01
Final BER (LDPC+GRAND)        : 2.528e-01
Final FER (LDPC+GRAND)        : 7.500e-01
Avg stage-1 iters/frame       : 13.49
Avg HW time/frame (stage-1)   : 23.73 µs
Avg HW time/frame (GRAND)     : 143.59 µs
Avg HW time/frame (total)     : 167.32 µs

=== Adaptive HYBRID Monte-Carlo (channel=SIONNA_TDL) ===
Decoder label                 : hybsv4
SNR (dB)                      : 7.10
Frames simulated              : 304
Final frame errors            : 300 (target=300)
Stage-1 BER                   : 2.950e-01
Stage-1 FER                   : 9.967e-01
Final BER (LDPC+GRAND)        : 2.949e-01
Final FER (LDPC+GRAND)        : 9.868e-01
Avg stage-1 iters/frame       : 4.00
Avg HW time/frame (stage-1)   : 7.34 µs
Avg HW time/frame (GRAND)     : 754.25 µs
Avg HW time/frame (total)     : 761.60 µs

=== Adaptive HYBRID Monte-Carlo (channel=SIONNA_TDL) ===
Decoder label                 : hybsv8
SNR (dB)                      : 7.10
Frames simulated              : 342
Final frame errors            : 300 (target=300)
Stage-1 BER                   : 2.727e-01
Stage-1 FER                   : 8.801e-01
Final BER (LDPC+GRAND)        : 2.727e-01
Final FER (LDPC+GRAND)        : 8.772e-01
Avg stage-1 iters/frame       : 7.79
Avg HW time/frame (stage-1)   : 13.88 µs
Avg HW time/frame (GRAND)     : 666.47 µs
Avg HW time/frame (total)     : 680.34 µs

=== Adaptive HYBRID Monte-Carlo (channel=SIONNA_TDL) ===
Decoder label                 : hybsv15
SNR (dB)                      : 7.10
Frames simulated              : 401
Final frame errors            : 300 (target=300)
Stage-1 BER                   : 2.563e-01
Stage-1 FER                   : 7.556e-01
Final BER (LDPC+GRAND)        : 2.563e-01
Final FER (LDPC+GRAND)        : 7.481e-01
Avg stage-1 iters/frame       : 13.54
Avg HW time/frame (stage-1)   : 23.81 µs
Avg HW time/frame (GRAND)     : 571.69 µs
Avg HW time/frame (total)     : 595.50 µs

=== Adaptive HYBRID Monte-Carlo (channel=SIONNA_TDL) ===
Decoder label                 : hybptg4
SNR (dB)                      : 7.10
Frames simulated              : 305
Final frame errors            : 300 (target=300)
Stage-1 BER                   : 2.890e-01
Stage-1 FER                   : 9.869e-01
Final BER (LDPC+GRAND)        : 2.890e-01
Final FER (LDPC+GRAND)        : 9.836e-01
Avg stage-1 iters/frame       : 4.00
Avg HW time/frame (stage-1)   : 7.34 µs
Avg HW time/frame (GRAND)     : 1560.72 µs
Avg HW time/frame (total)     : 1568.05 µs

=== Adaptive HYBRID Monte-Carlo (channel=SIONNA_TDL) ===
Decoder label                 : hybptg8
SNR (dB)                      : 7.10
Frames simulated              : 350
Final frame errors            : 300 (target=300)
Stage-1 BER                   : 2.668e-01
Stage-1 FER                   : 8.714e-01
Final BER (LDPC+GRAND)        : 2.668e-01
Final FER (LDPC+GRAND)        : 8.571e-01
Avg stage-1 iters/frame       : 7.76
Avg HW time/frame (stage-1)   : 13.82 µs
Avg HW time/frame (GRAND)     : 1357.53 µs
Avg HW time/frame (total)     : 1371.35 µs

=== Adaptive HYBRID Monte-Carlo (channel=SIONNA_TDL) ===
Decoder label                 : hybptg15
SNR (dB)                      : 7.10
Frames simulated              : 385
Final frame errors            : 300 (target=300)
Stage-1 BER                   : 2.726e-01
Stage-1 FER                   : 7.792e-01
Final BER (LDPC+GRAND)        : 2.726e-01
Final FER (LDPC+GRAND)        : 7.792e-01
Avg stage-1 iters/frame       : 13.65
Avg HW time/frame (stage-1)   : 24.02 µs
Avg HW time/frame (GRAND)     : 1243.80 µs
Avg HW time/frame (total)     : 1267.81 µs

=== Adaptive HYBRID Monte-Carlo (channel=SIONNA_TDL) ===
Decoder label                 : hybctg4
SNR (dB)                      : 7.10
Frames simulated              : 337
Final frame errors            : 300 (target=300)
Stage-1 BER                   : 2.947e-01
Stage-1 FER                   : 9.792e-01
Final BER (LDPC+GRAND)        : 2.910e-01
Final FER (LDPC+GRAND)        : 8.902e-01
Avg stage-1 iters/frame       : 4.00
Avg HW time/frame (stage-1)   : 7.33 µs
Avg HW time/frame (GRAND)     : 6332.11 µs
Avg HW time/frame (total)     : 6339.44 µs

=== Adaptive HYBRID Monte-Carlo (channel=SIONNA_TDL) ===
Decoder label                 : hybctg8
SNR (dB)                      : 7.10
Frames simulated              : 348
Final frame errors            : 300 (target=300)
Stage-1 BER                   : 2.676e-01
Stage-1 FER                   : 8.822e-01
Final BER (LDPC+GRAND)        : 2.676e-01
Final FER (LDPC+GRAND)        : 8.621e-01
Avg stage-1 iters/frame       : 7.79
Avg HW time/frame (stage-1)   : 13.88 µs
Avg HW time/frame (GRAND)     : 6101.56 µs
Avg HW time/frame (total)     : 6115.44 µs

=== Adaptive HYBRID Monte-Carlo (channel=SIONNA_TDL) ===
Decoder label                 : hybctg15
SNR (dB)                      : 7.10
Frames simulated              : 366
Final frame errors            : 300 (target=300)
Stage-1 BER                   : 2.841e-01
Stage-1 FER                   : 8.251e-01
Final BER (LDPC+GRAND)        : 2.841e-01
Final FER (LDPC+GRAND)        : 8.197e-01
Avg stage-1 iters/frame       : 13.89
Avg HW time/frame (stage-1)   : 24.44 µs
Avg HW time/frame (GRAND)     : 5809.81 µs
Avg HW time/frame (total)     : 5834.25 µs

=== Adaptive HYBRID Monte-Carlo (channel=SIONNA_TDL) ===
Decoder label                 : hybosd4
SNR (dB)                      : 7.10
Frames simulated              : 311
Final frame errors            : 300 (target=300)
Stage-1 BER                   : 2.997e-01
Stage-1 FER                   : 9.839e-01
Final BER (LDPC+GRAND)        : 2.997e-01
Final FER (LDPC+GRAND)        : 9.646e-01
Avg stage-1 iters/frame       : 4.00
Avg HW time/frame (stage-1)   : 7.34 µs
Avg HW time/frame (GRAND)     : 3585.78 µs
Avg HW time/frame (total)     : 3593.12 µs

=== Adaptive HYBRID Monte-Carlo (channel=SIONNA_TDL) ===
Decoder label                 : hybosd8
SNR (dB)                      : 7.10
Frames simulated              : 330
Final frame errors            : 300 (target=300)
Stage-1 BER                   : 2.832e-01
Stage-1 FER                   : 9.242e-01
Final BER (LDPC+GRAND)        : 2.832e-01
Final FER (LDPC+GRAND)        : 9.091e-01
Avg stage-1 iters/frame       : 7.88
Avg HW time/frame (stage-1)   : 14.05 µs
Avg HW time/frame (GRAND)     : 3377.98 µs
Avg HW time/frame (total)     : 3392.03 µs

=== Adaptive HYBRID Monte-Carlo (channel=SIONNA_TDL) ===
Decoder label                 : hybosd15
SNR (dB)                      : 7.10
Frames simulated              : 400
Final frame errors            : 300 (target=300)
Stage-1 BER                   : 2.584e-01
Stage-1 FER                   : 7.700e-01
Final BER (LDPC+GRAND)        : 2.584e-01
Final FER (LDPC+GRAND)        : 7.500e-01
Avg stage-1 iters/frame       : 13.56
Avg HW time/frame (stage-1)   : 23.86 µs
Avg HW time/frame (GRAND)     : 2802.85 µs
Avg HW time/frame (total)     : 2826.71 µs

=== Adaptive LDPC-only Monte-Carlo (channel=SIONNA_TDL) ===
Decoder label                 : ldpc4
SNR (dB)                      : 8.30
Frames simulated              : 305
Frame errors                  : 300 (target=300)
Bit error rate (BER)          : 2.645e-01
Frame error rate (FER)        : 9.836e-01
Avg LDPC iterations/frame     : 4.00
Avg HW cycles/frame           : 5871.74
Avg HW decode time/frame      : 7.34 µs
HW model (fclk_mhz)            : 800.0 MHz

=== Adaptive LDPC-only Monte-Carlo (channel=SIONNA_TDL) ===
Decoder label                 : ldpc8
SNR (dB)                      : 8.30
Frames simulated              : 363
Frame errors                  : 300 (target=300)
Bit error rate (BER)          : 2.457e-01
Frame error rate (FER)        : 8.264e-01
Avg LDPC iterations/frame     : 7.73
Avg HW cycles/frame           : 11006.12
Avg HW decode time/frame      : 13.76 µs
HW model (fclk_mhz)            : 800.0 MHz

=== Adaptive LDPC-only Monte-Carlo (channel=SIONNA_TDL) ===
Decoder label                 : ldpc15
SNR (dB)                      : 8.30
Frames simulated              : 421
Frame errors                  : 300 (target=300)
Bit error rate (BER)          : 2.349e-01
Frame error rate (FER)        : 7.126e-01
Avg LDPC iterations/frame     : 13.08
Avg HW cycles/frame           : 18391.32
Avg HW decode time/frame      : 22.99 µs
HW model (fclk_mhz)            : 800.0 MHz

=== Adaptive LDPC-only Monte-Carlo (channel=SIONNA_TDL) ===
Decoder label                 : ldpc20
SNR (dB)                      : 8.30
Frames simulated              : 468
Frame errors                  : 300 (target=300)
Bit error rate (BER)          : 2.135e-01
Frame error rate (FER)        : 6.410e-01
Avg LDPC iterations/frame     : 16.32
Avg HW cycles/frame           : 22874.96
Avg HW decode time/frame      : 28.59 µs
HW model (fclk_mhz)            : 800.0 MHz

=== Adaptive LDPC-only Monte-Carlo (channel=SIONNA_TDL) ===
Decoder label                 : ldpc100
SNR (dB)                      : 8.30
Frames simulated              : 466
Frame errors                  : 300 (target=300)
Bit error rate (BER)          : 2.329e-01
Frame error rate (FER)        : 6.438e-01
Avg LDPC iterations/frame     : 68.83
Avg HW cycles/frame           : 95818.14
Avg HW decode time/frame      : 119.77 µs
HW model (fclk_mhz)            : 800.0 MHz

=== Adaptive HYBRID Monte-Carlo (channel=SIONNA_TDL) ===
Decoder label                 : hyb4
SNR (dB)                      : 8.30
Frames simulated              : 306
Final frame errors            : 300 (target=300)
Stage-1 BER                   : 2.627e-01
Stage-1 FER                   : 9.837e-01
Final BER (LDPC+GRAND)        : 2.626e-01
Final FER (LDPC+GRAND)        : 9.804e-01
Avg stage-1 iters/frame       : 4.00
Avg HW time/frame (stage-1)   : 7.34 µs
Avg HW time/frame (GRAND)     : 187.87 µs
Avg HW time/frame (total)     : 195.21 µs

=== Adaptive HYBRID Monte-Carlo (channel=SIONNA_TDL) ===
Decoder label                 : hyb8
SNR (dB)                      : 8.30
Frames simulated              : 362
Final frame errors            : 300 (target=300)
Stage-1 BER                   : 2.502e-01
Stage-1 FER                   : 8.398e-01
Final BER (LDPC+GRAND)        : 2.502e-01
Final FER (LDPC+GRAND)        : 8.287e-01
Avg stage-1 iters/frame       : 7.72
Avg HW time/frame (stage-1)   : 13.73 µs
Avg HW time/frame (GRAND)     : 158.02 µs
Avg HW time/frame (total)     : 171.75 µs

=== Adaptive HYBRID Monte-Carlo (channel=SIONNA_TDL) ===
Decoder label                 : hyb15
SNR (dB)                      : 8.30
Frames simulated              : 407
Final frame errors            : 300 (target=300)
Stage-1 BER                   : 2.484e-01
Stage-1 FER                   : 7.396e-01
Final BER (LDPC+GRAND)        : 2.484e-01
Final FER (LDPC+GRAND)        : 7.371e-01
Avg stage-1 iters/frame       : 13.22
Avg HW time/frame (stage-1)   : 23.26 µs
Avg HW time/frame (GRAND)     : 141.60 µs
Avg HW time/frame (total)     : 164.85 µs

=== Adaptive HYBRID Monte-Carlo (channel=SIONNA_TDL) ===
Decoder label                 : hybsv4
SNR (dB)                      : 8.30
Frames simulated              : 308
Final frame errors            : 300 (target=300)
Stage-1 BER                   : 2.688e-01
Stage-1 FER                   : 9.870e-01
Final BER (LDPC+GRAND)        : 2.688e-01
Final FER (LDPC+GRAND)        : 9.740e-01
Avg stage-1 iters/frame       : 4.00
Avg HW time/frame (stage-1)   : 7.34 µs
Avg HW time/frame (GRAND)     : 741.27 µs
Avg HW time/frame (total)     : 748.62 µs

=== Adaptive HYBRID Monte-Carlo (channel=SIONNA_TDL) ===
Decoder label                 : hybsv8
SNR (dB)                      : 8.30
Frames simulated              : 370
Final frame errors            : 300 (target=300)
Stage-1 BER                   : 2.359e-01
Stage-1 FER                   : 8.216e-01
Final BER (LDPC+GRAND)        : 2.359e-01
Final FER (LDPC+GRAND)        : 8.108e-01
Avg stage-1 iters/frame       : 7.73
Avg HW time/frame (stage-1)   : 13.75 µs
Avg HW time/frame (GRAND)     : 617.23 µs
Avg HW time/frame (total)     : 630.98 µs

=== Adaptive HYBRID Monte-Carlo (channel=SIONNA_TDL) ===
Decoder label                 : hybsv15
SNR (dB)                      : 8.30
Frames simulated              : 442
Final frame errors            : 300 (target=300)
Stage-1 BER                   : 2.227e-01
Stage-1 FER                   : 6.833e-01
Final BER (LDPC+GRAND)        : 2.227e-01
Final FER (LDPC+GRAND)        : 6.787e-01
Avg stage-1 iters/frame       : 12.97
Avg HW time/frame (stage-1)   : 22.80 µs
Avg HW time/frame (GRAND)     : 516.32 µs
Avg HW time/frame (total)     : 539.12 µs

=== Adaptive HYBRID Monte-Carlo (channel=SIONNA_TDL) ===
Decoder label                 : hybptg4
SNR (dB)                      : 8.30
Frames simulated              : 310
Final frame errors            : 300 (target=300)
Stage-1 BER                   : 2.744e-01
Stage-1 FER                   : 9.742e-01
Final BER (LDPC+GRAND)        : 2.744e-01
Final FER (LDPC+GRAND)        : 9.677e-01
Avg stage-1 iters/frame       : 4.00
Avg HW time/frame (stage-1)   : 7.33 µs
Avg HW time/frame (GRAND)     : 1525.44 µs
Avg HW time/frame (total)     : 1532.77 µs

=== Adaptive HYBRID Monte-Carlo (channel=SIONNA_TDL) ===
Decoder label                 : hybptg8
SNR (dB)                      : 8.30
Frames simulated              : 378
Final frame errors            : 300 (target=300)
Stage-1 BER                   : 2.393e-01
Stage-1 FER                   : 8.280e-01
Final BER (LDPC+GRAND)        : 2.392e-01
Final FER (LDPC+GRAND)        : 7.937e-01
Avg stage-1 iters/frame       : 7.71
Avg HW time/frame (stage-1)   : 13.73 µs
Avg HW time/frame (GRAND)     : 1253.00 µs
Avg HW time/frame (total)     : 1266.73 µs

=== Adaptive HYBRID Monte-Carlo (channel=SIONNA_TDL) ===
Decoder label                 : hybptg15
SNR (dB)                      : 8.30
Frames simulated              : 413
Final frame errors            : 300 (target=300)
Stage-1 BER                   : 2.487e-01
Stage-1 FER                   : 7.288e-01
Final BER (LDPC+GRAND)        : 2.486e-01
Final FER (LDPC+GRAND)        : 7.264e-01
Avg stage-1 iters/frame       : 13.19
Avg HW time/frame (stage-1)   : 23.20 µs
Avg HW time/frame (GRAND)     : 1159.10 µs
Avg HW time/frame (total)     : 1182.29 µs

=== Adaptive HYBRID Monte-Carlo (channel=SIONNA_TDL) ===
Decoder label                 : hybctg4
SNR (dB)                      : 8.30
Frames simulated              : 354
Final frame errors            : 300 (target=300)
Stage-1 BER                   : 2.701e-01
Stage-1 FER                   : 9.831e-01
Final BER (LDPC+GRAND)        : 2.637e-01
Final FER (LDPC+GRAND)        : 8.475e-01
Avg stage-1 iters/frame       : 4.00
Avg HW time/frame (stage-1)   : 7.33 µs
Avg HW time/frame (GRAND)     : 6032.81 µs
Avg HW time/frame (total)     : 6040.14 µs

=== Adaptive HYBRID Monte-Carlo (channel=SIONNA_TDL) ===
Decoder label                 : hybctg8
SNR (dB)                      : 8.30
Frames simulated              : 372
Final frame errors            : 300 (target=300)
Stage-1 BER                   : 2.507e-01
Stage-1 FER                   : 8.468e-01
Final BER (LDPC+GRAND)        : 2.506e-01
Final FER (LDPC+GRAND)        : 8.065e-01
Avg stage-1 iters/frame       : 7.76
Avg HW time/frame (stage-1)   : 13.81 µs
Avg HW time/frame (GRAND)     : 5708.11 µs
Avg HW time/frame (total)     : 5721.92 µs

=== Adaptive HYBRID Monte-Carlo (channel=SIONNA_TDL) ===
Decoder label                 : hybctg15
SNR (dB)                      : 8.30
Frames simulated              : 411
Final frame errors            : 300 (target=300)
Stage-1 BER                   : 2.444e-01
Stage-1 FER                   : 7.348e-01
Final BER (LDPC+GRAND)        : 2.444e-01
Final FER (LDPC+GRAND)        : 7.299e-01
Avg stage-1 iters/frame       : 13.13
Avg HW time/frame (stage-1)   : 23.10 µs
Avg HW time/frame (GRAND)     : 5177.29 µs
Avg HW time/frame (total)     : 5200.39 µs

=== Adaptive HYBRID Monte-Carlo (channel=SIONNA_TDL) ===
Decoder label                 : hybosd4
SNR (dB)                      : 8.30
Frames simulated              : 307
Final frame errors            : 300 (target=300)
Stage-1 BER                   : 2.753e-01
Stage-1 FER                   : 9.870e-01
Final BER (LDPC+GRAND)        : 2.753e-01
Final FER (LDPC+GRAND)        : 9.772e-01
Avg stage-1 iters/frame       : 4.00
Avg HW time/frame (stage-1)   : 7.34 µs
Avg HW time/frame (GRAND)     : 3621.47 µs
Avg HW time/frame (total)     : 3628.81 µs

=== Adaptive HYBRID Monte-Carlo (channel=SIONNA_TDL) ===
Decoder label                 : hybosd8
SNR (dB)                      : 8.30
Frames simulated              : 377
Final frame errors            : 300 (target=300)
Stage-1 BER                   : 2.497e-01
Stage-1 FER                   : 8.249e-01
Final BER (LDPC+GRAND)        : 2.496e-01
Final FER (LDPC+GRAND)        : 7.958e-01
Avg stage-1 iters/frame       : 7.64
Avg HW time/frame (stage-1)   : 13.59 µs
Avg HW time/frame (GRAND)     : 2956.37 µs
Avg HW time/frame (total)     : 2969.97 µs

=== Adaptive HYBRID Monte-Carlo (channel=SIONNA_TDL) ===
Decoder label                 : hybosd15
SNR (dB)                      : 8.30
Frames simulated              : 424
Final frame errors            : 300 (target=300)
Stage-1 BER                   : 2.362e-01
Stage-1 FER                   : 7.288e-01
Final BER (LDPC+GRAND)        : 2.362e-01
Final FER (LDPC+GRAND)        : 7.075e-01
Avg stage-1 iters/frame       : 13.19
Avg HW time/frame (stage-1)   : 23.20 µs
Avg HW time/frame (GRAND)     : 2628.93 µs
Avg HW time/frame (total)     : 2652.13 µs

=== Adaptive LDPC-only Monte-Carlo (channel=SIONNA_TDL) ===
Decoder label                 : ldpc4
SNR (dB)                      : 7.70
Frames simulated              : 304
Frame errors                  : 300 (target=300)
Bit error rate (BER)          : 2.740e-01
Frame error rate (FER)        : 9.868e-01
Avg LDPC iterations/frame     : 4.00
Avg HW cycles/frame           : 5872.78
Avg HW decode time/frame      : 7.34 µs
HW model (fclk_mhz)            : 800.0 MHz

=== Adaptive LDPC-only Monte-Carlo (channel=SIONNA_TDL) ===
Decoder label                 : ldpc8
SNR (dB)                      : 7.70
Frames simulated              : 357
Frame errors                  : 300 (target=300)
Bit error rate (BER)          : 2.586e-01
Frame error rate (FER)        : 8.403e-01
Avg LDPC iterations/frame     : 7.80
Avg HW cycles/frame           : 11101.61
Avg HW decode time/frame      : 13.88 µs
HW model (fclk_mhz)            : 800.0 MHz

=== Adaptive LDPC-only Monte-Carlo (channel=SIONNA_TDL) ===
Decoder label                 : ldpc15
SNR (dB)                      : 7.70
Frames simulated              : 399
Frame errors                  : 300 (target=300)
Bit error rate (BER)          : 2.469e-01
Frame error rate (FER)        : 7.519e-01
Avg LDPC iterations/frame     : 13.35
Avg HW cycles/frame           : 18785.72
Avg HW decode time/frame      : 23.48 µs
HW model (fclk_mhz)            : 800.0 MHz

=== Adaptive LDPC-only Monte-Carlo (channel=SIONNA_TDL) ===
Decoder label                 : ldpc20
SNR (dB)                      : 7.70
Frames simulated              : 401
Frame errors                  : 300 (target=300)
Bit error rate (BER)          : 2.614e-01
Frame error rate (FER)        : 7.481e-01
Avg LDPC iterations/frame     : 17.44
Avg HW cycles/frame           : 24466.25
Avg HW decode time/frame      : 30.58 µs
HW model (fclk_mhz)            : 800.0 MHz

=== Adaptive LDPC-only Monte-Carlo (channel=SIONNA_TDL) ===
Decoder label                 : ldpc100
SNR (dB)                      : 7.70
Frames simulated              : 458
Frame errors                  : 300 (target=300)
Bit error rate (BER)          : 2.365e-01
Frame error rate (FER)        : 6.550e-01
Avg LDPC iterations/frame     : 70.17
Avg HW cycles/frame           : 97682.88
Avg HW decode time/frame      : 122.10 µs
HW model (fclk_mhz)            : 800.0 MHz

=== Adaptive HYBRID Monte-Carlo (channel=SIONNA_TDL) ===
Decoder label                 : hyb4
SNR (dB)                      : 7.70
Frames simulated              : 305
Final frame errors            : 300 (target=300)
Stage-1 BER                   : 2.871e-01
Stage-1 FER                   : 9.902e-01
Final BER (LDPC+GRAND)        : 2.871e-01
Final FER (LDPC+GRAND)        : 9.836e-01
Avg stage-1 iters/frame       : 4.00
Avg HW time/frame (stage-1)   : 7.34 µs
Avg HW time/frame (GRAND)     : 187.38 µs
Avg HW time/frame (total)     : 194.71 µs

=== Adaptive HYBRID Monte-Carlo (channel=SIONNA_TDL) ===
Decoder label                 : hyb8
SNR (dB)                      : 7.70
Frames simulated              : 343
Final frame errors            : 300 (target=300)
Stage-1 BER                   : 2.710e-01
Stage-1 FER                   : 8.776e-01
Final BER (LDPC+GRAND)        : 2.710e-01
Final FER (LDPC+GRAND)        : 8.746e-01
Avg stage-1 iters/frame       : 7.79
Avg HW time/frame (stage-1)   : 13.88 µs
Avg HW time/frame (GRAND)     : 167.24 µs
Avg HW time/frame (total)     : 181.12 µs

=== Adaptive HYBRID Monte-Carlo (channel=SIONNA_TDL) ===
Decoder label                 : hyb15
SNR (dB)                      : 7.70
Frames simulated              : 405
Final frame errors            : 300 (target=300)
Stage-1 BER                   : 2.529e-01
Stage-1 FER                   : 7.457e-01
Final BER (LDPC+GRAND)        : 2.529e-01
Final FER (LDPC+GRAND)        : 7.407e-01
Avg stage-1 iters/frame       : 13.27
Avg HW time/frame (stage-1)   : 23.35 µs
Avg HW time/frame (GRAND)     : 142.46 µs
Avg HW time/frame (total)     : 165.81 µs

=== Adaptive HYBRID Monte-Carlo (channel=SIONNA_TDL) ===
Decoder label                 : hybsv4
SNR (dB)                      : 7.70
Frames simulated              : 307
Final frame errors            : 300 (target=300)
Stage-1 BER                   : 2.814e-01
Stage-1 FER                   : 9.870e-01
Final BER (LDPC+GRAND)        : 2.814e-01
Final FER (LDPC+GRAND)        : 9.772e-01
Avg stage-1 iters/frame       : 4.00
Avg HW time/frame (stage-1)   : 7.34 µs
Avg HW time/frame (GRAND)     : 745.45 µs
Avg HW time/frame (total)     : 752.79 µs

=== Adaptive HYBRID Monte-Carlo (channel=SIONNA_TDL) ===
Decoder label                 : hybsv8
SNR (dB)                      : 7.70
Frames simulated              : 353
Final frame errors            : 300 (target=300)
Stage-1 BER                   : 2.613e-01
Stage-1 FER                   : 8.612e-01
Final BER (LDPC+GRAND)        : 2.613e-01
Final FER (LDPC+GRAND)        : 8.499e-01
Avg stage-1 iters/frame       : 7.76
Avg HW time/frame (stage-1)   : 13.82 µs
Avg HW time/frame (GRAND)     : 648.20 µs
Avg HW time/frame (total)     : 662.02 µs

=== Adaptive HYBRID Monte-Carlo (channel=SIONNA_TDL) ===
Decoder label                 : hybsv15
SNR (dB)                      : 7.70
Frames simulated              : 421
Final frame errors            : 300 (target=300)
Stage-1 BER                   : 2.399e-01
Stage-1 FER                   : 7.245e-01
Final BER (LDPC+GRAND)        : 2.399e-01
Final FER (LDPC+GRAND)        : 7.126e-01
Avg stage-1 iters/frame       : 13.29
Avg HW time/frame (stage-1)   : 23.36 µs
Avg HW time/frame (GRAND)     : 544.76 µs
Avg HW time/frame (total)     : 568.12 µs

=== Adaptive HYBRID Monte-Carlo (channel=SIONNA_TDL) ===
Decoder label                 : hybptg4
SNR (dB)                      : 7.70
Frames simulated              : 309
Final frame errors            : 300 (target=300)
Stage-1 BER                   : 2.845e-01
Stage-1 FER                   : 9.903e-01
Final BER (LDPC+GRAND)        : 2.845e-01
Final FER (LDPC+GRAND)        : 9.709e-01
Avg stage-1 iters/frame       : 3.99
Avg HW time/frame (stage-1)   : 7.33 µs
Avg HW time/frame (GRAND)     : 1534.68 µs
Avg HW time/frame (total)     : 1542.01 µs

=== Adaptive HYBRID Monte-Carlo (channel=SIONNA_TDL) ===
Decoder label                 : hybptg8
SNR (dB)                      : 7.70
Frames simulated              : 344
Final frame errors            : 300 (target=300)
Stage-1 BER                   : 2.648e-01
Stage-1 FER                   : 8.953e-01
Final BER (LDPC+GRAND)        : 2.648e-01
Final FER (LDPC+GRAND)        : 8.721e-01
Avg stage-1 iters/frame       : 7.80
Avg HW time/frame (stage-1)   : 13.91 µs
Avg HW time/frame (GRAND)     : 1378.69 µs
Avg HW time/frame (total)     : 1392.60 µs

=== Adaptive HYBRID Monte-Carlo (channel=SIONNA_TDL) ===
Decoder label                 : hybptg15
SNR (dB)                      : 7.70
Frames simulated              : 399
Final frame errors            : 300 (target=300)
Stage-1 BER                   : 2.593e-01
Stage-1 FER                   : 7.594e-01
Final BER (LDPC+GRAND)        : 2.593e-01
Final FER (LDPC+GRAND)        : 7.519e-01
Avg stage-1 iters/frame       : 13.46
Avg HW time/frame (stage-1)   : 23.67 µs
Avg HW time/frame (GRAND)     : 1197.34 µs
Avg HW time/frame (total)     : 1221.00 µs

=== Adaptive HYBRID Monte-Carlo (channel=SIONNA_TDL) ===
Decoder label                 : hybctg4
SNR (dB)                      : 7.70
Frames simulated              : 349
Final frame errors            : 300 (target=300)
Stage-1 BER                   : 2.837e-01
Stage-1 FER                   : 9.828e-01
Final BER (LDPC+GRAND)        : 2.782e-01
Final FER (LDPC+GRAND)        : 8.596e-01
Avg stage-1 iters/frame       : 3.99
Avg HW time/frame (stage-1)   : 7.33 µs
Avg HW time/frame (GRAND)     : 6117.98 µs
Avg HW time/frame (total)     : 6125.31 µs

=== Adaptive HYBRID Monte-Carlo (channel=SIONNA_TDL) ===
Decoder label                 : hybctg8
SNR (dB)                      : 7.70
Frames simulated              : 348
Final frame errors            : 300 (target=300)
Stage-1 BER                   : 2.629e-01
Stage-1 FER                   : 8.822e-01
Final BER (LDPC+GRAND)        : 2.629e-01
Final FER (LDPC+GRAND)        : 8.621e-01
Avg stage-1 iters/frame       : 7.81
Avg HW time/frame (stage-1)   : 13.92 µs
Avg HW time/frame (GRAND)     : 6104.45 µs
Avg HW time/frame (total)     : 6118.37 µs

=== Adaptive HYBRID Monte-Carlo (channel=SIONNA_TDL) ===
Decoder label                 : hybctg15
SNR (dB)                      : 7.70
Frames simulated              : 396
Final frame errors            : 300 (target=300)
Stage-1 BER                   : 2.614e-01
Stage-1 FER                   : 7.652e-01
Final BER (LDPC+GRAND)        : 2.614e-01
Final FER (LDPC+GRAND)        : 7.576e-01
Avg stage-1 iters/frame       : 13.43
Avg HW time/frame (stage-1)   : 23.62 µs
Avg HW time/frame (GRAND)     : 5386.36 µs
Avg HW time/frame (total)     : 5409.98 µs

=== Adaptive HYBRID Monte-Carlo (channel=SIONNA_TDL) ===
Decoder label                 : hybosd4
SNR (dB)                      : 7.70
Frames simulated              : 314
Final frame errors            : 300 (target=300)
Stage-1 BER                   : 2.719e-01
Stage-1 FER                   : 9.904e-01
Final BER (LDPC+GRAND)        : 2.719e-01
Final FER (LDPC+GRAND)        : 9.554e-01
Avg stage-1 iters/frame       : 4.00
Avg HW time/frame (stage-1)   : 7.34 µs
Avg HW time/frame (GRAND)     : 3536.50 µs
Avg HW time/frame (total)     : 3543.84 µs

=== Adaptive HYBRID Monte-Carlo (channel=SIONNA_TDL) ===
Decoder label                 : hybosd8
SNR (dB)                      : 7.70
Frames simulated              : 350
Final frame errors            : 300 (target=300)
Stage-1 BER                   : 2.663e-01
Stage-1 FER                   : 8.886e-01
Final BER (LDPC+GRAND)        : 2.663e-01
Final FER (LDPC+GRAND)        : 8.571e-01
Avg stage-1 iters/frame       : 7.78
Avg HW time/frame (stage-1)   : 13.86 µs
Avg HW time/frame (GRAND)     : 3183.21 µs
Avg HW time/frame (total)     : 3197.06 µs

=== Adaptive HYBRID Monte-Carlo (channel=SIONNA_TDL) ===
Decoder label                 : hybosd15
SNR (dB)                      : 7.70
Frames simulated              : 405
Final frame errors            : 300 (target=300)
Stage-1 BER                   : 2.518e-01
Stage-1 FER                   : 7.457e-01
Final BER (LDPC+GRAND)        : 2.518e-01
Final FER (LDPC+GRAND)        : 7.407e-01
Avg stage-1 iters/frame       : 13.39
Avg HW time/frame (stage-1)   : 23.54 µs
Avg HW time/frame (GRAND)     : 2762.88 µs
Avg HW time/frame (total)     : 2786.42 µs

=== Adaptive LDPC-only Monte-Carlo (channel=SIONNA_TDL) ===
Decoder label                 : ldpc4
SNR (dB)                      : 8.60
Frames simulated              : 309
Frame errors                  : 300 (target=300)
Bit error rate (BER)          : 2.480e-01
Frame error rate (FER)        : 9.709e-01
Avg LDPC iterations/frame     : 4.00
Avg HW cycles/frame           : 5867.65
Avg HW decode time/frame      : 7.33 µs
HW model (fclk_mhz)            : 800.0 MHz

=== Adaptive LDPC-only Monte-Carlo (channel=SIONNA_TDL) ===
Decoder label                 : ldpc8
SNR (dB)                      : 8.60
Frames simulated              : 351
Frame errors                  : 300 (target=300)
Bit error rate (BER)          : 2.429e-01
Frame error rate (FER)        : 8.547e-01
Avg LDPC iterations/frame     : 7.76
Avg HW cycles/frame           : 11053.95
Avg HW decode time/frame      : 13.82 µs
HW model (fclk_mhz)            : 800.0 MHz

=== Adaptive LDPC-only Monte-Carlo (channel=SIONNA_TDL) ===
Decoder label                 : ldpc15
SNR (dB)                      : 8.60
Frames simulated              : 409
Frame errors                  : 300 (target=300)
Bit error rate (BER)          : 2.415e-01
Frame error rate (FER)        : 7.335e-01
Avg LDPC iterations/frame     : 13.26
Avg HW cycles/frame           : 18652.44
Avg HW decode time/frame      : 23.32 µs
HW model (fclk_mhz)            : 800.0 MHz

=== Adaptive LDPC-only Monte-Carlo (channel=SIONNA_TDL) ===
Decoder label                 : ldpc20
SNR (dB)                      : 8.60
Frames simulated              : 450
Frame errors                  : 300 (target=300)
Bit error rate (BER)          : 2.255e-01
Frame error rate (FER)        : 6.667e-01
Avg LDPC iterations/frame     : 16.45
Avg HW cycles/frame           : 23064.59
Avg HW decode time/frame      : 28.83 µs
HW model (fclk_mhz)            : 800.0 MHz

=== Adaptive LDPC-only Monte-Carlo (channel=SIONNA_TDL) ===
Decoder label                 : ldpc100
SNR (dB)                      : 8.60
Frames simulated              : 465
Frame errors                  : 300 (target=300)
Bit error rate (BER)          : 2.304e-01
Frame error rate (FER)        : 6.452e-01
Avg LDPC iterations/frame     : 69.12
Avg HW cycles/frame           : 96218.36
Avg HW decode time/frame      : 120.27 µs
HW model (fclk_mhz)            : 800.0 MHz

=== Adaptive HYBRID Monte-Carlo (channel=SIONNA_TDL) ===
Decoder label                 : hyb4
SNR (dB)                      : 8.60
Frames simulated              : 313
Final frame errors            : 300 (target=300)
Stage-1 BER                   : 2.502e-01
Stage-1 FER                   : 9.649e-01
Final BER (LDPC+GRAND)        : 2.502e-01
Final FER (LDPC+GRAND)        : 9.585e-01
Avg stage-1 iters/frame       : 4.00
Avg HW time/frame (stage-1)   : 7.33 µs
Avg HW time/frame (GRAND)     : 183.53 µs
Avg HW time/frame (total)     : 190.86 µs

=== Adaptive HYBRID Monte-Carlo (channel=SIONNA_TDL) ===
Decoder label                 : hyb8
SNR (dB)                      : 8.60
Frames simulated              : 369
Final frame errors            : 300 (target=300)
Stage-1 BER                   : 2.486e-01
Stage-1 FER                   : 8.211e-01
Final BER (LDPC+GRAND)        : 2.486e-01
Final FER (LDPC+GRAND)        : 8.130e-01
Avg stage-1 iters/frame       : 7.71
Avg HW time/frame (stage-1)   : 13.72 µs
Avg HW time/frame (GRAND)     : 155.80 µs
Avg HW time/frame (total)     : 169.51 µs

=== Adaptive HYBRID Monte-Carlo (channel=SIONNA_TDL) ===
Decoder label                 : hyb15
SNR (dB)                      : 8.60
Frames simulated              : 408
Final frame errors            : 300 (target=300)
Stage-1 BER                   : 2.532e-01
Stage-1 FER                   : 7.353e-01
Final BER (LDPC+GRAND)        : 2.532e-01
Final FER (LDPC+GRAND)        : 7.353e-01
Avg stage-1 iters/frame       : 13.12
Avg HW time/frame (stage-1)   : 23.08 µs
Avg HW time/frame (GRAND)     : 141.33 µs
Avg HW time/frame (total)     : 164.42 µs

=== Adaptive HYBRID Monte-Carlo (channel=SIONNA_TDL) ===
Decoder label                 : hybsv4
SNR (dB)                      : 8.60
Frames simulated              : 306
Final frame errors            : 300 (target=300)
Stage-1 BER                   : 2.661e-01
Stage-1 FER                   : 9.804e-01
Final BER (LDPC+GRAND)        : 2.661e-01
Final FER (LDPC+GRAND)        : 9.804e-01
Avg stage-1 iters/frame       : 4.00
Avg HW time/frame (stage-1)   : 7.33 µs
Avg HW time/frame (GRAND)     : 744.12 µs
Avg HW time/frame (total)     : 751.45 µs

=== Adaptive HYBRID Monte-Carlo (channel=SIONNA_TDL) ===
Decoder label                 : hybsv8
SNR (dB)                      : 8.60
Frames simulated              : 376
Final frame errors            : 300 (target=300)
Stage-1 BER                   : 2.319e-01
Stage-1 FER                   : 8.059e-01
Final BER (LDPC+GRAND)        : 2.319e-01
Final FER (LDPC+GRAND)        : 7.979e-01
Avg stage-1 iters/frame       : 7.68
Avg HW time/frame (stage-1)   : 13.65 µs
Avg HW time/frame (GRAND)     : 608.61 µs
Avg HW time/frame (total)     : 622.26 µs

=== Adaptive HYBRID Monte-Carlo (channel=SIONNA_TDL) ===
Decoder label                 : hybsv15
SNR (dB)                      : 8.60
Frames simulated              : 420
Final frame errors            : 300 (target=300)
Stage-1 BER                   : 2.292e-01
Stage-1 FER                   : 7.262e-01
Final BER (LDPC+GRAND)        : 2.292e-01
Final FER (LDPC+GRAND)        : 7.143e-01
Avg stage-1 iters/frame       : 13.25
Avg HW time/frame (stage-1)   : 23.30 µs
Avg HW time/frame (GRAND)     : 541.97 µs
Avg HW time/frame (total)     : 565.26 µs

=== Adaptive HYBRID Monte-Carlo (channel=SIONNA_TDL) ===
Decoder label                 : hybptg4
SNR (dB)                      : 8.60
Frames simulated              : 313
Final frame errors            : 300 (target=300)
Stage-1 BER                   : 2.619e-01
Stage-1 FER                   : 9.776e-01
Final BER (LDPC+GRAND)        : 2.618e-01
Final FER (LDPC+GRAND)        : 9.585e-01
Avg stage-1 iters/frame       : 3.99
Avg HW time/frame (stage-1)   : 7.33 µs
Avg HW time/frame (GRAND)     : 1514.49 µs
Avg HW time/frame (total)     : 1521.81 µs

=== Adaptive HYBRID Monte-Carlo (channel=SIONNA_TDL) ===
Decoder label                 : hybptg8
SNR (dB)                      : 8.60
Frames simulated              : 383
Final frame errors            : 300 (target=300)
Stage-1 BER                   : 2.243e-01
Stage-1 FER                   : 8.094e-01
Final BER (LDPC+GRAND)        : 2.243e-01
Final FER (LDPC+GRAND)        : 7.833e-01
Avg stage-1 iters/frame       : 7.71
Avg HW time/frame (stage-1)   : 13.71 µs
Avg HW time/frame (GRAND)     : 1231.44 µs
Avg HW time/frame (total)     : 1245.15 µs

=== Adaptive HYBRID Monte-Carlo (channel=SIONNA_TDL) ===
Decoder label                 : hybptg15
SNR (dB)                      : 8.60
Frames simulated              : 439
Final frame errors            : 300 (target=300)
Stage-1 BER                   : 2.269e-01
Stage-1 FER                   : 6.856e-01
Final BER (LDPC+GRAND)        : 2.269e-01
Final FER (LDPC+GRAND)        : 6.834e-01
Avg stage-1 iters/frame       : 13.05
Avg HW time/frame (stage-1)   : 22.93 µs
Avg HW time/frame (GRAND)     : 1089.61 µs
Avg HW time/frame (total)     : 1112.54 µs

=== Adaptive HYBRID Monte-Carlo (channel=SIONNA_TDL) ===
Decoder label                 : hybctg4
SNR (dB)                      : 8.60
Frames simulated              : 368
Final frame errors            : 300 (target=300)
Stage-1 BER                   : 2.714e-01
Stage-1 FER                   : 9.864e-01
Final BER (LDPC+GRAND)        : 2.640e-01
Final FER (LDPC+GRAND)        : 8.152e-01
Avg stage-1 iters/frame       : 4.00
Avg HW time/frame (stage-1)   : 7.34 µs
Avg HW time/frame (GRAND)     : 5805.61 µs
Avg HW time/frame (total)     : 5812.95 µs

=== Adaptive HYBRID Monte-Carlo (channel=SIONNA_TDL) ===
Decoder label                 : hybctg8
SNR (dB)                      : 8.60
Frames simulated              : 360
Final frame errors            : 300 (target=300)
Stage-1 BER                   : 2.544e-01
Stage-1 FER                   : 8.611e-01
Final BER (LDPC+GRAND)        : 2.544e-01
Final FER (LDPC+GRAND)        : 8.333e-01
Avg stage-1 iters/frame       : 7.77
Avg HW time/frame (stage-1)   : 13.84 µs
Avg HW time/frame (GRAND)     : 5896.53 µs
Avg HW time/frame (total)     : 5910.37 µs

=== Adaptive HYBRID Monte-Carlo (channel=SIONNA_TDL) ===
Decoder label                 : hybctg15
SNR (dB)                      : 8.60
Frames simulated              : 455
Final frame errors            : 300 (target=300)
Stage-1 BER                   : 2.152e-01
Stage-1 FER                   : 6.637e-01
Final BER (LDPC+GRAND)        : 2.152e-01
Final FER (LDPC+GRAND)        : 6.593e-01
Avg stage-1 iters/frame       : 12.70
Avg HW time/frame (stage-1)   : 22.32 µs
Avg HW time/frame (GRAND)     : 4676.11 µs
Avg HW time/frame (total)     : 4698.42 µs

=== Adaptive HYBRID Monte-Carlo (channel=SIONNA_TDL) ===
Decoder label                 : hybosd4
SNR (dB)                      : 8.60
Frames simulated              : 314
Final frame errors            : 300 (target=300)
Stage-1 BER                   : 2.753e-01
Stage-1 FER                   : 9.745e-01
Final BER (LDPC+GRAND)        : 2.753e-01
Final FER (LDPC+GRAND)        : 9.554e-01
Avg stage-1 iters/frame       : 3.99
Avg HW time/frame (stage-1)   : 7.32 µs
Avg HW time/frame (GRAND)     : 3535.55 µs
Avg HW time/frame (total)     : 3542.88 µs

=== Adaptive HYBRID Monte-Carlo (channel=SIONNA_TDL) ===
Decoder label                 : hybosd8
SNR (dB)                      : 8.60
Frames simulated              : 379
Final frame errors            : 300 (target=300)
Stage-1 BER                   : 2.398e-01
Stage-1 FER                   : 8.127e-01
Final BER (LDPC+GRAND)        : 2.398e-01
Final FER (LDPC+GRAND)        : 7.916e-01
Avg stage-1 iters/frame       : 7.72
Avg HW time/frame (stage-1)   : 13.72 µs
Avg HW time/frame (GRAND)     : 2931.64 µs
Avg HW time/frame (total)     : 2945.36 µs

=== Adaptive HYBRID Monte-Carlo (channel=SIONNA_TDL) ===
Decoder label                 : hybosd15
SNR (dB)                      : 8.60
Frames simulated              : 426
Final frame errors            : 300 (target=300)
Stage-1 BER                   : 2.377e-01
Stage-1 FER                   : 7.113e-01
Final BER (LDPC+GRAND)        : 2.376e-01
Final FER (LDPC+GRAND)        : 7.042e-01
Avg stage-1 iters/frame       : 12.92
Avg HW time/frame (stage-1)   : 22.71 µs
Avg HW time/frame (GRAND)     : 2629.69 µs
Avg HW time/frame (total)     : 2652.41 µs
