[SBATCH CONFIG] FORCE_DEFAULTS=1
[SBATCH CONFIG] SNR_SWEEP=7,7.5,8,8.5,9,9.5,10,10.5,11
[SBATCH CONFIG] LDPC_ITERS=4,8,15,20,100
[SBATCH CONFIG] STAGE1_ITERS=4,8,15
[SBATCH CONFIG] TARGET_FRAME_ERRORS=200  MAX_FRAMES=200000
[SBATCH CONFIG] RUN_RECEIVER2=1  GRAND_SV_CHECK_COVER_K=1  GRAND_SV_EPSILON=1e-3
[SBATCH CONFIG] GRAND_SV_MAX_WEIGHT=7  GRAND_SV_MAX_PATTERNS=20000
[SBATCH CONFIG] GRAND_SV_BOOST_MAX_WEIGHT=7  GRAND_SV_BOOST_MAX_PATTERNS=120000
Numba threads: 64
[HW model]  {'fclk_mhz': 800, 'ldpc_edges_per_cycle': 64, 'ldpc_bits_per_cycle_hd': 64, 'ldpc_iter_overhead_cycles': 20, 'grand_edges_per_cycle': 64, 'grand_checks_per_cycle': 64, 'grand_batch_overhead_cycles': 200, 'grand_abs_per_cycle': 64, 'grand_sort_elem_log2_per_cycle': 64, 'grand_cost_add_per_cycle': 64, 'grand_patsort_patlog2_per_cycle': 64, 'cluster_pair_edges_per_cycle': 0}
[RUN_EXPERIMENTS] codes=['sionna5g']  snr_sweep=[7.0, 7.5, 8.0, 8.5, 9.0, 9.5, 10.0, 10.5, 11.0]  out_dir=results/run_ms.sbatch_26509922
[RUN_EXPERIMENTS] mc_cfg=AdaptiveMCConfig(target_frame_errors=200, min_frames=0, max_frames=200000)
Fast decoding structures prepared: 20488 edges
[RUN_EXPERIMENTS] Built code: sionna5g_k1024_n2048_qm1
[run_awgn_sweep_for_code] SNR-parallel ON: n_jobs=4, threads/worker=16, backend=loky

=== Adaptive LDPC-only Monte-Carlo (channel=SIONNA_TDL) ===
Decoder label                 : ldpc4
SNR (dB)                      : 7.50
Frames simulated              : 604
Frame errors                  : 200 (target=200)
Bit error rate (BER)          : 2.482e-02
Frame error rate (FER)        : 3.311e-01
Avg LDPC iterations/frame     : 3.36
Avg HW cycles/frame           : 4767.72
Avg HW decode time/frame      : 5.96 µs
HW model (fclk_mhz)            : 800.0 MHz

=== Adaptive LDPC-only Monte-Carlo (channel=SIONNA_TDL) ===
Decoder label                 : ldpc8
SNR (dB)                      : 7.50
Frames simulated              : 2204
Frame errors                  : 200 (target=200)
Bit error rate (BER)          : 1.016e-02
Frame error rate (FER)        : 9.074e-02
Avg LDPC iterations/frame     : 4.22
Avg HW cycles/frame           : 5887.00
Avg HW decode time/frame      : 7.36 µs
HW model (fclk_mhz)            : 800.0 MHz

=== Adaptive LDPC-only Monte-Carlo (channel=SIONNA_TDL) ===
Decoder label                 : ldpc15
SNR (dB)                      : 7.50
Frames simulated              : 4772
Frame errors                  : 200 (target=200)
Bit error rate (BER)          : 1.033e-02
Frame error rate (FER)        : 4.191e-02
Avg LDPC iterations/frame     : 4.68
Avg HW cycles/frame           : 6507.29
Avg HW decode time/frame      : 8.13 µs
HW model (fclk_mhz)            : 800.0 MHz

=== Adaptive LDPC-only Monte-Carlo (channel=SIONNA_TDL) ===
Decoder label                 : ldpc20
SNR (dB)                      : 7.50
Frames simulated              : 6193
Frame errors                  : 200 (target=200)
Bit error rate (BER)          : 8.588e-03
Frame error rate (FER)        : 3.229e-02
Avg LDPC iterations/frame     : 4.85
Avg HW cycles/frame           : 6748.35
Avg HW decode time/frame      : 8.44 µs
HW model (fclk_mhz)            : 800.0 MHz

=== Adaptive LDPC-only Monte-Carlo (channel=SIONNA_TDL) ===
Decoder label                 : ldpc100
SNR (dB)                      : 7.50
Frames simulated              : 8773
Frame errors                  : 200 (target=200)
Bit error rate (BER)          : 7.200e-03
Frame error rate (FER)        : 2.280e-02
Avg LDPC iterations/frame     : 6.78
Avg HW cycles/frame           : 9422.06
Avg HW decode time/frame      : 11.78 µs
HW model (fclk_mhz)            : 800.0 MHz

=== Adaptive HYBRID Monte-Carlo (channel=SIONNA_TDL) ===
Decoder label                 : hyb4
SNR (dB)                      : 7.50
Frames simulated              : 577
Final frame errors            : 200 (target=200)
Stage-1 BER                   : 2.533e-02
Stage-1 FER                   : 3.674e-01
Final BER (LDPC+GRAND)        : 2.532e-02
Final FER (LDPC+GRAND)        : 3.466e-01
Avg stage-1 iters/frame       : 3.40
Avg HW time/frame (stage-1)   : 6.05 µs
Avg HW time/frame (GRAND)     : 61.06 µs
Avg HW time/frame (total)     : 67.11 µs

=== Adaptive HYBRID Monte-Carlo (channel=SIONNA_TDL) ===
Decoder label                 : hyb8
SNR (dB)                      : 7.50
Frames simulated              : 1984
Final frame errors            : 200 (target=200)
Stage-1 BER                   : 1.382e-02
Stage-1 FER                   : 1.079e-01
Final BER (LDPC+GRAND)        : 1.382e-02
Final FER (LDPC+GRAND)        : 1.008e-01
Avg stage-1 iters/frame       : 4.28
Avg HW time/frame (stage-1)   : 7.48 µs
Avg HW time/frame (GRAND)     : 18.60 µs
Avg HW time/frame (total)     : 26.08 µs

=== Adaptive HYBRID Monte-Carlo (channel=SIONNA_TDL) ===
Decoder label                 : hyb15
SNR (dB)                      : 7.50
Frames simulated              : 5049
Final frame errors            : 200 (target=200)
Stage-1 BER                   : 9.269e-03
Stage-1 FER                   : 4.001e-02
Final BER (LDPC+GRAND)        : 9.269e-03
Final FER (LDPC+GRAND)        : 3.961e-02
Avg stage-1 iters/frame       : 4.67
Avg HW time/frame (stage-1)   : 8.13 µs
Avg HW time/frame (GRAND)     : 7.52 µs
Avg HW time/frame (total)     : 15.65 µs

=== Adaptive HYBRID Monte-Carlo (channel=SIONNA_TDL) ===
Decoder label                 : hybsv4
SNR (dB)                      : 7.50
Frames simulated              : 571
Final frame errors            : 200 (target=200)
Stage-1 BER                   : 2.572e-02
Stage-1 FER                   : 3.748e-01
Final BER (LDPC+GRAND)        : 2.571e-02
Final FER (LDPC+GRAND)        : 3.503e-01
Avg stage-1 iters/frame       : 3.37
Avg HW time/frame (stage-1)   : 6.00 µs
Avg HW time/frame (GRAND)     : 248.14 µs
Avg HW time/frame (total)     : 254.14 µs

=== Adaptive HYBRID Monte-Carlo (channel=SIONNA_TDL) ===
Decoder label                 : hybsv8
SNR (dB)                      : 7.50
Frames simulated              : 2184
Final frame errors            : 200 (target=200)
Stage-1 BER                   : 1.350e-02
Stage-1 FER                   : 9.661e-02
Final BER (LDPC+GRAND)        : 1.350e-02
Final FER (LDPC+GRAND)        : 9.158e-02
Avg stage-1 iters/frame       : 4.26
Avg HW time/frame (stage-1)   : 7.43 µs
Avg HW time/frame (GRAND)     : 67.61 µs
Avg HW time/frame (total)     : 75.04 µs

=== Adaptive HYBRID Monte-Carlo (channel=SIONNA_TDL) ===
Decoder label                 : hybsv15
SNR (dB)                      : 7.50
Frames simulated              : 4472
Final frame errors            : 200 (target=200)
Stage-1 BER                   : 1.031e-02
Stage-1 FER                   : 4.539e-02
Final BER (LDPC+GRAND)        : 1.031e-02
Final FER (LDPC+GRAND)        : 4.472e-02
Avg stage-1 iters/frame       : 4.74
Avg HW time/frame (stage-1)   : 8.25 µs
Avg HW time/frame (GRAND)     : 33.92 µs
Avg HW time/frame (total)     : 42.17 µs

=== Adaptive LDPC-only Monte-Carlo (channel=SIONNA_TDL) ===
Decoder label                 : ldpc4
SNR (dB)                      : 9.50
Frames simulated              : 901
Frame errors                  : 200 (target=200)
Bit error rate (BER)          : 1.029e-02
Frame error rate (FER)        : 2.220e-01
Avg LDPC iterations/frame     : 3.15
Avg HW cycles/frame           : 4446.37
Avg HW decode time/frame      : 5.56 µs
HW model (fclk_mhz)            : 800.0 MHz

=== Adaptive LDPC-only Monte-Carlo (channel=SIONNA_TDL) ===
Decoder label                 : ldpc8
SNR (dB)                      : 9.50
Frames simulated              : 7199
Frame errors                  : 200 (target=200)
Bit error rate (BER)          : 2.643e-03
Frame error rate (FER)        : 2.778e-02
Avg LDPC iterations/frame     : 3.54
Avg HW cycles/frame           : 4921.26
Avg HW decode time/frame      : 6.15 µs
HW model (fclk_mhz)            : 800.0 MHz

=== Adaptive LDPC-only Monte-Carlo (channel=SIONNA_TDL) ===
Decoder label                 : ldpc15
SNR (dB)                      : 9.50
Frames simulated              : 22371
Frame errors                  : 200 (target=200)
Bit error rate (BER)          : 1.874e-03
Frame error rate (FER)        : 8.940e-03
Avg LDPC iterations/frame     : 3.63
Avg HW cycles/frame           : 5042.54
Avg HW decode time/frame      : 6.30 µs
HW model (fclk_mhz)            : 800.0 MHz

=== Adaptive LDPC-only Monte-Carlo (channel=SIONNA_TDL) ===
Decoder label                 : ldpc20
SNR (dB)                      : 9.50
Frames simulated              : 27712
Frame errors                  : 200 (target=200)
Bit error rate (BER)          : 1.608e-03
Frame error rate (FER)        : 7.217e-03
Avg LDPC iterations/frame     : 3.67
Avg HW cycles/frame           : 5106.81
Avg HW decode time/frame      : 6.38 µs
HW model (fclk_mhz)            : 800.0 MHz

=== Adaptive LDPC-only Monte-Carlo (channel=SIONNA_TDL) ===
Decoder label                 : ldpc100
SNR (dB)                      : 9.50
Frames simulated              : 45614
Frame errors                  : 200 (target=200)
Bit error rate (BER)          : 1.343e-03
Frame error rate (FER)        : 4.385e-03
Avg LDPC iterations/frame     : 4.05
Avg HW cycles/frame           : 5626.26
Avg HW decode time/frame      : 7.03 µs
HW model (fclk_mhz)            : 800.0 MHz

=== Adaptive HYBRID Monte-Carlo (channel=SIONNA_TDL) ===
Decoder label                 : hyb4
SNR (dB)                      : 9.50
Frames simulated              : 1108
Final frame errors            : 200 (target=200)
Stage-1 BER                   : 9.801e-03
Stage-1 FER                   : 2.040e-01
Final BER (LDPC+GRAND)        : 9.789e-03
Final FER (LDPC+GRAND)        : 1.805e-01
Avg stage-1 iters/frame       : 3.03
Avg HW time/frame (stage-1)   : 5.35 µs
Avg HW time/frame (GRAND)     : 31.69 µs
Avg HW time/frame (total)     : 37.04 µs

=== Adaptive HYBRID Monte-Carlo (channel=SIONNA_TDL) ===
Decoder label                 : hyb8
SNR (dB)                      : 9.50
Frames simulated              : 7631
Final frame errors            : 200 (target=200)
Stage-1 BER                   : 2.447e-03
Stage-1 FER                   : 2.765e-02
Final BER (LDPC+GRAND)        : 2.446e-03
Final FER (LDPC+GRAND)        : 2.621e-02
Avg stage-1 iters/frame       : 3.54
Avg HW time/frame (stage-1)   : 6.15 µs
Avg HW time/frame (GRAND)     : 4.70 µs
Avg HW time/frame (total)     : 10.85 µs

=== Adaptive HYBRID Monte-Carlo (channel=SIONNA_TDL) ===
Decoder label                 : hyb15
SNR (dB)                      : 9.50
Frames simulated              : 24093
Final frame errors            : 200 (target=200)
Stage-1 BER                   : 1.695e-03
Stage-1 FER                   : 8.716e-03
Final BER (LDPC+GRAND)        : 1.695e-03
Final FER (LDPC+GRAND)        : 8.301e-03
Avg stage-1 iters/frame       : 3.63
Avg HW time/frame (stage-1)   : 6.31 µs
Avg HW time/frame (GRAND)     : 1.58 µs
Avg HW time/frame (total)     : 7.89 µs

=== Adaptive HYBRID Monte-Carlo (channel=SIONNA_TDL) ===
Decoder label                 : hybsv4
SNR (dB)                      : 9.50
Frames simulated              : 1169
Final frame errors            : 200 (target=200)
Stage-1 BER                   : 8.486e-03
Stage-1 FER                   : 1.959e-01
Final BER (LDPC+GRAND)        : 8.474e-03
Final FER (LDPC+GRAND)        : 1.711e-01
Avg stage-1 iters/frame       : 3.05
Avg HW time/frame (stage-1)   : 5.38 µs
Avg HW time/frame (GRAND)     : 117.23 µs
Avg HW time/frame (total)     : 122.61 µs

=== Adaptive HYBRID Monte-Carlo (channel=SIONNA_TDL) ===
Decoder label                 : hybsv8
SNR (dB)                      : 9.50
Frames simulated              : 6154
Final frame errors            : 200 (target=200)
Stage-1 BER                   : 3.270e-03
Stage-1 FER                   : 3.445e-02
Final BER (LDPC+GRAND)        : 3.269e-03
Final FER (LDPC+GRAND)        : 3.250e-02
Avg stage-1 iters/frame       : 3.54
Avg HW time/frame (stage-1)   : 6.16 µs
Avg HW time/frame (GRAND)     : 23.64 µs
Avg HW time/frame (total)     : 29.79 µs

=== Adaptive HYBRID Monte-Carlo (channel=SIONNA_TDL) ===
Decoder label                 : hybsv15
SNR (dB)                      : 9.50
Frames simulated              : 22985
Final frame errors            : 200 (target=200)
Stage-1 BER                   : 1.833e-03
Stage-1 FER                   : 9.006e-03
Final BER (LDPC+GRAND)        : 1.833e-03
Final FER (LDPC+GRAND)        : 8.701e-03
Avg stage-1 iters/frame       : 3.63
Avg HW time/frame (stage-1)   : 6.31 µs
Avg HW time/frame (GRAND)     : 6.49 µs
Avg HW time/frame (total)     : 12.79 µs

=== Adaptive LDPC-only Monte-Carlo (channel=SIONNA_TDL) ===
Decoder label                 : ldpc4
SNR (dB)                      : 8.00
Frames simulated              : 623
Frame errors                  : 200 (target=200)
Bit error rate (BER)          : 2.387e-02
Frame error rate (FER)        : 3.210e-01
Avg LDPC iterations/frame     : 3.30
Avg HW cycles/frame           : 4684.74
Avg HW decode time/frame      : 5.86 µs
HW model (fclk_mhz)            : 800.0 MHz

=== Adaptive LDPC-only Monte-Carlo (channel=SIONNA_TDL) ===
Decoder label                 : ldpc8
SNR (dB)                      : 8.00
Frames simulated              : 2635
Frame errors                  : 200 (target=200)
Bit error rate (BER)          : 9.060e-03
Frame error rate (FER)        : 7.590e-02
Avg LDPC iterations/frame     : 4.12
Avg HW cycles/frame           : 5749.05
Avg HW decode time/frame      : 7.19 µs
HW model (fclk_mhz)            : 800.0 MHz

=== Adaptive LDPC-only Monte-Carlo (channel=SIONNA_TDL) ===
Decoder label                 : ldpc15
SNR (dB)                      : 8.00
Frames simulated              : 7243
Frame errors                  : 200 (target=200)
Bit error rate (BER)          : 6.519e-03
Frame error rate (FER)        : 2.761e-02
Avg LDPC iterations/frame     : 4.36
Avg HW cycles/frame           : 6071.72
Avg HW decode time/frame      : 7.59 µs
HW model (fclk_mhz)            : 800.0 MHz

=== Adaptive LDPC-only Monte-Carlo (channel=SIONNA_TDL) ===
Decoder label                 : ldpc20
SNR (dB)                      : 8.00
Frames simulated              : 8945
Frame errors                  : 200 (target=200)
Bit error rate (BER)          : 5.685e-03
Frame error rate (FER)        : 2.236e-02
Avg LDPC iterations/frame     : 4.45
Avg HW cycles/frame           : 6193.16
Avg HW decode time/frame      : 7.74 µs
HW model (fclk_mhz)            : 800.0 MHz

=== Adaptive LDPC-only Monte-Carlo (channel=SIONNA_TDL) ===
Decoder label                 : ldpc100
SNR (dB)                      : 8.00
Frames simulated              : 13292
Frame errors                  : 200 (target=200)
Bit error rate (BER)          : 4.825e-03
Frame error rate (FER)        : 1.505e-02
Avg LDPC iterations/frame     : 5.78
Avg HW cycles/frame           : 8030.14
Avg HW decode time/frame      : 10.04 µs
HW model (fclk_mhz)            : 800.0 MHz

=== Adaptive HYBRID Monte-Carlo (channel=SIONNA_TDL) ===
Decoder label                 : hyb4
SNR (dB)                      : 8.00
Frames simulated              : 654
Final frame errors            : 200 (target=200)
Stage-1 BER                   : 2.021e-02
Stage-1 FER                   : 3.180e-01
Final BER (LDPC+GRAND)        : 2.020e-02
Final FER (LDPC+GRAND)        : 3.058e-01
Avg stage-1 iters/frame       : 3.30
Avg HW time/frame (stage-1)   : 5.86 µs
Avg HW time/frame (GRAND)     : 53.45 µs
Avg HW time/frame (total)     : 59.31 µs

=== Adaptive HYBRID Monte-Carlo (channel=SIONNA_TDL) ===
Decoder label                 : hyb8
SNR (dB)                      : 8.00
Frames simulated              : 2769
Final frame errors            : 200 (target=200)
Stage-1 BER                   : 8.853e-03
Stage-1 FER                   : 7.584e-02
Final BER (LDPC+GRAND)        : 8.852e-03
Final FER (LDPC+GRAND)        : 7.223e-02
Avg stage-1 iters/frame       : 4.01
Avg HW time/frame (stage-1)   : 7.00 µs
Avg HW time/frame (GRAND)     : 13.31 µs
Avg HW time/frame (total)     : 20.31 µs

=== Adaptive HYBRID Monte-Carlo (channel=SIONNA_TDL) ===
Decoder label                 : hyb15
SNR (dB)                      : 8.00
Frames simulated              : 6066
Final frame errors            : 200 (target=200)
Stage-1 BER                   : 6.945e-03
Stage-1 FER                   : 3.330e-02
Final BER (LDPC+GRAND)        : 6.945e-03
Final FER (LDPC+GRAND)        : 3.297e-02
Avg stage-1 iters/frame       : 4.42
Avg HW time/frame (stage-1)   : 7.69 µs
Avg HW time/frame (GRAND)     : 6.27 µs
Avg HW time/frame (total)     : 13.97 µs

=== Adaptive HYBRID Monte-Carlo (channel=SIONNA_TDL) ===
Decoder label                 : hybsv4
SNR (dB)                      : 8.00
Frames simulated              : 674
Final frame errors            : 200 (target=200)
Stage-1 BER                   : 2.181e-02
Stage-1 FER                   : 3.160e-01
Final BER (LDPC+GRAND)        : 2.179e-02
Final FER (LDPC+GRAND)        : 2.967e-01
Avg stage-1 iters/frame       : 3.31
Avg HW time/frame (stage-1)   : 5.88 µs
Avg HW time/frame (GRAND)     : 210.14 µs
Avg HW time/frame (total)     : 216.02 µs

=== Adaptive HYBRID Monte-Carlo (channel=SIONNA_TDL) ===
Decoder label                 : hybsv8
SNR (dB)                      : 8.00
Frames simulated              : 2814
Final frame errors            : 200 (target=200)
Stage-1 BER                   : 9.427e-03
Stage-1 FER                   : 7.640e-02
Final BER (LDPC+GRAND)        : 9.424e-03
Final FER (LDPC+GRAND)        : 7.107e-02
Avg stage-1 iters/frame       : 4.06
Avg HW time/frame (stage-1)   : 7.07 µs
Avg HW time/frame (GRAND)     : 52.12 µs
Avg HW time/frame (total)     : 59.19 µs

=== Adaptive HYBRID Monte-Carlo (channel=SIONNA_TDL) ===
Decoder label                 : hybsv15
SNR (dB)                      : 8.00
Frames simulated              : 7837
Final frame errors            : 200 (target=200)
Stage-1 BER                   : 5.668e-03
Stage-1 FER                   : 2.590e-02
Final BER (LDPC+GRAND)        : 5.667e-03
Final FER (LDPC+GRAND)        : 2.552e-02
Avg stage-1 iters/frame       : 4.30
Avg HW time/frame (stage-1)   : 7.48 µs
Avg HW time/frame (GRAND)     : 19.30 µs
Avg HW time/frame (total)     : 26.78 µs

=== Adaptive LDPC-only Monte-Carlo (channel=SIONNA_TDL) ===
Decoder label                 : ldpc4
SNR (dB)                      : 10.00
Frames simulated              : 1164
Frame errors                  : 200 (target=200)
Bit error rate (BER)          : 5.773e-03
Frame error rate (FER)        : 1.718e-01
Avg LDPC iterations/frame     : 2.97
Avg HW cycles/frame           : 4175.62
Avg HW decode time/frame      : 5.22 µs
HW model (fclk_mhz)            : 800.0 MHz

=== Adaptive LDPC-only Monte-Carlo (channel=SIONNA_TDL) ===
Decoder label                 : ldpc8
SNR (dB)                      : 10.00
Frames simulated              : 9109
Frame errors                  : 200 (target=200)
Bit error rate (BER)          : 1.980e-03
Frame error rate (FER)        : 2.196e-02
Avg LDPC iterations/frame     : 3.34
Avg HW cycles/frame           : 4645.99
Avg HW decode time/frame      : 5.81 µs
HW model (fclk_mhz)            : 800.0 MHz

=== Adaptive LDPC-only Monte-Carlo (channel=SIONNA_TDL) ===
Decoder label                 : ldpc15
SNR (dB)                      : 10.00
Frames simulated              : 27335
Frame errors                  : 200 (target=200)
Bit error rate (BER)          : 1.360e-03
Frame error rate (FER)        : 7.317e-03
Avg LDPC iterations/frame     : 3.47
Avg HW cycles/frame           : 4819.77
Avg HW decode time/frame      : 6.02 µs
HW model (fclk_mhz)            : 800.0 MHz

=== Adaptive LDPC-only Monte-Carlo (channel=SIONNA_TDL) ===
Decoder label                 : ldpc20
SNR (dB)                      : 10.00
Frames simulated              : 48865
Frame errors                  : 200 (target=200)
Bit error rate (BER)          : 1.038e-03
Frame error rate (FER)        : 4.093e-03
Avg LDPC iterations/frame     : 3.46
Avg HW cycles/frame           : 4801.74
Avg HW decode time/frame      : 6.00 µs
HW model (fclk_mhz)            : 800.0 MHz

=== Adaptive LDPC-only Monte-Carlo (channel=SIONNA_TDL) ===
Decoder label                 : ldpc100
SNR (dB)                      : 10.00
Frames simulated              : 70531
Frame errors                  : 200 (target=200)
Bit error rate (BER)          : 8.904e-04
Frame error rate (FER)        : 2.836e-03
Avg LDPC iterations/frame     : 3.73
Avg HW cycles/frame           : 5175.68
Avg HW decode time/frame      : 6.47 µs
HW model (fclk_mhz)            : 800.0 MHz

=== Adaptive HYBRID Monte-Carlo (channel=SIONNA_TDL) ===
Decoder label                 : hyb4
SNR (dB)                      : 10.00
Frames simulated              : 1201
Final frame errors            : 200 (target=200)
Stage-1 BER                   : 7.097e-03
Stage-1 FER                   : 1.848e-01
Final BER (LDPC+GRAND)        : 7.088e-03
Final FER (LDPC+GRAND)        : 1.665e-01
Avg stage-1 iters/frame       : 3.02
Avg HW time/frame (stage-1)   : 5.32 µs
Avg HW time/frame (GRAND)     : 28.87 µs
Avg HW time/frame (total)     : 34.19 µs

=== Adaptive HYBRID Monte-Carlo (channel=SIONNA_TDL) ===
Decoder label                 : hyb8
SNR (dB)                      : 10.00
Frames simulated              : 10655
Final frame errors            : 200 (target=200)
Stage-1 BER                   : 1.686e-03
Stage-1 FER                   : 2.037e-02
Final BER (LDPC+GRAND)        : 1.685e-03
Final FER (LDPC+GRAND)        : 1.877e-02
Avg stage-1 iters/frame       : 3.35
Avg HW time/frame (stage-1)   : 5.82 µs
Avg HW time/frame (GRAND)     : 3.30 µs
Avg HW time/frame (total)     : 9.13 µs

=== Adaptive HYBRID Monte-Carlo (channel=SIONNA_TDL) ===
Decoder label                 : hyb15
SNR (dB)                      : 10.00
Frames simulated              : 31572
Final frame errors            : 200 (target=200)
Stage-1 BER                   : 1.302e-03
Stage-1 FER                   : 6.461e-03
Final BER (LDPC+GRAND)        : 1.302e-03
Final FER (LDPC+GRAND)        : 6.335e-03
Avg stage-1 iters/frame       : 3.46
Avg HW time/frame (stage-1)   : 6.00 µs
Avg HW time/frame (GRAND)     : 1.20 µs
Avg HW time/frame (total)     : 7.20 µs

=== Adaptive HYBRID Monte-Carlo (channel=SIONNA_TDL) ===
Decoder label                 : hybsv4
SNR (dB)                      : 10.00
Frames simulated              : 1163
Final frame errors            : 200 (target=200)
Stage-1 BER                   : 6.996e-03
Stage-1 FER                   : 1.917e-01
Final BER (LDPC+GRAND)        : 6.985e-03
Final FER (LDPC+GRAND)        : 1.720e-01
Avg stage-1 iters/frame       : 3.01
Avg HW time/frame (stage-1)   : 5.30 µs
Avg HW time/frame (GRAND)     : 119.22 µs
Avg HW time/frame (total)     : 124.52 µs

=== Adaptive HYBRID Monte-Carlo (channel=SIONNA_TDL) ===
Decoder label                 : hybsv8
SNR (dB)                      : 10.00
Frames simulated              : 9526
Final frame errors            : 200 (target=200)
Stage-1 BER                   : 2.034e-03
Stage-1 FER                   : 2.183e-02
Final BER (LDPC+GRAND)        : 2.034e-03
Final FER (LDPC+GRAND)        : 2.100e-02
Avg stage-1 iters/frame       : 3.40
Avg HW time/frame (stage-1)   : 5.91 µs
Avg HW time/frame (GRAND)     : 15.10 µs
Avg HW time/frame (total)     : 21.01 µs

=== Adaptive HYBRID Monte-Carlo (channel=SIONNA_TDL) ===
Decoder label                 : hybsv15
SNR (dB)                      : 10.00
Frames simulated              : 30416
Final frame errors            : 200 (target=200)
Stage-1 BER                   : 1.433e-03
Stage-1 FER                   : 6.839e-03
Final BER (LDPC+GRAND)        : 1.433e-03
Final FER (LDPC+GRAND)        : 6.575e-03
Avg stage-1 iters/frame       : 3.48
Avg HW time/frame (stage-1)   : 6.04 µs
Avg HW time/frame (GRAND)     : 4.97 µs
Avg HW time/frame (total)     : 11.01 µs

=== Adaptive LDPC-only Monte-Carlo (channel=SIONNA_TDL) ===
Decoder label                 : ldpc4
SNR (dB)                      : 8.50
Frames simulated              : 718
Frame errors                  : 200 (target=200)
Bit error rate (BER)          : 1.494e-02
Frame error rate (FER)        : 2.786e-01
Avg LDPC iterations/frame     : 3.26
Avg HW cycles/frame           : 4623.98
Avg HW decode time/frame      : 5.78 µs
HW model (fclk_mhz)            : 800.0 MHz

=== Adaptive LDPC-only Monte-Carlo (channel=SIONNA_TDL) ===
Decoder label                 : ldpc8
SNR (dB)                      : 8.50
Frames simulated              : 3426
Frame errors                  : 200 (target=200)
Bit error rate (BER)          : 6.443e-03
Frame error rate (FER)        : 5.838e-02
Avg LDPC iterations/frame     : 3.88
Avg HW cycles/frame           : 5401.62
Avg HW decode time/frame      : 6.75 µs
HW model (fclk_mhz)            : 800.0 MHz

=== Adaptive LDPC-only Monte-Carlo (channel=SIONNA_TDL) ===
Decoder label                 : ldpc15
SNR (dB)                      : 8.50
Frames simulated              : 10392
Frame errors                  : 200 (target=200)
Bit error rate (BER)          : 3.982e-03
Frame error rate (FER)        : 1.925e-02
Avg LDPC iterations/frame     : 4.08
Avg HW cycles/frame           : 5679.40
Avg HW decode time/frame      : 7.10 µs
HW model (fclk_mhz)            : 800.0 MHz

=== Adaptive LDPC-only Monte-Carlo (channel=SIONNA_TDL) ===
Decoder label                 : ldpc20
SNR (dB)                      : 8.50
Frames simulated              : 11801
Frame errors                  : 200 (target=200)
Bit error rate (BER)          : 3.850e-03
Frame error rate (FER)        : 1.695e-02
Avg LDPC iterations/frame     : 4.24
Avg HW cycles/frame           : 5898.42
Avg HW decode time/frame      : 7.37 µs
HW model (fclk_mhz)            : 800.0 MHz

=== Adaptive LDPC-only Monte-Carlo (channel=SIONNA_TDL) ===
Decoder label                 : ldpc100
SNR (dB)                      : 8.50
Frames simulated              : 17851
Frame errors                  : 200 (target=200)
Bit error rate (BER)          : 3.547e-03
Frame error rate (FER)        : 1.120e-02
Avg LDPC iterations/frame     : 5.17
Avg HW cycles/frame           : 7188.02
Avg HW decode time/frame      : 8.99 µs
HW model (fclk_mhz)            : 800.0 MHz

=== Adaptive HYBRID Monte-Carlo (channel=SIONNA_TDL) ===
Decoder label                 : hyb4
SNR (dB)                      : 8.50
Frames simulated              : 740
Final frame errors            : 200 (target=200)
Stage-1 BER                   : 1.570e-02
Stage-1 FER                   : 3.000e-01
Final BER (LDPC+GRAND)        : 1.568e-02
Final FER (LDPC+GRAND)        : 2.703e-01
Avg stage-1 iters/frame       : 3.26
Avg HW time/frame (stage-1)   : 5.79 µs
Avg HW time/frame (GRAND)     : 47.75 µs
Avg HW time/frame (total)     : 53.54 µs

=== Adaptive HYBRID Monte-Carlo (channel=SIONNA_TDL) ===
Decoder label                 : hyb8
SNR (dB)                      : 8.50
Frames simulated              : 3573
Final frame errors            : 200 (target=200)
Stage-1 BER                   : 6.934e-03
Stage-1 FER                   : 5.793e-02
Final BER (LDPC+GRAND)        : 6.933e-03
Final FER (LDPC+GRAND)        : 5.598e-02
Avg stage-1 iters/frame       : 3.87
Avg HW time/frame (stage-1)   : 6.75 µs
Avg HW time/frame (GRAND)     : 10.20 µs
Avg HW time/frame (total)     : 16.95 µs

=== Adaptive HYBRID Monte-Carlo (channel=SIONNA_TDL) ===
Decoder label                 : hyb15
SNR (dB)                      : 8.50
Frames simulated              : 8364
Final frame errors            : 200 (target=200)
Stage-1 BER                   : 5.256e-03
Stage-1 FER                   : 2.463e-02
Final BER (LDPC+GRAND)        : 5.256e-03
Final FER (LDPC+GRAND)        : 2.391e-02
Avg stage-1 iters/frame       : 4.12
Avg HW time/frame (stage-1)   : 7.16 µs
Avg HW time/frame (GRAND)     : 4.52 µs
Avg HW time/frame (total)     : 11.68 µs

=== Adaptive HYBRID Monte-Carlo (channel=SIONNA_TDL) ===
Decoder label                 : hybsv4
SNR (dB)                      : 8.50
Frames simulated              : 752
Final frame errors            : 200 (target=200)
Stage-1 BER                   : 1.511e-02
Stage-1 FER                   : 2.912e-01
Final BER (LDPC+GRAND)        : 1.510e-02
Final FER (LDPC+GRAND)        : 2.660e-01
Avg stage-1 iters/frame       : 3.21
Avg HW time/frame (stage-1)   : 5.70 µs
Avg HW time/frame (GRAND)     : 184.34 µs
Avg HW time/frame (total)     : 190.03 µs

=== Adaptive HYBRID Monte-Carlo (channel=SIONNA_TDL) ===
Decoder label                 : hybsv8
SNR (dB)                      : 8.50
Frames simulated              : 3580
Final frame errors            : 200 (target=200)
Stage-1 BER                   : 7.231e-03
Stage-1 FER                   : 5.894e-02
Final BER (LDPC+GRAND)        : 7.229e-03
Final FER (LDPC+GRAND)        : 5.587e-02
Avg stage-1 iters/frame       : 3.89
Avg HW time/frame (stage-1)   : 6.78 µs
Avg HW time/frame (GRAND)     : 40.71 µs
Avg HW time/frame (total)     : 47.49 µs

=== Adaptive HYBRID Monte-Carlo (channel=SIONNA_TDL) ===
Decoder label                 : hybsv15
SNR (dB)                      : 8.50
Frames simulated              : 10194
Final frame errors            : 200 (target=200)
Stage-1 BER                   : 4.722e-03
Stage-1 FER                   : 1.982e-02
Final BER (LDPC+GRAND)        : 4.722e-03
Final FER (LDPC+GRAND)        : 1.962e-02
Avg stage-1 iters/frame       : 4.09
Avg HW time/frame (stage-1)   : 7.11 µs
Avg HW time/frame (GRAND)     : 14.82 µs
Avg HW time/frame (total)     : 21.93 µs

=== Adaptive LDPC-only Monte-Carlo (channel=SIONNA_TDL) ===
Decoder label                 : ldpc4
SNR (dB)                      : 10.50
Frames simulated              : 1164
Frame errors                  : 200 (target=200)
Bit error rate (BER)          : 5.732e-03
Frame error rate (FER)        : 1.718e-01
Avg LDPC iterations/frame     : 2.98
Avg HW cycles/frame           : 4197.10
Avg HW decode time/frame      : 5.25 µs
HW model (fclk_mhz)            : 800.0 MHz

=== Adaptive LDPC-only Monte-Carlo (channel=SIONNA_TDL) ===
Decoder label                 : ldpc8
SNR (dB)                      : 10.50
Frames simulated              : 14068
Frame errors                  : 200 (target=200)
Bit error rate (BER)          : 1.109e-03
Frame error rate (FER)        : 1.422e-02
Avg LDPC iterations/frame     : 3.22
Avg HW cycles/frame           : 4482.38
Avg HW decode time/frame      : 5.60 µs
HW model (fclk_mhz)            : 800.0 MHz

=== Adaptive LDPC-only Monte-Carlo (channel=SIONNA_TDL) ===
Decoder label                 : ldpc15
SNR (dB)                      : 10.50
Frames simulated              : 45569
Frame errors                  : 200 (target=200)
Bit error rate (BER)          : 8.492e-04
Frame error rate (FER)        : 4.389e-03
Avg LDPC iterations/frame     : 3.29
Avg HW cycles/frame           : 4567.96
Avg HW decode time/frame      : 5.71 µs
HW model (fclk_mhz)            : 800.0 MHz

=== Adaptive LDPC-only Monte-Carlo (channel=SIONNA_TDL) ===
Decoder label                 : ldpc20
SNR (dB)                      : 10.50
Frames simulated              : 66336
Frame errors                  : 200 (target=200)
Bit error rate (BER)          : 6.793e-04
Frame error rate (FER)        : 3.015e-03
Avg LDPC iterations/frame     : 3.31
Avg HW cycles/frame           : 4601.97
Avg HW decode time/frame      : 5.75 µs
HW model (fclk_mhz)            : 800.0 MHz

=== Adaptive LDPC-only Monte-Carlo (channel=SIONNA_TDL) ===
Decoder label                 : ldpc100
SNR (dB)                      : 10.50
Frames simulated              : 110085
Frame errors                  : 200 (target=200)
Bit error rate (BER)          : 5.763e-04
Frame error rate (FER)        : 1.817e-03
Avg LDPC iterations/frame     : 3.46
Avg HW cycles/frame           : 4813.40
Avg HW decode time/frame      : 6.02 µs
HW model (fclk_mhz)            : 800.0 MHz

=== Adaptive HYBRID Monte-Carlo (channel=SIONNA_TDL) ===
Decoder label                 : hyb4
SNR (dB)                      : 10.50
Frames simulated              : 1497
Final frame errors            : 200 (target=200)
Stage-1 BER                   : 4.188e-03
Stage-1 FER                   : 1.510e-01
Final BER (LDPC+GRAND)        : 4.180e-03
Final FER (LDPC+GRAND)        : 1.336e-01
Avg stage-1 iters/frame       : 2.93
Avg HW time/frame (stage-1)   : 5.15 µs
Avg HW time/frame (GRAND)     : 22.65 µs
Avg HW time/frame (total)     : 27.79 µs

=== Adaptive HYBRID Monte-Carlo (channel=SIONNA_TDL) ===
Decoder label                 : hyb8
SNR (dB)                      : 10.50
Frames simulated              : 13886
Final frame errors            : 200 (target=200)
Stage-1 BER                   : 1.326e-03
Stage-1 FER                   : 1.520e-02
Final BER (LDPC+GRAND)        : 1.326e-03
Final FER (LDPC+GRAND)        : 1.440e-02
Avg stage-1 iters/frame       : 3.23
Avg HW time/frame (stage-1)   : 5.62 µs
Avg HW time/frame (GRAND)     : 2.61 µs
Avg HW time/frame (total)     : 8.23 µs

=== Adaptive HYBRID Monte-Carlo (channel=SIONNA_TDL) ===
Decoder label                 : hyb15
SNR (dB)                      : 10.50
Frames simulated              : 58199
Final frame errors            : 200 (target=200)
Stage-1 BER                   : 6.505e-04
Stage-1 FER                   : 3.505e-03
Final BER (LDPC+GRAND)        : 6.505e-04
Final FER (LDPC+GRAND)        : 3.436e-03
Avg stage-1 iters/frame       : 3.27
Avg HW time/frame (stage-1)   : 5.68 µs
Avg HW time/frame (GRAND)     : 0.64 µs
Avg HW time/frame (total)     : 6.32 µs

=== Adaptive HYBRID Monte-Carlo (channel=SIONNA_TDL) ===
Decoder label                 : hybsv4
SNR (dB)                      : 10.50
Frames simulated              : 1492
Final frame errors            : 200 (target=200)
Stage-1 BER                   : 5.952e-03
Stage-1 FER                   : 1.555e-01
Final BER (LDPC+GRAND)        : 5.942e-03
Final FER (LDPC+GRAND)        : 1.340e-01
Avg stage-1 iters/frame       : 2.92
Avg HW time/frame (stage-1)   : 5.13 µs
Avg HW time/frame (GRAND)     : 92.00 µs
Avg HW time/frame (total)     : 97.12 µs

=== Adaptive HYBRID Monte-Carlo (channel=SIONNA_TDL) ===
Decoder label                 : hybsv8
SNR (dB)                      : 10.50
Frames simulated              : 14627
Final frame errors            : 200 (target=200)
Stage-1 BER                   : 1.328e-03
Stage-1 FER                   : 1.497e-02
Final BER (LDPC+GRAND)        : 1.327e-03
Final FER (LDPC+GRAND)        : 1.367e-02
Avg stage-1 iters/frame       : 3.23
Avg HW time/frame (stage-1)   : 5.61 µs
Avg HW time/frame (GRAND)     : 9.73 µs
Avg HW time/frame (total)     : 15.34 µs

=== Adaptive HYBRID Monte-Carlo (channel=SIONNA_TDL) ===
Decoder label                 : hybsv15
SNR (dB)                      : 10.50
Frames simulated              : 45307
Final frame errors            : 200 (target=200)
Stage-1 BER                   : 9.297e-04
Stage-1 FER                   : 4.613e-03
Final BER (LDPC+GRAND)        : 9.295e-04
Final FER (LDPC+GRAND)        : 4.414e-03
Avg stage-1 iters/frame       : 3.29
Avg HW time/frame (stage-1)   : 5.71 µs
Avg HW time/frame (GRAND)     : 3.33 µs
Avg HW time/frame (total)     : 9.04 µs
[save_awgn_results] Wrote raw results : results/run_ms.sbatch_26509922/sionna_tdl_sionna5g_k1024_n2048_qm1_hybrid_20260308-164203_raw.pkl
[save_awgn_results] Wrote mean summary: results/run_ms.sbatch_26509922/sionna_tdl_sionna5g_k1024_n2048_qm1_hybrid_20260308-164203_summary.csv
[save_awgn_results] Wrote tails summary: results/run_ms.sbatch_26509922/sionna_tdl_sionna5g_k1024_n2048_qm1_hybrid_20260308-164203_summary_tails.csv

=== Adaptive LDPC-only Monte-Carlo (channel=SIONNA_TDL) ===
Decoder label                 : ldpc4
SNR (dB)                      : 7.00
Frames simulated              : 523
Frame errors                  : 200 (target=200)
Bit error rate (BER)          : 2.757e-02
Frame error rate (FER)        : 3.824e-01
Avg LDPC iterations/frame     : 3.42
Avg HW cycles/frame           : 4874.04
Avg HW decode time/frame      : 6.09 µs
HW model (fclk_mhz)            : 800.0 MHz

=== Adaptive LDPC-only Monte-Carlo (channel=SIONNA_TDL) ===
Decoder label                 : ldpc8
SNR (dB)                      : 7.00
Frames simulated              : 1585
Frame errors                  : 200 (target=200)
Bit error rate (BER)          : 1.737e-02
Frame error rate (FER)        : 1.262e-01
Avg LDPC iterations/frame     : 4.52
Avg HW cycles/frame           : 6319.49
Avg HW decode time/frame      : 7.90 µs
HW model (fclk_mhz)            : 800.0 MHz

=== Adaptive LDPC-only Monte-Carlo (channel=SIONNA_TDL) ===
Decoder label                 : ldpc15
SNR (dB)                      : 7.00
Frames simulated              : 3534
Frame errors                  : 200 (target=200)
Bit error rate (BER)          : 1.288e-02
Frame error rate (FER)        : 5.659e-02
Avg LDPC iterations/frame     : 5.00
Avg HW cycles/frame           : 6958.84
Avg HW decode time/frame      : 8.70 µs
HW model (fclk_mhz)            : 800.0 MHz

=== Adaptive LDPC-only Monte-Carlo (channel=SIONNA_TDL) ===
Decoder label                 : ldpc20
SNR (dB)                      : 7.00
Frames simulated              : 5174
Frame errors                  : 200 (target=200)
Bit error rate (BER)          : 1.028e-02
Frame error rate (FER)        : 3.865e-02
Avg LDPC iterations/frame     : 5.15
Avg HW cycles/frame           : 7167.34
Avg HW decode time/frame      : 8.96 µs
HW model (fclk_mhz)            : 800.0 MHz

=== Adaptive LDPC-only Monte-Carlo (channel=SIONNA_TDL) ===
Decoder label                 : ldpc100
SNR (dB)                      : 7.00
Frames simulated              : 6095
Frame errors                  : 200 (target=200)
Bit error rate (BER)          : 1.089e-02
Frame error rate (FER)        : 3.281e-02
Avg LDPC iterations/frame     : 8.09
Avg HW cycles/frame           : 11251.75
Avg HW decode time/frame      : 14.06 µs
HW model (fclk_mhz)            : 800.0 MHz

=== Adaptive HYBRID Monte-Carlo (channel=SIONNA_TDL) ===
Decoder label                 : hyb4
SNR (dB)                      : 7.00
Frames simulated              : 570
Final frame errors            : 200 (target=200)
Stage-1 BER                   : 2.939e-02
Stage-1 FER                   : 3.737e-01
Final BER (LDPC+GRAND)        : 2.938e-02
Final FER (LDPC+GRAND)        : 3.509e-01
Avg stage-1 iters/frame       : 3.42
Avg HW time/frame (stage-1)   : 6.10 µs
Avg HW time/frame (GRAND)     : 63.22 µs
Avg HW time/frame (total)     : 69.32 µs

=== Adaptive HYBRID Monte-Carlo (channel=SIONNA_TDL) ===
Decoder label                 : hyb8
SNR (dB)                      : 7.00
Frames simulated              : 1733
Final frame errors            : 200 (target=200)
Stage-1 BER                   : 1.672e-02
Stage-1 FER                   : 1.177e-01
Final BER (LDPC+GRAND)        : 1.672e-02
Final FER (LDPC+GRAND)        : 1.154e-01
Avg stage-1 iters/frame       : 4.45
Avg HW time/frame (stage-1)   : 7.78 µs
Avg HW time/frame (GRAND)     : 21.20 µs
Avg HW time/frame (total)     : 28.98 µs

=== Adaptive HYBRID Monte-Carlo (channel=SIONNA_TDL) ===
Decoder label                 : hyb15
SNR (dB)                      : 7.00
Frames simulated              : 3219
Final frame errors            : 200 (target=200)
Stage-1 BER                   : 1.454e-02
Stage-1 FER                   : 6.244e-02
Final BER (LDPC+GRAND)        : 1.454e-02
Final FER (LDPC+GRAND)        : 6.213e-02
Avg stage-1 iters/frame       : 5.10
Avg HW time/frame (stage-1)   : 8.88 µs
Avg HW time/frame (GRAND)     : 11.85 µs
Avg HW time/frame (total)     : 20.72 µs

=== Adaptive HYBRID Monte-Carlo (channel=SIONNA_TDL) ===
Decoder label                 : hybsv4
SNR (dB)                      : 7.00
Frames simulated              : 536
Final frame errors            : 200 (target=200)
Stage-1 BER                   : 2.824e-02
Stage-1 FER                   : 3.918e-01
Final BER (LDPC+GRAND)        : 2.823e-02
Final FER (LDPC+GRAND)        : 3.731e-01
Avg stage-1 iters/frame       : 3.41
Avg HW time/frame (stage-1)   : 6.07 µs
Avg HW time/frame (GRAND)     : 267.68 µs
Avg HW time/frame (total)     : 273.76 µs

=== Adaptive HYBRID Monte-Carlo (channel=SIONNA_TDL) ===
Decoder label                 : hybsv8
SNR (dB)                      : 7.00
Frames simulated              : 1933
Final frame errors            : 200 (target=200)
Stage-1 BER                   : 1.657e-02
Stage-1 FER                   : 1.086e-01
Final BER (LDPC+GRAND)        : 1.656e-02
Final FER (LDPC+GRAND)        : 1.035e-01
Avg stage-1 iters/frame       : 4.39
Avg HW time/frame (stage-1)   : 7.66 µs
Avg HW time/frame (GRAND)     : 75.82 µs
Avg HW time/frame (total)     : 83.49 µs

=== Adaptive HYBRID Monte-Carlo (channel=SIONNA_TDL) ===
Decoder label                 : hybsv15
SNR (dB)                      : 7.00
Frames simulated              : 3482
Final frame errors            : 200 (target=200)
Stage-1 BER                   : 1.376e-02
Stage-1 FER                   : 5.830e-02
Final BER (LDPC+GRAND)        : 1.376e-02
Final FER (LDPC+GRAND)        : 5.744e-02
Avg stage-1 iters/frame       : 5.05
Avg HW time/frame (stage-1)   : 8.80 µs
Avg HW time/frame (GRAND)     : 43.51 µs
Avg HW time/frame (total)     : 52.31 µs

=== Adaptive LDPC-only Monte-Carlo (channel=SIONNA_TDL) ===
Decoder label                 : ldpc4
SNR (dB)                      : 9.00
Frames simulated              : 740
Frame errors                  : 200 (target=200)
Bit error rate (BER)          : 1.275e-02
Frame error rate (FER)        : 2.703e-01
Avg LDPC iterations/frame     : 3.17
Avg HW cycles/frame           : 4490.26
Avg HW decode time/frame      : 5.61 µs
HW model (fclk_mhz)            : 800.0 MHz

=== Adaptive LDPC-only Monte-Carlo (channel=SIONNA_TDL) ===
Decoder label                 : ldpc8
SNR (dB)                      : 9.00
Frames simulated              : 4689
Frame errors                  : 200 (target=200)
Bit error rate (BER)          : 4.227e-03
Frame error rate (FER)        : 4.265e-02
Avg LDPC iterations/frame     : 3.68
Avg HW cycles/frame           : 5118.84
Avg HW decode time/frame      : 6.40 µs
HW model (fclk_mhz)            : 800.0 MHz

=== Adaptive LDPC-only Monte-Carlo (channel=SIONNA_TDL) ===
Decoder label                 : ldpc15
SNR (dB)                      : 9.00
Frames simulated              : 14769
Frame errors                  : 200 (target=200)
Bit error rate (BER)          : 2.728e-03
Frame error rate (FER)        : 1.354e-02
Avg LDPC iterations/frame     : 3.85
Avg HW cycles/frame           : 5358.61
Avg HW decode time/frame      : 6.70 µs
HW model (fclk_mhz)            : 800.0 MHz

=== Adaptive LDPC-only Monte-Carlo (channel=SIONNA_TDL) ===
Decoder label                 : ldpc20
SNR (dB)                      : 9.00
Frames simulated              : 19102
Frame errors                  : 200 (target=200)
Bit error rate (BER)          : 2.542e-03
Frame error rate (FER)        : 1.047e-02
Avg LDPC iterations/frame     : 3.89
Avg HW cycles/frame           : 5408.62
Avg HW decode time/frame      : 6.76 µs
HW model (fclk_mhz)            : 800.0 MHz

=== Adaptive LDPC-only Monte-Carlo (channel=SIONNA_TDL) ===
Decoder label                 : ldpc100
SNR (dB)                      : 9.00
Frames simulated              : 29726
Frame errors                  : 200 (target=200)
Bit error rate (BER)          : 2.150e-03
Frame error rate (FER)        : 6.728e-03
Avg LDPC iterations/frame     : 4.50
Avg HW cycles/frame           : 6253.97
Avg HW decode time/frame      : 7.82 µs
HW model (fclk_mhz)            : 800.0 MHz

=== Adaptive HYBRID Monte-Carlo (channel=SIONNA_TDL) ===
Decoder label                 : hyb4
SNR (dB)                      : 9.00
Frames simulated              : 764
Final frame errors            : 200 (target=200)
Stage-1 BER                   : 1.214e-02
Stage-1 FER                   : 2.840e-01
Final BER (LDPC+GRAND)        : 1.213e-02
Final FER (LDPC+GRAND)        : 2.618e-01
Avg stage-1 iters/frame       : 3.23
Avg HW time/frame (stage-1)   : 5.71 µs
Avg HW time/frame (GRAND)     : 45.12 µs
Avg HW time/frame (total)     : 50.84 µs

=== Adaptive HYBRID Monte-Carlo (channel=SIONNA_TDL) ===
Decoder label                 : hyb8
SNR (dB)                      : 9.00
Frames simulated              : 5129
Final frame errors            : 200 (target=200)
Stage-1 BER                   : 3.743e-03
Stage-1 FER                   : 4.153e-02
Final BER (LDPC+GRAND)        : 3.742e-03
Final FER (LDPC+GRAND)        : 3.899e-02
Avg stage-1 iters/frame       : 3.66
Avg HW time/frame (stage-1)   : 6.37 µs
Avg HW time/frame (GRAND)     : 7.12 µs
Avg HW time/frame (total)     : 13.49 µs

=== Adaptive HYBRID Monte-Carlo (channel=SIONNA_TDL) ===
Decoder label                 : hyb15
SNR (dB)                      : 9.00
Frames simulated              : 14168
Final frame errors            : 200 (target=200)
Stage-1 BER                   : 2.850e-03
Stage-1 FER                   : 1.433e-02
Final BER (LDPC+GRAND)        : 2.850e-03
Final FER (LDPC+GRAND)        : 1.412e-02
Avg stage-1 iters/frame       : 3.84
Avg HW time/frame (stage-1)   : 6.68 µs
Avg HW time/frame (GRAND)     : 2.67 µs
Avg HW time/frame (total)     : 9.35 µs

=== Adaptive HYBRID Monte-Carlo (channel=SIONNA_TDL) ===
Decoder label                 : hybsv4
SNR (dB)                      : 9.00
Frames simulated              : 836
Final frame errors            : 200 (target=200)
Stage-1 BER                   : 1.370e-02
Stage-1 FER                   : 2.632e-01
Final BER (LDPC+GRAND)        : 1.369e-02
Final FER (LDPC+GRAND)        : 2.392e-01
Avg stage-1 iters/frame       : 3.14
Avg HW time/frame (stage-1)   : 5.56 µs
Avg HW time/frame (GRAND)     : 169.10 µs
Avg HW time/frame (total)     : 174.65 µs

=== Adaptive HYBRID Monte-Carlo (channel=SIONNA_TDL) ===
Decoder label                 : hybsv8
SNR (dB)                      : 9.00
Frames simulated              : 5003
Final frame errors            : 200 (target=200)
Stage-1 BER                   : 5.019e-03
Stage-1 FER                   : 4.317e-02
Final BER (LDPC+GRAND)        : 5.018e-03
Final FER (LDPC+GRAND)        : 3.998e-02
Avg stage-1 iters/frame       : 3.71
Avg HW time/frame (stage-1)   : 6.45 µs
Avg HW time/frame (GRAND)     : 29.02 µs
Avg HW time/frame (total)     : 35.48 µs

=== Adaptive HYBRID Monte-Carlo (channel=SIONNA_TDL) ===
Decoder label                 : hybsv15
SNR (dB)                      : 9.00
Frames simulated              : 14793
Final frame errors            : 200 (target=200)
Stage-1 BER                   : 2.883e-03
Stage-1 FER                   : 1.379e-02
Final BER (LDPC+GRAND)        : 2.883e-03
Final FER (LDPC+GRAND)        : 1.352e-02
Avg stage-1 iters/frame       : 3.87
Avg HW time/frame (stage-1)   : 6.73 µs
Avg HW time/frame (GRAND)     : 10.24 µs
Avg HW time/frame (total)     : 16.97 µs

=== Adaptive LDPC-only Monte-Carlo (channel=SIONNA_TDL) ===
Decoder label                 : ldpc4
SNR (dB)                      : 11.00
Frames simulated              : 1597
Frame errors                  : 200 (target=200)
Bit error rate (BER)          : 3.608e-03
Frame error rate (FER)        : 1.252e-01
Avg LDPC iterations/frame     : 2.85
Avg HW cycles/frame           : 3997.59
Avg HW decode time/frame      : 5.00 µs
HW model (fclk_mhz)            : 800.0 MHz

=== Adaptive LDPC-only Monte-Carlo (channel=SIONNA_TDL) ===
Decoder label                 : ldpc8
SNR (dB)                      : 11.00
Frames simulated              : 18519
Frame errors                  : 200 (target=200)
Bit error rate (BER)          : 9.076e-04
Frame error rate (FER)        : 1.080e-02
Avg LDPC iterations/frame     : 3.09
Avg HW cycles/frame           : 4299.55
Avg HW decode time/frame      : 5.37 µs
HW model (fclk_mhz)            : 800.0 MHz

=== Adaptive LDPC-only Monte-Carlo (channel=SIONNA_TDL) ===
Decoder label                 : ldpc15
SNR (dB)                      : 11.00
Frames simulated              : 81706
Frame errors                  : 200 (target=200)
Bit error rate (BER)          : 4.612e-04
Frame error rate (FER)        : 2.448e-03
Avg LDPC iterations/frame     : 3.14
Avg HW cycles/frame           : 4359.14
Avg HW decode time/frame      : 5.45 µs
HW model (fclk_mhz)            : 800.0 MHz

=== Adaptive LDPC-only Monte-Carlo (channel=SIONNA_TDL) ===
Decoder label                 : ldpc20
SNR (dB)                      : 11.00
Frames simulated              : 109611
Frame errors                  : 200 (target=200)
Bit error rate (BER)          : 4.301e-04
Frame error rate (FER)        : 1.825e-03
Avg LDPC iterations/frame     : 3.15
Avg HW cycles/frame           : 4372.71
Avg HW decode time/frame      : 5.47 µs
HW model (fclk_mhz)            : 800.0 MHz

=== Adaptive LDPC-only Monte-Carlo (channel=SIONNA_TDL) ===
Decoder label                 : ldpc100
SNR (dB)                      : 11.00
Frames simulated              : 173554
Frame errors                  : 200 (target=200)
Bit error rate (BER)          : 3.538e-04
Frame error rate (FER)        : 1.152e-03
Avg LDPC iterations/frame     : 3.26
Avg HW cycles/frame           : 4527.05
Avg HW decode time/frame      : 5.66 µs
HW model (fclk_mhz)            : 800.0 MHz

=== Adaptive HYBRID Monte-Carlo (channel=SIONNA_TDL) ===
Decoder label                 : hyb4
SNR (dB)                      : 11.00
Frames simulated              : 1622
Final frame errors            : 200 (target=200)
Stage-1 BER                   : 2.835e-03
Stage-1 FER                   : 1.387e-01
Final BER (LDPC+GRAND)        : 2.827e-03
Final FER (LDPC+GRAND)        : 1.233e-01
Avg stage-1 iters/frame       : 2.87
Avg HW time/frame (stage-1)   : 5.04 µs
Avg HW time/frame (GRAND)     : 20.16 µs
Avg HW time/frame (total)     : 25.20 µs

=== Adaptive HYBRID Monte-Carlo (channel=SIONNA_TDL) ===
Decoder label                 : hyb8
SNR (dB)                      : 11.00
Frames simulated              : 21997
Final frame errors            : 200 (target=200)
Stage-1 BER                   : 6.904e-04
Stage-1 FER                   : 9.592e-03
Final BER (LDPC+GRAND)        : 6.903e-04
Final FER (LDPC+GRAND)        : 9.092e-03
Avg stage-1 iters/frame       : 3.09
Avg HW time/frame (stage-1)   : 5.37 µs
Avg HW time/frame (GRAND)     : 1.62 µs
Avg HW time/frame (total)     : 6.99 µs

=== Adaptive HYBRID Monte-Carlo (channel=SIONNA_TDL) ===
Decoder label                 : hyb15
SNR (dB)                      : 11.00
Frames simulated              : 86066
Final frame errors            : 200 (target=200)
Stage-1 BER                   : 3.947e-04
Stage-1 FER                   : 2.394e-03
Final BER (LDPC+GRAND)        : 3.947e-04
Final FER (LDPC+GRAND)        : 2.324e-03
Avg stage-1 iters/frame       : 3.13
Avg HW time/frame (stage-1)   : 5.44 µs
Avg HW time/frame (GRAND)     : 0.44 µs
Avg HW time/frame (total)     : 5.87 µs

=== Adaptive HYBRID Monte-Carlo (channel=SIONNA_TDL) ===
Decoder label                 : hybsv4
SNR (dB)                      : 11.00
Frames simulated              : 1758
Final frame errors            : 200 (target=200)
Stage-1 BER                   : 4.481e-03
Stage-1 FER                   : 1.354e-01
Final BER (LDPC+GRAND)        : 4.470e-03
Final FER (LDPC+GRAND)        : 1.138e-01
Avg stage-1 iters/frame       : 2.87
Avg HW time/frame (stage-1)   : 5.04 µs
Avg HW time/frame (GRAND)     : 75.98 µs
Avg HW time/frame (total)     : 81.03 µs

=== Adaptive HYBRID Monte-Carlo (channel=SIONNA_TDL) ===
Decoder label                 : hybsv8
SNR (dB)                      : 11.00
Frames simulated              : 21025
Final frame errors            : 200 (target=200)
Stage-1 BER                   : 7.990e-04
Stage-1 FER                   : 1.046e-02
Final BER (LDPC+GRAND)        : 7.986e-04
Final FER (LDPC+GRAND)        : 9.512e-03
Avg stage-1 iters/frame       : 3.10
Avg HW time/frame (stage-1)   : 5.39 µs
Avg HW time/frame (GRAND)     : 6.73 µs
Avg HW time/frame (total)     : 12.12 µs

=== Adaptive HYBRID Monte-Carlo (channel=SIONNA_TDL) ===
Decoder label                 : hybsv15
SNR (dB)                      : 11.00
Frames simulated              : 83976
Final frame errors            : 200 (target=200)
Stage-1 BER                   : 5.085e-04
Stage-1 FER                   : 2.465e-03
Final BER (LDPC+GRAND)        : 5.084e-04
Final FER (LDPC+GRAND)        : 2.382e-03
Avg stage-1 iters/frame       : 3.13
Avg HW time/frame (stage-1)   : 5.43 µs
Avg HW time/frame (GRAND)     : 1.80 µs
Avg HW time/frame (total)     : 7.23 µs
