[SBATCH CONFIG] FORCE_DEFAULTS=1
[SBATCH CONFIG] SNR_SWEEP=8.0,8.5,9.0,9.5,10.0,10.5,11.0
[SBATCH CONFIG] LDPC_ITERS=4,8,15,20,100
[SBATCH CONFIG] STAGE1_ITERS=4,8,15
[SBATCH CONFIG] TARGET_FRAME_ERRORS=250  MAX_FRAMES=250000
[SBATCH CONFIG] CHANNEL=SIONNA_TDL TDL=A DELAY=3e-7 SPEED=[0.0,0.0] CFO=0.0
[SBATCH CONFIG] CSI_MODE=perfect RUN_RECEIVER2=1 RUN_RECEIVER3=1 RUN_RECEIVER4=1 RUN_RECEIVER5=0 RUN_RECEIVER6=1 RUN_RECEIVER7=1
[SBATCH CONFIG] GRAND_OSD_RATIO=3.0 GRAND_OSD_MAX_BITS=80 GRAND_OSD_ORDER=2 GRAND_OSD_ENUM_MAX_BITS=20
[SBATCH CONFIG] GRAND_OSD_MAX_CANDIDATES=160 GRAND_OSD_RESTART_MAX_CANDIDATES=20 GRAND_OSD_RESTART_ITERS=14
[SBATCH CONFIG] GRAND_AHR_RATIO=3.1 GRAND_AHR_MAX_BITS=96 GRAND_AHR_CORE_MAX_BITS=14 GRAND_AHR_MAX_CANDIDATES=128
[SBATCH CONFIG] GRAND_AHR_RESTART_MAX_CANDIDATES=24 GRAND_AHR_RESTART_ITERS=16 GRAND_AHR_RESTART_GAIN=4.8 GRAND_AHR_RESTART_DUAL_GAIN=7.5
[SBATCH CONFIG] GRAND_BGR_RATIO=3.2 GRAND_BGR_MAX_BITS=104 GRAND_BGR_MAX_VECTORS=18 GRAND_BGR_COMBO_MAX=3 GRAND_BGR_MAX_CANDIDATES=128
[SBATCH CONFIG] GRAND_BGR_RESTART_MAX_CANDIDATES=18 GRAND_BGR_RESTART_ITERS=18 GRAND_BGR_RESTART_GAIN=5.8 GRAND_BGR_RESTART_DUAL_GAIN=8.8 GRAND_BGR_DEBIAS_BLEND=0.70
Numba threads: 64
[HW model]  {'fclk_mhz': 800, 'ldpc_edges_per_cycle': 64, 'ldpc_bits_per_cycle_hd': 64, 'ldpc_iter_overhead_cycles': 20, 'grand_edges_per_cycle': 64, 'grand_checks_per_cycle': 64, 'grand_batch_overhead_cycles': 200, 'grand_abs_per_cycle': 64, 'grand_sort_elem_log2_per_cycle': 64, 'grand_cost_add_per_cycle': 64, 'grand_patsort_patlog2_per_cycle': 64, 'cluster_pair_edges_per_cycle': 0}
[RUN_EXPERIMENTS] codes=['sionna5g']  snr_sweep=[8.0, 8.5, 9.0, 9.5, 10.0, 10.5, 11.0]  out_dir=results/run_ms_fair.sbatch_27855149
[RUN_EXPERIMENTS] mc_cfg=AdaptiveMCConfig(target_frame_errors=250, min_frames=0, max_frames=250000)
Fast decoding structures prepared: 20488 edges
[RUN_EXPERIMENTS] Built code: sionna5g_k1024_n2048_qm1
[run_awgn_sweep_for_code] SNR-parallel ON: n_jobs=4, threads/worker=16, backend=loky

=== Adaptive LDPC-only Monte-Carlo (channel=SIONNA_TDL) ===
Decoder label                 : ldpc4
SNR (dB)                      : 9.50
Frames simulated              : 1162
Frame errors                  : 250 (target=250)
Bit error rate (BER)          : 9.418e-03
Frame error rate (FER)        : 2.151e-01
Avg LDPC iterations/frame     : 3.11
Avg HW cycles/frame           : 4395.04
Avg HW decode time/frame      : 5.49 µs
HW model (fclk_mhz)            : 800.0 MHz

=== Adaptive LDPC-only Monte-Carlo (channel=SIONNA_TDL) ===
Decoder label                 : ldpc8
SNR (dB)                      : 9.50
Frames simulated              : 9055
Frame errors                  : 250 (target=250)
Bit error rate (BER)          : 2.650e-03
Frame error rate (FER)        : 2.761e-02
Avg LDPC iterations/frame     : 3.53
Avg HW cycles/frame           : 4909.86
Avg HW decode time/frame      : 6.14 µs
HW model (fclk_mhz)            : 800.0 MHz

=== Adaptive LDPC-only Monte-Carlo (channel=SIONNA_TDL) ===
Decoder label                 : ldpc15
SNR (dB)                      : 9.50
Frames simulated              : 28545
Frame errors                  : 250 (target=250)
Bit error rate (BER)          : 1.834e-03
Frame error rate (FER)        : 8.758e-03
Avg LDPC iterations/frame     : 3.63
Avg HW cycles/frame           : 5047.20
Avg HW decode time/frame      : 6.31 µs
HW model (fclk_mhz)            : 800.0 MHz

=== Adaptive LDPC-only Monte-Carlo (channel=SIONNA_TDL) ===
Decoder label                 : ldpc20
SNR (dB)                      : 9.50
Frames simulated              : 35005
Frame errors                  : 250 (target=250)
Bit error rate (BER)          : 1.623e-03
Frame error rate (FER)        : 7.142e-03
Avg LDPC iterations/frame     : 3.67
Avg HW cycles/frame           : 5102.05
Avg HW decode time/frame      : 6.38 µs
HW model (fclk_mhz)            : 800.0 MHz

=== Adaptive LDPC-only Monte-Carlo (channel=SIONNA_TDL) ===
Decoder label                 : ldpc100
SNR (dB)                      : 9.50
Frames simulated              : 54959
Frame errors                  : 250 (target=250)
Bit error rate (BER)          : 1.399e-03
Frame error rate (FER)        : 4.549e-03
Avg LDPC iterations/frame     : 4.07
Avg HW cycles/frame           : 5659.16
Avg HW decode time/frame      : 7.07 µs
HW model (fclk_mhz)            : 800.0 MHz

=== Adaptive HYBRID Monte-Carlo (channel=SIONNA_TDL) ===
Decoder label                 : hyb4
SNR (dB)                      : 9.50
Frames simulated              : 1346
Final frame errors            : 250 (target=250)
Stage-1 BER                   : 1.002e-02
Stage-1 FER                   : 2.132e-01
Final BER (LDPC+GRAND)        : 1.000e-02
Final FER (LDPC+GRAND)        : 1.857e-01
Avg stage-1 iters/frame       : 3.07
Avg HW time/frame (stage-1)   : 5.41 µs
Avg HW time/frame (GRAND)     : 32.51 µs
Avg HW time/frame (total)     : 37.92 µs

=== Adaptive HYBRID Monte-Carlo (channel=SIONNA_TDL) ===
Decoder label                 : hyb8
SNR (dB)                      : 9.50
Frames simulated              : 9083
Final frame errors            : 250 (target=250)
Stage-1 BER                   : 2.642e-03
Stage-1 FER                   : 2.896e-02
Final BER (LDPC+GRAND)        : 2.641e-03
Final FER (LDPC+GRAND)        : 2.752e-02
Avg stage-1 iters/frame       : 3.54
Avg HW time/frame (stage-1)   : 6.17 µs
Avg HW time/frame (GRAND)     : 4.95 µs
Avg HW time/frame (total)     : 11.12 µs

=== Adaptive HYBRID Monte-Carlo (channel=SIONNA_TDL) ===
Decoder label                 : hyb15
SNR (dB)                      : 9.50
Frames simulated              : 29755
Final frame errors            : 250 (target=250)
Stage-1 BER                   : 1.715e-03
Stage-1 FER                   : 8.772e-03
Final BER (LDPC+GRAND)        : 1.715e-03
Final FER (LDPC+GRAND)        : 8.402e-03
Avg stage-1 iters/frame       : 3.63
Avg HW time/frame (stage-1)   : 6.31 µs
Avg HW time/frame (GRAND)     : 1.60 µs
Avg HW time/frame (total)     : 7.91 µs

=== Adaptive HYBRID Monte-Carlo (channel=SIONNA_TDL) ===
Decoder label                 : hybsv4
SNR (dB)                      : 9.50
Frames simulated              : 1429
Final frame errors            : 250 (target=250)
Stage-1 BER                   : 7.987e-03
Stage-1 FER                   : 2.001e-01
Final BER (LDPC+GRAND)        : 7.972e-03
Final FER (LDPC+GRAND)        : 1.749e-01
Avg stage-1 iters/frame       : 3.04
Avg HW time/frame (stage-1)   : 5.36 µs
Avg HW time/frame (GRAND)     : 119.86 µs
Avg HW time/frame (total)     : 125.22 µs

=== Adaptive HYBRID Monte-Carlo (channel=SIONNA_TDL) ===
Decoder label                 : hybsv8
SNR (dB)                      : 9.50
Frames simulated              : 8092
Final frame errors            : 250 (target=250)
Stage-1 BER                   : 3.140e-03
Stage-1 FER                   : 3.300e-02
Final BER (LDPC+GRAND)        : 3.138e-03
Final FER (LDPC+GRAND)        : 3.089e-02
Avg stage-1 iters/frame       : 3.53
Avg HW time/frame (stage-1)   : 6.15 µs
Avg HW time/frame (GRAND)     : 22.57 µs
Avg HW time/frame (total)     : 28.71 µs

=== Adaptive HYBRID Monte-Carlo (channel=SIONNA_TDL) ===
Decoder label                 : hybsv15
SNR (dB)                      : 9.50
Frames simulated              : 28719
Final frame errors            : 250 (target=250)
Stage-1 BER                   : 1.783e-03
Stage-1 FER                   : 8.984e-03
Final BER (LDPC+GRAND)        : 1.783e-03
Final FER (LDPC+GRAND)        : 8.705e-03
Avg stage-1 iters/frame       : 3.63
Avg HW time/frame (stage-1)   : 6.31 µs
Avg HW time/frame (GRAND)     : 6.47 µs
Avg HW time/frame (total)     : 12.77 µs

=== Adaptive HYBRID Monte-Carlo (channel=SIONNA_TDL) ===
Decoder label                 : hybptg4
SNR (dB)                      : 9.50
Frames simulated              : 1531
Final frame errors            : 250 (target=250)
Stage-1 BER                   : 8.990e-03
Stage-1 FER                   : 2.182e-01
Final BER (LDPC+GRAND)        : 8.918e-03
Final FER (LDPC+GRAND)        : 1.633e-01
Avg stage-1 iters/frame       : 3.07
Avg HW time/frame (stage-1)   : 5.42 µs
Avg HW time/frame (GRAND)     : 219.60 µs
Avg HW time/frame (total)     : 225.03 µs

=== Adaptive HYBRID Monte-Carlo (channel=SIONNA_TDL) ===
Decoder label                 : hybptg8
SNR (dB)                      : 9.50
Frames simulated              : 9827
Final frame errors            : 250 (target=250)
Stage-1 BER                   : 2.800e-03
Stage-1 FER                   : 3.083e-02
Final BER (LDPC+GRAND)        : 2.794e-03
Final FER (LDPC+GRAND)        : 2.544e-02
Avg stage-1 iters/frame       : 3.54
Avg HW time/frame (stage-1)   : 6.17 µs
Avg HW time/frame (GRAND)     : 37.13 µs
Avg HW time/frame (total)     : 43.30 µs

=== Adaptive HYBRID Monte-Carlo (channel=SIONNA_TDL) ===
Decoder label                 : hybptg15
SNR (dB)                      : 9.50
Frames simulated              : 28924
Final frame errors            : 250 (target=250)
Stage-1 BER                   : 1.780e-03
Stage-1 FER                   : 9.058e-03
Final BER (LDPC+GRAND)        : 1.779e-03
Final FER (LDPC+GRAND)        : 8.643e-03
Avg stage-1 iters/frame       : 3.64
Avg HW time/frame (stage-1)   : 6.33 µs
Avg HW time/frame (GRAND)     : 13.31 µs
Avg HW time/frame (total)     : 19.64 µs

=== Adaptive HYBRID Monte-Carlo (channel=SIONNA_TDL) ===
Decoder label                 : hybctg4
SNR (dB)                      : 9.50
Frames simulated              : 3486
Final frame errors            : 250 (target=250)
Stage-1 BER                   : 9.749e-03
Stage-1 FER                   : 2.266e-01
Final BER (LDPC+GRAND)        : 8.482e-03
Final FER (LDPC+GRAND)        : 7.172e-02
Avg stage-1 iters/frame       : 3.10
Avg HW time/frame (stage-1)   : 5.47 µs
Avg HW time/frame (GRAND)     : 267.93 µs
Avg HW time/frame (total)     : 273.40 µs

=== Adaptive HYBRID Monte-Carlo (channel=SIONNA_TDL) ===
Decoder label                 : hybctg8
SNR (dB)                      : 9.50
Frames simulated              : 9803
Final frame errors            : 250 (target=250)
Stage-1 BER                   : 3.020e-03
Stage-1 FER                   : 3.060e-02
Final BER (LDPC+GRAND)        : 3.012e-03
Final FER (LDPC+GRAND)        : 2.550e-02
Avg stage-1 iters/frame       : 3.54
Avg HW time/frame (stage-1)   : 6.16 µs
Avg HW time/frame (GRAND)     : 94.88 µs
Avg HW time/frame (total)     : 101.04 µs

=== Adaptive HYBRID Monte-Carlo (channel=SIONNA_TDL) ===
Decoder label                 : hybctg15
SNR (dB)                      : 9.50
Frames simulated              : 27291
Final frame errors            : 250 (target=250)
Stage-1 BER                   : 1.910e-03
Stage-1 FER                   : 9.857e-03
Final BER (LDPC+GRAND)        : 1.909e-03
Final FER (LDPC+GRAND)        : 9.161e-03
Avg stage-1 iters/frame       : 3.65
Avg HW time/frame (stage-1)   : 6.34 µs
Avg HW time/frame (GRAND)     : 33.82 µs
Avg HW time/frame (total)     : 40.17 µs

=== Adaptive HYBRID Monte-Carlo (channel=SIONNA_TDL) ===
Decoder label                 : hybahr4
SNR (dB)                      : 9.50
Frames simulated              : 3169
Final frame errors            : 250 (target=250)
Stage-1 BER                   : 9.238e-03
Stage-1 FER                   : 2.029e-01
Final BER (LDPC+GRAND)        : 7.690e-03
Final FER (LDPC+GRAND)        : 7.889e-02
Avg stage-1 iters/frame       : 3.08
Avg HW time/frame (stage-1)   : 5.43 µs
Avg HW time/frame (GRAND)     : 397.25 µs
Avg HW time/frame (total)     : 402.69 µs

=== Adaptive HYBRID Monte-Carlo (channel=SIONNA_TDL) ===
Decoder label                 : hybahr8
SNR (dB)                      : 9.50
Frames simulated              : 10309
Final frame errors            : 250 (target=250)
Stage-1 BER                   : 3.220e-03
Stage-1 FER                   : 3.075e-02
Final BER (LDPC+GRAND)        : 3.196e-03
Final FER (LDPC+GRAND)        : 2.425e-02
Avg stage-1 iters/frame       : 3.52
Avg HW time/frame (stage-1)   : 6.13 µs
Avg HW time/frame (GRAND)     : 118.23 µs
Avg HW time/frame (total)     : 124.36 µs

=== Adaptive HYBRID Monte-Carlo (channel=SIONNA_TDL) ===
Decoder label                 : hybahr15
SNR (dB)                      : 9.50
Frames simulated              : 26227
Final frame errors            : 250 (target=250)
Stage-1 BER                   : 2.013e-03
Stage-1 FER                   : 1.010e-02
Final BER (LDPC+GRAND)        : 2.013e-03
Final FER (LDPC+GRAND)        : 9.532e-03
Avg stage-1 iters/frame       : 3.69
Avg HW time/frame (stage-1)   : 6.40 µs
Avg HW time/frame (GRAND)     : 46.16 µs
Avg HW time/frame (total)     : 52.57 µs

=== Adaptive HYBRID Monte-Carlo (channel=SIONNA_TDL) ===
Decoder label                 : hybbgr4
SNR (dB)                      : 9.50
Frames simulated              : 7196
Final frame errors            : 250 (target=250)
Stage-1 BER                   : 9.523e-03
Stage-1 FER                   : 2.168e-01
Final BER (LDPC+GRAND)        : 5.007e-03
Final FER (LDPC+GRAND)        : 3.474e-02
Avg stage-1 iters/frame       : 3.08
Avg HW time/frame (stage-1)   : 5.44 µs
Avg HW time/frame (GRAND)     : 124.52 µs
Avg HW time/frame (total)     : 129.96 µs

=== Adaptive HYBRID Monte-Carlo (channel=SIONNA_TDL) ===
Decoder label                 : hybbgr8
SNR (dB)                      : 9.50
Frames simulated              : 14234
Final frame errors            : 250 (target=250)
Stage-1 BER                   : 3.072e-03
Stage-1 FER                   : 3.147e-02
Final BER (LDPC+GRAND)        : 2.823e-03
Final FER (LDPC+GRAND)        : 1.756e-02
Avg stage-1 iters/frame       : 3.52
Avg HW time/frame (stage-1)   : 6.12 µs
Avg HW time/frame (GRAND)     : 57.36 µs
Avg HW time/frame (total)     : 63.48 µs

=== Adaptive HYBRID Monte-Carlo (channel=SIONNA_TDL) ===
Decoder label                 : hybbgr15
SNR (dB)                      : 9.50
Frames simulated              : 30053
Final frame errors            : 250 (target=250)
Stage-1 BER                   : 1.756e-03
Stage-1 FER                   : 8.918e-03
Final BER (LDPC+GRAND)        : 1.743e-03
Final FER (LDPC+GRAND)        : 8.319e-03
Avg stage-1 iters/frame       : 3.65
Avg HW time/frame (stage-1)   : 6.35 µs
Avg HW time/frame (GRAND)     : 26.35 µs
Avg HW time/frame (total)     : 32.70 µs

=== Adaptive LDPC-only Monte-Carlo (channel=SIONNA_TDL) ===
Decoder label                 : ldpc4
SNR (dB)                      : 8.50
Frames simulated              : 863
Frame errors                  : 250 (target=250)
Bit error rate (BER)          : 1.476e-02
Frame error rate (FER)        : 2.897e-01
Avg LDPC iterations/frame     : 3.26
Avg HW cycles/frame           : 4625.35
Avg HW decode time/frame      : 5.78 µs
HW model (fclk_mhz)            : 800.0 MHz

=== Adaptive LDPC-only Monte-Carlo (channel=SIONNA_TDL) ===
Decoder label                 : ldpc8
SNR (dB)                      : 8.50
Frames simulated              : 4218
Frame errors                  : 250 (target=250)
Bit error rate (BER)          : 6.351e-03
Frame error rate (FER)        : 5.927e-02
Avg LDPC iterations/frame     : 3.88
Avg HW cycles/frame           : 5403.79
Avg HW decode time/frame      : 6.75 µs
HW model (fclk_mhz)            : 800.0 MHz

=== Adaptive LDPC-only Monte-Carlo (channel=SIONNA_TDL) ===
Decoder label                 : ldpc15
SNR (dB)                      : 8.50
Frames simulated              : 12828
Frame errors                  : 250 (target=250)
Bit error rate (BER)          : 3.976e-03
Frame error rate (FER)        : 1.949e-02
Avg LDPC iterations/frame     : 4.09
Avg HW cycles/frame           : 5682.77
Avg HW decode time/frame      : 7.10 µs
HW model (fclk_mhz)            : 800.0 MHz

=== Adaptive LDPC-only Monte-Carlo (channel=SIONNA_TDL) ===
Decoder label                 : ldpc20
SNR (dB)                      : 8.50
Frames simulated              : 14651
Frame errors                  : 250 (target=250)
Bit error rate (BER)          : 4.057e-03
Frame error rate (FER)        : 1.706e-02
Avg LDPC iterations/frame     : 4.23
Avg HW cycles/frame           : 5880.59
Avg HW decode time/frame      : 7.35 µs
HW model (fclk_mhz)            : 800.0 MHz

=== Adaptive LDPC-only Monte-Carlo (channel=SIONNA_TDL) ===
Decoder label                 : ldpc100
SNR (dB)                      : 8.50
Frames simulated              : 24022
Frame errors                  : 250 (target=250)
Bit error rate (BER)          : 3.313e-03
Frame error rate (FER)        : 1.041e-02
Avg LDPC iterations/frame     : 5.09
Avg HW cycles/frame           : 7075.26
Avg HW decode time/frame      : 8.84 µs
HW model (fclk_mhz)            : 800.0 MHz

=== Adaptive HYBRID Monte-Carlo (channel=SIONNA_TDL) ===
Decoder label                 : hyb4
SNR (dB)                      : 8.50
Frames simulated              : 995
Final frame errors            : 250 (target=250)
Stage-1 BER                   : 1.517e-02
Stage-1 FER                   : 2.794e-01
Final BER (LDPC+GRAND)        : 1.515e-02
Final FER (LDPC+GRAND)        : 2.513e-01
Avg stage-1 iters/frame       : 3.23
Avg HW time/frame (stage-1)   : 5.72 µs
Avg HW time/frame (GRAND)     : 44.39 µs
Avg HW time/frame (total)     : 50.11 µs

=== Adaptive HYBRID Monte-Carlo (channel=SIONNA_TDL) ===
Decoder label                 : hyb8
SNR (dB)                      : 8.50
Frames simulated              : 4663
Final frame errors            : 250 (target=250)
Stage-1 BER                   : 6.561e-03
Stage-1 FER                   : 5.597e-02
Final BER (LDPC+GRAND)        : 6.560e-03
Final FER (LDPC+GRAND)        : 5.361e-02
Avg stage-1 iters/frame       : 3.87
Avg HW time/frame (stage-1)   : 6.75 µs
Avg HW time/frame (GRAND)     : 9.80 µs
Avg HW time/frame (total)     : 16.55 µs

=== Adaptive HYBRID Monte-Carlo (channel=SIONNA_TDL) ===
Decoder label                 : hyb15
SNR (dB)                      : 8.50
Frames simulated              : 10456
Final frame errors            : 250 (target=250)
Stage-1 BER                   : 5.081e-03
Stage-1 FER                   : 2.467e-02
Final BER (LDPC+GRAND)        : 5.081e-03
Final FER (LDPC+GRAND)        : 2.391e-02
Avg stage-1 iters/frame       : 4.13
Avg HW time/frame (stage-1)   : 7.18 µs
Avg HW time/frame (GRAND)     : 4.52 µs
Avg HW time/frame (total)     : 11.70 µs

=== Adaptive HYBRID Monte-Carlo (channel=SIONNA_TDL) ===
Decoder label                 : hybsv4
SNR (dB)                      : 8.50
Frames simulated              : 942
Final frame errors            : 250 (target=250)
Stage-1 BER                   : 1.456e-02
Stage-1 FER                   : 2.919e-01
Final BER (LDPC+GRAND)        : 1.455e-02
Final FER (LDPC+GRAND)        : 2.654e-01
Avg stage-1 iters/frame       : 3.23
Avg HW time/frame (stage-1)   : 5.72 µs
Avg HW time/frame (GRAND)     : 183.42 µs
Avg HW time/frame (total)     : 189.13 µs

=== Adaptive HYBRID Monte-Carlo (channel=SIONNA_TDL) ===
Decoder label                 : hybsv8
SNR (dB)                      : 8.50
Frames simulated              : 4402
Final frame errors            : 250 (target=250)
Stage-1 BER                   : 7.132e-03
Stage-1 FER                   : 5.975e-02
Final BER (LDPC+GRAND)        : 7.130e-03
Final FER (LDPC+GRAND)        : 5.679e-02
Avg stage-1 iters/frame       : 3.90
Avg HW time/frame (stage-1)   : 6.80 µs
Avg HW time/frame (GRAND)     : 41.44 µs
Avg HW time/frame (total)     : 48.24 µs

=== Adaptive HYBRID Monte-Carlo (channel=SIONNA_TDL) ===
Decoder label                 : hybsv15
SNR (dB)                      : 8.50
Frames simulated              : 12957
Final frame errors            : 250 (target=250)
Stage-1 BER                   : 4.568e-03
Stage-1 FER                   : 1.960e-02
Final BER (LDPC+GRAND)        : 4.568e-03
Final FER (LDPC+GRAND)        : 1.929e-02
Avg stage-1 iters/frame       : 4.08
Avg HW time/frame (stage-1)   : 7.09 µs
Avg HW time/frame (GRAND)     : 14.56 µs
Avg HW time/frame (total)     : 21.65 µs

=== Adaptive HYBRID Monte-Carlo (channel=SIONNA_TDL) ===
Decoder label                 : hybptg4
SNR (dB)                      : 8.50
Frames simulated              : 1109
Final frame errors            : 250 (target=250)
Stage-1 BER                   : 1.837e-02
Stage-1 FER                   : 2.922e-01
Final BER (LDPC+GRAND)        : 1.828e-02
Final FER (LDPC+GRAND)        : 2.254e-01
Avg stage-1 iters/frame       : 3.26
Avg HW time/frame (stage-1)   : 5.78 µs
Avg HW time/frame (GRAND)     : 313.83 µs
Avg HW time/frame (total)     : 319.61 µs

=== Adaptive HYBRID Monte-Carlo (channel=SIONNA_TDL) ===
Decoder label                 : hybptg8
SNR (dB)                      : 8.50
Frames simulated              : 5401
Final frame errors            : 250 (target=250)
Stage-1 BER                   : 6.056e-03
Stage-1 FER                   : 5.480e-02
Final BER (LDPC+GRAND)        : 6.046e-03
Final FER (LDPC+GRAND)        : 4.629e-02
Avg stage-1 iters/frame       : 3.84
Avg HW time/frame (stage-1)   : 6.69 µs
Avg HW time/frame (GRAND)     : 69.31 µs
Avg HW time/frame (total)     : 76.00 µs

=== Adaptive HYBRID Monte-Carlo (channel=SIONNA_TDL) ===
Decoder label                 : hybptg15
SNR (dB)                      : 8.50
Frames simulated              : 13156
Final frame errors            : 250 (target=250)
Stage-1 BER                   : 3.739e-03
Stage-1 FER                   : 1.999e-02
Final BER (LDPC+GRAND)        : 3.738e-03
Final FER (LDPC+GRAND)        : 1.900e-02
Avg stage-1 iters/frame       : 4.11
Avg HW time/frame (stage-1)   : 7.15 µs
Avg HW time/frame (GRAND)     : 29.43 µs
Avg HW time/frame (total)     : 36.58 µs

=== Adaptive HYBRID Monte-Carlo (channel=SIONNA_TDL) ===
Decoder label                 : hybctg4
SNR (dB)                      : 8.50
Frames simulated              : 2350
Final frame errors            : 250 (target=250)
Stage-1 BER                   : 1.479e-02
Stage-1 FER                   : 2.745e-01
Final BER (LDPC+GRAND)        : 1.321e-02
Final FER (LDPC+GRAND)        : 1.064e-01
Avg stage-1 iters/frame       : 3.23
Avg HW time/frame (stage-1)   : 5.72 µs
Avg HW time/frame (GRAND)     : 394.36 µs
Avg HW time/frame (total)     : 400.08 µs

=== Adaptive HYBRID Monte-Carlo (channel=SIONNA_TDL) ===
Decoder label                 : hybctg8
SNR (dB)                      : 8.50
Frames simulated              : 5759
Final frame errors            : 250 (target=250)
Stage-1 BER                   : 6.766e-03
Stage-1 FER                   : 5.105e-02
Final BER (LDPC+GRAND)        : 6.756e-03
Final FER (LDPC+GRAND)        : 4.341e-02
Avg stage-1 iters/frame       : 3.80
Avg HW time/frame (stage-1)   : 6.62 µs
Avg HW time/frame (GRAND)     : 161.73 µs
Avg HW time/frame (total)     : 168.35 µs

=== Adaptive HYBRID Monte-Carlo (channel=SIONNA_TDL) ===
Decoder label                 : hybctg15
SNR (dB)                      : 8.50
Frames simulated              : 12662
Final frame errors            : 250 (target=250)
Stage-1 BER                   : 4.293e-03
Stage-1 FER                   : 2.069e-02
Final BER (LDPC+GRAND)        : 4.292e-03
Final FER (LDPC+GRAND)        : 1.974e-02
Avg stage-1 iters/frame       : 4.09
Avg HW time/frame (stage-1)   : 7.11 µs
Avg HW time/frame (GRAND)     : 72.22 µs
Avg HW time/frame (total)     : 79.33 µs

=== Adaptive HYBRID Monte-Carlo (channel=SIONNA_TDL) ===
Decoder label                 : hybahr4
SNR (dB)                      : 8.50
Frames simulated              : 1714
Final frame errors            : 250 (target=250)
Stage-1 BER                   : 1.586e-02
Stage-1 FER                   : 2.870e-01
Final BER (LDPC+GRAND)        : 1.396e-02
Final FER (LDPC+GRAND)        : 1.459e-01
Avg stage-1 iters/frame       : 3.28
Avg HW time/frame (stage-1)   : 5.81 µs
Avg HW time/frame (GRAND)     : 714.00 µs
Avg HW time/frame (total)     : 719.81 µs

=== Adaptive HYBRID Monte-Carlo (channel=SIONNA_TDL) ===
Decoder label                 : hybahr8
SNR (dB)                      : 8.50
Frames simulated              : 5223
Final frame errors            : 250 (target=250)
Stage-1 BER                   : 7.091e-03
Stage-1 FER                   : 5.591e-02
Final BER (LDPC+GRAND)        : 7.018e-03
Final FER (LDPC+GRAND)        : 4.787e-02
Avg stage-1 iters/frame       : 3.86
Avg HW time/frame (stage-1)   : 6.72 µs
Avg HW time/frame (GRAND)     : 230.67 µs
Avg HW time/frame (total)     : 237.39 µs

=== Adaptive HYBRID Monte-Carlo (channel=SIONNA_TDL) ===
Decoder label                 : hybahr15
SNR (dB)                      : 8.50
Frames simulated              : 11264
Final frame errors            : 250 (target=250)
Stage-1 BER                   : 5.089e-03
Stage-1 FER                   : 2.344e-02
Final BER (LDPC+GRAND)        : 5.086e-03
Final FER (LDPC+GRAND)        : 2.219e-02
Avg stage-1 iters/frame       : 4.13
Avg HW time/frame (stage-1)   : 7.18 µs
Avg HW time/frame (GRAND)     : 108.27 µs
Avg HW time/frame (total)     : 115.45 µs

=== Adaptive HYBRID Monte-Carlo (channel=SIONNA_TDL) ===
Decoder label                 : hybbgr4
SNR (dB)                      : 8.50
Frames simulated              : 3777
Final frame errors            : 250 (target=250)
Stage-1 BER                   : 1.713e-02
Stage-1 FER                   : 2.915e-01
Final BER (LDPC+GRAND)        : 1.104e-02
Final FER (LDPC+GRAND)        : 6.619e-02
Avg stage-1 iters/frame       : 3.23
Avg HW time/frame (stage-1)   : 5.73 µs
Avg HW time/frame (GRAND)     : 228.03 µs
Avg HW time/frame (total)     : 233.76 µs

=== Adaptive HYBRID Monte-Carlo (channel=SIONNA_TDL) ===
Decoder label                 : hybbgr8
SNR (dB)                      : 8.50
Frames simulated              : 7411
Final frame errors            : 250 (target=250)
Stage-1 BER                   : 5.885e-03
Stage-1 FER                   : 5.222e-02
Final BER (LDPC+GRAND)        : 5.469e-03
Final FER (LDPC+GRAND)        : 3.373e-02
Avg stage-1 iters/frame       : 3.83
Avg HW time/frame (stage-1)   : 6.68 µs
Avg HW time/frame (GRAND)     : 107.96 µs
Avg HW time/frame (total)     : 114.63 µs

=== Adaptive HYBRID Monte-Carlo (channel=SIONNA_TDL) ===
Decoder label                 : hybbgr15
SNR (dB)                      : 8.50
Frames simulated              : 13522
Final frame errors            : 250 (target=250)
Stage-1 BER                   : 4.177e-03
Stage-1 FER                   : 2.004e-02
Final BER (LDPC+GRAND)        : 4.160e-03
Final FER (LDPC+GRAND)        : 1.849e-02
Avg stage-1 iters/frame       : 4.08
Avg HW time/frame (stage-1)   : 7.09 µs
Avg HW time/frame (GRAND)     : 58.54 µs
Avg HW time/frame (total)     : 65.63 µs

=== Adaptive LDPC-only Monte-Carlo (channel=SIONNA_TDL) ===
Decoder label                 : ldpc4
SNR (dB)                      : 10.00
Frames simulated              : 1430
Frame errors                  : 250 (target=250)
Bit error rate (BER)          : 6.010e-03
Frame error rate (FER)        : 1.748e-01
Avg LDPC iterations/frame     : 2.99
Avg HW cycles/frame           : 4211.46
Avg HW decode time/frame      : 5.26 µs
HW model (fclk_mhz)            : 800.0 MHz

=== Adaptive LDPC-only Monte-Carlo (channel=SIONNA_TDL) ===
Decoder label                 : ldpc8
SNR (dB)                      : 10.00
Frames simulated              : 11909
Frame errors                  : 250 (target=250)
Bit error rate (BER)          : 1.991e-03
Frame error rate (FER)        : 2.099e-02
Avg LDPC iterations/frame     : 3.35
Avg HW cycles/frame           : 4654.39
Avg HW decode time/frame      : 5.82 µs
HW model (fclk_mhz)            : 800.0 MHz

=== Adaptive LDPC-only Monte-Carlo (channel=SIONNA_TDL) ===
Decoder label                 : ldpc15
SNR (dB)                      : 10.00
Frames simulated              : 35189
Frame errors                  : 250 (target=250)
Bit error rate (BER)          : 1.346e-03
Frame error rate (FER)        : 7.104e-03
Avg LDPC iterations/frame     : 3.46
Avg HW cycles/frame           : 4813.67
Avg HW decode time/frame      : 6.02 µs
HW model (fclk_mhz)            : 800.0 MHz

=== Adaptive LDPC-only Monte-Carlo (channel=SIONNA_TDL) ===
Decoder label                 : ldpc20
SNR (dB)                      : 10.00
Frames simulated              : 62056
Frame errors                  : 250 (target=250)
Bit error rate (BER)          : 1.015e-03
Frame error rate (FER)        : 4.029e-03
Avg LDPC iterations/frame     : 3.46
Avg HW cycles/frame           : 4802.05
Avg HW decode time/frame      : 6.00 µs
HW model (fclk_mhz)            : 800.0 MHz

=== Adaptive LDPC-only Monte-Carlo (channel=SIONNA_TDL) ===
Decoder label                 : ldpc100
SNR (dB)                      : 10.00
Frames simulated              : 86036
Frame errors                  : 250 (target=250)
Bit error rate (BER)          : 9.128e-04
Frame error rate (FER)        : 2.906e-03
Avg LDPC iterations/frame     : 3.73
Avg HW cycles/frame           : 5182.22
Avg HW decode time/frame      : 6.48 µs
HW model (fclk_mhz)            : 800.0 MHz

=== Adaptive HYBRID Monte-Carlo (channel=SIONNA_TDL) ===
Decoder label                 : hyb4
SNR (dB)                      : 10.00
Frames simulated              : 1547
Final frame errors            : 250 (target=250)
Stage-1 BER                   : 6.677e-03
Stage-1 FER                   : 1.784e-01
Final BER (LDPC+GRAND)        : 6.667e-03
Final FER (LDPC+GRAND)        : 1.616e-01
Avg stage-1 iters/frame       : 3.03
Avg HW time/frame (stage-1)   : 5.34 µs
Avg HW time/frame (GRAND)     : 27.92 µs
Avg HW time/frame (total)     : 33.26 µs

=== Adaptive HYBRID Monte-Carlo (channel=SIONNA_TDL) ===
Decoder label                 : hyb8
SNR (dB)                      : 10.00
Frames simulated              : 12794
Final frame errors            : 250 (target=250)
Stage-1 BER                   : 1.803e-03
Stage-1 FER                   : 2.110e-02
Final BER (LDPC+GRAND)        : 1.803e-03
Final FER (LDPC+GRAND)        : 1.954e-02
Avg stage-1 iters/frame       : 3.36
Avg HW time/frame (stage-1)   : 5.84 µs
Avg HW time/frame (GRAND)     : 3.48 µs
Avg HW time/frame (total)     : 9.32 µs

=== Adaptive HYBRID Monte-Carlo (channel=SIONNA_TDL) ===
Decoder label                 : hyb15
SNR (dB)                      : 10.00
Frames simulated              : 41691
Final frame errors            : 250 (target=250)
Stage-1 BER                   : 1.227e-03
Stage-1 FER                   : 6.140e-03
Final BER (LDPC+GRAND)        : 1.227e-03
Final FER (LDPC+GRAND)        : 5.996e-03
Avg stage-1 iters/frame       : 3.45
Avg HW time/frame (stage-1)   : 5.98 µs
Avg HW time/frame (GRAND)     : 1.14 µs
Avg HW time/frame (total)     : 7.12 µs

=== Adaptive HYBRID Monte-Carlo (channel=SIONNA_TDL) ===
Decoder label                 : hybsv4
SNR (dB)                      : 10.00
Frames simulated              : 1463
Final frame errors            : 250 (target=250)
Stage-1 BER                   : 6.770e-03
Stage-1 FER                   : 1.914e-01
Final BER (LDPC+GRAND)        : 6.758e-03
Final FER (LDPC+GRAND)        : 1.709e-01
Avg stage-1 iters/frame       : 3.03
Avg HW time/frame (stage-1)   : 5.34 µs
Avg HW time/frame (GRAND)     : 118.07 µs
Avg HW time/frame (total)     : 123.40 µs

=== Adaptive HYBRID Monte-Carlo (channel=SIONNA_TDL) ===
Decoder label                 : hybsv8
SNR (dB)                      : 10.00
Frames simulated              : 12617
Final frame errors            : 250 (target=250)
Stage-1 BER                   : 1.846e-03
Stage-1 FER                   : 2.084e-02
Final BER (LDPC+GRAND)        : 1.846e-03
Final FER (LDPC+GRAND)        : 1.981e-02
Avg stage-1 iters/frame       : 3.38
Avg HW time/frame (stage-1)   : 5.88 µs
Avg HW time/frame (GRAND)     : 14.21 µs
Avg HW time/frame (total)     : 20.10 µs

=== Adaptive HYBRID Monte-Carlo (channel=SIONNA_TDL) ===
Decoder label                 : hybsv15
SNR (dB)                      : 10.00
Frames simulated              : 39419
Final frame errors            : 250 (target=250)
Stage-1 BER                   : 1.385e-03
Stage-1 FER                   : 6.570e-03
Final BER (LDPC+GRAND)        : 1.385e-03
Final FER (LDPC+GRAND)        : 6.342e-03
Avg stage-1 iters/frame       : 3.47
Avg HW time/frame (stage-1)   : 6.02 µs
Avg HW time/frame (GRAND)     : 4.79 µs
Avg HW time/frame (total)     : 10.81 µs

=== Adaptive HYBRID Monte-Carlo (channel=SIONNA_TDL) ===
Decoder label                 : hybptg4
SNR (dB)                      : 10.00
Frames simulated              : 1824
Final frame errors            : 250 (target=250)
Stage-1 BER                   : 6.615e-03
Stage-1 FER                   : 1.880e-01
Final BER (LDPC+GRAND)        : 6.544e-03
Final FER (LDPC+GRAND)        : 1.371e-01
Avg stage-1 iters/frame       : 3.04
Avg HW time/frame (stage-1)   : 5.36 µs
Avg HW time/frame (GRAND)     : 180.22 µs
Avg HW time/frame (total)     : 185.58 µs

=== Adaptive HYBRID Monte-Carlo (channel=SIONNA_TDL) ===
Decoder label                 : hybptg8
SNR (dB)                      : 10.00
Frames simulated              : 14277
Final frame errors            : 250 (target=250)
Stage-1 BER                   : 1.878e-03
Stage-1 FER                   : 2.157e-02
Final BER (LDPC+GRAND)        : 1.873e-03
Final FER (LDPC+GRAND)        : 1.751e-02
Avg stage-1 iters/frame       : 3.38
Avg HW time/frame (stage-1)   : 5.88 µs
Avg HW time/frame (GRAND)     : 25.48 µs
Avg HW time/frame (total)     : 31.36 µs

=== Adaptive HYBRID Monte-Carlo (channel=SIONNA_TDL) ===
Decoder label                 : hybptg15
SNR (dB)                      : 10.00
Frames simulated              : 49708
Final frame errors            : 250 (target=250)
Stage-1 BER                   : 1.093e-03
Stage-1 FER                   : 5.291e-03
Final BER (LDPC+GRAND)        : 1.093e-03
Final FER (LDPC+GRAND)        : 5.029e-03
Avg stage-1 iters/frame       : 3.44
Avg HW time/frame (stage-1)   : 5.98 µs
Avg HW time/frame (GRAND)     : 7.90 µs
Avg HW time/frame (total)     : 13.88 µs

=== Adaptive HYBRID Monte-Carlo (channel=SIONNA_TDL) ===
Decoder label                 : hybctg4
SNR (dB)                      : 10.00
Frames simulated              : 4932
Final frame errors            : 250 (target=250)
Stage-1 BER                   : 6.885e-03
Stage-1 FER                   : 1.841e-01
Final BER (LDPC+GRAND)        : 5.858e-03
Final FER (LDPC+GRAND)        : 5.069e-02
Avg stage-1 iters/frame       : 3.00
Avg HW time/frame (stage-1)   : 5.27 µs
Avg HW time/frame (GRAND)     : 190.62 µs
Avg HW time/frame (total)     : 195.89 µs

=== Adaptive HYBRID Monte-Carlo (channel=SIONNA_TDL) ===
Decoder label                 : hybctg8
SNR (dB)                      : 10.00
Frames simulated              : 14657
Final frame errors            : 250 (target=250)
Stage-1 BER                   : 1.955e-03
Stage-1 FER                   : 2.060e-02
Final BER (LDPC+GRAND)        : 1.950e-03
Final FER (LDPC+GRAND)        : 1.706e-02
Avg stage-1 iters/frame       : 3.36
Avg HW time/frame (stage-1)   : 5.84 µs
Avg HW time/frame (GRAND)     : 63.22 µs
Avg HW time/frame (total)     : 69.06 µs

=== Adaptive HYBRID Monte-Carlo (channel=SIONNA_TDL) ===
Decoder label                 : hybctg15
SNR (dB)                      : 10.00
Frames simulated              : 41433
Final frame errors            : 250 (target=250)
Stage-1 BER                   : 1.327e-03
Stage-1 FER                   : 6.299e-03
Final BER (LDPC+GRAND)        : 1.327e-03
Final FER (LDPC+GRAND)        : 6.034e-03
Avg stage-1 iters/frame       : 3.45
Avg HW time/frame (stage-1)   : 6.00 µs
Avg HW time/frame (GRAND)     : 22.03 µs
Avg HW time/frame (total)     : 28.03 µs

=== Adaptive HYBRID Monte-Carlo (channel=SIONNA_TDL) ===
Decoder label                 : hybahr4
SNR (dB)                      : 10.00
Frames simulated              : 3233
Final frame errors            : 250 (target=250)
Stage-1 BER                   : 7.804e-03
Stage-1 FER                   : 2.014e-01
Final BER (LDPC+GRAND)        : 6.352e-03
Final FER (LDPC+GRAND)        : 7.733e-02
Avg stage-1 iters/frame       : 3.02
Avg HW time/frame (stage-1)   : 5.32 µs
Avg HW time/frame (GRAND)     : 394.23 µs
Avg HW time/frame (total)     : 399.55 µs

=== Adaptive HYBRID Monte-Carlo (channel=SIONNA_TDL) ===
Decoder label                 : hybahr8
SNR (dB)                      : 10.00
Frames simulated              : 14772
Final frame errors            : 250 (target=250)
Stage-1 BER                   : 1.909e-03
Stage-1 FER                   : 2.099e-02
Final BER (LDPC+GRAND)        : 1.890e-03
Final FER (LDPC+GRAND)        : 1.692e-02
Avg stage-1 iters/frame       : 3.38
Avg HW time/frame (stage-1)   : 5.87 µs
Avg HW time/frame (GRAND)     : 81.78 µs
Avg HW time/frame (total)     : 87.65 µs

=== Adaptive HYBRID Monte-Carlo (channel=SIONNA_TDL) ===
Decoder label                 : hybahr15
SNR (dB)                      : 10.00
Frames simulated              : 42544
Final frame errors            : 250 (target=250)
Stage-1 BER                   : 1.150e-03
Stage-1 FER                   : 6.135e-03
Final BER (LDPC+GRAND)        : 1.149e-03
Final FER (LDPC+GRAND)        : 5.876e-03
Avg stage-1 iters/frame       : 3.45
Avg HW time/frame (stage-1)   : 5.99 µs
Avg HW time/frame (GRAND)     : 28.38 µs
Avg HW time/frame (total)     : 34.37 µs

=== Adaptive HYBRID Monte-Carlo (channel=SIONNA_TDL) ===
Decoder label                 : hybbgr4
SNR (dB)                      : 10.00
Frames simulated              : 9926
Final frame errors            : 250 (target=250)
Stage-1 BER                   : 6.936e-03
Stage-1 FER                   : 1.910e-01
Final BER (LDPC+GRAND)        : 3.322e-03
Final FER (LDPC+GRAND)        : 2.519e-02
Avg stage-1 iters/frame       : 3.00
Avg HW time/frame (stage-1)   : 5.29 µs
Avg HW time/frame (GRAND)     : 91.40 µs
Avg HW time/frame (total)     : 96.69 µs

=== Adaptive HYBRID Monte-Carlo (channel=SIONNA_TDL) ===
Decoder label                 : hybbgr8
SNR (dB)                      : 10.00
Frames simulated              : 21608
Final frame errors            : 250 (target=250)
Stage-1 BER                   : 1.968e-03
Stage-1 FER                   : 2.115e-02
Final BER (LDPC+GRAND)        : 1.807e-03
Final FER (LDPC+GRAND)        : 1.157e-02
Avg stage-1 iters/frame       : 3.38
Avg HW time/frame (stage-1)   : 5.87 µs
Avg HW time/frame (GRAND)     : 37.86 µs
Avg HW time/frame (total)     : 43.74 µs

=== Adaptive HYBRID Monte-Carlo (channel=SIONNA_TDL) ===
Decoder label                 : hybbgr15
SNR (dB)                      : 10.00
Frames simulated              : 45159
Final frame errors            : 250 (target=250)
Stage-1 BER                   : 1.179e-03
Stage-1 FER                   : 6.200e-03
Final BER (LDPC+GRAND)        : 1.166e-03
Final FER (LDPC+GRAND)        : 5.536e-03
Avg stage-1 iters/frame       : 3.44
Avg HW time/frame (stage-1)   : 5.98 µs
Avg HW time/frame (GRAND)     : 17.56 µs
Avg HW time/frame (total)     : 23.54 µs

=== Adaptive LDPC-only Monte-Carlo (channel=SIONNA_TDL) ===
Decoder label                 : ldpc4
SNR (dB)                      : 9.00
Frames simulated              : 940
Frame errors                  : 250 (target=250)
Bit error rate (BER)          : 1.334e-02
Frame error rate (FER)        : 2.660e-01
Avg LDPC iterations/frame     : 3.16
Avg HW cycles/frame           : 4475.50
Avg HW decode time/frame      : 5.59 µs
HW model (fclk_mhz)            : 800.0 MHz

=== Adaptive LDPC-only Monte-Carlo (channel=SIONNA_TDL) ===
Decoder label                 : ldpc8
SNR (dB)                      : 9.00
Frames simulated              : 6082
Frame errors                  : 250 (target=250)
Bit error rate (BER)          : 4.123e-03
Frame error rate (FER)        : 4.110e-02
Avg LDPC iterations/frame     : 3.68
Avg HW cycles/frame           : 5129.11
Avg HW decode time/frame      : 6.41 µs
HW model (fclk_mhz)            : 800.0 MHz

=== Adaptive LDPC-only Monte-Carlo (channel=SIONNA_TDL) ===
Decoder label                 : ldpc15
SNR (dB)                      : 9.00
Frames simulated              : 17843
Frame errors                  : 250 (target=250)
Bit error rate (BER)          : 2.832e-03
Frame error rate (FER)        : 1.401e-02
Avg LDPC iterations/frame     : 3.86
Avg HW cycles/frame           : 5362.30
Avg HW decode time/frame      : 6.70 µs
HW model (fclk_mhz)            : 800.0 MHz

=== Adaptive LDPC-only Monte-Carlo (channel=SIONNA_TDL) ===
Decoder label                 : ldpc20
SNR (dB)                      : 9.00
Frames simulated              : 23491
Frame errors                  : 250 (target=250)
Bit error rate (BER)          : 2.616e-03
Frame error rate (FER)        : 1.064e-02
Avg LDPC iterations/frame     : 3.89
Avg HW cycles/frame           : 5411.12
Avg HW decode time/frame      : 6.76 µs
HW model (fclk_mhz)            : 800.0 MHz

=== Adaptive LDPC-only Monte-Carlo (channel=SIONNA_TDL) ===
Decoder label                 : ldpc100
SNR (dB)                      : 9.00
Frames simulated              : 37478
Frame errors                  : 250 (target=250)
Bit error rate (BER)          : 2.123e-03
Frame error rate (FER)        : 6.671e-03
Avg LDPC iterations/frame     : 4.49
Avg HW cycles/frame           : 6240.41
Avg HW decode time/frame      : 7.80 µs
HW model (fclk_mhz)            : 800.0 MHz

=== Adaptive HYBRID Monte-Carlo (channel=SIONNA_TDL) ===
Decoder label                 : hyb4
SNR (dB)                      : 9.00
Frames simulated              : 945
Final frame errors            : 250 (target=250)
Stage-1 BER                   : 1.360e-02
Stage-1 FER                   : 2.868e-01
Final BER (LDPC+GRAND)        : 1.359e-02
Final FER (LDPC+GRAND)        : 2.646e-01
Avg stage-1 iters/frame       : 3.21
Avg HW time/frame (stage-1)   : 5.68 µs
Avg HW time/frame (GRAND)     : 45.58 µs
Avg HW time/frame (total)     : 51.26 µs

=== Adaptive HYBRID Monte-Carlo (channel=SIONNA_TDL) ===
Decoder label                 : hyb8
SNR (dB)                      : 9.00
Frames simulated              : 6231
Final frame errors            : 250 (target=250)
Stage-1 BER                   : 3.681e-03
Stage-1 FER                   : 4.237e-02
Final BER (LDPC+GRAND)        : 3.681e-03
Final FER (LDPC+GRAND)        : 4.012e-02
Avg stage-1 iters/frame       : 3.67
Avg HW time/frame (stage-1)   : 6.39 µs
Avg HW time/frame (GRAND)     : 7.26 µs
Avg HW time/frame (total)     : 13.65 µs

=== Adaptive HYBRID Monte-Carlo (channel=SIONNA_TDL) ===
Decoder label                 : hyb15
SNR (dB)                      : 9.00
Frames simulated              : 17345
Final frame errors            : 250 (target=250)
Stage-1 BER                   : 2.908e-03
Stage-1 FER                   : 1.464e-02
Final BER (LDPC+GRAND)        : 2.908e-03
Final FER (LDPC+GRAND)        : 1.441e-02
Avg stage-1 iters/frame       : 3.85
Avg HW time/frame (stage-1)   : 6.69 µs
Avg HW time/frame (GRAND)     : 2.72 µs
Avg HW time/frame (total)     : 9.42 µs

=== Adaptive HYBRID Monte-Carlo (channel=SIONNA_TDL) ===
Decoder label                 : hybsv4
SNR (dB)                      : 9.00
Frames simulated              : 1085
Final frame errors            : 250 (target=250)
Stage-1 BER                   : 1.368e-02
Stage-1 FER                   : 2.544e-01
Final BER (LDPC+GRAND)        : 1.366e-02
Final FER (LDPC+GRAND)        : 2.304e-01
Avg stage-1 iters/frame       : 3.15
Avg HW time/frame (stage-1)   : 5.57 µs
Avg HW time/frame (GRAND)     : 163.29 µs
Avg HW time/frame (total)     : 168.85 µs

=== Adaptive HYBRID Monte-Carlo (channel=SIONNA_TDL) ===
Decoder label                 : hybsv8
SNR (dB)                      : 9.00
Frames simulated              : 6695
Final frame errors            : 250 (target=250)
Stage-1 BER                   : 4.753e-03
Stage-1 FER                   : 4.048e-02
Final BER (LDPC+GRAND)        : 4.752e-03
Final FER (LDPC+GRAND)        : 3.734e-02
Avg stage-1 iters/frame       : 3.71
Avg HW time/frame (stage-1)   : 6.46 µs
Avg HW time/frame (GRAND)     : 27.22 µs
Avg HW time/frame (total)     : 33.69 µs

=== Adaptive HYBRID Monte-Carlo (channel=SIONNA_TDL) ===
Decoder label                 : hybsv15
SNR (dB)                      : 9.00
Frames simulated              : 19028
Final frame errors            : 250 (target=250)
Stage-1 BER                   : 2.805e-03
Stage-1 FER                   : 1.340e-02
Final BER (LDPC+GRAND)        : 2.805e-03
Final FER (LDPC+GRAND)        : 1.314e-02
Avg stage-1 iters/frame       : 3.87
Avg HW time/frame (stage-1)   : 6.72 µs
Avg HW time/frame (GRAND)     : 9.97 µs
Avg HW time/frame (total)     : 16.69 µs

=== Adaptive HYBRID Monte-Carlo (channel=SIONNA_TDL) ===
Decoder label                 : hybptg4
SNR (dB)                      : 9.00
Frames simulated              : 1344
Final frame errors            : 250 (target=250)
Stage-1 BER                   : 1.303e-02
Stage-1 FER                   : 2.493e-01
Final BER (LDPC+GRAND)        : 1.294e-02
Final FER (LDPC+GRAND)        : 1.860e-01
Avg stage-1 iters/frame       : 3.15
Avg HW time/frame (stage-1)   : 5.57 µs
Avg HW time/frame (GRAND)     : 259.20 µs
Avg HW time/frame (total)     : 264.78 µs

=== Adaptive HYBRID Monte-Carlo (channel=SIONNA_TDL) ===
Decoder label                 : hybptg8
SNR (dB)                      : 9.00
Frames simulated              : 6596
Final frame errors            : 250 (target=250)
Stage-1 BER                   : 4.198e-03
Stage-1 FER                   : 4.336e-02
Final BER (LDPC+GRAND)        : 4.191e-03
Final FER (LDPC+GRAND)        : 3.790e-02
Avg stage-1 iters/frame       : 3.68
Avg HW time/frame (stage-1)   : 6.41 µs
Avg HW time/frame (GRAND)     : 55.47 µs
Avg HW time/frame (total)     : 61.88 µs

=== Adaptive HYBRID Monte-Carlo (channel=SIONNA_TDL) ===
Decoder label                 : hybptg15
SNR (dB)                      : 9.00
Frames simulated              : 20921
Final frame errors            : 250 (target=250)
Stage-1 BER                   : 2.641e-03
Stage-1 FER                   : 1.262e-02
Final BER (LDPC+GRAND)        : 2.641e-03
Final FER (LDPC+GRAND)        : 1.195e-02
Avg stage-1 iters/frame       : 3.86
Avg HW time/frame (stage-1)   : 6.71 µs
Avg HW time/frame (GRAND)     : 18.67 µs
Avg HW time/frame (total)     : 25.38 µs

=== Adaptive HYBRID Monte-Carlo (channel=SIONNA_TDL) ===
Decoder label                 : hybctg4
SNR (dB)                      : 9.00
Frames simulated              : 2841
Final frame errors            : 250 (target=250)
Stage-1 BER                   : 1.162e-02
Stage-1 FER                   : 2.584e-01
Final BER (LDPC+GRAND)        : 1.018e-02
Final FER (LDPC+GRAND)        : 8.800e-02
Avg stage-1 iters/frame       : 3.19
Avg HW time/frame (stage-1)   : 5.64 µs
Avg HW time/frame (GRAND)     : 326.66 µs
Avg HW time/frame (total)     : 332.31 µs

=== Adaptive HYBRID Monte-Carlo (channel=SIONNA_TDL) ===
Decoder label                 : hybctg8
SNR (dB)                      : 9.00
Frames simulated              : 6215
Final frame errors            : 250 (target=250)
Stage-1 BER                   : 5.003e-03
Stage-1 FER                   : 4.747e-02
Final BER (LDPC+GRAND)        : 4.993e-03
Final FER (LDPC+GRAND)        : 4.023e-02
Avg stage-1 iters/frame       : 3.72
Avg HW time/frame (stage-1)   : 6.47 µs
Avg HW time/frame (GRAND)     : 148.29 µs
Avg HW time/frame (total)     : 154.76 µs

=== Adaptive HYBRID Monte-Carlo (channel=SIONNA_TDL) ===
Decoder label                 : hybctg15
SNR (dB)                      : 9.00
Frames simulated              : 18440
Final frame errors            : 250 (target=250)
Stage-1 BER                   : 3.047e-03
Stage-1 FER                   : 1.437e-02
Final BER (LDPC+GRAND)        : 3.047e-03
Final FER (LDPC+GRAND)        : 1.356e-02
Avg stage-1 iters/frame       : 3.88
Avg HW time/frame (stage-1)   : 6.75 µs
Avg HW time/frame (GRAND)     : 49.75 µs
Avg HW time/frame (total)     : 56.50 µs

=== Adaptive HYBRID Monte-Carlo (channel=SIONNA_TDL) ===
Decoder label                 : hybahr4
SNR (dB)                      : 9.00
Frames simulated              : 2112
Final frame errors            : 250 (target=250)
Stage-1 BER                   : 1.129e-02
Stage-1 FER                   : 2.462e-01
Final BER (LDPC+GRAND)        : 9.830e-03
Final FER (LDPC+GRAND)        : 1.184e-01
Avg stage-1 iters/frame       : 3.12
Avg HW time/frame (stage-1)   : 5.51 µs
Avg HW time/frame (GRAND)     : 585.83 µs
Avg HW time/frame (total)     : 591.35 µs

=== Adaptive HYBRID Monte-Carlo (channel=SIONNA_TDL) ===
Decoder label                 : hybahr8
SNR (dB)                      : 9.00
Frames simulated              : 8077
Final frame errors            : 250 (target=250)
Stage-1 BER                   : 4.232e-03
Stage-1 FER                   : 3.727e-02
Final BER (LDPC+GRAND)        : 4.211e-03
Final FER (LDPC+GRAND)        : 3.095e-02
Avg stage-1 iters/frame       : 3.68
Avg HW time/frame (stage-1)   : 6.40 µs
Avg HW time/frame (GRAND)     : 148.92 µs
Avg HW time/frame (total)     : 155.32 µs

=== Adaptive HYBRID Monte-Carlo (channel=SIONNA_TDL) ===
Decoder label                 : hybahr15
SNR (dB)                      : 9.00
Frames simulated              : 18141
Final frame errors            : 250 (target=250)
Stage-1 BER                   : 3.029e-03
Stage-1 FER                   : 1.461e-02
Final BER (LDPC+GRAND)        : 3.028e-03
Final FER (LDPC+GRAND)        : 1.378e-02
Avg stage-1 iters/frame       : 3.90
Avg HW time/frame (stage-1)   : 6.77 µs
Avg HW time/frame (GRAND)     : 67.20 µs
Avg HW time/frame (total)     : 73.97 µs

=== Adaptive HYBRID Monte-Carlo (channel=SIONNA_TDL) ===
Decoder label                 : hybbgr4
SNR (dB)                      : 9.00
Frames simulated              : 5413
Final frame errors            : 250 (target=250)
Stage-1 BER                   : 1.224e-02
Stage-1 FER                   : 2.544e-01
Final BER (LDPC+GRAND)        : 6.731e-03
Final FER (LDPC+GRAND)        : 4.619e-02
Avg stage-1 iters/frame       : 3.15
Avg HW time/frame (stage-1)   : 5.58 µs
Avg HW time/frame (GRAND)     : 164.14 µs
Avg HW time/frame (total)     : 169.71 µs

=== Adaptive HYBRID Monte-Carlo (channel=SIONNA_TDL) ===
Decoder label                 : hybbgr8
SNR (dB)                      : 9.00
Frames simulated              : 10381
Final frame errors            : 250 (target=250)
Stage-1 BER                   : 4.130e-03
Stage-1 FER                   : 4.065e-02
Final BER (LDPC+GRAND)        : 3.866e-03
Final FER (LDPC+GRAND)        : 2.408e-02
Avg stage-1 iters/frame       : 3.68
Avg HW time/frame (stage-1)   : 6.40 µs
Avg HW time/frame (GRAND)     : 78.41 µs
Avg HW time/frame (total)     : 84.81 µs

=== Adaptive HYBRID Monte-Carlo (channel=SIONNA_TDL) ===
Decoder label                 : hybbgr15
SNR (dB)                      : 9.00
Frames simulated              : 18490
Final frame errors            : 250 (target=250)
Stage-1 BER                   : 2.917e-03
Stage-1 FER                   : 1.439e-02
Final BER (LDPC+GRAND)        : 2.909e-03
Final FER (LDPC+GRAND)        : 1.352e-02
Avg stage-1 iters/frame       : 3.87
Avg HW time/frame (stage-1)   : 6.72 µs
Avg HW time/frame (GRAND)     : 42.72 µs
Avg HW time/frame (total)     : 49.43 µs

=== Adaptive LDPC-only Monte-Carlo (channel=SIONNA_TDL) ===
Decoder label                 : ldpc4
SNR (dB)                      : 10.50
Frames simulated              : 1501
Frame errors                  : 250 (target=250)
Bit error rate (BER)          : 5.182e-03
Frame error rate (FER)        : 1.666e-01
Avg LDPC iterations/frame     : 2.97
Avg HW cycles/frame           : 4185.30
Avg HW decode time/frame      : 5.23 µs
HW model (fclk_mhz)            : 800.0 MHz

=== Adaptive LDPC-only Monte-Carlo (channel=SIONNA_TDL) ===
Decoder label                 : ldpc8
SNR (dB)                      : 10.50
Frames simulated              : 17620
Frame errors                  : 250 (target=250)
Bit error rate (BER)          : 1.104e-03
Frame error rate (FER)        : 1.419e-02
Avg LDPC iterations/frame     : 3.22
Avg HW cycles/frame           : 4476.95
Avg HW decode time/frame      : 5.60 µs
HW model (fclk_mhz)            : 800.0 MHz

=== Adaptive LDPC-only Monte-Carlo (channel=SIONNA_TDL) ===
Decoder label                 : ldpc15
SNR (dB)                      : 10.50
Frames simulated              : 57283
Frame errors                  : 250 (target=250)
Bit error rate (BER)          : 8.827e-04
Frame error rate (FER)        : 4.364e-03
Avg LDPC iterations/frame     : 3.29
Avg HW cycles/frame           : 4567.21
Avg HW decode time/frame      : 5.71 µs
HW model (fclk_mhz)            : 800.0 MHz

=== Adaptive LDPC-only Monte-Carlo (channel=SIONNA_TDL) ===
Decoder label                 : ldpc20
SNR (dB)                      : 10.50
Frames simulated              : 83892
Frame errors                  : 250 (target=250)
Bit error rate (BER)          : 6.543e-04
Frame error rate (FER)        : 2.980e-03
Avg LDPC iterations/frame     : 3.31
Avg HW cycles/frame           : 4597.91
Avg HW decode time/frame      : 5.75 µs
HW model (fclk_mhz)            : 800.0 MHz

=== Adaptive LDPC-only Monte-Carlo (channel=SIONNA_TDL) ===
Decoder label                 : ldpc100
SNR (dB)                      : 10.50
Frames simulated              : 140210
Frame errors                  : 250 (target=250)
Bit error rate (BER)          : 5.651e-04
Frame error rate (FER)        : 1.783e-03
Avg LDPC iterations/frame     : 3.46
Avg HW cycles/frame           : 4807.20
Avg HW decode time/frame      : 6.01 µs
HW model (fclk_mhz)            : 800.0 MHz

=== Adaptive HYBRID Monte-Carlo (channel=SIONNA_TDL) ===
Decoder label                 : hyb4
SNR (dB)                      : 10.50
Frames simulated              : 1871
Final frame errors            : 250 (target=250)
Stage-1 BER                   : 4.801e-03
Stage-1 FER                   : 1.513e-01
Final BER (LDPC+GRAND)        : 4.793e-03
Final FER (LDPC+GRAND)        : 1.336e-01
Avg stage-1 iters/frame       : 2.92
Avg HW time/frame (stage-1)   : 5.13 µs
Avg HW time/frame (GRAND)     : 22.68 µs
Avg HW time/frame (total)     : 27.81 µs

=== Adaptive HYBRID Monte-Carlo (channel=SIONNA_TDL) ===
Decoder label                 : hyb8
SNR (dB)                      : 10.50
Frames simulated              : 17789
Final frame errors            : 250 (target=250)
Stage-1 BER                   : 1.326e-03
Stage-1 FER                   : 1.512e-02
Final BER (LDPC+GRAND)        : 1.326e-03
Final FER (LDPC+GRAND)        : 1.405e-02
Avg stage-1 iters/frame       : 3.24
Avg HW time/frame (stage-1)   : 5.63 µs
Avg HW time/frame (GRAND)     : 2.54 µs
Avg HW time/frame (total)     : 8.16 µs

=== Adaptive HYBRID Monte-Carlo (channel=SIONNA_TDL) ===
Decoder label                 : hyb15
SNR (dB)                      : 10.50
Frames simulated              : 70744
Final frame errors            : 250 (target=250)
Stage-1 BER                   : 6.639e-04
Stage-1 FER                   : 3.661e-03
Final BER (LDPC+GRAND)        : 6.638e-04
Final FER (LDPC+GRAND)        : 3.534e-03
Avg stage-1 iters/frame       : 3.27
Avg HW time/frame (stage-1)   : 5.68 µs
Avg HW time/frame (GRAND)     : 0.66 µs
Avg HW time/frame (total)     : 6.34 µs

=== Adaptive HYBRID Monte-Carlo (channel=SIONNA_TDL) ===
Decoder label                 : hybsv4
SNR (dB)                      : 10.50
Frames simulated              : 1870
Final frame errors            : 250 (target=250)
Stage-1 BER                   : 5.747e-03
Stage-1 FER                   : 1.551e-01
Final BER (LDPC+GRAND)        : 5.736e-03
Final FER (LDPC+GRAND)        : 1.337e-01
Avg stage-1 iters/frame       : 2.93
Avg HW time/frame (stage-1)   : 5.15 µs
Avg HW time/frame (GRAND)     : 90.92 µs
Avg HW time/frame (total)     : 96.07 µs

=== Adaptive HYBRID Monte-Carlo (channel=SIONNA_TDL) ===
Decoder label                 : hybsv8
SNR (dB)                      : 10.50
Frames simulated              : 19104
Final frame errors            : 250 (target=250)
Stage-1 BER                   : 1.296e-03
Stage-1 FER                   : 1.434e-02
Final BER (LDPC+GRAND)        : 1.295e-03
Final FER (LDPC+GRAND)        : 1.309e-02
Avg stage-1 iters/frame       : 3.23
Avg HW time/frame (stage-1)   : 5.61 µs
Avg HW time/frame (GRAND)     : 9.35 µs
Avg HW time/frame (total)     : 14.95 µs

=== Adaptive HYBRID Monte-Carlo (channel=SIONNA_TDL) ===
Decoder label                 : hybsv15
SNR (dB)                      : 10.50
Frames simulated              : 59379
Final frame errors            : 250 (target=250)
Stage-1 BER                   : 8.946e-04
Stage-1 FER                   : 4.429e-03
Final BER (LDPC+GRAND)        : 8.945e-04
Final FER (LDPC+GRAND)        : 4.210e-03
Avg stage-1 iters/frame       : 3.29
Avg HW time/frame (stage-1)   : 5.72 µs
Avg HW time/frame (GRAND)     : 3.19 µs
Avg HW time/frame (total)     : 8.90 µs

=== Adaptive HYBRID Monte-Carlo (channel=SIONNA_TDL) ===
Decoder label                 : hybptg4
SNR (dB)                      : 10.50
Frames simulated              : 2266
Final frame errors            : 250 (target=250)
Stage-1 BER                   : 4.622e-03
Stage-1 FER                   : 1.611e-01
Final BER (LDPC+GRAND)        : 4.548e-03
Final FER (LDPC+GRAND)        : 1.103e-01
Avg stage-1 iters/frame       : 2.96
Avg HW time/frame (stage-1)   : 5.20 µs
Avg HW time/frame (GRAND)     : 145.10 µs
Avg HW time/frame (total)     : 150.30 µs

=== Adaptive HYBRID Monte-Carlo (channel=SIONNA_TDL) ===
Decoder label                 : hybptg8
SNR (dB)                      : 10.50
Frames simulated              : 20264
Final frame errors            : 250 (target=250)
Stage-1 BER                   : 1.222e-03
Stage-1 FER                   : 1.500e-02
Final BER (LDPC+GRAND)        : 1.219e-03
Final FER (LDPC+GRAND)        : 1.234e-02
Avg stage-1 iters/frame       : 3.22
Avg HW time/frame (stage-1)   : 5.59 µs
Avg HW time/frame (GRAND)     : 18.01 µs
Avg HW time/frame (total)     : 23.60 µs

=== Adaptive HYBRID Monte-Carlo (channel=SIONNA_TDL) ===
Decoder label                 : hybptg15
SNR (dB)                      : 10.50
Frames simulated              : 65238
Final frame errors            : 250 (target=250)
Stage-1 BER                   : 8.036e-04
Stage-1 FER                   : 4.169e-03
Final BER (LDPC+GRAND)        : 8.032e-04
Final FER (LDPC+GRAND)        : 3.832e-03
Avg stage-1 iters/frame       : 3.30
Avg HW time/frame (stage-1)   : 5.73 µs
Avg HW time/frame (GRAND)     : 5.98 µs
Avg HW time/frame (total)     : 11.71 µs

=== Adaptive HYBRID Monte-Carlo (channel=SIONNA_TDL) ===
Decoder label                 : hybctg4
SNR (dB)                      : 10.50
Frames simulated              : 6440
Final frame errors            : 250 (target=250)
Stage-1 BER                   : 5.107e-03
Stage-1 FER                   : 1.621e-01
Final BER (LDPC+GRAND)        : 4.134e-03
Final FER (LDPC+GRAND)        : 3.882e-02
Avg stage-1 iters/frame       : 2.94
Avg HW time/frame (stage-1)   : 5.17 µs
Avg HW time/frame (GRAND)     : 146.84 µs
Avg HW time/frame (total)     : 152.01 µs

=== Adaptive HYBRID Monte-Carlo (channel=SIONNA_TDL) ===
Decoder label                 : hybctg8
SNR (dB)                      : 10.50
Frames simulated              : 18576
Final frame errors            : 250 (target=250)
Stage-1 BER                   : 1.589e-03
Stage-1 FER                   : 1.674e-02
Final BER (LDPC+GRAND)        : 1.585e-03
Final FER (LDPC+GRAND)        : 1.346e-02
Avg stage-1 iters/frame       : 3.25
Avg HW time/frame (stage-1)   : 5.66 µs
Avg HW time/frame (GRAND)     : 50.27 µs
Avg HW time/frame (total)     : 55.92 µs

=== Adaptive HYBRID Monte-Carlo (channel=SIONNA_TDL) ===
Decoder label                 : hybctg15
SNR (dB)                      : 10.50
Frames simulated              : 64583
Final frame errors            : 250 (target=250)
Stage-1 BER                   : 8.121e-04
Stage-1 FER                   : 4.072e-03
Final BER (LDPC+GRAND)        : 8.119e-04
Final FER (LDPC+GRAND)        : 3.871e-03
Avg stage-1 iters/frame       : 3.28
Avg HW time/frame (stage-1)   : 5.69 µs
Avg HW time/frame (GRAND)     : 14.24 µs
Avg HW time/frame (total)     : 19.93 µs

=== Adaptive HYBRID Monte-Carlo (channel=SIONNA_TDL) ===
Decoder label                 : hybahr4
SNR (dB)                      : 10.50
Frames simulated              : 4295
Final frame errors            : 250 (target=250)
Stage-1 BER                   : 5.897e-03
Stage-1 FER                   : 1.702e-01
Final BER (LDPC+GRAND)        : 4.553e-03
Final FER (LDPC+GRAND)        : 5.821e-02
Avg stage-1 iters/frame       : 2.96
Avg HW time/frame (stage-1)   : 5.21 µs
Avg HW time/frame (GRAND)     : 296.14 µs
Avg HW time/frame (total)     : 301.35 µs

=== Adaptive HYBRID Monte-Carlo (channel=SIONNA_TDL) ===
Decoder label                 : hybahr8
SNR (dB)                      : 10.50
Frames simulated              : 21473
Final frame errors            : 250 (target=250)
Stage-1 BER                   : 1.351e-03
Stage-1 FER                   : 1.495e-02
Final BER (LDPC+GRAND)        : 1.327e-03
Final FER (LDPC+GRAND)        : 1.164e-02
Avg stage-1 iters/frame       : 3.21
Avg HW time/frame (stage-1)   : 5.58 µs
Avg HW time/frame (GRAND)     : 55.97 µs
Avg HW time/frame (total)     : 61.55 µs

=== Adaptive HYBRID Monte-Carlo (channel=SIONNA_TDL) ===
Decoder label                 : hybahr15
SNR (dB)                      : 10.50
Frames simulated              : 68394
Final frame errors            : 250 (target=250)
Stage-1 BER                   : 7.778e-04
Stage-1 FER                   : 3.875e-03
Final BER (LDPC+GRAND)        : 7.775e-04
Final FER (LDPC+GRAND)        : 3.655e-03
Avg stage-1 iters/frame       : 3.29
Avg HW time/frame (stage-1)   : 5.72 µs
Avg HW time/frame (GRAND)     : 17.76 µs
Avg HW time/frame (total)     : 23.48 µs

=== Adaptive HYBRID Monte-Carlo (channel=SIONNA_TDL) ===
Decoder label                 : hybbgr4
SNR (dB)                      : 10.50
Frames simulated              : 15451
Final frame errors            : 250 (target=250)
Stage-1 BER                   : 4.904e-03
Stage-1 FER                   : 1.599e-01
Final BER (LDPC+GRAND)        : 1.994e-03
Final FER (LDPC+GRAND)        : 1.618e-02
Avg stage-1 iters/frame       : 2.93
Avg HW time/frame (stage-1)   : 5.16 µs
Avg HW time/frame (GRAND)     : 60.68 µs
Avg HW time/frame (total)     : 65.83 µs

=== Adaptive HYBRID Monte-Carlo (channel=SIONNA_TDL) ===
Decoder label                 : hybbgr8
SNR (dB)                      : 10.50
Frames simulated              : 27922
Final frame errors            : 250 (target=250)
Stage-1 BER                   : 1.415e-03
Stage-1 FER                   : 1.547e-02
Final BER (LDPC+GRAND)        : 1.272e-03
Final FER (LDPC+GRAND)        : 8.954e-03
Avg stage-1 iters/frame       : 3.23
Avg HW time/frame (stage-1)   : 5.61 µs
Avg HW time/frame (GRAND)     : 29.08 µs
Avg HW time/frame (total)     : 34.69 µs

=== Adaptive HYBRID Monte-Carlo (channel=SIONNA_TDL) ===
Decoder label                 : hybbgr15
SNR (dB)                      : 10.50
Frames simulated              : 69247
Final frame errors            : 250 (target=250)
Stage-1 BER                   : 7.662e-04
Stage-1 FER                   : 3.942e-03
Final BER (LDPC+GRAND)        : 7.640e-04
Final FER (LDPC+GRAND)        : 3.610e-03
Avg stage-1 iters/frame       : 3.29
Avg HW time/frame (stage-1)   : 5.72 µs
Avg HW time/frame (GRAND)     : 11.45 µs
Avg HW time/frame (total)     : 17.16 µs
[save_awgn_results] Wrote raw results : results/run_ms_fair.sbatch_27855149/sionna_tdl_sionna5g_k1024_n2048_qm1_hybrid_20260315-232400_raw.pkl
[save_awgn_results] Wrote mean summary: results/run_ms_fair.sbatch_27855149/sionna_tdl_sionna5g_k1024_n2048_qm1_hybrid_20260315-232400_summary.csv
[save_awgn_results] Wrote tails summary: results/run_ms_fair.sbatch_27855149/sionna_tdl_sionna5g_k1024_n2048_qm1_hybrid_20260315-232400_summary_tails.csv

=== Adaptive LDPC-only Monte-Carlo (channel=SIONNA_TDL) ===
Decoder label                 : ldpc4
SNR (dB)                      : 8.00
Frames simulated              : 761
Frame errors                  : 250 (target=250)
Bit error rate (BER)          : 2.485e-02
Frame error rate (FER)        : 3.285e-01
Avg LDPC iterations/frame     : 3.30
Avg HW cycles/frame           : 4695.91
Avg HW decode time/frame      : 5.87 µs
HW model (fclk_mhz)            : 800.0 MHz

=== Adaptive LDPC-only Monte-Carlo (channel=SIONNA_TDL) ===
Decoder label                 : ldpc8
SNR (dB)                      : 8.00
Frames simulated              : 3301
Frame errors                  : 250 (target=250)
Bit error rate (BER)          : 9.203e-03
Frame error rate (FER)        : 7.573e-02
Avg LDPC iterations/frame     : 4.10
Avg HW cycles/frame           : 5717.49
Avg HW decode time/frame      : 7.15 µs
HW model (fclk_mhz)            : 800.0 MHz

=== Adaptive LDPC-only Monte-Carlo (channel=SIONNA_TDL) ===
Decoder label                 : ldpc15
SNR (dB)                      : 8.00
Frames simulated              : 8813
Frame errors                  : 250 (target=250)
Bit error rate (BER)          : 6.702e-03
Frame error rate (FER)        : 2.837e-02
Avg LDPC iterations/frame     : 4.37
Avg HW cycles/frame           : 6075.60
Avg HW decode time/frame      : 7.59 µs
HW model (fclk_mhz)            : 800.0 MHz

=== Adaptive LDPC-only Monte-Carlo (channel=SIONNA_TDL) ===
Decoder label                 : ldpc20
SNR (dB)                      : 8.00
Frames simulated              : 11024
Frame errors                  : 250 (target=250)
Bit error rate (BER)          : 5.795e-03
Frame error rate (FER)        : 2.268e-02
Avg LDPC iterations/frame     : 4.47
Avg HW cycles/frame           : 6215.32
Avg HW decode time/frame      : 7.77 µs
HW model (fclk_mhz)            : 800.0 MHz

=== Adaptive LDPC-only Monte-Carlo (channel=SIONNA_TDL) ===
Decoder label                 : ldpc100
SNR (dB)                      : 8.00
Frames simulated              : 16025
Frame errors                  : 250 (target=250)
Bit error rate (BER)          : 5.027e-03
Frame error rate (FER)        : 1.560e-02
Avg LDPC iterations/frame     : 5.82
Avg HW cycles/frame           : 8091.02
Avg HW decode time/frame      : 10.11 µs
HW model (fclk_mhz)            : 800.0 MHz

=== Adaptive HYBRID Monte-Carlo (channel=SIONNA_TDL) ===
Decoder label                 : hyb4
SNR (dB)                      : 8.00
Frames simulated              : 841
Final frame errors            : 250 (target=250)
Stage-1 BER                   : 1.970e-02
Stage-1 FER                   : 3.103e-01
Final BER (LDPC+GRAND)        : 1.969e-02
Final FER (LDPC+GRAND)        : 2.973e-01
Avg stage-1 iters/frame       : 3.31
Avg HW time/frame (stage-1)   : 5.88 µs
Avg HW time/frame (GRAND)     : 52.23 µs
Avg HW time/frame (total)     : 58.11 µs

=== Adaptive HYBRID Monte-Carlo (channel=SIONNA_TDL) ===
Decoder label                 : hyb8
SNR (dB)                      : 8.00
Frames simulated              : 3580
Final frame errors            : 250 (target=250)
Stage-1 BER                   : 8.388e-03
Stage-1 FER                   : 7.346e-02
Final BER (LDPC+GRAND)        : 8.386e-03
Final FER (LDPC+GRAND)        : 6.983e-02
Avg stage-1 iters/frame       : 4.02
Avg HW time/frame (stage-1)   : 7.00 µs
Avg HW time/frame (GRAND)     : 12.87 µs
Avg HW time/frame (total)     : 19.87 µs

=== Adaptive HYBRID Monte-Carlo (channel=SIONNA_TDL) ===
Decoder label                 : hyb15
SNR (dB)                      : 8.00
Frames simulated              : 8011
Final frame errors            : 250 (target=250)
Stage-1 BER                   : 6.601e-03
Stage-1 FER                   : 3.146e-02
Final BER (LDPC+GRAND)        : 6.601e-03
Final FER (LDPC+GRAND)        : 3.121e-02
Avg stage-1 iters/frame       : 4.41
Avg HW time/frame (stage-1)   : 7.67 µs
Avg HW time/frame (GRAND)     : 5.94 µs
Avg HW time/frame (total)     : 13.61 µs

=== Adaptive HYBRID Monte-Carlo (channel=SIONNA_TDL) ===
Decoder label                 : hybsv4
SNR (dB)                      : 8.00
Frames simulated              : 815
Final frame errors            : 250 (target=250)
Stage-1 BER                   : 2.164e-02
Stage-1 FER                   : 3.264e-01
Final BER (LDPC+GRAND)        : 2.163e-02
Final FER (LDPC+GRAND)        : 3.067e-01
Avg stage-1 iters/frame       : 3.32
Avg HW time/frame (stage-1)   : 5.89 µs
Avg HW time/frame (GRAND)     : 215.82 µs
Avg HW time/frame (total)     : 221.71 µs

=== Adaptive HYBRID Monte-Carlo (channel=SIONNA_TDL) ===
Decoder label                 : hybsv8
SNR (dB)                      : 8.00
Frames simulated              : 3628
Final frame errors            : 250 (target=250)
Stage-1 BER                   : 9.094e-03
Stage-1 FER                   : 7.304e-02
Final BER (LDPC+GRAND)        : 9.092e-03
Final FER (LDPC+GRAND)        : 6.891e-02
Avg stage-1 iters/frame       : 4.03
Avg HW time/frame (stage-1)   : 7.03 µs
Avg HW time/frame (GRAND)     : 50.50 µs
Avg HW time/frame (total)     : 57.53 µs

=== Adaptive HYBRID Monte-Carlo (channel=SIONNA_TDL) ===
Decoder label                 : hybsv15
SNR (dB)                      : 8.00
Frames simulated              : 9225
Final frame errors            : 250 (target=250)
Stage-1 BER                   : 6.033e-03
Stage-1 FER                   : 2.786e-02
Final BER (LDPC+GRAND)        : 6.032e-03
Final FER (LDPC+GRAND)        : 2.710e-02
Avg stage-1 iters/frame       : 4.33
Avg HW time/frame (stage-1)   : 7.53 µs
Avg HW time/frame (GRAND)     : 20.48 µs
Avg HW time/frame (total)     : 28.01 µs

=== Adaptive HYBRID Monte-Carlo (channel=SIONNA_TDL) ===
Decoder label                 : hybptg4
SNR (dB)                      : 8.00
Frames simulated              : 1046
Final frame errors            : 250 (target=250)
Stage-1 BER                   : 1.906e-02
Stage-1 FER                   : 3.050e-01
Final BER (LDPC+GRAND)        : 1.898e-02
Final FER (LDPC+GRAND)        : 2.390e-01
Avg stage-1 iters/frame       : 3.32
Avg HW time/frame (stage-1)   : 5.89 µs
Avg HW time/frame (GRAND)     : 333.35 µs
Avg HW time/frame (total)     : 339.24 µs

=== Adaptive HYBRID Monte-Carlo (channel=SIONNA_TDL) ===
Decoder label                 : hybptg8
SNR (dB)                      : 8.00
Frames simulated              : 4752
Final frame errors            : 250 (target=250)
Stage-1 BER                   : 7.146e-03
Stage-1 FER                   : 6.418e-02
Final BER (LDPC+GRAND)        : 7.131e-03
Final FER (LDPC+GRAND)        : 5.261e-02
Avg stage-1 iters/frame       : 3.98
Avg HW time/frame (stage-1)   : 6.94 µs
Avg HW time/frame (GRAND)     : 79.08 µs
Avg HW time/frame (total)     : 86.01 µs

=== Adaptive HYBRID Monte-Carlo (channel=SIONNA_TDL) ===
Decoder label                 : hybptg15
SNR (dB)                      : 8.00
Frames simulated              : 9311
Final frame errors            : 250 (target=250)
Stage-1 BER                   : 6.079e-03
Stage-1 FER                   : 2.771e-02
Final BER (LDPC+GRAND)        : 6.079e-03
Final FER (LDPC+GRAND)        : 2.685e-02
Avg stage-1 iters/frame       : 4.37
Avg HW time/frame (stage-1)   : 7.59 µs
Avg HW time/frame (GRAND)     : 41.78 µs
Avg HW time/frame (total)     : 49.37 µs

=== Adaptive HYBRID Monte-Carlo (channel=SIONNA_TDL) ===
Decoder label                 : hybctg4
SNR (dB)                      : 8.00
Frames simulated              : 1812
Final frame errors            : 250 (target=250)
Stage-1 BER                   : 2.081e-02
Stage-1 FER                   : 3.317e-01
Final BER (LDPC+GRAND)        : 1.888e-02
Final FER (LDPC+GRAND)        : 1.380e-01
Avg stage-1 iters/frame       : 3.32
Avg HW time/frame (stage-1)   : 5.90 µs
Avg HW time/frame (GRAND)     : 511.09 µs
Avg HW time/frame (total)     : 516.99 µs

=== Adaptive HYBRID Monte-Carlo (channel=SIONNA_TDL) ===
Decoder label                 : hybctg8
SNR (dB)                      : 8.00
Frames simulated              : 3939
Final frame errors            : 250 (target=250)
Stage-1 BER                   : 9.637e-03
Stage-1 FER                   : 7.312e-02
Final BER (LDPC+GRAND)        : 9.625e-03
Final FER (LDPC+GRAND)        : 6.347e-02
Avg stage-1 iters/frame       : 4.01
Avg HW time/frame (stage-1)   : 7.00 µs
Avg HW time/frame (GRAND)     : 236.36 µs
Avg HW time/frame (total)     : 243.36 µs

=== Adaptive HYBRID Monte-Carlo (channel=SIONNA_TDL) ===
Decoder label                 : hybctg15
SNR (dB)                      : 8.00
Frames simulated              : 9314
Final frame errors            : 250 (target=250)
Stage-1 BER                   : 6.114e-03
Stage-1 FER                   : 2.856e-02
Final BER (LDPC+GRAND)        : 6.112e-03
Final FER (LDPC+GRAND)        : 2.684e-02
Avg stage-1 iters/frame       : 4.37
Avg HW time/frame (stage-1)   : 7.60 µs
Avg HW time/frame (GRAND)     : 98.97 µs
Avg HW time/frame (total)     : 106.58 µs

=== Adaptive HYBRID Monte-Carlo (channel=SIONNA_TDL) ===
Decoder label                 : hybahr4
SNR (dB)                      : 8.00
Frames simulated              : 1394
Final frame errors            : 250 (target=250)
Stage-1 BER                   : 2.189e-02
Stage-1 FER                   : 3.357e-01
Final BER (LDPC+GRAND)        : 1.966e-02
Final FER (LDPC+GRAND)        : 1.793e-01
Avg stage-1 iters/frame       : 3.31
Avg HW time/frame (stage-1)   : 5.88 µs
Avg HW time/frame (GRAND)     : 881.96 µs
Avg HW time/frame (total)     : 887.84 µs

=== Adaptive HYBRID Monte-Carlo (channel=SIONNA_TDL) ===
Decoder label                 : hybahr8
SNR (dB)                      : 8.00
Frames simulated              : 4457
Final frame errors            : 250 (target=250)
Stage-1 BER                   : 7.662e-03
Stage-1 FER                   : 6.574e-02
Final BER (LDPC+GRAND)        : 7.607e-03
Final FER (LDPC+GRAND)        : 5.609e-02
Avg stage-1 iters/frame       : 4.01
Avg HW time/frame (stage-1)   : 7.00 µs
Avg HW time/frame (GRAND)     : 270.20 µs
Avg HW time/frame (total)     : 277.20 µs

=== Adaptive HYBRID Monte-Carlo (channel=SIONNA_TDL) ===
Decoder label                 : hybahr15
SNR (dB)                      : 8.00
Frames simulated              : 8598
Final frame errors            : 250 (target=250)
Stage-1 BER                   : 6.568e-03
Stage-1 FER                   : 3.047e-02
Final BER (LDPC+GRAND)        : 6.567e-03
Final FER (LDPC+GRAND)        : 2.908e-02
Avg stage-1 iters/frame       : 4.41
Avg HW time/frame (stage-1)   : 7.66 µs
Avg HW time/frame (GRAND)     : 140.39 µs
Avg HW time/frame (total)     : 148.06 µs

=== Adaptive HYBRID Monte-Carlo (channel=SIONNA_TDL) ===
Decoder label                 : hybbgr4
SNR (dB)                      : 8.00
Frames simulated              : 3384
Final frame errors            : 250 (target=250)
Stage-1 BER                   : 1.916e-02
Stage-1 FER                   : 3.159e-01
Final BER (LDPC+GRAND)        : 1.224e-02
Final FER (LDPC+GRAND)        : 7.388e-02
Avg stage-1 iters/frame       : 3.29
Avg HW time/frame (stage-1)   : 5.84 µs
Avg HW time/frame (GRAND)     : 256.54 µs
Avg HW time/frame (total)     : 262.38 µs

=== Adaptive HYBRID Monte-Carlo (channel=SIONNA_TDL) ===
Decoder label                 : hybbgr8
SNR (dB)                      : 8.00
Frames simulated              : 5471
Final frame errors            : 250 (target=250)
Stage-1 BER                   : 8.401e-03
Stage-1 FER                   : 7.165e-02
Final BER (LDPC+GRAND)        : 7.846e-03
Final FER (LDPC+GRAND)        : 4.570e-02
Avg stage-1 iters/frame       : 4.03
Avg HW time/frame (stage-1)   : 7.02 µs
Avg HW time/frame (GRAND)     : 148.58 µs
Avg HW time/frame (total)     : 155.60 µs

=== Adaptive HYBRID Monte-Carlo (channel=SIONNA_TDL) ===
Decoder label                 : hybbgr15
SNR (dB)                      : 8.00
Frames simulated              : 9431
Final frame errors            : 250 (target=250)
Stage-1 BER                   : 6.539e-03
Stage-1 FER                   : 2.884e-02
Final BER (LDPC+GRAND)        : 6.524e-03
Final FER (LDPC+GRAND)        : 2.651e-02
Avg stage-1 iters/frame       : 4.37
Avg HW time/frame (stage-1)   : 7.60 µs
Avg HW time/frame (GRAND)     : 84.11 µs
Avg HW time/frame (total)     : 91.71 µs

=== Adaptive LDPC-only Monte-Carlo (channel=SIONNA_TDL) ===
Decoder label                 : ldpc4
SNR (dB)                      : 11.00
Frames simulated              : 1974
Frame errors                  : 250 (target=250)
Bit error rate (BER)          : 3.505e-03
Frame error rate (FER)        : 1.266e-01
Avg LDPC iterations/frame     : 2.85
Avg HW cycles/frame           : 4001.48
Avg HW decode time/frame      : 5.00 µs
HW model (fclk_mhz)            : 800.0 MHz

=== Adaptive LDPC-only Monte-Carlo (channel=SIONNA_TDL) ===
Decoder label                 : ldpc8
SNR (dB)                      : 11.00
Frames simulated              : 23331
Frame errors                  : 250 (target=250)
Bit error rate (BER)          : 9.117e-04
Frame error rate (FER)        : 1.072e-02
Avg LDPC iterations/frame     : 3.09
Avg HW cycles/frame           : 4297.43
Avg HW decode time/frame      : 5.37 µs
HW model (fclk_mhz)            : 800.0 MHz

=== Adaptive LDPC-only Monte-Carlo (channel=SIONNA_TDL) ===
Decoder label                 : ldpc15
SNR (dB)                      : 11.00
Frames simulated              : 102449
Frame errors                  : 250 (target=250)
Bit error rate (BER)          : 4.650e-04
Frame error rate (FER)        : 2.440e-03
Avg LDPC iterations/frame     : 3.13
Avg HW cycles/frame           : 4354.72
Avg HW decode time/frame      : 5.44 µs
HW model (fclk_mhz)            : 800.0 MHz

=== Adaptive LDPC-only Monte-Carlo (channel=SIONNA_TDL) ===
Decoder label                 : ldpc20
SNR (dB)                      : 11.00
Frames simulated              : 141056
Frame errors                  : 250 (target=250)
Bit error rate (BER)          : 4.182e-04
Frame error rate (FER)        : 1.772e-03
Avg LDPC iterations/frame     : 3.15
Avg HW cycles/frame           : 4371.70
Avg HW decode time/frame      : 5.46 µs
HW model (fclk_mhz)            : 800.0 MHz

=== Adaptive LDPC-only Monte-Carlo (channel=SIONNA_TDL) ===
Decoder label                 : ldpc100
SNR (dB)                      : 11.00
Frames simulated              : 214891
Frame errors                  : 250 (target=250)
Bit error rate (BER)          : 3.577e-04
Frame error rate (FER)        : 1.163e-03
Avg LDPC iterations/frame     : 3.26
Avg HW cycles/frame           : 4525.75
Avg HW decode time/frame      : 5.66 µs
HW model (fclk_mhz)            : 800.0 MHz

=== Adaptive HYBRID Monte-Carlo (channel=SIONNA_TDL) ===
Decoder label                 : hyb4
SNR (dB)                      : 11.00
Frames simulated              : 2030
Final frame errors            : 250 (target=250)
Stage-1 BER                   : 3.709e-03
Stage-1 FER                   : 1.384e-01
Final BER (LDPC+GRAND)        : 3.701e-03
Final FER (LDPC+GRAND)        : 1.232e-01
Avg stage-1 iters/frame       : 2.88
Avg HW time/frame (stage-1)   : 5.05 µs
Avg HW time/frame (GRAND)     : 20.32 µs
Avg HW time/frame (total)     : 25.37 µs

=== Adaptive HYBRID Monte-Carlo (channel=SIONNA_TDL) ===
Decoder label                 : hyb8
SNR (dB)                      : 11.00
Frames simulated              : 27318
Final frame errors            : 250 (target=250)
Stage-1 BER                   : 7.119e-04
Stage-1 FER                   : 9.591e-03
Final BER (LDPC+GRAND)        : 7.118e-04
Final FER (LDPC+GRAND)        : 9.151e-03
Avg stage-1 iters/frame       : 3.09
Avg HW time/frame (stage-1)   : 5.38 µs
Avg HW time/frame (GRAND)     : 1.63 µs
Avg HW time/frame (total)     : 7.01 µs

=== Adaptive HYBRID Monte-Carlo (channel=SIONNA_TDL) ===
Decoder label                 : hyb15
SNR (dB)                      : 11.00
Frames simulated              : 106965
Final frame errors            : 250 (target=250)
Stage-1 BER                   : 4.101e-04
Stage-1 FER                   : 2.393e-03
Final BER (LDPC+GRAND)        : 4.101e-04
Final FER (LDPC+GRAND)        : 2.337e-03
Avg stage-1 iters/frame       : 3.13
Avg HW time/frame (stage-1)   : 5.43 µs
Avg HW time/frame (GRAND)     : 0.44 µs
Avg HW time/frame (total)     : 5.87 µs

=== Adaptive HYBRID Monte-Carlo (channel=SIONNA_TDL) ===
Decoder label                 : hybsv4
SNR (dB)                      : 11.00
Frames simulated              : 2174
Final frame errors            : 250 (target=250)
Stage-1 BER                   : 4.135e-03
Stage-1 FER                   : 1.362e-01
Final BER (LDPC+GRAND)        : 4.124e-03
Final FER (LDPC+GRAND)        : 1.150e-01
Avg stage-1 iters/frame       : 2.87
Avg HW time/frame (stage-1)   : 5.03 µs
Avg HW time/frame (GRAND)     : 76.72 µs
Avg HW time/frame (total)     : 81.75 µs

=== Adaptive HYBRID Monte-Carlo (channel=SIONNA_TDL) ===
Decoder label                 : hybsv8
SNR (dB)                      : 11.00
Frames simulated              : 26293
Final frame errors            : 250 (target=250)
Stage-1 BER                   : 7.742e-04
Stage-1 FER                   : 1.034e-02
Final BER (LDPC+GRAND)        : 7.738e-04
Final FER (LDPC+GRAND)        : 9.508e-03
Avg stage-1 iters/frame       : 3.10
Avg HW time/frame (stage-1)   : 5.39 µs
Avg HW time/frame (GRAND)     : 6.74 µs
Avg HW time/frame (total)     : 12.13 µs

=== Adaptive HYBRID Monte-Carlo (channel=SIONNA_TDL) ===
Decoder label                 : hybsv15
SNR (dB)                      : 11.00
Frames simulated              : 106429
Final frame errors            : 250 (target=250)
Stage-1 BER                   : 5.092e-04
Stage-1 FER                   : 2.415e-03
Final BER (LDPC+GRAND)        : 5.092e-04
Final FER (LDPC+GRAND)        : 2.349e-03
Avg stage-1 iters/frame       : 3.13
Avg HW time/frame (stage-1)   : 5.44 µs
Avg HW time/frame (GRAND)     : 1.78 µs
Avg HW time/frame (total)     : 7.21 µs

=== Adaptive HYBRID Monte-Carlo (channel=SIONNA_TDL) ===
Decoder label                 : hybptg4
SNR (dB)                      : 11.00
Frames simulated              : 2945
Final frame errors            : 250 (target=250)
Stage-1 BER                   : 3.666e-03
Stage-1 FER                   : 1.372e-01
Final BER (LDPC+GRAND)        : 3.588e-03
Final FER (LDPC+GRAND)        : 8.489e-02
Avg stage-1 iters/frame       : 2.84
Avg HW time/frame (stage-1)   : 4.98 µs
Avg HW time/frame (GRAND)     : 111.43 µs
Avg HW time/frame (total)     : 116.41 µs

=== Adaptive HYBRID Monte-Carlo (channel=SIONNA_TDL) ===
Decoder label                 : hybptg8
SNR (dB)                      : 11.00
Frames simulated              : 27043
Final frame errors            : 250 (target=250)
Stage-1 BER                   : 9.252e-04
Stage-1 FER                   : 1.091e-02
Final BER (LDPC+GRAND)        : 9.232e-04
Final FER (LDPC+GRAND)        : 9.245e-03
Avg stage-1 iters/frame       : 3.10
Avg HW time/frame (stage-1)   : 5.38 µs
Avg HW time/frame (GRAND)     : 13.33 µs
Avg HW time/frame (total)     : 18.71 µs

=== Adaptive HYBRID Monte-Carlo (channel=SIONNA_TDL) ===
Decoder label                 : hybptg15
SNR (dB)                      : 11.00
Frames simulated              : 90164
Final frame errors            : 250 (target=250)
Stage-1 BER                   : 5.079e-04
Stage-1 FER                   : 2.861e-03
Final BER (LDPC+GRAND)        : 5.078e-04
Final FER (LDPC+GRAND)        : 2.773e-03
Avg stage-1 iters/frame       : 3.13
Avg HW time/frame (stage-1)   : 5.44 µs
Avg HW time/frame (GRAND)     : 4.23 µs
Avg HW time/frame (total)     : 9.67 µs

=== Adaptive HYBRID Monte-Carlo (channel=SIONNA_TDL) ===
Decoder label                 : hybctg4
SNR (dB)                      : 11.00
Frames simulated              : 8669
Final frame errors            : 250 (target=250)
Stage-1 BER                   : 3.568e-03
Stage-1 FER                   : 1.339e-01
Final BER (LDPC+GRAND)        : 2.829e-03
Final FER (LDPC+GRAND)        : 2.884e-02
Avg stage-1 iters/frame       : 2.86
Avg HW time/frame (stage-1)   : 5.02 µs
Avg HW time/frame (GRAND)     : 109.26 µs
Avg HW time/frame (total)     : 114.28 µs

=== Adaptive HYBRID Monte-Carlo (channel=SIONNA_TDL) ===
Decoder label                 : hybctg8
SNR (dB)                      : 11.00
Frames simulated              : 31769
Final frame errors            : 250 (target=250)
Stage-1 BER                   : 7.053e-04
Stage-1 FER                   : 9.915e-03
Final BER (LDPC+GRAND)        : 7.026e-04
Final FER (LDPC+GRAND)        : 7.869e-03
Avg stage-1 iters/frame       : 3.08
Avg HW time/frame (stage-1)   : 5.36 µs
Avg HW time/frame (GRAND)     : 29.24 µs
Avg HW time/frame (total)     : 34.60 µs

=== Adaptive HYBRID Monte-Carlo (channel=SIONNA_TDL) ===
Decoder label                 : hybctg15
SNR (dB)                      : 11.00
Frames simulated              : 96404
Final frame errors            : 250 (target=250)
Stage-1 BER                   : 5.020e-04
Stage-1 FER                   : 2.728e-03
Final BER (LDPC+GRAND)        : 5.018e-04
Final FER (LDPC+GRAND)        : 2.593e-03
Avg stage-1 iters/frame       : 3.14
Avg HW time/frame (stage-1)   : 5.45 µs
Avg HW time/frame (GRAND)     : 9.53 µs
Avg HW time/frame (total)     : 14.98 µs

=== Adaptive HYBRID Monte-Carlo (channel=SIONNA_TDL) ===
Decoder label                 : hybahr4
SNR (dB)                      : 11.00
Frames simulated              : 5926
Final frame errors            : 250 (target=250)
Stage-1 BER                   : 4.000e-03
Stage-1 FER                   : 1.385e-01
Final BER (LDPC+GRAND)        : 2.909e-03
Final FER (LDPC+GRAND)        : 4.219e-02
Avg stage-1 iters/frame       : 2.91
Avg HW time/frame (stage-1)   : 5.10 µs
Avg HW time/frame (GRAND)     : 215.24 µs
Avg HW time/frame (total)     : 220.34 µs

=== Adaptive HYBRID Monte-Carlo (channel=SIONNA_TDL) ===
Decoder label                 : hybahr8
SNR (dB)                      : 11.00
Frames simulated              : 31170
Final frame errors            : 250 (target=250)
Stage-1 BER                   : 8.104e-04
Stage-1 FER                   : 1.036e-02
Final BER (LDPC+GRAND)        : 7.897e-04
Final FER (LDPC+GRAND)        : 8.021e-03
Avg stage-1 iters/frame       : 3.10
Avg HW time/frame (stage-1)   : 5.39 µs
Avg HW time/frame (GRAND)     : 38.39 µs
Avg HW time/frame (total)     : 43.78 µs

=== Adaptive HYBRID Monte-Carlo (channel=SIONNA_TDL) ===
Decoder label                 : hybahr15
SNR (dB)                      : 11.00
Frames simulated              : 96863
Final frame errors            : 250 (target=250)
Stage-1 BER                   : 4.940e-04
Stage-1 FER                   : 2.725e-03
Final BER (LDPC+GRAND)        : 4.938e-04
Final FER (LDPC+GRAND)        : 2.581e-03
Avg stage-1 iters/frame       : 3.13
Avg HW time/frame (stage-1)   : 5.43 µs
Avg HW time/frame (GRAND)     : 12.51 µs
Avg HW time/frame (total)     : 17.94 µs

=== Adaptive HYBRID Monte-Carlo (channel=SIONNA_TDL) ===
Decoder label                 : hybbgr4
SNR (dB)                      : 11.00
Frames simulated              : 22199
Final frame errors            : 250 (target=250)
Stage-1 BER                   : 3.794e-03
Stage-1 FER                   : 1.310e-01
Final BER (LDPC+GRAND)        : 1.522e-03
Final FER (LDPC+GRAND)        : 1.126e-02
Avg stage-1 iters/frame       : 2.87
Avg HW time/frame (stage-1)   : 5.03 µs
Avg HW time/frame (GRAND)     : 42.84 µs
Avg HW time/frame (total)     : 47.88 µs

=== Adaptive HYBRID Monte-Carlo (channel=SIONNA_TDL) ===
Decoder label                 : hybbgr8
SNR (dB)                      : 11.00
Frames simulated              : 50755
Final frame errors            : 250 (target=250)
Stage-1 BER                   : 7.429e-04
Stage-1 FER                   : 9.575e-03
Final BER (LDPC+GRAND)        : 6.614e-04
Final FER (LDPC+GRAND)        : 4.926e-03
Avg stage-1 iters/frame       : 3.09
Avg HW time/frame (stage-1)   : 5.37 µs
Avg HW time/frame (GRAND)     : 16.15 µs
Avg HW time/frame (total)     : 21.52 µs

=== Adaptive HYBRID Monte-Carlo (channel=SIONNA_TDL) ===
Decoder label                 : hybbgr15
SNR (dB)                      : 11.00
Frames simulated              : 109330
Final frame errors            : 250 (target=250)
Stage-1 BER                   : 4.667e-04
Stage-1 FER                   : 2.607e-03
Final BER (LDPC+GRAND)        : 4.613e-04
Final FER (LDPC+GRAND)        : 2.287e-03
Avg stage-1 iters/frame       : 3.14
Avg HW time/frame (stage-1)   : 5.45 µs
Avg HW time/frame (GRAND)     : 7.23 µs
Avg HW time/frame (total)     : 12.68 µs
