[SBATCH CONFIG] FORCE_DEFAULTS=1
[SBATCH CONFIG] SNR_SWEEP=6.5,7,7.5,8,8.5,9,9.5
[SBATCH CONFIG] LDPC_ITERS=4,8,15,20,100
[SBATCH CONFIG] STAGE1_ITERS=4,8,15
[SBATCH CONFIG] TARGET_FRAME_ERRORS=250  MAX_FRAMES=200000
[SBATCH CONFIG] RUN_RECEIVER2=1  GRAND_SV_CHECK_COVER_K=1  GRAND_SV_EPSILON=1e-3
[SBATCH CONFIG] GRAND_SV_MAX_WEIGHT=7  GRAND_SV_MAX_PATTERNS=20000
[SBATCH CONFIG] GRAND_SV_BOOST_MAX_WEIGHT=7  GRAND_SV_BOOST_MAX_PATTERNS=120000
[SBATCH CONFIG] RUN_RECEIVER3=1  GRAND_PTG_CHECK_COVER_K=2  GRAND_PTG_EPSILON=1e-3
[SBATCH CONFIG] GRAND_PTG_MAX_WEIGHT=8  GRAND_PTG_MAX_PATTERNS=40000  GRAND_PTG_LLR_SOURCE=mixed
[SBATCH CONFIG] GRAND_PTG_BOOST_MAX_WEIGHT=8  GRAND_PTG_BOOST_MAX_PATTERNS=250000
[SBATCH CONFIG] GRAND_PTG_PEEL_RATIO=1.75  GRAND_PTG_PEEL_MAX_BITS=48  GRAND_PTG_PEEL_DENSE_MAX_VARS=28
[SBATCH CONFIG] RUN_RECEIVER4=1  GRAND_CTG_CHECK_COVER_K=2  GRAND_CTG_EPSILON=1e-3  GRAND_CTG_LLR_SOURCE=mixed
[SBATCH CONFIG] GRAND_CTG_MAX_WEIGHT=8  GRAND_CTG_MAX_PATTERNS=60000  GRAND_CTG_BOOST_MAX_PATTERNS=400000
[SBATCH CONFIG] GRAND_CTG_CHASE_RATIO=2.5  GRAND_CTG_CORE_MAX_BITS=16  GRAND_CTG_MAX_CANDIDATES=128  GRAND_CTG_LDPC_EXTRA_ITERS=8
[SBATCH CONFIG] SIONNA_CSI_MODE=block_ls  SIONNA_TDL_MODEL=C  SIONNA_TDL_DELAY_SPREAD_S=1e-6  SIONNA_CFO_HZ=250.0
Numba threads: 64
[HW model]  {'fclk_mhz': 800, 'ldpc_edges_per_cycle': 64, 'ldpc_bits_per_cycle_hd': 64, 'ldpc_iter_overhead_cycles': 20, 'grand_edges_per_cycle': 64, 'grand_checks_per_cycle': 64, 'grand_batch_overhead_cycles': 200, 'grand_abs_per_cycle': 64, 'grand_sort_elem_log2_per_cycle': 64, 'grand_cost_add_per_cycle': 64, 'grand_patsort_patlog2_per_cycle': 64, 'cluster_pair_edges_per_cycle': 0}
[RUN_EXPERIMENTS] codes=['sionna5g']  snr_sweep=[6.5, 7.0, 7.5, 8.0, 8.5, 9.0, 9.5]  out_dir=results/run_ms.sbatch_27650590
[RUN_EXPERIMENTS] mc_cfg=AdaptiveMCConfig(target_frame_errors=250, min_frames=0, max_frames=200000)
Fast decoding structures prepared: 20488 edges
[RUN_EXPERIMENTS] Built code: sionna5g_k1024_n2048_qm1
[run_awgn_sweep_for_code] SNR-parallel ON: n_jobs=4, threads/worker=16, backend=loky

=== Adaptive LDPC-only Monte-Carlo (channel=SIONNA_TDL) ===
Decoder label                 : ldpc4
SNR (dB)                      : 6.50
Frames simulated              : 280
Frame errors                  : 250 (target=250)
Bit error rate (BER)          : 1.665e-01
Frame error rate (FER)        : 8.929e-01
Avg LDPC iterations/frame     : 3.97
Avg HW cycles/frame           : 5802.92
Avg HW decode time/frame      : 7.25 µs
HW model (fclk_mhz)            : 800.0 MHz

=== Adaptive LDPC-only Monte-Carlo (channel=SIONNA_TDL) ===
Decoder label                 : ldpc8
SNR (dB)                      : 6.50
Frames simulated              : 470
Frame errors                  : 250 (target=250)
Bit error rate (BER)          : 1.275e-01
Frame error rate (FER)        : 5.319e-01
Avg LDPC iterations/frame     : 6.89
Avg HW cycles/frame           : 9745.98
Avg HW decode time/frame      : 12.18 µs
HW model (fclk_mhz)            : 800.0 MHz

=== Adaptive LDPC-only Monte-Carlo (channel=SIONNA_TDL) ===
Decoder label                 : ldpc15
SNR (dB)                      : 6.50
Frames simulated              : 689
Frame errors                  : 250 (target=250)
Bit error rate (BER)          : 1.041e-01
Frame error rate (FER)        : 3.628e-01
Avg LDPC iterations/frame     : 9.85
Avg HW cycles/frame           : 13798.83
Avg HW decode time/frame      : 17.25 µs
HW model (fclk_mhz)            : 800.0 MHz

=== Adaptive LDPC-only Monte-Carlo (channel=SIONNA_TDL) ===
Decoder label                 : ldpc20
SNR (dB)                      : 6.50
Frames simulated              : 753
Frame errors                  : 250 (target=250)
Bit error rate (BER)          : 1.087e-01
Frame error rate (FER)        : 3.320e-01
Avg LDPC iterations/frame     : 11.57
Avg HW cycles/frame           : 16182.45
Avg HW decode time/frame      : 20.23 µs
HW model (fclk_mhz)            : 800.0 MHz

=== Adaptive LDPC-only Monte-Carlo (channel=SIONNA_TDL) ===
Decoder label                 : ldpc100
SNR (dB)                      : 6.50
Frames simulated              : 919
Frame errors                  : 250 (target=250)
Bit error rate (BER)          : 9.587e-02
Frame error rate (FER)        : 2.720e-01
Avg LDPC iterations/frame     : 33.98
Avg HW cycles/frame           : 47284.61
Avg HW decode time/frame      : 59.11 µs
HW model (fclk_mhz)            : 800.0 MHz

=== Adaptive HYBRID Monte-Carlo (channel=SIONNA_TDL) ===
Decoder label                 : hyb4
SNR (dB)                      : 6.50
Frames simulated              : 284
Final frame errors            : 250 (target=250)
Stage-1 BER                   : 1.464e-01
Stage-1 FER                   : 8.944e-01
Final BER (LDPC+GRAND)        : 1.463e-01
Final FER (LDPC+GRAND)        : 8.803e-01
Avg stage-1 iters/frame       : 3.98
Avg HW time/frame (stage-1)   : 7.26 µs
Avg HW time/frame (GRAND)     : 165.77 µs
Avg HW time/frame (total)     : 173.03 µs

=== Adaptive HYBRID Monte-Carlo (channel=SIONNA_TDL) ===
Decoder label                 : hyb8
SNR (dB)                      : 6.50
Frames simulated              : 485
Final frame errors            : 250 (target=250)
Stage-1 BER                   : 1.247e-01
Stage-1 FER                   : 5.258e-01
Final BER (LDPC+GRAND)        : 1.247e-01
Final FER (LDPC+GRAND)        : 5.155e-01
Avg stage-1 iters/frame       : 6.78
Avg HW time/frame (stage-1)   : 11.98 µs
Avg HW time/frame (GRAND)     : 98.46 µs
Avg HW time/frame (total)     : 110.44 µs

=== Adaptive HYBRID Monte-Carlo (channel=SIONNA_TDL) ===
Decoder label                 : hyb15
SNR (dB)                      : 6.50
Frames simulated              : 734
Final frame errors            : 250 (target=250)
Stage-1 BER                   : 1.059e-01
Stage-1 FER                   : 3.460e-01
Final BER (LDPC+GRAND)        : 1.059e-01
Final FER (LDPC+GRAND)        : 3.406e-01
Avg stage-1 iters/frame       : 9.81
Avg HW time/frame (stage-1)   : 17.17 µs
Avg HW time/frame (GRAND)     : 65.33 µs
Avg HW time/frame (total)     : 82.50 µs

=== Adaptive HYBRID Monte-Carlo (channel=SIONNA_TDL) ===
Decoder label                 : hybsv4
SNR (dB)                      : 6.50
Frames simulated              : 302
Final frame errors            : 250 (target=250)
Stage-1 BER                   : 1.553e-01
Stage-1 FER                   : 8.477e-01
Final BER (LDPC+GRAND)        : 1.552e-01
Final FER (LDPC+GRAND)        : 8.278e-01
Avg stage-1 iters/frame       : 3.97
Avg HW time/frame (stage-1)   : 7.23 µs
Avg HW time/frame (GRAND)     : 624.75 µs
Avg HW time/frame (total)     : 631.99 µs

=== Adaptive HYBRID Monte-Carlo (channel=SIONNA_TDL) ===
Decoder label                 : hybsv8
SNR (dB)                      : 6.50
Frames simulated              : 501
Final frame errors            : 250 (target=250)
Stage-1 BER                   : 1.143e-01
Stage-1 FER                   : 5.110e-01
Final BER (LDPC+GRAND)        : 1.143e-01
Final FER (LDPC+GRAND)        : 4.990e-01
Avg stage-1 iters/frame       : 6.75
Avg HW time/frame (stage-1)   : 11.92 µs
Avg HW time/frame (GRAND)     : 376.98 µs
Avg HW time/frame (total)     : 388.90 µs

=== Adaptive HYBRID Monte-Carlo (channel=SIONNA_TDL) ===
Decoder label                 : hybsv15
SNR (dB)                      : 6.50
Frames simulated              : 619
Final frame errors            : 250 (target=250)
Stage-1 BER                   : 1.222e-01
Stage-1 FER                   : 4.055e-01
Final BER (LDPC+GRAND)        : 1.222e-01
Final FER (LDPC+GRAND)        : 4.039e-01
Avg stage-1 iters/frame       : 10.24
Avg HW time/frame (stage-1)   : 17.94 µs
Avg HW time/frame (GRAND)     : 308.92 µs
Avg HW time/frame (total)     : 326.86 µs

=== Adaptive HYBRID Monte-Carlo (channel=SIONNA_TDL) ===
Decoder label                 : hybptg4
SNR (dB)                      : 6.50
Frames simulated              : 318
Final frame errors            : 250 (target=250)
Stage-1 BER                   : 1.575e-01
Stage-1 FER                   : 8.459e-01
Final BER (LDPC+GRAND)        : 1.575e-01
Final FER (LDPC+GRAND)        : 7.862e-01
Avg stage-1 iters/frame       : 3.95
Avg HW time/frame (stage-1)   : 7.20 µs
Avg HW time/frame (GRAND)     : 1203.70 µs
Avg HW time/frame (total)     : 1210.90 µs

=== Adaptive HYBRID Monte-Carlo (channel=SIONNA_TDL) ===
Decoder label                 : hybptg8
SNR (dB)                      : 6.50
Frames simulated              : 484
Final frame errors            : 250 (target=250)
Stage-1 BER                   : 1.363e-01
Stage-1 FER                   : 5.310e-01
Final BER (LDPC+GRAND)        : 1.363e-01
Final FER (LDPC+GRAND)        : 5.165e-01
Avg stage-1 iters/frame       : 6.83
Avg HW time/frame (stage-1)   : 12.08 µs
Avg HW time/frame (GRAND)     : 812.18 µs
Avg HW time/frame (total)     : 824.26 µs

=== Adaptive HYBRID Monte-Carlo (channel=SIONNA_TDL) ===
Decoder label                 : hybptg15
SNR (dB)                      : 6.50
Frames simulated              : 637
Final frame errors            : 250 (target=250)
Stage-1 BER                   : 1.179e-01
Stage-1 FER                   : 4.050e-01
Final BER (LDPC+GRAND)        : 1.179e-01
Final FER (LDPC+GRAND)        : 3.925e-01
Avg stage-1 iters/frame       : 10.12
Avg HW time/frame (stage-1)   : 17.73 µs
Avg HW time/frame (GRAND)     : 622.19 µs
Avg HW time/frame (total)     : 639.92 µs

=== Adaptive HYBRID Monte-Carlo (channel=SIONNA_TDL) ===
Decoder label                 : hybctg4
SNR (dB)                      : 6.50
Frames simulated              : 458
Final frame errors            : 250 (target=250)
Stage-1 BER                   : 1.604e-01
Stage-1 FER                   : 8.755e-01
Final BER (LDPC+GRAND)        : 1.502e-01
Final FER (LDPC+GRAND)        : 5.459e-01
Avg stage-1 iters/frame       : 3.97
Avg HW time/frame (stage-1)   : 7.24 µs
Avg HW time/frame (GRAND)     : 3892.24 µs
Avg HW time/frame (total)     : 3899.47 µs

=== Adaptive HYBRID Monte-Carlo (channel=SIONNA_TDL) ===
Decoder label                 : hybctg8
SNR (dB)                      : 6.50
Frames simulated              : 518
Final frame errors            : 250 (target=250)
Stage-1 BER                   : 1.219e-01
Stage-1 FER                   : 5.367e-01
Final BER (LDPC+GRAND)        : 1.218e-01
Final FER (LDPC+GRAND)        : 4.826e-01
Avg stage-1 iters/frame       : 6.85
Avg HW time/frame (stage-1)   : 12.11 µs
Avg HW time/frame (GRAND)     : 3403.57 µs
Avg HW time/frame (total)     : 3415.68 µs

=== Adaptive HYBRID Monte-Carlo (channel=SIONNA_TDL) ===
Decoder label                 : hybctg15
SNR (dB)                      : 6.50
Frames simulated              : 721
Final frame errors            : 250 (target=250)
Stage-1 BER                   : 1.048e-01
Stage-1 FER                   : 3.537e-01
Final BER (LDPC+GRAND)        : 1.048e-01
Final FER (LDPC+GRAND)        : 3.467e-01
Avg stage-1 iters/frame       : 9.96
Avg HW time/frame (stage-1)   : 17.44 µs
Avg HW time/frame (GRAND)     : 2452.79 µs
Avg HW time/frame (total)     : 2470.23 µs
[save_awgn_results] Wrote raw results : results/run_ms.sbatch_27650590/sionna_tdl_sionna5g_k1024_n2048_qm1_hybrid_20260313-174445_raw.pkl
[save_awgn_results] Wrote mean summary: results/run_ms.sbatch_27650590/sionna_tdl_sionna5g_k1024_n2048_qm1_hybrid_20260313-174445_summary.csv
[save_awgn_results] Wrote tails summary: results/run_ms.sbatch_27650590/sionna_tdl_sionna5g_k1024_n2048_qm1_hybrid_20260313-174445_summary_tails.csv

=== Adaptive LDPC-only Monte-Carlo (channel=SIONNA_TDL) ===
Decoder label                 : ldpc4
SNR (dB)                      : 7.50
Frames simulated              : 300
Frame errors                  : 250 (target=250)
Bit error rate (BER)          : 1.400e-01
Frame error rate (FER)        : 8.333e-01
Avg LDPC iterations/frame     : 3.97
Avg HW cycles/frame           : 5781.83
Avg HW decode time/frame      : 7.23 µs
HW model (fclk_mhz)            : 800.0 MHz

=== Adaptive LDPC-only Monte-Carlo (channel=SIONNA_TDL) ===
Decoder label                 : ldpc8
SNR (dB)                      : 7.50
Frames simulated              : 541
Frame errors                  : 250 (target=250)
Bit error rate (BER)          : 9.631e-02
Frame error rate (FER)        : 4.621e-01
Avg LDPC iterations/frame     : 6.60
Avg HW cycles/frame           : 9309.06
Avg HW decode time/frame      : 11.64 µs
HW model (fclk_mhz)            : 800.0 MHz

=== Adaptive LDPC-only Monte-Carlo (channel=SIONNA_TDL) ===
Decoder label                 : ldpc15
SNR (dB)                      : 7.50
Frames simulated              : 825
Frame errors                  : 250 (target=250)
Bit error rate (BER)          : 8.442e-02
Frame error rate (FER)        : 3.030e-01
Avg LDPC iterations/frame     : 9.22
Avg HW cycles/frame           : 12906.38
Avg HW decode time/frame      : 16.13 µs
HW model (fclk_mhz)            : 800.0 MHz

=== Adaptive LDPC-only Monte-Carlo (channel=SIONNA_TDL) ===
Decoder label                 : ldpc20
SNR (dB)                      : 7.50
Frames simulated              : 987
Frame errors                  : 250 (target=250)
Bit error rate (BER)          : 8.044e-02
Frame error rate (FER)        : 2.533e-01
Avg LDPC iterations/frame     : 10.38
Avg HW cycles/frame           : 14497.64
Avg HW decode time/frame      : 18.12 µs
HW model (fclk_mhz)            : 800.0 MHz

=== Adaptive LDPC-only Monte-Carlo (channel=SIONNA_TDL) ===
Decoder label                 : ldpc100
SNR (dB)                      : 7.50
Frames simulated              : 1156
Frame errors                  : 250 (target=250)
Bit error rate (BER)          : 7.453e-02
Frame error rate (FER)        : 2.163e-01
Avg LDPC iterations/frame     : 28.00
Avg HW cycles/frame           : 38957.82
Avg HW decode time/frame      : 48.70 µs
HW model (fclk_mhz)            : 800.0 MHz

=== Adaptive HYBRID Monte-Carlo (channel=SIONNA_TDL) ===
Decoder label                 : hyb4
SNR (dB)                      : 7.50
Frames simulated              : 325
Final frame errors            : 250 (target=250)
Stage-1 BER                   : 1.245e-01
Stage-1 FER                   : 8.123e-01
Final BER (LDPC+GRAND)        : 1.245e-01
Final FER (LDPC+GRAND)        : 7.692e-01
Avg stage-1 iters/frame       : 3.93
Avg HW time/frame (stage-1)   : 7.14 µs
Avg HW time/frame (GRAND)     : 145.54 µs
Avg HW time/frame (total)     : 152.68 µs

=== Adaptive HYBRID Monte-Carlo (channel=SIONNA_TDL) ===
Decoder label                 : hyb8
SNR (dB)                      : 7.50
Frames simulated              : 585
Final frame errors            : 250 (target=250)
Stage-1 BER                   : 1.018e-01
Stage-1 FER                   : 4.427e-01
Final BER (LDPC+GRAND)        : 1.018e-01
Final FER (LDPC+GRAND)        : 4.274e-01
Avg stage-1 iters/frame       : 6.50
Avg HW time/frame (stage-1)   : 11.46 µs
Avg HW time/frame (GRAND)     : 80.61 µs
Avg HW time/frame (total)     : 92.07 µs

=== Adaptive HYBRID Monte-Carlo (channel=SIONNA_TDL) ===
Decoder label                 : hyb15
SNR (dB)                      : 7.50
Frames simulated              : 892
Final frame errors            : 250 (target=250)
Stage-1 BER                   : 8.054e-02
Stage-1 FER                   : 2.848e-01
Final BER (LDPC+GRAND)        : 8.054e-02
Final FER (LDPC+GRAND)        : 2.803e-01
Avg stage-1 iters/frame       : 9.08
Avg HW time/frame (stage-1)   : 15.88 µs
Avg HW time/frame (GRAND)     : 53.67 µs
Avg HW time/frame (total)     : 69.56 µs

=== Adaptive HYBRID Monte-Carlo (channel=SIONNA_TDL) ===
Decoder label                 : hybsv4
SNR (dB)                      : 7.50
Frames simulated              : 319
Final frame errors            : 250 (target=250)
Stage-1 BER                   : 1.339e-01
Stage-1 FER                   : 8.150e-01
Final BER (LDPC+GRAND)        : 1.339e-01
Final FER (LDPC+GRAND)        : 7.837e-01
Avg stage-1 iters/frame       : 3.94
Avg HW time/frame (stage-1)   : 7.16 µs
Avg HW time/frame (GRAND)     : 584.07 µs
Avg HW time/frame (total)     : 591.23 µs

=== Adaptive HYBRID Monte-Carlo (channel=SIONNA_TDL) ===
Decoder label                 : hybsv8
SNR (dB)                      : 7.50
Frames simulated              : 569
Final frame errors            : 250 (target=250)
Stage-1 BER                   : 9.033e-02
Stage-1 FER                   : 4.534e-01
Final BER (LDPC+GRAND)        : 9.032e-02
Final FER (LDPC+GRAND)        : 4.394e-01
Avg stage-1 iters/frame       : 6.57
Avg HW time/frame (stage-1)   : 11.59 µs
Avg HW time/frame (GRAND)     : 328.67 µs
Avg HW time/frame (total)     : 340.26 µs

=== Adaptive HYBRID Monte-Carlo (channel=SIONNA_TDL) ===
Decoder label                 : hybsv15
SNR (dB)                      : 7.50
Frames simulated              : 757
Final frame errors            : 250 (target=250)
Stage-1 BER                   : 9.558e-02
Stage-1 FER                   : 3.316e-01
Final BER (LDPC+GRAND)        : 9.558e-02
Final FER (LDPC+GRAND)        : 3.303e-01
Avg stage-1 iters/frame       : 9.41
Avg HW time/frame (stage-1)   : 16.47 µs
Avg HW time/frame (GRAND)     : 251.38 µs
Avg HW time/frame (total)     : 267.85 µs

=== Adaptive HYBRID Monte-Carlo (channel=SIONNA_TDL) ===
Decoder label                 : hybptg4
SNR (dB)                      : 7.50
Frames simulated              : 331
Final frame errors            : 250 (target=250)
Stage-1 BER                   : 1.232e-01
Stage-1 FER                   : 8.248e-01
Final BER (LDPC+GRAND)        : 1.231e-01
Final FER (LDPC+GRAND)        : 7.553e-01
Avg stage-1 iters/frame       : 3.96
Avg HW time/frame (stage-1)   : 7.21 µs
Avg HW time/frame (GRAND)     : 1139.53 µs
Avg HW time/frame (total)     : 1146.74 µs

=== Adaptive HYBRID Monte-Carlo (channel=SIONNA_TDL) ===
Decoder label                 : hybptg8
SNR (dB)                      : 7.50
Frames simulated              : 594
Final frame errors            : 250 (target=250)
Stage-1 BER                   : 9.379e-02
Stage-1 FER                   : 4.512e-01
Final BER (LDPC+GRAND)        : 9.375e-02
Final FER (LDPC+GRAND)        : 4.209e-01
Avg stage-1 iters/frame       : 6.51
Avg HW time/frame (stage-1)   : 11.48 µs
Avg HW time/frame (GRAND)     : 650.62 µs
Avg HW time/frame (total)     : 662.10 µs

=== Adaptive HYBRID Monte-Carlo (channel=SIONNA_TDL) ===
Decoder label                 : hybptg15
SNR (dB)                      : 7.50
Frames simulated              : 987
Final frame errors            : 250 (target=250)
Stage-1 BER                   : 7.119e-02
Stage-1 FER                   : 2.594e-01
Final BER (LDPC+GRAND)        : 7.118e-02
Final FER (LDPC+GRAND)        : 2.533e-01
Avg stage-1 iters/frame       : 8.80
Avg HW time/frame (stage-1)   : 15.37 µs
Avg HW time/frame (GRAND)     : 397.66 µs
Avg HW time/frame (total)     : 413.03 µs

=== Adaptive HYBRID Monte-Carlo (channel=SIONNA_TDL) ===
Decoder label                 : hybctg4
SNR (dB)                      : 7.50
Frames simulated              : 504
Final frame errors            : 250 (target=250)
Stage-1 BER                   : 1.420e-01
Stage-1 FER                   : 8.254e-01
Final BER (LDPC+GRAND)        : 1.309e-01
Final FER (LDPC+GRAND)        : 4.960e-01
Avg stage-1 iters/frame       : 3.96
Avg HW time/frame (stage-1)   : 7.21 µs
Avg HW time/frame (GRAND)     : 3542.95 µs
Avg HW time/frame (total)     : 3550.16 µs

=== Adaptive HYBRID Monte-Carlo (channel=SIONNA_TDL) ===
Decoder label                 : hybctg8
SNR (dB)                      : 7.50
Frames simulated              : 545
Final frame errors            : 250 (target=250)
Stage-1 BER                   : 1.042e-01
Stage-1 FER                   : 4.917e-01
Final BER (LDPC+GRAND)        : 1.041e-01
Final FER (LDPC+GRAND)        : 4.587e-01
Avg stage-1 iters/frame       : 6.71
Avg HW time/frame (stage-1)   : 11.85 µs
Avg HW time/frame (GRAND)     : 3230.02 µs
Avg HW time/frame (total)     : 3241.88 µs

=== Adaptive HYBRID Monte-Carlo (channel=SIONNA_TDL) ===
Decoder label                 : hybctg15
SNR (dB)                      : 7.50
Frames simulated              : 809
Final frame errors            : 250 (target=250)
Stage-1 BER                   : 8.987e-02
Stage-1 FER                   : 3.127e-01
Final BER (LDPC+GRAND)        : 8.986e-02
Final FER (LDPC+GRAND)        : 3.090e-01
Avg stage-1 iters/frame       : 9.26
Avg HW time/frame (stage-1)   : 16.20 µs
Avg HW time/frame (GRAND)     : 2183.86 µs
Avg HW time/frame (total)     : 2200.06 µs

=== Adaptive LDPC-only Monte-Carlo (channel=SIONNA_TDL) ===
Decoder label                 : ldpc4
SNR (dB)                      : 8.50
Frames simulated              : 294
Frame errors                  : 250 (target=250)
Bit error rate (BER)          : 1.132e-01
Frame error rate (FER)        : 8.503e-01
Avg LDPC iterations/frame     : 3.94
Avg HW cycles/frame           : 5748.64
Avg HW decode time/frame      : 7.19 µs
HW model (fclk_mhz)            : 800.0 MHz

=== Adaptive LDPC-only Monte-Carlo (channel=SIONNA_TDL) ===
Decoder label                 : ldpc8
SNR (dB)                      : 8.50
Frames simulated              : 649
Frame errors                  : 250 (target=250)
Bit error rate (BER)          : 7.992e-02
Frame error rate (FER)        : 3.852e-01
Avg LDPC iterations/frame     : 6.24
Avg HW cycles/frame           : 8795.81
Avg HW decode time/frame      : 10.99 µs
HW model (fclk_mhz)            : 800.0 MHz

=== Adaptive LDPC-only Monte-Carlo (channel=SIONNA_TDL) ===
Decoder label                 : ldpc15
SNR (dB)                      : 8.50
Frames simulated              : 1078
Frame errors                  : 250 (target=250)
Bit error rate (BER)          : 6.422e-02
Frame error rate (FER)        : 2.319e-01
Avg LDPC iterations/frame     : 8.33
Avg HW cycles/frame           : 11647.73
Avg HW decode time/frame      : 14.56 µs
HW model (fclk_mhz)            : 800.0 MHz

=== Adaptive LDPC-only Monte-Carlo (channel=SIONNA_TDL) ===
Decoder label                 : ldpc20
SNR (dB)                      : 8.50
Frames simulated              : 1233
Frame errors                  : 250 (target=250)
Bit error rate (BER)          : 5.907e-02
Frame error rate (FER)        : 2.028e-01
Avg LDPC iterations/frame     : 9.43
Avg HW cycles/frame           : 13160.89
Avg HW decode time/frame      : 16.45 µs
HW model (fclk_mhz)            : 800.0 MHz

=== Adaptive LDPC-only Monte-Carlo (channel=SIONNA_TDL) ===
Decoder label                 : ldpc100
SNR (dB)                      : 8.50
Frames simulated              : 1451
Frame errors                  : 250 (target=250)
Bit error rate (BER)          : 5.886e-02
Frame error rate (FER)        : 1.723e-01
Avg LDPC iterations/frame     : 24.18
Avg HW cycles/frame           : 33641.15
Avg HW decode time/frame      : 42.05 µs
HW model (fclk_mhz)            : 800.0 MHz

=== Adaptive HYBRID Monte-Carlo (channel=SIONNA_TDL) ===
Decoder label                 : hyb4
SNR (dB)                      : 8.50
Frames simulated              : 321
Final frame errors            : 250 (target=250)
Stage-1 BER                   : 1.232e-01
Stage-1 FER                   : 8.287e-01
Final BER (LDPC+GRAND)        : 1.232e-01
Final FER (LDPC+GRAND)        : 7.788e-01
Avg stage-1 iters/frame       : 3.94
Avg HW time/frame (stage-1)   : 7.18 µs
Avg HW time/frame (GRAND)     : 146.72 µs
Avg HW time/frame (total)     : 153.90 µs

=== Adaptive HYBRID Monte-Carlo (channel=SIONNA_TDL) ===
Decoder label                 : hyb8
SNR (dB)                      : 8.50
Frames simulated              : 656
Final frame errors            : 250 (target=250)
Stage-1 BER                   : 8.085e-02
Stage-1 FER                   : 3.933e-01
Final BER (LDPC+GRAND)        : 8.085e-02
Final FER (LDPC+GRAND)        : 3.811e-01
Avg stage-1 iters/frame       : 6.40
Avg HW time/frame (stage-1)   : 11.27 µs
Avg HW time/frame (GRAND)     : 71.64 µs
Avg HW time/frame (total)     : 82.91 µs

=== Adaptive HYBRID Monte-Carlo (channel=SIONNA_TDL) ===
Decoder label                 : hyb15
SNR (dB)                      : 8.50
Frames simulated              : 1077
Final frame errors            : 250 (target=250)
Stage-1 BER                   : 6.373e-02
Stage-1 FER                   : 2.377e-01
Final BER (LDPC+GRAND)        : 6.373e-02
Final FER (LDPC+GRAND)        : 2.321e-01
Avg stage-1 iters/frame       : 8.35
Avg HW time/frame (stage-1)   : 14.59 µs
Avg HW time/frame (GRAND)     : 44.31 µs
Avg HW time/frame (total)     : 58.90 µs

=== Adaptive HYBRID Monte-Carlo (channel=SIONNA_TDL) ===
Decoder label                 : hybsv4
SNR (dB)                      : 8.50
Frames simulated              : 330
Final frame errors            : 250 (target=250)
Stage-1 BER                   : 1.095e-01
Stage-1 FER                   : 7.970e-01
Final BER (LDPC+GRAND)        : 1.094e-01
Final FER (LDPC+GRAND)        : 7.576e-01
Avg stage-1 iters/frame       : 3.94
Avg HW time/frame (stage-1)   : 7.16 µs
Avg HW time/frame (GRAND)     : 563.58 µs
Avg HW time/frame (total)     : 570.74 µs

=== Adaptive HYBRID Monte-Carlo (channel=SIONNA_TDL) ===
Decoder label                 : hybsv8
SNR (dB)                      : 8.50
Frames simulated              : 640
Final frame errors            : 250 (target=250)
Stage-1 BER                   : 8.134e-02
Stage-1 FER                   : 4.094e-01
Final BER (LDPC+GRAND)        : 8.132e-02
Final FER (LDPC+GRAND)        : 3.906e-01
Avg stage-1 iters/frame       : 6.37
Avg HW time/frame (stage-1)   : 11.22 µs
Avg HW time/frame (GRAND)     : 294.97 µs
Avg HW time/frame (total)     : 306.19 µs

=== Adaptive HYBRID Monte-Carlo (channel=SIONNA_TDL) ===
Decoder label                 : hybsv15
SNR (dB)                      : 8.50
Frames simulated              : 1076
Final frame errors            : 250 (target=250)
Stage-1 BER                   : 6.567e-02
Stage-1 FER                   : 2.323e-01
Final BER (LDPC+GRAND)        : 6.567e-02
Final FER (LDPC+GRAND)        : 2.323e-01
Avg stage-1 iters/frame       : 8.36
Avg HW time/frame (stage-1)   : 14.62 µs
Avg HW time/frame (GRAND)     : 177.49 µs
Avg HW time/frame (total)     : 192.11 µs

=== Adaptive HYBRID Monte-Carlo (channel=SIONNA_TDL) ===
Decoder label                 : hybptg4
SNR (dB)                      : 8.50
Frames simulated              : 343
Final frame errors            : 250 (target=250)
Stage-1 BER                   : 1.091e-01
Stage-1 FER                   : 8.017e-01
Final BER (LDPC+GRAND)        : 1.091e-01
Final FER (LDPC+GRAND)        : 7.289e-01
Avg stage-1 iters/frame       : 3.92
Avg HW time/frame (stage-1)   : 7.12 µs
Avg HW time/frame (GRAND)     : 1075.79 µs
Avg HW time/frame (total)     : 1082.91 µs

=== Adaptive HYBRID Monte-Carlo (channel=SIONNA_TDL) ===
Decoder label                 : hybptg8
SNR (dB)                      : 8.50
Frames simulated              : 711
Final frame errors            : 250 (target=250)
Stage-1 BER                   : 7.841e-02
Stage-1 FER                   : 3.783e-01
Final BER (LDPC+GRAND)        : 7.838e-02
Final FER (LDPC+GRAND)        : 3.516e-01
Avg stage-1 iters/frame       : 6.28
Avg HW time/frame (stage-1)   : 11.05 µs
Avg HW time/frame (GRAND)     : 542.59 µs
Avg HW time/frame (total)     : 553.64 µs

=== Adaptive HYBRID Monte-Carlo (channel=SIONNA_TDL) ===
Decoder label                 : hybptg15
SNR (dB)                      : 8.50
Frames simulated              : 1220
Final frame errors            : 250 (target=250)
Stage-1 BER                   : 5.874e-02
Stage-1 FER                   : 2.082e-01
Final BER (LDPC+GRAND)        : 5.873e-02
Final FER (LDPC+GRAND)        : 2.049e-01
Avg stage-1 iters/frame       : 8.20
Avg HW time/frame (stage-1)   : 14.32 µs
Avg HW time/frame (GRAND)     : 324.00 µs
Avg HW time/frame (total)     : 338.32 µs

=== Adaptive HYBRID Monte-Carlo (channel=SIONNA_TDL) ===
Decoder label                 : hybctg4
SNR (dB)                      : 8.50
Frames simulated              : 698
Final frame errors            : 250 (target=250)
Stage-1 BER                   : 1.034e-01
Stage-1 FER                   : 7.779e-01
Final BER (LDPC+GRAND)        : 9.004e-02
Final FER (LDPC+GRAND)        : 3.582e-01
Avg stage-1 iters/frame       : 3.92
Avg HW time/frame (stage-1)   : 7.12 µs
Avg HW time/frame (GRAND)     : 2562.74 µs
Avg HW time/frame (total)     : 2569.86 µs

=== Adaptive HYBRID Monte-Carlo (channel=SIONNA_TDL) ===
Decoder label                 : hybctg8
SNR (dB)                      : 8.50
Frames simulated              : 740
Final frame errors            : 250 (target=250)
Stage-1 BER                   : 7.174e-02
Stage-1 FER                   : 3.838e-01
Final BER (LDPC+GRAND)        : 7.165e-02
Final FER (LDPC+GRAND)        : 3.378e-01
Avg stage-1 iters/frame       : 6.27
Avg HW time/frame (stage-1)   : 11.05 µs
Avg HW time/frame (GRAND)     : 2372.78 µs
Avg HW time/frame (total)     : 2383.83 µs

=== Adaptive HYBRID Monte-Carlo (channel=SIONNA_TDL) ===
Decoder label                 : hybctg15
SNR (dB)                      : 8.50
Frames simulated              : 1081
Final frame errors            : 250 (target=250)
Stage-1 BER                   : 6.639e-02
Stage-1 FER                   : 2.350e-01
Final BER (LDPC+GRAND)        : 6.638e-02
Final FER (LDPC+GRAND)        : 2.313e-01
Avg stage-1 iters/frame       : 8.43
Avg HW time/frame (stage-1)   : 14.72 µs
Avg HW time/frame (GRAND)     : 1635.59 µs
Avg HW time/frame (total)     : 1650.31 µs

=== Adaptive LDPC-only Monte-Carlo (channel=SIONNA_TDL) ===
Decoder label                 : ldpc4
SNR (dB)                      : 7.00
Frames simulated              : 283
Frame errors                  : 250 (target=250)
Bit error rate (BER)          : 1.437e-01
Frame error rate (FER)        : 8.834e-01
Avg LDPC iterations/frame     : 3.98
Avg HW cycles/frame           : 5815.03
Avg HW decode time/frame      : 7.27 µs
HW model (fclk_mhz)            : 800.0 MHz

=== Adaptive LDPC-only Monte-Carlo (channel=SIONNA_TDL) ===
Decoder label                 : ldpc8
SNR (dB)                      : 7.00
Frames simulated              : 542
Frame errors                  : 250 (target=250)
Bit error rate (BER)          : 9.574e-02
Frame error rate (FER)        : 4.613e-01
Avg LDPC iterations/frame     : 6.62
Avg HW cycles/frame           : 9338.01
Avg HW decode time/frame      : 11.67 µs
HW model (fclk_mhz)            : 800.0 MHz

=== Adaptive LDPC-only Monte-Carlo (channel=SIONNA_TDL) ===
Decoder label                 : ldpc15
SNR (dB)                      : 7.00
Frames simulated              : 725
Frame errors                  : 250 (target=250)
Bit error rate (BER)          : 9.799e-02
Frame error rate (FER)        : 3.448e-01
Avg LDPC iterations/frame     : 9.56
Avg HW cycles/frame           : 13391.45
Avg HW decode time/frame      : 16.74 µs
HW model (fclk_mhz)            : 800.0 MHz

=== Adaptive LDPC-only Monte-Carlo (channel=SIONNA_TDL) ===
Decoder label                 : ldpc20
SNR (dB)                      : 7.00
Frames simulated              : 889
Frame errors                  : 250 (target=250)
Bit error rate (BER)          : 9.016e-02
Frame error rate (FER)        : 2.812e-01
Avg LDPC iterations/frame     : 10.82
Avg HW cycles/frame           : 15120.84
Avg HW decode time/frame      : 18.90 µs
HW model (fclk_mhz)            : 800.0 MHz

=== Adaptive LDPC-only Monte-Carlo (channel=SIONNA_TDL) ===
Decoder label                 : ldpc100
SNR (dB)                      : 7.00
Frames simulated              : 951
Frame errors                  : 250 (target=250)
Bit error rate (BER)          : 8.852e-02
Frame error rate (FER)        : 2.629e-01
Avg LDPC iterations/frame     : 32.79
Avg HW cycles/frame           : 45627.81
Avg HW decode time/frame      : 57.03 µs
HW model (fclk_mhz)            : 800.0 MHz

=== Adaptive HYBRID Monte-Carlo (channel=SIONNA_TDL) ===
Decoder label                 : hyb4
SNR (dB)                      : 7.00
Frames simulated              : 299
Final frame errors            : 250 (target=250)
Stage-1 BER                   : 1.487e-01
Stage-1 FER                   : 8.528e-01
Final BER (LDPC+GRAND)        : 1.487e-01
Final FER (LDPC+GRAND)        : 8.361e-01
Avg stage-1 iters/frame       : 3.96
Avg HW time/frame (stage-1)   : 7.22 µs
Avg HW time/frame (GRAND)     : 157.29 µs
Avg HW time/frame (total)     : 164.51 µs

=== Adaptive HYBRID Monte-Carlo (channel=SIONNA_TDL) ===
Decoder label                 : hyb8
SNR (dB)                      : 7.00
Frames simulated              : 568
Final frame errors            : 250 (target=250)
Stage-1 BER                   : 9.916e-02
Stage-1 FER                   : 4.577e-01
Final BER (LDPC+GRAND)        : 9.915e-02
Final FER (LDPC+GRAND)        : 4.401e-01
Avg stage-1 iters/frame       : 6.65
Avg HW time/frame (stage-1)   : 11.73 µs
Avg HW time/frame (GRAND)     : 83.21 µs
Avg HW time/frame (total)     : 94.94 µs

=== Adaptive HYBRID Monte-Carlo (channel=SIONNA_TDL) ===
Decoder label                 : hyb15
SNR (dB)                      : 7.00
Frames simulated              : 756
Final frame errors            : 250 (target=250)
Stage-1 BER                   : 9.563e-02
Stage-1 FER                   : 3.320e-01
Final BER (LDPC+GRAND)        : 9.562e-02
Final FER (LDPC+GRAND)        : 3.307e-01
Avg stage-1 iters/frame       : 9.40
Avg HW time/frame (stage-1)   : 16.46 µs
Avg HW time/frame (GRAND)     : 63.30 µs
Avg HW time/frame (total)     : 79.76 µs

=== Adaptive HYBRID Monte-Carlo (channel=SIONNA_TDL) ===
Decoder label                 : hybsv4
SNR (dB)                      : 7.00
Frames simulated              : 310
Final frame errors            : 250 (target=250)
Stage-1 BER                   : 1.384e-01
Stage-1 FER                   : 8.387e-01
Final BER (LDPC+GRAND)        : 1.384e-01
Final FER (LDPC+GRAND)        : 8.065e-01
Avg stage-1 iters/frame       : 3.96
Avg HW time/frame (stage-1)   : 7.22 µs
Avg HW time/frame (GRAND)     : 606.70 µs
Avg HW time/frame (total)     : 613.92 µs

=== Adaptive HYBRID Monte-Carlo (channel=SIONNA_TDL) ===
Decoder label                 : hybsv8
SNR (dB)                      : 7.00
Frames simulated              : 559
Final frame errors            : 250 (target=250)
Stage-1 BER                   : 1.040e-01
Stage-1 FER                   : 4.597e-01
Final BER (LDPC+GRAND)        : 1.040e-01
Final FER (LDPC+GRAND)        : 4.472e-01
Avg stage-1 iters/frame       : 6.56
Avg HW time/frame (stage-1)   : 11.57 µs
Avg HW time/frame (GRAND)     : 335.28 µs
Avg HW time/frame (total)     : 346.85 µs

=== Adaptive HYBRID Monte-Carlo (channel=SIONNA_TDL) ===
Decoder label                 : hybsv15
SNR (dB)                      : 7.00
Frames simulated              : 769
Final frame errors            : 250 (target=250)
Stage-1 BER                   : 9.456e-02
Stage-1 FER                   : 3.277e-01
Final BER (LDPC+GRAND)        : 9.456e-02
Final FER (LDPC+GRAND)        : 3.251e-01
Avg stage-1 iters/frame       : 9.52
Avg HW time/frame (stage-1)   : 16.66 µs
Avg HW time/frame (GRAND)     : 248.06 µs
Avg HW time/frame (total)     : 264.72 µs

=== Adaptive HYBRID Monte-Carlo (channel=SIONNA_TDL) ===
Decoder label                 : hybptg4
SNR (dB)                      : 7.00
Frames simulated              : 318
Final frame errors            : 250 (target=250)
Stage-1 BER                   : 1.194e-01
Stage-1 FER                   : 8.270e-01
Final BER (LDPC+GRAND)        : 1.193e-01
Final FER (LDPC+GRAND)        : 7.862e-01
Avg stage-1 iters/frame       : 3.95
Avg HW time/frame (stage-1)   : 7.19 µs
Avg HW time/frame (GRAND)     : 1164.40 µs
Avg HW time/frame (total)     : 1171.59 µs

=== Adaptive HYBRID Monte-Carlo (channel=SIONNA_TDL) ===
Decoder label                 : hybptg8
SNR (dB)                      : 7.00
Frames simulated              : 539
Final frame errors            : 250 (target=250)
Stage-1 BER                   : 1.095e-01
Stage-1 FER                   : 4.879e-01
Final BER (LDPC+GRAND)        : 1.095e-01
Final FER (LDPC+GRAND)        : 4.638e-01
Avg stage-1 iters/frame       : 6.74
Avg HW time/frame (stage-1)   : 11.89 µs
Avg HW time/frame (GRAND)     : 719.88 µs
Avg HW time/frame (total)     : 731.77 µs

=== Adaptive HYBRID Monte-Carlo (channel=SIONNA_TDL) ===
Decoder label                 : hybptg15
SNR (dB)                      : 7.00
Frames simulated              : 774
Final frame errors            : 250 (target=250)
Stage-1 BER                   : 9.142e-02
Stage-1 FER                   : 3.282e-01
Final BER (LDPC+GRAND)        : 9.142e-02
Final FER (LDPC+GRAND)        : 3.230e-01
Avg stage-1 iters/frame       : 9.40
Avg HW time/frame (stage-1)   : 16.44 µs
Avg HW time/frame (GRAND)     : 508.71 µs
Avg HW time/frame (total)     : 525.15 µs

=== Adaptive HYBRID Monte-Carlo (channel=SIONNA_TDL) ===
Decoder label                 : hybctg4
SNR (dB)                      : 7.00
Frames simulated              : 523
Final frame errors            : 250 (target=250)
Stage-1 BER                   : 1.406e-01
Stage-1 FER                   : 8.738e-01
Final BER (LDPC+GRAND)        : 1.264e-01
Final FER (LDPC+GRAND)        : 4.780e-01
Avg stage-1 iters/frame       : 3.96
Avg HW time/frame (stage-1)   : 7.23 µs
Avg HW time/frame (GRAND)     : 3416.05 µs
Avg HW time/frame (total)     : 3423.29 µs

=== Adaptive HYBRID Monte-Carlo (channel=SIONNA_TDL) ===
Decoder label                 : hybctg8
SNR (dB)                      : 7.00
Frames simulated              : 547
Final frame errors            : 250 (target=250)
Stage-1 BER                   : 1.124e-01
Stage-1 FER                   : 4.863e-01
Final BER (LDPC+GRAND)        : 1.123e-01
Final FER (LDPC+GRAND)        : 4.570e-01
Avg stage-1 iters/frame       : 6.77
Avg HW time/frame (stage-1)   : 11.95 µs
Avg HW time/frame (GRAND)     : 3223.30 µs
Avg HW time/frame (total)     : 3235.25 µs

=== Adaptive HYBRID Monte-Carlo (channel=SIONNA_TDL) ===
Decoder label                 : hybctg15
SNR (dB)                      : 7.00
Frames simulated              : 780
Final frame errors            : 250 (target=250)
Stage-1 BER                   : 9.289e-02
Stage-1 FER                   : 3.218e-01
Final BER (LDPC+GRAND)        : 9.288e-02
Final FER (LDPC+GRAND)        : 3.205e-01
Avg stage-1 iters/frame       : 9.58
Avg HW time/frame (stage-1)   : 16.77 µs
Avg HW time/frame (GRAND)     : 2267.94 µs
Avg HW time/frame (total)     : 2284.71 µs

=== Adaptive LDPC-only Monte-Carlo (channel=SIONNA_TDL) ===
Decoder label                 : ldpc4
SNR (dB)                      : 9.00
Frames simulated              : 339
Frame errors                  : 250 (target=250)
Bit error rate (BER)          : 9.588e-02
Frame error rate (FER)        : 7.375e-01
Avg LDPC iterations/frame     : 3.93
Avg HW cycles/frame           : 5690.29
Avg HW decode time/frame      : 7.11 µs
HW model (fclk_mhz)            : 800.0 MHz

=== Adaptive LDPC-only Monte-Carlo (channel=SIONNA_TDL) ===
Decoder label                 : ldpc8
SNR (dB)                      : 9.00
Frames simulated              : 767
Frame errors                  : 250 (target=250)
Bit error rate (BER)          : 5.613e-02
Frame error rate (FER)        : 3.259e-01
Avg LDPC iterations/frame     : 6.04
Avg HW cycles/frame           : 8500.20
Avg HW decode time/frame      : 10.63 µs
HW model (fclk_mhz)            : 800.0 MHz

=== Adaptive LDPC-only Monte-Carlo (channel=SIONNA_TDL) ===
Decoder label                 : ldpc15
SNR (dB)                      : 9.00
Frames simulated              : 1133
Frame errors                  : 250 (target=250)
Bit error rate (BER)          : 6.025e-02
Frame error rate (FER)        : 2.207e-01
Avg LDPC iterations/frame     : 8.09
Avg HW cycles/frame           : 11314.01
Avg HW decode time/frame      : 14.14 µs
HW model (fclk_mhz)            : 800.0 MHz

=== Adaptive LDPC-only Monte-Carlo (channel=SIONNA_TDL) ===
Decoder label                 : ldpc20
SNR (dB)                      : 9.00
Frames simulated              : 1489
Frame errors                  : 250 (target=250)
Bit error rate (BER)          : 4.915e-02
Frame error rate (FER)        : 1.679e-01
Avg LDPC iterations/frame     : 8.84
Avg HW cycles/frame           : 12327.28
Avg HW decode time/frame      : 15.41 µs
HW model (fclk_mhz)            : 800.0 MHz

=== Adaptive LDPC-only Monte-Carlo (channel=SIONNA_TDL) ===
Decoder label                 : ldpc100
SNR (dB)                      : 9.00
Frames simulated              : 1575
Frame errors                  : 250 (target=250)
Bit error rate (BER)          : 5.360e-02
Frame error rate (FER)        : 1.587e-01
Avg LDPC iterations/frame     : 22.64
Avg HW cycles/frame           : 31497.03
Avg HW decode time/frame      : 39.37 µs
HW model (fclk_mhz)            : 800.0 MHz

=== Adaptive HYBRID Monte-Carlo (channel=SIONNA_TDL) ===
Decoder label                 : hyb4
SNR (dB)                      : 9.00
Frames simulated              : 340
Final frame errors            : 250 (target=250)
Stage-1 BER                   : 9.923e-02
Stage-1 FER                   : 7.824e-01
Final BER (LDPC+GRAND)        : 9.920e-02
Final FER (LDPC+GRAND)        : 7.353e-01
Avg stage-1 iters/frame       : 3.94
Avg HW time/frame (stage-1)   : 7.16 µs
Avg HW time/frame (GRAND)     : 137.58 µs
Avg HW time/frame (total)     : 144.74 µs

=== Adaptive HYBRID Monte-Carlo (channel=SIONNA_TDL) ===
Decoder label                 : hyb8
SNR (dB)                      : 9.00
Frames simulated              : 777
Final frame errors            : 250 (target=250)
Stage-1 BER                   : 6.570e-02
Stage-1 FER                   : 3.333e-01
Final BER (LDPC+GRAND)        : 6.570e-02
Final FER (LDPC+GRAND)        : 3.218e-01
Avg stage-1 iters/frame       : 6.19
Avg HW time/frame (stage-1)   : 10.88 µs
Avg HW time/frame (GRAND)     : 60.95 µs
Avg HW time/frame (total)     : 71.83 µs

=== Adaptive HYBRID Monte-Carlo (channel=SIONNA_TDL) ===
Decoder label                 : hyb15
SNR (dB)                      : 9.00
Frames simulated              : 1228
Final frame errors            : 250 (target=250)
Stage-1 BER                   : 5.643e-02
Stage-1 FER                   : 2.060e-01
Final BER (LDPC+GRAND)        : 5.643e-02
Final FER (LDPC+GRAND)        : 2.036e-01
Avg stage-1 iters/frame       : 8.10
Avg HW time/frame (stage-1)   : 14.15 µs
Avg HW time/frame (GRAND)     : 38.92 µs
Avg HW time/frame (total)     : 53.07 µs

=== Adaptive HYBRID Monte-Carlo (channel=SIONNA_TDL) ===
Decoder label                 : hybsv4
SNR (dB)                      : 9.00
Frames simulated              : 351
Final frame errors            : 250 (target=250)
Stage-1 BER                   : 1.051e-01
Stage-1 FER                   : 7.293e-01
Final BER (LDPC+GRAND)        : 1.050e-01
Final FER (LDPC+GRAND)        : 7.123e-01
Avg stage-1 iters/frame       : 3.90
Avg HW time/frame (stage-1)   : 7.06 µs
Avg HW time/frame (GRAND)     : 530.43 µs
Avg HW time/frame (total)     : 537.50 µs

=== Adaptive HYBRID Monte-Carlo (channel=SIONNA_TDL) ===
Decoder label                 : hybsv8
SNR (dB)                      : 9.00
Frames simulated              : 720
Final frame errors            : 250 (target=250)
Stage-1 BER                   : 6.459e-02
Stage-1 FER                   : 3.653e-01
Final BER (LDPC+GRAND)        : 6.458e-02
Final FER (LDPC+GRAND)        : 3.472e-01
Avg stage-1 iters/frame       : 6.21
Avg HW time/frame (stage-1)   : 10.92 µs
Avg HW time/frame (GRAND)     : 258.44 µs
Avg HW time/frame (total)     : 269.36 µs

=== Adaptive HYBRID Monte-Carlo (channel=SIONNA_TDL) ===
Decoder label                 : hybsv15
SNR (dB)                      : 9.00
Frames simulated              : 1200
Final frame errors            : 250 (target=250)
Stage-1 BER                   : 5.864e-02
Stage-1 FER                   : 2.108e-01
Final BER (LDPC+GRAND)        : 5.864e-02
Final FER (LDPC+GRAND)        : 2.083e-01
Avg stage-1 iters/frame       : 8.16
Avg HW time/frame (stage-1)   : 14.25 µs
Avg HW time/frame (GRAND)     : 158.72 µs
Avg HW time/frame (total)     : 172.96 µs

=== Adaptive HYBRID Monte-Carlo (channel=SIONNA_TDL) ===
Decoder label                 : hybptg4
SNR (dB)                      : 9.00
Frames simulated              : 362
Final frame errors            : 250 (target=250)
Stage-1 BER                   : 9.093e-02
Stage-1 FER                   : 7.790e-01
Final BER (LDPC+GRAND)        : 9.083e-02
Final FER (LDPC+GRAND)        : 6.906e-01
Avg stage-1 iters/frame       : 3.93
Avg HW time/frame (stage-1)   : 7.13 µs
Avg HW time/frame (GRAND)     : 1018.19 µs
Avg HW time/frame (total)     : 1025.32 µs

=== Adaptive HYBRID Monte-Carlo (channel=SIONNA_TDL) ===
Decoder label                 : hybptg8
SNR (dB)                      : 9.00
Frames simulated              : 799
Final frame errors            : 250 (target=250)
Stage-1 BER                   : 6.410e-02
Stage-1 FER                   : 3.379e-01
Final BER (LDPC+GRAND)        : 6.408e-02
Final FER (LDPC+GRAND)        : 3.129e-01
Avg stage-1 iters/frame       : 6.22
Avg HW time/frame (stage-1)   : 10.93 µs
Avg HW time/frame (GRAND)     : 480.10 µs
Avg HW time/frame (total)     : 491.03 µs

=== Adaptive HYBRID Monte-Carlo (channel=SIONNA_TDL) ===
Decoder label                 : hybptg15
SNR (dB)                      : 9.00
Frames simulated              : 1145
Final frame errors            : 250 (target=250)
Stage-1 BER                   : 6.014e-02
Stage-1 FER                   : 2.227e-01
Final BER (LDPC+GRAND)        : 6.013e-02
Final FER (LDPC+GRAND)        : 2.183e-01
Avg stage-1 iters/frame       : 8.19
Avg HW time/frame (stage-1)   : 14.30 µs
Avg HW time/frame (GRAND)     : 342.85 µs
Avg HW time/frame (total)     : 357.15 µs

=== Adaptive HYBRID Monte-Carlo (channel=SIONNA_TDL) ===
Decoder label                 : hybctg4
SNR (dB)                      : 9.00
Frames simulated              : 685
Final frame errors            : 250 (target=250)
Stage-1 BER                   : 1.025e-01
Stage-1 FER                   : 7.577e-01
Final BER (LDPC+GRAND)        : 9.006e-02
Final FER (LDPC+GRAND)        : 3.650e-01
Avg stage-1 iters/frame       : 3.93
Avg HW time/frame (stage-1)   : 7.12 µs
Avg HW time/frame (GRAND)     : 2612.25 µs
Avg HW time/frame (total)     : 2619.37 µs

=== Adaptive HYBRID Monte-Carlo (channel=SIONNA_TDL) ===
Decoder label                 : hybctg8
SNR (dB)                      : 9.00
Frames simulated              : 855
Final frame errors            : 250 (target=250)
Stage-1 BER                   : 6.341e-02
Stage-1 FER                   : 3.181e-01
Final BER (LDPC+GRAND)        : 6.336e-02
Final FER (LDPC+GRAND)        : 2.924e-01
Avg stage-1 iters/frame       : 6.11
Avg HW time/frame (stage-1)   : 10.73 µs
Avg HW time/frame (GRAND)     : 2053.78 µs
Avg HW time/frame (total)     : 2064.51 µs

=== Adaptive HYBRID Monte-Carlo (channel=SIONNA_TDL) ===
Decoder label                 : hybctg15
SNR (dB)                      : 9.00
Frames simulated              : 1304
Final frame errors            : 250 (target=250)
Stage-1 BER                   : 5.088e-02
Stage-1 FER                   : 1.986e-01
Final BER (LDPC+GRAND)        : 5.087e-02
Final FER (LDPC+GRAND)        : 1.917e-01
Avg stage-1 iters/frame       : 7.96
Avg HW time/frame (stage-1)   : 13.91 µs
Avg HW time/frame (GRAND)     : 1364.41 µs
Avg HW time/frame (total)     : 1378.32 µs

=== Adaptive LDPC-only Monte-Carlo (channel=SIONNA_TDL) ===
Decoder label                 : ldpc4
SNR (dB)                      : 8.00
Frames simulated              : 328
Frame errors                  : 250 (target=250)
Bit error rate (BER)          : 1.047e-01
Frame error rate (FER)        : 7.622e-01
Avg LDPC iterations/frame     : 3.92
Avg HW cycles/frame           : 5694.80
Avg HW decode time/frame      : 7.12 µs
HW model (fclk_mhz)            : 800.0 MHz

=== Adaptive LDPC-only Monte-Carlo (channel=SIONNA_TDL) ===
Decoder label                 : ldpc8
SNR (dB)                      : 8.00
Frames simulated              : 558
Frame errors                  : 250 (target=250)
Bit error rate (BER)          : 9.340e-02
Frame error rate (FER)        : 4.480e-01
Avg LDPC iterations/frame     : 6.47
Avg HW cycles/frame           : 9127.51
Avg HW decode time/frame      : 11.41 µs
HW model (fclk_mhz)            : 800.0 MHz

=== Adaptive LDPC-only Monte-Carlo (channel=SIONNA_TDL) ===
Decoder label                 : ldpc15
SNR (dB)                      : 8.00
Frames simulated              : 879
Frame errors                  : 250 (target=250)
Bit error rate (BER)          : 8.002e-02
Frame error rate (FER)        : 2.844e-01
Avg LDPC iterations/frame     : 8.93
Avg HW cycles/frame           : 12500.65
Avg HW decode time/frame      : 15.63 µs
HW model (fclk_mhz)            : 800.0 MHz

=== Adaptive LDPC-only Monte-Carlo (channel=SIONNA_TDL) ===
Decoder label                 : ldpc20
SNR (dB)                      : 8.00
Frames simulated              : 1173
Frame errors                  : 250 (target=250)
Bit error rate (BER)          : 6.493e-02
Frame error rate (FER)        : 2.131e-01
Avg LDPC iterations/frame     : 9.68
Avg HW cycles/frame           : 13514.36
Avg HW decode time/frame      : 16.89 µs
HW model (fclk_mhz)            : 800.0 MHz

=== Adaptive LDPC-only Monte-Carlo (channel=SIONNA_TDL) ===
Decoder label                 : ldpc100
SNR (dB)                      : 8.00
Frames simulated              : 1339
Frame errors                  : 250 (target=250)
Bit error rate (BER)          : 6.396e-02
Frame error rate (FER)        : 1.867e-01
Avg LDPC iterations/frame     : 25.42
Avg HW cycles/frame           : 35362.73
Avg HW decode time/frame      : 44.20 µs
HW model (fclk_mhz)            : 800.0 MHz

=== Adaptive HYBRID Monte-Carlo (channel=SIONNA_TDL) ===
Decoder label                 : hyb4
SNR (dB)                      : 8.00
Frames simulated              : 302
Final frame errors            : 250 (target=250)
Stage-1 BER                   : 1.240e-01
Stage-1 FER                   : 8.709e-01
Final BER (LDPC+GRAND)        : 1.240e-01
Final FER (LDPC+GRAND)        : 8.278e-01
Avg stage-1 iters/frame       : 3.98
Avg HW time/frame (stage-1)   : 7.27 µs
Avg HW time/frame (GRAND)     : 154.33 µs
Avg HW time/frame (total)     : 161.60 µs

=== Adaptive HYBRID Monte-Carlo (channel=SIONNA_TDL) ===
Decoder label                 : hyb8
SNR (dB)                      : 8.00
Frames simulated              : 667
Final frame errors            : 250 (target=250)
Stage-1 BER                   : 7.591e-02
Stage-1 FER                   : 3.853e-01
Final BER (LDPC+GRAND)        : 7.590e-02
Final FER (LDPC+GRAND)        : 3.748e-01
Avg stage-1 iters/frame       : 6.38
Avg HW time/frame (stage-1)   : 11.23 µs
Avg HW time/frame (GRAND)     : 70.21 µs
Avg HW time/frame (total)     : 81.43 µs

=== Adaptive HYBRID Monte-Carlo (channel=SIONNA_TDL) ===
Decoder label                 : hyb15
SNR (dB)                      : 8.00
Frames simulated              : 964
Final frame errors            : 250 (target=250)
Stage-1 BER                   : 7.576e-02
Stage-1 FER                   : 2.593e-01
Final BER (LDPC+GRAND)        : 7.576e-02
Final FER (LDPC+GRAND)        : 2.593e-01
Avg stage-1 iters/frame       : 8.81
Avg HW time/frame (stage-1)   : 15.40 µs
Avg HW time/frame (GRAND)     : 49.65 µs
Avg HW time/frame (total)     : 65.05 µs

=== Adaptive HYBRID Monte-Carlo (channel=SIONNA_TDL) ===
Decoder label                 : hybsv4
SNR (dB)                      : 8.00
Frames simulated              : 318
Final frame errors            : 250 (target=250)
Stage-1 BER                   : 1.193e-01
Stage-1 FER                   : 8.302e-01
Final BER (LDPC+GRAND)        : 1.193e-01
Final FER (LDPC+GRAND)        : 7.862e-01
Avg stage-1 iters/frame       : 3.95
Avg HW time/frame (stage-1)   : 7.19 µs
Avg HW time/frame (GRAND)     : 587.91 µs
Avg HW time/frame (total)     : 595.10 µs

=== Adaptive HYBRID Monte-Carlo (channel=SIONNA_TDL) ===
Decoder label                 : hybsv8
SNR (dB)                      : 8.00
Frames simulated              : 593
Final frame errors            : 250 (target=250)
Stage-1 BER                   : 9.365e-02
Stage-1 FER                   : 4.317e-01
Final BER (LDPC+GRAND)        : 9.365e-02
Final FER (LDPC+GRAND)        : 4.216e-01
Avg stage-1 iters/frame       : 6.52
Avg HW time/frame (stage-1)   : 11.50 µs
Avg HW time/frame (GRAND)     : 315.57 µs
Avg HW time/frame (total)     : 327.06 µs

=== Adaptive HYBRID Monte-Carlo (channel=SIONNA_TDL) ===
Decoder label                 : hybsv15
SNR (dB)                      : 8.00
Frames simulated              : 960
Final frame errors            : 250 (target=250)
Stage-1 BER                   : 6.969e-02
Stage-1 FER                   : 2.646e-01
Final BER (LDPC+GRAND)        : 6.969e-02
Final FER (LDPC+GRAND)        : 2.604e-01
Avg stage-1 iters/frame       : 8.81
Avg HW time/frame (stage-1)   : 15.41 µs
Avg HW time/frame (GRAND)     : 198.92 µs
Avg HW time/frame (total)     : 214.33 µs

=== Adaptive HYBRID Monte-Carlo (channel=SIONNA_TDL) ===
Decoder label                 : hybptg4
SNR (dB)                      : 8.00
Frames simulated              : 338
Final frame errors            : 250 (target=250)
Stage-1 BER                   : 1.174e-01
Stage-1 FER                   : 8.254e-01
Final BER (LDPC+GRAND)        : 1.173e-01
Final FER (LDPC+GRAND)        : 7.396e-01
Avg stage-1 iters/frame       : 3.93
Avg HW time/frame (stage-1)   : 7.16 µs
Avg HW time/frame (GRAND)     : 1118.71 µs
Avg HW time/frame (total)     : 1125.88 µs

=== Adaptive HYBRID Monte-Carlo (channel=SIONNA_TDL) ===
Decoder label                 : hybptg8
SNR (dB)                      : 8.00
Frames simulated              : 623
Final frame errors            : 250 (target=250)
Stage-1 BER                   : 8.642e-02
Stage-1 FER                   : 4.286e-01
Final BER (LDPC+GRAND)        : 8.639e-02
Final FER (LDPC+GRAND)        : 4.013e-01
Avg stage-1 iters/frame       : 6.48
Avg HW time/frame (stage-1)   : 11.43 µs
Avg HW time/frame (GRAND)     : 617.51 µs
Avg HW time/frame (total)     : 628.94 µs

=== Adaptive HYBRID Monte-Carlo (channel=SIONNA_TDL) ===
Decoder label                 : hybptg15
SNR (dB)                      : 8.00
Frames simulated              : 969
Final frame errors            : 250 (target=250)
Stage-1 BER                   : 7.366e-02
Stage-1 FER                   : 2.601e-01
Final BER (LDPC+GRAND)        : 7.366e-02
Final FER (LDPC+GRAND)        : 2.580e-01
Avg stage-1 iters/frame       : 8.62
Avg HW time/frame (stage-1)   : 15.07 µs
Avg HW time/frame (GRAND)     : 408.29 µs
Avg HW time/frame (total)     : 423.36 µs

=== Adaptive HYBRID Monte-Carlo (channel=SIONNA_TDL) ===
Decoder label                 : hybctg4
SNR (dB)                      : 8.00
Frames simulated              : 578
Final frame errors            : 250 (target=250)
Stage-1 BER                   : 1.221e-01
Stage-1 FER                   : 8.183e-01
Final BER (LDPC+GRAND)        : 1.100e-01
Final FER (LDPC+GRAND)        : 4.325e-01
Avg stage-1 iters/frame       : 3.96
Avg HW time/frame (stage-1)   : 7.20 µs
Avg HW time/frame (GRAND)     : 3094.18 µs
Avg HW time/frame (total)     : 3101.37 µs

=== Adaptive HYBRID Monte-Carlo (channel=SIONNA_TDL) ===
Decoder label                 : hybctg8
SNR (dB)                      : 8.00
Frames simulated              : 656
Final frame errors            : 250 (target=250)
Stage-1 BER                   : 8.676e-02
Stage-1 FER                   : 4.146e-01
Final BER (LDPC+GRAND)        : 8.669e-02
Final FER (LDPC+GRAND)        : 3.811e-01
Avg stage-1 iters/frame       : 6.46
Avg HW time/frame (stage-1)   : 11.38 µs
Avg HW time/frame (GRAND)     : 2672.12 µs
Avg HW time/frame (total)     : 2683.50 µs

=== Adaptive HYBRID Monte-Carlo (channel=SIONNA_TDL) ===
Decoder label                 : hybctg15
SNR (dB)                      : 8.00
Frames simulated              : 928
Final frame errors            : 250 (target=250)
Stage-1 BER                   : 8.188e-02
Stage-1 FER                   : 2.759e-01
Final BER (LDPC+GRAND)        : 8.187e-02
Final FER (LDPC+GRAND)        : 2.694e-01
Avg stage-1 iters/frame       : 8.84
Avg HW time/frame (stage-1)   : 15.46 µs
Avg HW time/frame (GRAND)     : 1916.26 µs
Avg HW time/frame (total)     : 1931.72 µs

=== Adaptive LDPC-only Monte-Carlo (channel=SIONNA_TDL) ===
Decoder label                 : ldpc4
SNR (dB)                      : 9.50
Frames simulated              : 326
Frame errors                  : 250 (target=250)
Bit error rate (BER)          : 1.013e-01
Frame error rate (FER)        : 7.669e-01
Avg LDPC iterations/frame     : 3.93
Avg HW cycles/frame           : 5704.17
Avg HW decode time/frame      : 7.13 µs
HW model (fclk_mhz)            : 800.0 MHz

=== Adaptive LDPC-only Monte-Carlo (channel=SIONNA_TDL) ===
Decoder label                 : ldpc8
SNR (dB)                      : 9.50
Frames simulated              : 728
Frame errors                  : 250 (target=250)
Bit error rate (BER)          : 6.162e-02
Frame error rate (FER)        : 3.434e-01
Avg LDPC iterations/frame     : 6.09
Avg HW cycles/frame           : 8573.98
Avg HW decode time/frame      : 10.72 µs
HW model (fclk_mhz)            : 800.0 MHz

=== Adaptive LDPC-only Monte-Carlo (channel=SIONNA_TDL) ===
Decoder label                 : ldpc15
SNR (dB)                      : 9.50
Frames simulated              : 1414
Frame errors                  : 250 (target=250)
Bit error rate (BER)          : 4.977e-02
Frame error rate (FER)        : 1.768e-01
Avg LDPC iterations/frame     : 7.72
Avg HW cycles/frame           : 10774.84
Avg HW decode time/frame      : 13.47 µs
HW model (fclk_mhz)            : 800.0 MHz

=== Adaptive LDPC-only Monte-Carlo (channel=SIONNA_TDL) ===
Decoder label                 : ldpc20
SNR (dB)                      : 9.50
Frames simulated              : 1643
Frame errors                  : 250 (target=250)
Bit error rate (BER)          : 4.293e-02
Frame error rate (FER)        : 1.522e-01
Avg LDPC iterations/frame     : 8.45
Avg HW cycles/frame           : 11779.68
Avg HW decode time/frame      : 14.72 µs
HW model (fclk_mhz)            : 800.0 MHz

=== Adaptive LDPC-only Monte-Carlo (channel=SIONNA_TDL) ===
Decoder label                 : ldpc100
SNR (dB)                      : 9.50
Frames simulated              : 1877
Frame errors                  : 250 (target=250)
Bit error rate (BER)          : 4.573e-02
Frame error rate (FER)        : 1.332e-01
Avg LDPC iterations/frame     : 19.80
Avg HW cycles/frame           : 27543.03
Avg HW decode time/frame      : 34.43 µs
HW model (fclk_mhz)            : 800.0 MHz

=== Adaptive HYBRID Monte-Carlo (channel=SIONNA_TDL) ===
Decoder label                 : hyb4
SNR (dB)                      : 9.50
Frames simulated              : 359
Final frame errors            : 250 (target=250)
Stage-1 BER                   : 8.653e-02
Stage-1 FER                   : 7.270e-01
Final BER (LDPC+GRAND)        : 8.651e-02
Final FER (LDPC+GRAND)        : 6.964e-01
Avg stage-1 iters/frame       : 3.91
Avg HW time/frame (stage-1)   : 7.09 µs
Avg HW time/frame (GRAND)     : 128.66 µs
Avg HW time/frame (total)     : 135.74 µs

=== Adaptive HYBRID Monte-Carlo (channel=SIONNA_TDL) ===
Decoder label                 : hyb8
SNR (dB)                      : 9.50
Frames simulated              : 898
Final frame errors            : 250 (target=250)
Stage-1 BER                   : 5.397e-02
Stage-1 FER                   : 2.884e-01
Final BER (LDPC+GRAND)        : 5.396e-02
Final FER (LDPC+GRAND)        : 2.784e-01
Avg stage-1 iters/frame       : 5.99
Avg HW time/frame (stage-1)   : 10.51 µs
Avg HW time/frame (GRAND)     : 52.10 µs
Avg HW time/frame (total)     : 62.61 µs

=== Adaptive HYBRID Monte-Carlo (channel=SIONNA_TDL) ===
Decoder label                 : hyb15
SNR (dB)                      : 9.50
Frames simulated              : 1420
Final frame errors            : 250 (target=250)
Stage-1 BER                   : 4.835e-02
Stage-1 FER                   : 1.796e-01
Final BER (LDPC+GRAND)        : 4.835e-02
Final FER (LDPC+GRAND)        : 1.761e-01
Avg stage-1 iters/frame       : 7.68
Avg HW time/frame (stage-1)   : 13.41 µs
Avg HW time/frame (GRAND)     : 33.73 µs
Avg HW time/frame (total)     : 47.14 µs

=== Adaptive HYBRID Monte-Carlo (channel=SIONNA_TDL) ===
Decoder label                 : hybsv4
SNR (dB)                      : 9.50
Frames simulated              : 353
Final frame errors            : 250 (target=250)
Stage-1 BER                   : 9.302e-02
Stage-1 FER                   : 7.507e-01
Final BER (LDPC+GRAND)        : 9.300e-02
Final FER (LDPC+GRAND)        : 7.082e-01
Avg stage-1 iters/frame       : 3.89
Avg HW time/frame (stage-1)   : 7.05 µs
Avg HW time/frame (GRAND)     : 525.39 µs
Avg HW time/frame (total)     : 532.45 µs

=== Adaptive HYBRID Monte-Carlo (channel=SIONNA_TDL) ===
Decoder label                 : hybsv8
SNR (dB)                      : 9.50
Frames simulated              : 865
Final frame errors            : 250 (target=250)
Stage-1 BER                   : 5.629e-02
Stage-1 FER                   : 3.006e-01
Final BER (LDPC+GRAND)        : 5.628e-02
Final FER (LDPC+GRAND)        : 2.890e-01
Avg stage-1 iters/frame       : 6.00
Avg HW time/frame (stage-1)   : 10.53 µs
Avg HW time/frame (GRAND)     : 216.42 µs
Avg HW time/frame (total)     : 226.96 µs

=== Adaptive HYBRID Monte-Carlo (channel=SIONNA_TDL) ===
Decoder label                 : hybsv15
SNR (dB)                      : 9.50
Frames simulated              : 1238
Final frame errors            : 250 (target=250)
Stage-1 BER                   : 5.836e-02
Stage-1 FER                   : 2.044e-01
Final BER (LDPC+GRAND)        : 5.836e-02
Final FER (LDPC+GRAND)        : 2.019e-01
Avg stage-1 iters/frame       : 7.84
Avg HW time/frame (stage-1)   : 13.70 µs
Avg HW time/frame (GRAND)     : 153.68 µs
Avg HW time/frame (total)     : 167.38 µs

=== Adaptive HYBRID Monte-Carlo (channel=SIONNA_TDL) ===
Decoder label                 : hybptg4
SNR (dB)                      : 9.50
Frames simulated              : 379
Final frame errors            : 250 (target=250)
Stage-1 BER                   : 9.170e-02
Stage-1 FER                   : 7.467e-01
Final BER (LDPC+GRAND)        : 9.160e-02
Final FER (LDPC+GRAND)        : 6.596e-01
Avg stage-1 iters/frame       : 3.92
Avg HW time/frame (stage-1)   : 7.11 µs
Avg HW time/frame (GRAND)     : 971.96 µs
Avg HW time/frame (total)     : 979.07 µs

=== Adaptive HYBRID Monte-Carlo (channel=SIONNA_TDL) ===
Decoder label                 : hybptg8
SNR (dB)                      : 9.50
Frames simulated              : 825
Final frame errors            : 250 (target=250)
Stage-1 BER                   : 5.960e-02
Stage-1 FER                   : 3.321e-01
Final BER (LDPC+GRAND)        : 5.957e-02
Final FER (LDPC+GRAND)        : 3.030e-01
Avg stage-1 iters/frame       : 6.05
Avg HW time/frame (stage-1)   : 10.65 µs
Avg HW time/frame (GRAND)     : 461.27 µs
Avg HW time/frame (total)     : 471.91 µs

=== Adaptive HYBRID Monte-Carlo (channel=SIONNA_TDL) ===
Decoder label                 : hybptg15
SNR (dB)                      : 9.50
Frames simulated              : 1474
Final frame errors            : 250 (target=250)
Stage-1 BER                   : 4.758e-02
Stage-1 FER                   : 1.723e-01
Final BER (LDPC+GRAND)        : 4.758e-02
Final FER (LDPC+GRAND)        : 1.696e-01
Avg stage-1 iters/frame       : 7.68
Avg HW time/frame (stage-1)   : 13.41 µs
Avg HW time/frame (GRAND)     : 267.80 µs
Avg HW time/frame (total)     : 281.21 µs

=== Adaptive HYBRID Monte-Carlo (channel=SIONNA_TDL) ===
Decoder label                 : hybctg4
SNR (dB)                      : 9.50
Frames simulated              : 736
Final frame errors            : 250 (target=250)
Stage-1 BER                   : 9.487e-02
Stage-1 FER                   : 7.554e-01
Final BER (LDPC+GRAND)        : 8.210e-02
Final FER (LDPC+GRAND)        : 3.397e-01
Avg stage-1 iters/frame       : 3.91
Avg HW time/frame (stage-1)   : 7.09 µs
Avg HW time/frame (GRAND)     : 2433.98 µs
Avg HW time/frame (total)     : 2441.07 µs

=== Adaptive HYBRID Monte-Carlo (channel=SIONNA_TDL) ===
Decoder label                 : hybctg8
SNR (dB)                      : 9.50
Frames simulated              : 866
Final frame errors            : 250 (target=250)
Stage-1 BER                   : 5.834e-02
Stage-1 FER                   : 3.106e-01
Final BER (LDPC+GRAND)        : 5.829e-02
Final FER (LDPC+GRAND)        : 2.887e-01
Avg stage-1 iters/frame       : 5.99
Avg HW time/frame (stage-1)   : 10.53 µs
Avg HW time/frame (GRAND)     : 2016.92 µs
Avg HW time/frame (total)     : 2027.44 µs

=== Adaptive HYBRID Monte-Carlo (channel=SIONNA_TDL) ===
Decoder label                 : hybctg15
SNR (dB)                      : 9.50
Frames simulated              : 1274
Final frame errors            : 250 (target=250)
Stage-1 BER                   : 5.421e-02
Stage-1 FER                   : 2.017e-01
Final BER (LDPC+GRAND)        : 5.420e-02
Final FER (LDPC+GRAND)        : 1.962e-01
Avg stage-1 iters/frame       : 7.89
Avg HW time/frame (stage-1)   : 13.79 µs
Avg HW time/frame (GRAND)     : 1390.14 µs
Avg HW time/frame (total)     : 1403.93 µs
