[SBATCH CONFIG] FORCE_DEFAULTS=1
[SBATCH CONFIG] SNR_SWEEP=6.2,6.8,7.4,8.0,8.6,9.2,9.8
[SBATCH CONFIG] LDPC_ITERS=4,8,15,20,100
[SBATCH CONFIG] STAGE1_ITERS=4,8,15
[SBATCH CONFIG] TARGET_FRAME_ERRORS=300  MAX_FRAMES=250000
[SBATCH CONFIG] CHANNEL=SIONNA_TDL TDL=C DELAY=1.5e-6 SPEED=[18.0,32.0] CFO=350.0
[SBATCH CONFIG] CSI_MODE=nr_imperfect PILOT_STRIDE=24 EST_SNR=12 PHASE_STD=2.5 AMP_RIPPLE_DB=1.75 DELAY_BIAS_NS=18.0
[SBATCH CONFIG] RUN_RECEIVER2=1 RUN_RECEIVER3=1 RUN_RECEIVER4=1 RUN_RECEIVER5=1 RUN_RECEIVER6=1
[SBATCH CONFIG] GRAND_OSD_RATIO=3.2 GRAND_OSD_MAX_BITS=96 GRAND_OSD_ORDER=2 GRAND_OSD_ENUM_MAX_BITS=22
[SBATCH CONFIG] GRAND_OSD_MAX_CANDIDATES=192 GRAND_OSD_RESTART_MAX_CANDIDATES=28 GRAND_OSD_RESTART_ITERS=18
[SBATCH CONFIG] GRAND_OSD_RESTART_GAIN=4.8 GRAND_OSD_RESTART_DUAL_GAIN=7.0 GRAND_OSD_DISAGREEMENT_BITS=12
[SBATCH CONFIG] GRAND_AHR_RATIO=3.4 GRAND_AHR_MAX_BITS=112 GRAND_AHR_CORE_MAX_BITS=16 GRAND_AHR_MAX_CANDIDATES=160
[SBATCH CONFIG] GRAND_AHR_RESTART_MAX_CANDIDATES=32 GRAND_AHR_RESTART_ITERS=22 GRAND_AHR_RESTART_GAIN=5.5 GRAND_AHR_RESTART_DUAL_GAIN=8.5
Numba threads: 64
[HW model]  {'fclk_mhz': 800, 'ldpc_edges_per_cycle': 64, 'ldpc_bits_per_cycle_hd': 64, 'ldpc_iter_overhead_cycles': 20, 'grand_edges_per_cycle': 64, 'grand_checks_per_cycle': 64, 'grand_batch_overhead_cycles': 200, 'grand_abs_per_cycle': 64, 'grand_sort_elem_log2_per_cycle': 64, 'grand_cost_add_per_cycle': 64, 'grand_patsort_patlog2_per_cycle': 64, 'cluster_pair_edges_per_cycle': 0}
[RUN_EXPERIMENTS] codes=['sionna5g']  snr_sweep=[6.2, 6.8, 7.4, 8.0, 8.6, 9.2, 9.8]  out_dir=results/run_ms.sbatch_27796723
[RUN_EXPERIMENTS] mc_cfg=AdaptiveMCConfig(target_frame_errors=300, min_frames=0, max_frames=250000)
Fast decoding structures prepared: 20488 edges
[RUN_EXPERIMENTS] Built code: sionna5g_k1024_n2048_qm1
[run_awgn_sweep_for_code] SNR-parallel ON: n_jobs=4, threads/worker=16, backend=loky

=== Adaptive LDPC-only Monte-Carlo (channel=SIONNA_TDL) ===
Decoder label                 : ldpc4
SNR (dB)                      : 6.80
Frames simulated              : 305
Frame errors                  : 300 (target=300)
Bit error rate (BER)          : 2.995e-01
Frame error rate (FER)        : 9.836e-01
Avg LDPC iterations/frame     : 4.00
Avg HW cycles/frame           : 5871.74
Avg HW decode time/frame      : 7.34 µs
HW model (fclk_mhz)            : 800.0 MHz

=== Adaptive LDPC-only Monte-Carlo (channel=SIONNA_TDL) ===
Decoder label                 : ldpc8
SNR (dB)                      : 6.80
Frames simulated              : 339
Frame errors                  : 300 (target=300)
Bit error rate (BER)          : 2.724e-01
Frame error rate (FER)        : 8.850e-01
Avg LDPC iterations/frame     : 7.83
Avg HW cycles/frame           : 11158.42
Avg HW decode time/frame      : 13.95 µs
HW model (fclk_mhz)            : 800.0 MHz

=== Adaptive LDPC-only Monte-Carlo (channel=SIONNA_TDL) ===
Decoder label                 : ldpc15
SNR (dB)                      : 6.80
Frames simulated              : 382
Frame errors                  : 300 (target=300)
Bit error rate (BER)          : 2.685e-01
Frame error rate (FER)        : 7.853e-01
Avg LDPC iterations/frame     : 13.75
Avg HW cycles/frame           : 19356.30
Avg HW decode time/frame      : 24.20 µs
HW model (fclk_mhz)            : 800.0 MHz

=== Adaptive LDPC-only Monte-Carlo (channel=SIONNA_TDL) ===
Decoder label                 : ldpc20
SNR (dB)                      : 6.80
Frames simulated              : 383
Frame errors                  : 300 (target=300)
Bit error rate (BER)          : 2.722e-01
Frame error rate (FER)        : 7.833e-01
Avg LDPC iterations/frame     : 17.71
Avg HW cycles/frame           : 24854.51
Avg HW decode time/frame      : 31.07 µs
HW model (fclk_mhz)            : 800.0 MHz

=== Adaptive LDPC-only Monte-Carlo (channel=SIONNA_TDL) ===
Decoder label                 : ldpc100
SNR (dB)                      : 6.80
Frames simulated              : 412
Frame errors                  : 300 (target=300)
Bit error rate (BER)          : 2.652e-01
Frame error rate (FER)        : 7.282e-01
Avg LDPC iterations/frame     : 76.65
Avg HW cycles/frame           : 106704.63
Avg HW decode time/frame      : 133.38 µs
HW model (fclk_mhz)            : 800.0 MHz

=== Adaptive HYBRID Monte-Carlo (channel=SIONNA_TDL) ===
Decoder label                 : hyb4
SNR (dB)                      : 6.80
Frames simulated              : 305
Final frame errors            : 300 (target=300)
Stage-1 BER                   : 2.987e-01
Stage-1 FER                   : 9.934e-01
Final BER (LDPC+GRAND)        : 2.987e-01
Final FER (LDPC+GRAND)        : 9.836e-01
Avg stage-1 iters/frame       : 4.00
Avg HW time/frame (stage-1)   : 7.34 µs
Avg HW time/frame (GRAND)     : 188.44 µs
Avg HW time/frame (total)     : 195.78 µs

=== Adaptive HYBRID Monte-Carlo (channel=SIONNA_TDL) ===
Decoder label                 : hyb8
SNR (dB)                      : 6.80
Frames simulated              : 332
Final frame errors            : 300 (target=300)
Stage-1 BER                   : 2.884e-01
Stage-1 FER                   : 9.157e-01
Final BER (LDPC+GRAND)        : 2.884e-01
Final FER (LDPC+GRAND)        : 9.036e-01
Avg stage-1 iters/frame       : 7.90
Avg HW time/frame (stage-1)   : 14.08 µs
Avg HW time/frame (GRAND)     : 172.95 µs
Avg HW time/frame (total)     : 187.03 µs

=== Adaptive HYBRID Monte-Carlo (channel=SIONNA_TDL) ===
Decoder label                 : hyb15
SNR (dB)                      : 6.80
Frames simulated              : 373
Final frame errors            : 300 (target=300)
Stage-1 BER                   : 2.772e-01
Stage-1 FER                   : 8.097e-01
Final BER (LDPC+GRAND)        : 2.772e-01
Final FER (LDPC+GRAND)        : 8.043e-01
Avg stage-1 iters/frame       : 13.94
Avg HW time/frame (stage-1)   : 24.53 µs
Avg HW time/frame (GRAND)     : 154.05 µs
Avg HW time/frame (total)     : 178.57 µs

=== Adaptive HYBRID Monte-Carlo (channel=SIONNA_TDL) ===
Decoder label                 : hybsv4
SNR (dB)                      : 6.80
Frames simulated              : 303
Final frame errors            : 300 (target=300)
Stage-1 BER                   : 3.045e-01
Stage-1 FER                   : 9.934e-01
Final BER (LDPC+GRAND)        : 3.045e-01
Final FER (LDPC+GRAND)        : 9.901e-01
Avg stage-1 iters/frame       : 4.00
Avg HW time/frame (stage-1)   : 7.34 µs
Avg HW time/frame (GRAND)     : 757.70 µs
Avg HW time/frame (total)     : 765.04 µs

=== Adaptive HYBRID Monte-Carlo (channel=SIONNA_TDL) ===
Decoder label                 : hybsv8
SNR (dB)                      : 6.80
Frames simulated              : 344
Final frame errors            : 300 (target=300)
Stage-1 BER                   : 2.776e-01
Stage-1 FER                   : 8.779e-01
Final BER (LDPC+GRAND)        : 2.776e-01
Final FER (LDPC+GRAND)        : 8.721e-01
Avg stage-1 iters/frame       : 7.80
Avg HW time/frame (stage-1)   : 13.89 µs
Avg HW time/frame (GRAND)     : 662.90 µs
Avg HW time/frame (total)     : 676.79 µs

=== Adaptive HYBRID Monte-Carlo (channel=SIONNA_TDL) ===
Decoder label                 : hybsv15
SNR (dB)                      : 6.80
Frames simulated              : 376
Final frame errors            : 300 (target=300)
Stage-1 BER                   : 2.726e-01
Stage-1 FER                   : 8.032e-01
Final BER (LDPC+GRAND)        : 2.726e-01
Final FER (LDPC+GRAND)        : 7.979e-01
Avg stage-1 iters/frame       : 13.72
Avg HW time/frame (stage-1)   : 24.14 µs
Avg HW time/frame (GRAND)     : 609.66 µs
Avg HW time/frame (total)     : 633.80 µs

=== Adaptive HYBRID Monte-Carlo (channel=SIONNA_TDL) ===
Decoder label                 : hybptg4
SNR (dB)                      : 6.80
Frames simulated              : 307
Final frame errors            : 300 (target=300)
Stage-1 BER                   : 2.943e-01
Stage-1 FER                   : 9.902e-01
Final BER (LDPC+GRAND)        : 2.943e-01
Final FER (LDPC+GRAND)        : 9.772e-01
Avg stage-1 iters/frame       : 4.00
Avg HW time/frame (stage-1)   : 7.34 µs
Avg HW time/frame (GRAND)     : 1551.23 µs
Avg HW time/frame (total)     : 1558.57 µs

=== Adaptive HYBRID Monte-Carlo (channel=SIONNA_TDL) ===
Decoder label                 : hybptg8
SNR (dB)                      : 6.80
Frames simulated              : 344
Final frame errors            : 300 (target=300)
Stage-1 BER                   : 2.808e-01
Stage-1 FER                   : 8.953e-01
Final BER (LDPC+GRAND)        : 2.807e-01
Final FER (LDPC+GRAND)        : 8.721e-01
Avg stage-1 iters/frame       : 7.85
Avg HW time/frame (stage-1)   : 13.99 µs
Avg HW time/frame (GRAND)     : 1385.07 µs
Avg HW time/frame (total)     : 1399.06 µs

=== Adaptive HYBRID Monte-Carlo (channel=SIONNA_TDL) ===
Decoder label                 : hybptg15
SNR (dB)                      : 6.80
Frames simulated              : 365
Final frame errors            : 300 (target=300)
Stage-1 BER                   : 2.857e-01
Stage-1 FER                   : 8.274e-01
Final BER (LDPC+GRAND)        : 2.857e-01
Final FER (LDPC+GRAND)        : 8.219e-01
Avg stage-1 iters/frame       : 13.91
Avg HW time/frame (stage-1)   : 24.48 µs
Avg HW time/frame (GRAND)     : 1310.11 µs
Avg HW time/frame (total)     : 1334.59 µs

=== Adaptive HYBRID Monte-Carlo (channel=SIONNA_TDL) ===
Decoder label                 : hybctg4
SNR (dB)                      : 6.80
Frames simulated              : 329
Final frame errors            : 300 (target=300)
Stage-1 BER                   : 3.008e-01
Stage-1 FER                   : 9.939e-01
Final BER (LDPC+GRAND)        : 2.973e-01
Final FER (LDPC+GRAND)        : 9.119e-01
Avg stage-1 iters/frame       : 4.00
Avg HW time/frame (stage-1)   : 7.34 µs
Avg HW time/frame (GRAND)     : 6485.01 µs
Avg HW time/frame (total)     : 6492.35 µs

=== Adaptive HYBRID Monte-Carlo (channel=SIONNA_TDL) ===
Decoder label                 : hybctg8
SNR (dB)                      : 6.80
Frames simulated              : 341
Final frame errors            : 300 (target=300)
Stage-1 BER                   : 2.825e-01
Stage-1 FER                   : 8.944e-01
Final BER (LDPC+GRAND)        : 2.825e-01
Final FER (LDPC+GRAND)        : 8.798e-01
Avg stage-1 iters/frame       : 7.88
Avg HW time/frame (stage-1)   : 14.04 µs
Avg HW time/frame (GRAND)     : 6229.96 µs
Avg HW time/frame (total)     : 6243.99 µs

=== Adaptive HYBRID Monte-Carlo (channel=SIONNA_TDL) ===
Decoder label                 : hybctg15
SNR (dB)                      : 6.80
Frames simulated              : 398
Final frame errors            : 300 (target=300)
Stage-1 BER                   : 2.675e-01
Stage-1 FER                   : 7.638e-01
Final BER (LDPC+GRAND)        : 2.675e-01
Final FER (LDPC+GRAND)        : 7.538e-01
Avg stage-1 iters/frame       : 13.50
Avg HW time/frame (stage-1)   : 23.75 µs
Avg HW time/frame (GRAND)     : 5371.99 µs
Avg HW time/frame (total)     : 5395.74 µs

=== Adaptive HYBRID Monte-Carlo (channel=SIONNA_TDL) ===
Decoder label                 : hybosd4
SNR (dB)                      : 6.80
Frames simulated              : 308
Final frame errors            : 300 (target=300)
Stage-1 BER                   : 3.012e-01
Stage-1 FER                   : 9.903e-01
Final BER (LDPC+GRAND)        : 3.012e-01
Final FER (LDPC+GRAND)        : 9.740e-01
Avg stage-1 iters/frame       : 4.00
Avg HW time/frame (stage-1)   : 7.34 µs
Avg HW time/frame (GRAND)     : 3623.41 µs
Avg HW time/frame (total)     : 3630.75 µs

=== Adaptive HYBRID Monte-Carlo (channel=SIONNA_TDL) ===
Decoder label                 : hybosd8
SNR (dB)                      : 6.80
Frames simulated              : 349
Final frame errors            : 300 (target=300)
Stage-1 BER                   : 2.750e-01
Stage-1 FER                   : 8.825e-01
Final BER (LDPC+GRAND)        : 2.750e-01
Final FER (LDPC+GRAND)        : 8.596e-01
Avg stage-1 iters/frame       : 7.82
Avg HW time/frame (stage-1)   : 13.93 µs
Avg HW time/frame (GRAND)     : 3200.21 µs
Avg HW time/frame (total)     : 3214.13 µs

=== Adaptive HYBRID Monte-Carlo (channel=SIONNA_TDL) ===
Decoder label                 : hybosd15
SNR (dB)                      : 6.80
Frames simulated              : 369
Final frame errors            : 300 (target=300)
Stage-1 BER                   : 2.868e-01
Stage-1 FER                   : 8.157e-01
Final BER (LDPC+GRAND)        : 2.868e-01
Final FER (LDPC+GRAND)        : 8.130e-01
Avg stage-1 iters/frame       : 13.91
Avg HW time/frame (stage-1)   : 24.48 µs
Avg HW time/frame (GRAND)     : 3036.16 µs
Avg HW time/frame (total)     : 3060.64 µs

=== Adaptive HYBRID Monte-Carlo (channel=SIONNA_TDL) ===
Decoder label                 : hybahr4
SNR (dB)                      : 6.80
Frames simulated              : 361
Final frame errors            : 300 (target=300)
Stage-1 BER                   : 2.938e-01
Stage-1 FER                   : 9.861e-01
Final BER (LDPC+GRAND)        : 2.808e-01
Final FER (LDPC+GRAND)        : 8.310e-01
Avg stage-1 iters/frame       : 4.00
Avg HW time/frame (stage-1)   : 7.34 µs
Avg HW time/frame (GRAND)     : 7263.14 µs
Avg HW time/frame (total)     : 7270.48 µs

=== Adaptive HYBRID Monte-Carlo (channel=SIONNA_TDL) ===
Decoder label                 : hybahr8
SNR (dB)                      : 6.80
Frames simulated              : 377
Final frame errors            : 300 (target=300)
Stage-1 BER                   : 2.738e-01
Stage-1 FER                   : 8.727e-01
Final BER (LDPC+GRAND)        : 2.693e-01
Final FER (LDPC+GRAND)        : 7.958e-01
Avg stage-1 iters/frame       : 7.83
Avg HW time/frame (stage-1)   : 13.95 µs
Avg HW time/frame (GRAND)     : 6949.09 µs
Avg HW time/frame (total)     : 6963.04 µs

=== Adaptive HYBRID Monte-Carlo (channel=SIONNA_TDL) ===
Decoder label                 : hybahr15
SNR (dB)                      : 6.80
Frames simulated              : 375
Final frame errors            : 300 (target=300)
Stage-1 BER                   : 2.807e-01
Stage-1 FER                   : 8.240e-01
Final BER (LDPC+GRAND)        : 2.801e-01
Final FER (LDPC+GRAND)        : 8.000e-01
Avg stage-1 iters/frame       : 13.92
Avg HW time/frame (stage-1)   : 24.49 µs
Avg HW time/frame (GRAND)     : 6965.62 µs
Avg HW time/frame (total)     : 6990.12 µs
[save_awgn_results] Wrote raw results : results/run_ms.sbatch_27796723/sionna_tdl_sionna5g_k1024_n2048_qm1_hybrid_20260315-045229_raw.pkl
[save_awgn_results] Wrote mean summary: results/run_ms.sbatch_27796723/sionna_tdl_sionna5g_k1024_n2048_qm1_hybrid_20260315-045229_summary.csv
[save_awgn_results] Wrote tails summary: results/run_ms.sbatch_27796723/sionna_tdl_sionna5g_k1024_n2048_qm1_hybrid_20260315-045229_summary_tails.csv

=== Adaptive LDPC-only Monte-Carlo (channel=SIONNA_TDL) ===
Decoder label                 : ldpc4
SNR (dB)                      : 6.20
Frames simulated              : 302
Frame errors                  : 300 (target=300)
Bit error rate (BER)          : 3.162e-01
Frame error rate (FER)        : 9.934e-01
Avg LDPC iterations/frame     : 4.00
Avg HW cycles/frame           : 5874.87
Avg HW decode time/frame      : 7.34 µs
HW model (fclk_mhz)            : 800.0 MHz

=== Adaptive LDPC-only Monte-Carlo (channel=SIONNA_TDL) ===
Decoder label                 : ldpc8
SNR (dB)                      : 6.20
Frames simulated              : 329
Frame errors                  : 300 (target=300)
Bit error rate (BER)          : 3.014e-01
Frame error rate (FER)        : 9.119e-01
Avg LDPC iterations/frame     : 7.84
Avg HW cycles/frame           : 11180.95
Avg HW decode time/frame      : 13.98 µs
HW model (fclk_mhz)            : 800.0 MHz

=== Adaptive LDPC-only Monte-Carlo (channel=SIONNA_TDL) ===
Decoder label                 : ldpc15
SNR (dB)                      : 6.20
Frames simulated              : 351
Frame errors                  : 300 (target=300)
Bit error rate (BER)          : 2.938e-01
Frame error rate (FER)        : 8.547e-01
Avg LDPC iterations/frame     : 14.14
Avg HW cycles/frame           : 19914.26
Avg HW decode time/frame      : 24.89 µs
HW model (fclk_mhz)            : 800.0 MHz

=== Adaptive LDPC-only Monte-Carlo (channel=SIONNA_TDL) ===
Decoder label                 : ldpc20
SNR (dB)                      : 6.20
Frames simulated              : 374
Frame errors                  : 300 (target=300)
Bit error rate (BER)          : 2.939e-01
Frame error rate (FER)        : 8.021e-01
Avg LDPC iterations/frame     : 18.03
Avg HW cycles/frame           : 25296.63
Avg HW decode time/frame      : 31.62 µs
HW model (fclk_mhz)            : 800.0 MHz

=== Adaptive LDPC-only Monte-Carlo (channel=SIONNA_TDL) ===
Decoder label                 : ldpc100
SNR (dB)                      : 6.20
Frames simulated              : 384
Frame errors                  : 300 (target=300)
Bit error rate (BER)          : 2.879e-01
Frame error rate (FER)        : 7.812e-01
Avg LDPC iterations/frame     : 81.35
Avg HW cycles/frame           : 113251.72
Avg HW decode time/frame      : 141.56 µs
HW model (fclk_mhz)            : 800.0 MHz

=== Adaptive HYBRID Monte-Carlo (channel=SIONNA_TDL) ===
Decoder label                 : hyb4
SNR (dB)                      : 6.20
Frames simulated              : 300
Final frame errors            : 300 (target=300)
Stage-1 BER                   : 3.112e-01
Stage-1 FER                   : 1.000e+00
Final BER (LDPC+GRAND)        : 3.112e-01
Final FER (LDPC+GRAND)        : 1.000e+00
Avg stage-1 iters/frame       : 4.00
Avg HW time/frame (stage-1)   : 7.35 µs
Avg HW time/frame (GRAND)     : 192.07 µs
Avg HW time/frame (total)     : 199.41 µs

=== Adaptive HYBRID Monte-Carlo (channel=SIONNA_TDL) ===
Decoder label                 : hyb8
SNR (dB)                      : 6.20
Frames simulated              : 324
Final frame errors            : 300 (target=300)
Stage-1 BER                   : 3.168e-01
Stage-1 FER                   : 9.321e-01
Final BER (LDPC+GRAND)        : 3.168e-01
Final FER (LDPC+GRAND)        : 9.259e-01
Avg stage-1 iters/frame       : 7.87
Avg HW time/frame (stage-1)   : 14.03 µs
Avg HW time/frame (GRAND)     : 177.82 µs
Avg HW time/frame (total)     : 191.86 µs

=== Adaptive HYBRID Monte-Carlo (channel=SIONNA_TDL) ===
Decoder label                 : hyb15
SNR (dB)                      : 6.20
Frames simulated              : 364
Final frame errors            : 300 (target=300)
Stage-1 BER                   : 2.929e-01
Stage-1 FER                   : 8.269e-01
Final BER (LDPC+GRAND)        : 2.929e-01
Final FER (LDPC+GRAND)        : 8.242e-01
Avg stage-1 iters/frame       : 14.03
Avg HW time/frame (stage-1)   : 24.70 µs
Avg HW time/frame (GRAND)     : 158.63 µs
Avg HW time/frame (total)     : 183.33 µs

=== Adaptive HYBRID Monte-Carlo (channel=SIONNA_TDL) ===
Decoder label                 : hybsv4
SNR (dB)                      : 6.20
Frames simulated              : 301
Final frame errors            : 300 (target=300)
Stage-1 BER                   : 3.154e-01
Stage-1 FER                   : 9.967e-01
Final BER (LDPC+GRAND)        : 3.154e-01
Final FER (LDPC+GRAND)        : 9.967e-01
Avg stage-1 iters/frame       : 4.00
Avg HW time/frame (stage-1)   : 7.34 µs
Avg HW time/frame (GRAND)     : 761.95 µs
Avg HW time/frame (total)     : 769.29 µs

=== Adaptive HYBRID Monte-Carlo (channel=SIONNA_TDL) ===
Decoder label                 : hybsv8
SNR (dB)                      : 6.20
Frames simulated              : 323
Final frame errors            : 300 (target=300)
Stage-1 BER                   : 3.022e-01
Stage-1 FER                   : 9.350e-01
Final BER (LDPC+GRAND)        : 3.022e-01
Final FER (LDPC+GRAND)        : 9.288e-01
Avg stage-1 iters/frame       : 7.92
Avg HW time/frame (stage-1)   : 14.13 µs
Avg HW time/frame (GRAND)     : 709.40 µs
Avg HW time/frame (total)     : 723.53 µs

=== Adaptive HYBRID Monte-Carlo (channel=SIONNA_TDL) ===
Decoder label                 : hybsv15
SNR (dB)                      : 6.20
Frames simulated              : 371
Final frame errors            : 300 (target=300)
Stage-1 BER                   : 2.904e-01
Stage-1 FER                   : 8.086e-01
Final BER (LDPC+GRAND)        : 2.904e-01
Final FER (LDPC+GRAND)        : 8.086e-01
Avg stage-1 iters/frame       : 13.92
Avg HW time/frame (stage-1)   : 24.49 µs
Avg HW time/frame (GRAND)     : 619.02 µs
Avg HW time/frame (total)     : 643.51 µs

=== Adaptive HYBRID Monte-Carlo (channel=SIONNA_TDL) ===
Decoder label                 : hybptg4
SNR (dB)                      : 6.20
Frames simulated              : 306
Final frame errors            : 300 (target=300)
Stage-1 BER                   : 3.135e-01
Stage-1 FER                   : 9.869e-01
Final BER (LDPC+GRAND)        : 3.135e-01
Final FER (LDPC+GRAND)        : 9.804e-01
Avg stage-1 iters/frame       : 4.00
Avg HW time/frame (stage-1)   : 7.34 µs
Avg HW time/frame (GRAND)     : 1559.82 µs
Avg HW time/frame (total)     : 1567.16 µs

=== Adaptive HYBRID Monte-Carlo (channel=SIONNA_TDL) ===
Decoder label                 : hybptg8
SNR (dB)                      : 6.20
Frames simulated              : 340
Final frame errors            : 300 (target=300)
Stage-1 BER                   : 2.873e-01
Stage-1 FER                   : 8.941e-01
Final BER (LDPC+GRAND)        : 2.873e-01
Final FER (LDPC+GRAND)        : 8.824e-01
Avg stage-1 iters/frame       : 7.81
Avg HW time/frame (stage-1)   : 13.92 µs
Avg HW time/frame (GRAND)     : 1398.61 µs
Avg HW time/frame (total)     : 1412.52 µs

=== Adaptive HYBRID Monte-Carlo (channel=SIONNA_TDL) ===
Decoder label                 : hybptg15
SNR (dB)                      : 6.20
Frames simulated              : 358
Final frame errors            : 300 (target=300)
Stage-1 BER                   : 2.922e-01
Stage-1 FER                   : 8.408e-01
Final BER (LDPC+GRAND)        : 2.922e-01
Final FER (LDPC+GRAND)        : 8.380e-01
Avg stage-1 iters/frame       : 13.96
Avg HW time/frame (stage-1)   : 24.57 µs
Avg HW time/frame (GRAND)     : 1333.19 µs
Avg HW time/frame (total)     : 1357.76 µs

=== Adaptive HYBRID Monte-Carlo (channel=SIONNA_TDL) ===
Decoder label                 : hybctg4
SNR (dB)                      : 6.20
Frames simulated              : 340
Final frame errors            : 300 (target=300)
Stage-1 BER                   : 3.016e-01
Stage-1 FER                   : 9.941e-01
Final BER (LDPC+GRAND)        : 2.958e-01
Final FER (LDPC+GRAND)        : 8.824e-01
Avg stage-1 iters/frame       : 4.00
Avg HW time/frame (stage-1)   : 7.34 µs
Avg HW time/frame (GRAND)     : 6277.39 µs
Avg HW time/frame (total)     : 6284.73 µs

=== Adaptive HYBRID Monte-Carlo (channel=SIONNA_TDL) ===
Decoder label                 : hybctg8
SNR (dB)                      : 6.20
Frames simulated              : 327
Final frame errors            : 300 (target=300)
Stage-1 BER                   : 2.962e-01
Stage-1 FER                   : 9.235e-01
Final BER (LDPC+GRAND)        : 2.962e-01
Final FER (LDPC+GRAND)        : 9.174e-01
Avg stage-1 iters/frame       : 7.87
Avg HW time/frame (stage-1)   : 14.04 µs
Avg HW time/frame (GRAND)     : 6492.72 µs
Avg HW time/frame (total)     : 6506.77 µs

=== Adaptive HYBRID Monte-Carlo (channel=SIONNA_TDL) ===
Decoder label                 : hybctg15
SNR (dB)                      : 6.20
Frames simulated              : 359
Final frame errors            : 300 (target=300)
Stage-1 BER                   : 2.975e-01
Stage-1 FER                   : 8.440e-01
Final BER (LDPC+GRAND)        : 2.975e-01
Final FER (LDPC+GRAND)        : 8.357e-01
Avg stage-1 iters/frame       : 14.26
Avg HW time/frame (stage-1)   : 25.10 µs
Avg HW time/frame (GRAND)     : 5939.98 µs
Avg HW time/frame (total)     : 5965.08 µs

=== Adaptive HYBRID Monte-Carlo (channel=SIONNA_TDL) ===
Decoder label                 : hybosd4
SNR (dB)                      : 6.20
Frames simulated              : 305
Final frame errors            : 300 (target=300)
Stage-1 BER                   : 3.040e-01
Stage-1 FER                   : 9.902e-01
Final BER (LDPC+GRAND)        : 3.040e-01
Final FER (LDPC+GRAND)        : 9.836e-01
Avg stage-1 iters/frame       : 4.00
Avg HW time/frame (stage-1)   : 7.34 µs
Avg HW time/frame (GRAND)     : 3642.94 µs
Avg HW time/frame (total)     : 3650.28 µs

=== Adaptive HYBRID Monte-Carlo (channel=SIONNA_TDL) ===
Decoder label                 : hybosd8
SNR (dB)                      : 6.20
Frames simulated              : 352
Final frame errors            : 300 (target=300)
Stage-1 BER                   : 2.881e-01
Stage-1 FER                   : 8.750e-01
Final BER (LDPC+GRAND)        : 2.880e-01
Final FER (LDPC+GRAND)        : 8.523e-01
Avg stage-1 iters/frame       : 7.79
Avg HW time/frame (stage-1)   : 13.87 µs
Avg HW time/frame (GRAND)     : 3185.17 µs
Avg HW time/frame (total)     : 3199.04 µs

=== Adaptive HYBRID Monte-Carlo (channel=SIONNA_TDL) ===
Decoder label                 : hybosd15
SNR (dB)                      : 6.20
Frames simulated              : 358
Final frame errors            : 300 (target=300)
Stage-1 BER                   : 2.891e-01
Stage-1 FER                   : 8.408e-01
Final BER (LDPC+GRAND)        : 2.891e-01
Final FER (LDPC+GRAND)        : 8.380e-01
Avg stage-1 iters/frame       : 14.03
Avg HW time/frame (stage-1)   : 24.70 µs
Avg HW time/frame (GRAND)     : 3123.85 µs
Avg HW time/frame (total)     : 3148.56 µs

=== Adaptive HYBRID Monte-Carlo (channel=SIONNA_TDL) ===
Decoder label                 : hybahr4
SNR (dB)                      : 6.20
Frames simulated              : 342
Final frame errors            : 300 (target=300)
Stage-1 BER                   : 3.127e-01
Stage-1 FER                   : 9.942e-01
Final BER (LDPC+GRAND)        : 3.038e-01
Final FER (LDPC+GRAND)        : 8.772e-01
Avg stage-1 iters/frame       : 4.00
Avg HW time/frame (stage-1)   : 7.34 µs
Avg HW time/frame (GRAND)     : 7633.29 µs
Avg HW time/frame (total)     : 7640.63 µs

=== Adaptive HYBRID Monte-Carlo (channel=SIONNA_TDL) ===
Decoder label                 : hybahr8
SNR (dB)                      : 6.20
Frames simulated              : 354
Final frame errors            : 300 (target=300)
Stage-1 BER                   : 2.973e-01
Stage-1 FER                   : 9.153e-01
Final BER (LDPC+GRAND)        : 2.940e-01
Final FER (LDPC+GRAND)        : 8.475e-01
Avg stage-1 iters/frame       : 7.88
Avg HW time/frame (stage-1)   : 14.05 µs
Avg HW time/frame (GRAND)     : 7405.73 µs
Avg HW time/frame (total)     : 7419.77 µs

=== Adaptive HYBRID Monte-Carlo (channel=SIONNA_TDL) ===
Decoder label                 : hybahr15
SNR (dB)                      : 6.20
Frames simulated              : 391
Final frame errors            : 300 (target=300)
Stage-1 BER                   : 2.785e-01
Stage-1 FER                   : 7.852e-01
Final BER (LDPC+GRAND)        : 2.782e-01
Final FER (LDPC+GRAND)        : 7.673e-01
Avg stage-1 iters/frame       : 13.70
Avg HW time/frame (stage-1)   : 24.10 µs
Avg HW time/frame (GRAND)     : 6679.09 µs
Avg HW time/frame (total)     : 6703.19 µs

=== Adaptive LDPC-only Monte-Carlo (channel=SIONNA_TDL) ===
Decoder label                 : ldpc4
SNR (dB)                      : 9.20
Frames simulated              : 310
Frame errors                  : 300 (target=300)
Bit error rate (BER)          : 2.517e-01
Frame error rate (FER)        : 9.677e-01
Avg LDPC iterations/frame     : 3.99
Avg HW cycles/frame           : 5857.68
Avg HW decode time/frame      : 7.32 µs
HW model (fclk_mhz)            : 800.0 MHz

=== Adaptive LDPC-only Monte-Carlo (channel=SIONNA_TDL) ===
Decoder label                 : ldpc8
SNR (dB)                      : 9.20
Frames simulated              : 369
Frame errors                  : 300 (target=300)
Bit error rate (BER)          : 2.349e-01
Frame error rate (FER)        : 8.130e-01
Avg LDPC iterations/frame     : 7.62
Avg HW cycles/frame           : 10849.75
Avg HW decode time/frame      : 13.56 µs
HW model (fclk_mhz)            : 800.0 MHz

=== Adaptive LDPC-only Monte-Carlo (channel=SIONNA_TDL) ===
Decoder label                 : ldpc15
SNR (dB)                      : 9.20
Frames simulated              : 443
Frame errors                  : 300 (target=300)
Bit error rate (BER)          : 2.141e-01
Frame error rate (FER)        : 6.772e-01
Avg LDPC iterations/frame     : 12.87
Avg HW cycles/frame           : 18098.80
Avg HW decode time/frame      : 22.62 µs
HW model (fclk_mhz)            : 800.0 MHz

=== Adaptive LDPC-only Monte-Carlo (channel=SIONNA_TDL) ===
Decoder label                 : ldpc20
SNR (dB)                      : 9.20
Frames simulated              : 495
Frame errors                  : 300 (target=300)
Bit error rate (BER)          : 2.050e-01
Frame error rate (FER)        : 6.061e-01
Avg LDPC iterations/frame     : 15.82
Avg HW cycles/frame           : 22171.61
Avg HW decode time/frame      : 27.71 µs
HW model (fclk_mhz)            : 800.0 MHz

=== Adaptive LDPC-only Monte-Carlo (channel=SIONNA_TDL) ===
Decoder label                 : ldpc100
SNR (dB)                      : 9.20
Frames simulated              : 517
Frame errors                  : 300 (target=300)
Bit error rate (BER)          : 2.080e-01
Frame error rate (FER)        : 5.803e-01
Avg LDPC iterations/frame     : 63.04
Avg HW cycles/frame           : 87752.37
Avg HW decode time/frame      : 109.69 µs
HW model (fclk_mhz)            : 800.0 MHz

=== Adaptive HYBRID Monte-Carlo (channel=SIONNA_TDL) ===
Decoder label                 : hyb4
SNR (dB)                      : 9.20
Frames simulated              : 309
Final frame errors            : 300 (target=300)
Stage-1 BER                   : 2.379e-01
Stage-1 FER                   : 9.773e-01
Final BER (LDPC+GRAND)        : 2.379e-01
Final FER (LDPC+GRAND)        : 9.709e-01
Avg stage-1 iters/frame       : 4.00
Avg HW time/frame (stage-1)   : 7.34 µs
Avg HW time/frame (GRAND)     : 185.83 µs
Avg HW time/frame (total)     : 193.16 µs

=== Adaptive HYBRID Monte-Carlo (channel=SIONNA_TDL) ===
Decoder label                 : hyb8
SNR (dB)                      : 9.20
Frames simulated              : 384
Final frame errors            : 300 (target=300)
Stage-1 BER                   : 2.215e-01
Stage-1 FER                   : 8.021e-01
Final BER (LDPC+GRAND)        : 2.215e-01
Final FER (LDPC+GRAND)        : 7.812e-01
Avg stage-1 iters/frame       : 7.72
Avg HW time/frame (stage-1)   : 13.73 µs
Avg HW time/frame (GRAND)     : 148.73 µs
Avg HW time/frame (total)     : 162.46 µs

=== Adaptive HYBRID Monte-Carlo (channel=SIONNA_TDL) ===
Decoder label                 : hyb15
SNR (dB)                      : 9.20
Frames simulated              : 444
Final frame errors            : 300 (target=300)
Stage-1 BER                   : 2.135e-01
Stage-1 FER                   : 6.779e-01
Final BER (LDPC+GRAND)        : 2.135e-01
Final FER (LDPC+GRAND)        : 6.757e-01
Avg stage-1 iters/frame       : 12.71
Avg HW time/frame (stage-1)   : 22.34 µs
Avg HW time/frame (GRAND)     : 129.39 µs
Avg HW time/frame (total)     : 151.73 µs

=== Adaptive HYBRID Monte-Carlo (channel=SIONNA_TDL) ===
Decoder label                 : hybsv4
SNR (dB)                      : 9.20
Frames simulated              : 311
Final frame errors            : 300 (target=300)
Stage-1 BER                   : 2.517e-01
Stage-1 FER                   : 9.743e-01
Final BER (LDPC+GRAND)        : 2.517e-01
Final FER (LDPC+GRAND)        : 9.646e-01
Avg stage-1 iters/frame       : 3.99
Avg HW time/frame (stage-1)   : 7.32 µs
Avg HW time/frame (GRAND)     : 733.04 µs
Avg HW time/frame (total)     : 740.36 µs

=== Adaptive HYBRID Monte-Carlo (channel=SIONNA_TDL) ===
Decoder label                 : hybsv8
SNR (dB)                      : 9.20
Frames simulated              : 368
Final frame errors            : 300 (target=300)
Stage-1 BER                   : 2.437e-01
Stage-1 FER                   : 8.288e-01
Final BER (LDPC+GRAND)        : 2.437e-01
Final FER (LDPC+GRAND)        : 8.152e-01
Avg stage-1 iters/frame       : 7.71
Avg HW time/frame (stage-1)   : 13.72 µs
Avg HW time/frame (GRAND)     : 619.65 µs
Avg HW time/frame (total)     : 633.37 µs

=== Adaptive HYBRID Monte-Carlo (channel=SIONNA_TDL) ===
Decoder label                 : hybsv15
SNR (dB)                      : 9.20
Frames simulated              : 455
Final frame errors            : 300 (target=300)
Stage-1 BER                   : 2.208e-01
Stage-1 FER                   : 6.593e-01
Final BER (LDPC+GRAND)        : 2.208e-01
Final FER (LDPC+GRAND)        : 6.593e-01
Avg stage-1 iters/frame       : 12.70
Avg HW time/frame (stage-1)   : 22.31 µs
Avg HW time/frame (GRAND)     : 502.31 µs
Avg HW time/frame (total)     : 524.62 µs

=== Adaptive HYBRID Monte-Carlo (channel=SIONNA_TDL) ===
Decoder label                 : hybptg4
SNR (dB)                      : 9.20
Frames simulated              : 312
Final frame errors            : 300 (target=300)
Stage-1 BER                   : 2.486e-01
Stage-1 FER                   : 9.808e-01
Final BER (LDPC+GRAND)        : 2.486e-01
Final FER (LDPC+GRAND)        : 9.615e-01
Avg stage-1 iters/frame       : 4.00
Avg HW time/frame (stage-1)   : 7.33 µs
Avg HW time/frame (GRAND)     : 1511.57 µs
Avg HW time/frame (total)     : 1518.91 µs

=== Adaptive HYBRID Monte-Carlo (channel=SIONNA_TDL) ===
Decoder label                 : hybptg8
SNR (dB)                      : 9.20
Frames simulated              : 371
Final frame errors            : 300 (target=300)
Stage-1 BER                   : 2.454e-01
Stage-1 FER                   : 8.302e-01
Final BER (LDPC+GRAND)        : 2.454e-01
Final FER (LDPC+GRAND)        : 8.086e-01
Avg stage-1 iters/frame       : 7.70
Avg HW time/frame (stage-1)   : 13.70 µs
Avg HW time/frame (GRAND)     : 1279.68 µs
Avg HW time/frame (total)     : 1293.39 µs

=== Adaptive HYBRID Monte-Carlo (channel=SIONNA_TDL) ===
Decoder label                 : hybptg15
SNR (dB)                      : 9.20
Frames simulated              : 438
Final frame errors            : 300 (target=300)
Stage-1 BER                   : 2.234e-01
Stage-1 FER                   : 6.963e-01
Final BER (LDPC+GRAND)        : 2.234e-01
Final FER (LDPC+GRAND)        : 6.849e-01
Avg stage-1 iters/frame       : 13.11
Avg HW time/frame (stage-1)   : 23.04 µs
Avg HW time/frame (GRAND)     : 1088.33 µs
Avg HW time/frame (total)     : 1111.38 µs

=== Adaptive HYBRID Monte-Carlo (channel=SIONNA_TDL) ===
Decoder label                 : hybctg4
SNR (dB)                      : 9.20
Frames simulated              : 383
Final frame errors            : 300 (target=300)
Stage-1 BER                   : 2.415e-01
Stage-1 FER                   : 9.661e-01
Final BER (LDPC+GRAND)        : 2.337e-01
Final FER (LDPC+GRAND)        : 7.833e-01
Avg stage-1 iters/frame       : 3.99
Avg HW time/frame (stage-1)   : 7.32 µs
Avg HW time/frame (GRAND)     : 5571.93 µs
Avg HW time/frame (total)     : 5579.24 µs

=== Adaptive HYBRID Monte-Carlo (channel=SIONNA_TDL) ===
Decoder label                 : hybctg8
SNR (dB)                      : 9.20
Frames simulated              : 374
Final frame errors            : 300 (target=300)
Stage-1 BER                   : 2.254e-01
Stage-1 FER                   : 8.396e-01
Final BER (LDPC+GRAND)        : 2.253e-01
Final FER (LDPC+GRAND)        : 8.021e-01
Avg stage-1 iters/frame       : 7.67
Avg HW time/frame (stage-1)   : 13.66 µs
Avg HW time/frame (GRAND)     : 5667.93 µs
Avg HW time/frame (total)     : 5681.59 µs

=== Adaptive HYBRID Monte-Carlo (channel=SIONNA_TDL) ===
Decoder label                 : hybctg15
SNR (dB)                      : 9.20
Frames simulated              : 430
Final frame errors            : 300 (target=300)
Stage-1 BER                   : 2.323e-01
Stage-1 FER                   : 7.140e-01
Final BER (LDPC+GRAND)        : 2.323e-01
Final FER (LDPC+GRAND)        : 6.977e-01
Avg stage-1 iters/frame       : 13.13
Avg HW time/frame (stage-1)   : 23.08 µs
Avg HW time/frame (GRAND)     : 4961.51 µs
Avg HW time/frame (total)     : 4984.59 µs

=== Adaptive HYBRID Monte-Carlo (channel=SIONNA_TDL) ===
Decoder label                 : hybosd4
SNR (dB)                      : 9.20
Frames simulated              : 305
Final frame errors            : 300 (target=300)
Stage-1 BER                   : 2.511e-01
Stage-1 FER                   : 9.902e-01
Final BER (LDPC+GRAND)        : 2.511e-01
Final FER (LDPC+GRAND)        : 9.836e-01
Avg stage-1 iters/frame       : 4.00
Avg HW time/frame (stage-1)   : 7.34 µs
Avg HW time/frame (GRAND)     : 3630.15 µs
Avg HW time/frame (total)     : 3637.49 µs

=== Adaptive HYBRID Monte-Carlo (channel=SIONNA_TDL) ===
Decoder label                 : hybosd8
SNR (dB)                      : 9.20
Frames simulated              : 382
Final frame errors            : 300 (target=300)
Stage-1 BER                   : 2.262e-01
Stage-1 FER                   : 8.089e-01
Final BER (LDPC+GRAND)        : 2.262e-01
Final FER (LDPC+GRAND)        : 7.853e-01
Avg stage-1 iters/frame       : 7.65
Avg HW time/frame (stage-1)   : 13.60 µs
Avg HW time/frame (GRAND)     : 2902.80 µs
Avg HW time/frame (total)     : 2916.40 µs

=== Adaptive HYBRID Monte-Carlo (channel=SIONNA_TDL) ===
Decoder label                 : hybosd15
SNR (dB)                      : 9.20
Frames simulated              : 453
Final frame errors            : 300 (target=300)
Stage-1 BER                   : 2.160e-01
Stage-1 FER                   : 6.777e-01
Final BER (LDPC+GRAND)        : 2.160e-01
Final FER (LDPC+GRAND)        : 6.623e-01
Avg stage-1 iters/frame       : 12.86
Avg HW time/frame (stage-1)   : 22.59 µs
Avg HW time/frame (GRAND)     : 2469.06 µs
Avg HW time/frame (total)     : 2491.66 µs

=== Adaptive HYBRID Monte-Carlo (channel=SIONNA_TDL) ===
Decoder label                 : hybahr4
SNR (dB)                      : 9.20
Frames simulated              : 411
Final frame errors            : 300 (target=300)
Stage-1 BER                   : 2.640e-01
Stage-1 FER                   : 9.708e-01
Final BER (LDPC+GRAND)        : 2.408e-01
Final FER (LDPC+GRAND)        : 7.299e-01
Avg stage-1 iters/frame       : 4.00
Avg HW time/frame (stage-1)   : 7.33 µs
Avg HW time/frame (GRAND)     : 6383.98 µs
Avg HW time/frame (total)     : 6391.32 µs

=== Adaptive HYBRID Monte-Carlo (channel=SIONNA_TDL) ===
Decoder label                 : hybahr8
SNR (dB)                      : 9.20
Frames simulated              : 428
Final frame errors            : 300 (target=300)
Stage-1 BER                   : 2.271e-01
Stage-1 FER                   : 8.061e-01
Final BER (LDPC+GRAND)        : 2.221e-01
Final FER (LDPC+GRAND)        : 7.009e-01
Avg stage-1 iters/frame       : 7.68
Avg HW time/frame (stage-1)   : 13.65 µs
Avg HW time/frame (GRAND)     : 6111.23 µs
Avg HW time/frame (total)     : 6124.88 µs

=== Adaptive HYBRID Monte-Carlo (channel=SIONNA_TDL) ===
Decoder label                 : hybahr15
SNR (dB)                      : 9.20
Frames simulated              : 466
Final frame errors            : 300 (target=300)
Stage-1 BER                   : 2.200e-01
Stage-1 FER                   : 6.845e-01
Final BER (LDPC+GRAND)        : 2.188e-01
Final FER (LDPC+GRAND)        : 6.438e-01
Avg stage-1 iters/frame       : 12.94
Avg HW time/frame (stage-1)   : 22.73 µs
Avg HW time/frame (GRAND)     : 5618.72 µs
Avg HW time/frame (total)     : 5641.45 µs

=== Adaptive LDPC-only Monte-Carlo (channel=SIONNA_TDL) ===
Decoder label                 : ldpc4
SNR (dB)                      : 8.00
Frames simulated              : 305
Frame errors                  : 300 (target=300)
Bit error rate (BER)          : 2.655e-01
Frame error rate (FER)        : 9.836e-01
Avg LDPC iterations/frame     : 4.00
Avg HW cycles/frame           : 5867.18
Avg HW decode time/frame      : 7.33 µs
HW model (fclk_mhz)            : 800.0 MHz

=== Adaptive LDPC-only Monte-Carlo (channel=SIONNA_TDL) ===
Decoder label                 : ldpc8
SNR (dB)                      : 8.00
Frames simulated              : 352
Frame errors                  : 300 (target=300)
Bit error rate (BER)          : 2.615e-01
Frame error rate (FER)        : 8.523e-01
Avg LDPC iterations/frame     : 7.71
Avg HW cycles/frame           : 10987.03
Avg HW decode time/frame      : 13.73 µs
HW model (fclk_mhz)            : 800.0 MHz

=== Adaptive LDPC-only Monte-Carlo (channel=SIONNA_TDL) ===
Decoder label                 : ldpc15
SNR (dB)                      : 8.00
Frames simulated              : 407
Frame errors                  : 300 (target=300)
Bit error rate (BER)          : 2.489e-01
Frame error rate (FER)        : 7.371e-01
Avg LDPC iterations/frame     : 13.28
Avg HW cycles/frame           : 18682.67
Avg HW decode time/frame      : 23.35 µs
HW model (fclk_mhz)            : 800.0 MHz

=== Adaptive LDPC-only Monte-Carlo (channel=SIONNA_TDL) ===
Decoder label                 : ldpc20
SNR (dB)                      : 8.00
Frames simulated              : 435
Frame errors                  : 300 (target=300)
Bit error rate (BER)          : 2.366e-01
Frame error rate (FER)        : 6.897e-01
Avg LDPC iterations/frame     : 16.70
Avg HW cycles/frame           : 23422.47
Avg HW decode time/frame      : 29.28 µs
HW model (fclk_mhz)            : 800.0 MHz

=== Adaptive LDPC-only Monte-Carlo (channel=SIONNA_TDL) ===
Decoder label                 : ldpc100
SNR (dB)                      : 8.00
Frames simulated              : 437
Frame errors                  : 300 (target=300)
Bit error rate (BER)          : 2.471e-01
Frame error rate (FER)        : 6.865e-01
Avg LDPC iterations/frame     : 72.78
Avg HW cycles/frame           : 101312.23
Avg HW decode time/frame      : 126.64 µs
HW model (fclk_mhz)            : 800.0 MHz

=== Adaptive HYBRID Monte-Carlo (channel=SIONNA_TDL) ===
Decoder label                 : hyb4
SNR (dB)                      : 8.00
Frames simulated              : 306
Final frame errors            : 300 (target=300)
Stage-1 BER                   : 2.904e-01
Stage-1 FER                   : 9.869e-01
Final BER (LDPC+GRAND)        : 2.904e-01
Final FER (LDPC+GRAND)        : 9.804e-01
Avg stage-1 iters/frame       : 4.00
Avg HW time/frame (stage-1)   : 7.34 µs
Avg HW time/frame (GRAND)     : 188.06 µs
Avg HW time/frame (total)     : 195.40 µs

=== Adaptive HYBRID Monte-Carlo (channel=SIONNA_TDL) ===
Decoder label                 : hyb8
SNR (dB)                      : 8.00
Frames simulated              : 358
Final frame errors            : 300 (target=300)
Stage-1 BER                   : 2.505e-01
Stage-1 FER                   : 8.436e-01
Final BER (LDPC+GRAND)        : 2.505e-01
Final FER (LDPC+GRAND)        : 8.380e-01
Avg stage-1 iters/frame       : 7.75
Avg HW time/frame (stage-1)   : 13.79 µs
Avg HW time/frame (GRAND)     : 159.82 µs
Avg HW time/frame (total)     : 173.61 µs

=== Adaptive HYBRID Monte-Carlo (channel=SIONNA_TDL) ===
Decoder label                 : hyb15
SNR (dB)                      : 8.00
Frames simulated              : 405
Final frame errors            : 300 (target=300)
Stage-1 BER                   : 2.539e-01
Stage-1 FER                   : 7.407e-01
Final BER (LDPC+GRAND)        : 2.539e-01
Final FER (LDPC+GRAND)        : 7.407e-01
Avg stage-1 iters/frame       : 13.25
Avg HW time/frame (stage-1)   : 23.31 µs
Avg HW time/frame (GRAND)     : 142.45 µs
Avg HW time/frame (total)     : 165.76 µs

=== Adaptive HYBRID Monte-Carlo (channel=SIONNA_TDL) ===
Decoder label                 : hybsv4
SNR (dB)                      : 8.00
Frames simulated              : 304
Final frame errors            : 300 (target=300)
Stage-1 BER                   : 2.739e-01
Stage-1 FER                   : 9.901e-01
Final BER (LDPC+GRAND)        : 2.739e-01
Final FER (LDPC+GRAND)        : 9.868e-01
Avg stage-1 iters/frame       : 4.00
Avg HW time/frame (stage-1)   : 7.34 µs
Avg HW time/frame (GRAND)     : 752.54 µs
Avg HW time/frame (total)     : 759.88 µs

=== Adaptive HYBRID Monte-Carlo (channel=SIONNA_TDL) ===
Decoder label                 : hybsv8
SNR (dB)                      : 8.00
Frames simulated              : 354
Final frame errors            : 300 (target=300)
Stage-1 BER                   : 2.596e-01
Stage-1 FER                   : 8.503e-01
Final BER (LDPC+GRAND)        : 2.596e-01
Final FER (LDPC+GRAND)        : 8.475e-01
Avg stage-1 iters/frame       : 7.77
Avg HW time/frame (stage-1)   : 13.83 µs
Avg HW time/frame (GRAND)     : 643.83 µs
Avg HW time/frame (total)     : 657.67 µs

=== Adaptive HYBRID Monte-Carlo (channel=SIONNA_TDL) ===
Decoder label                 : hybsv15
SNR (dB)                      : 8.00
Frames simulated              : 418
Final frame errors            : 300 (target=300)
Stage-1 BER                   : 2.355e-01
Stage-1 FER                   : 7.249e-01
Final BER (LDPC+GRAND)        : 2.355e-01
Final FER (LDPC+GRAND)        : 7.177e-01
Avg stage-1 iters/frame       : 13.30
Avg HW time/frame (stage-1)   : 23.38 µs
Avg HW time/frame (GRAND)     : 548.98 µs
Avg HW time/frame (total)     : 572.36 µs

=== Adaptive HYBRID Monte-Carlo (channel=SIONNA_TDL) ===
Decoder label                 : hybptg4
SNR (dB)                      : 8.00
Frames simulated              : 307
Final frame errors            : 300 (target=300)
Stage-1 BER                   : 2.773e-01
Stage-1 FER                   : 9.837e-01
Final BER (LDPC+GRAND)        : 2.773e-01
Final FER (LDPC+GRAND)        : 9.772e-01
Avg stage-1 iters/frame       : 4.00
Avg HW time/frame (stage-1)   : 7.34 µs
Avg HW time/frame (GRAND)     : 1543.69 µs
Avg HW time/frame (total)     : 1551.03 µs

=== Adaptive HYBRID Monte-Carlo (channel=SIONNA_TDL) ===
Decoder label                 : hybptg8
SNR (dB)                      : 8.00
Frames simulated              : 362
Final frame errors            : 300 (target=300)
Stage-1 BER                   : 2.558e-01
Stage-1 FER                   : 8.564e-01
Final BER (LDPC+GRAND)        : 2.557e-01
Final FER (LDPC+GRAND)        : 8.287e-01
Avg stage-1 iters/frame       : 7.75
Avg HW time/frame (stage-1)   : 13.79 µs
Avg HW time/frame (GRAND)     : 1305.03 µs
Avg HW time/frame (total)     : 1318.82 µs

=== Adaptive HYBRID Monte-Carlo (channel=SIONNA_TDL) ===
Decoder label                 : hybptg15
SNR (dB)                      : 8.00
Frames simulated              : 403
Final frame errors            : 300 (target=300)
Stage-1 BER                   : 2.608e-01
Stage-1 FER                   : 7.469e-01
Final BER (LDPC+GRAND)        : 2.608e-01
Final FER (LDPC+GRAND)        : 7.444e-01
Avg stage-1 iters/frame       : 13.25
Avg HW time/frame (stage-1)   : 23.31 µs
Avg HW time/frame (GRAND)     : 1186.52 µs
Avg HW time/frame (total)     : 1209.83 µs

=== Adaptive HYBRID Monte-Carlo (channel=SIONNA_TDL) ===
Decoder label                 : hybctg4
SNR (dB)                      : 8.00
Frames simulated              : 348
Final frame errors            : 300 (target=300)
Stage-1 BER                   : 2.865e-01
Stage-1 FER                   : 9.828e-01
Final BER (LDPC+GRAND)        : 2.804e-01
Final FER (LDPC+GRAND)        : 8.621e-01
Avg stage-1 iters/frame       : 4.00
Avg HW time/frame (stage-1)   : 7.34 µs
Avg HW time/frame (GRAND)     : 6133.70 µs
Avg HW time/frame (total)     : 6141.04 µs

=== Adaptive HYBRID Monte-Carlo (channel=SIONNA_TDL) ===
Decoder label                 : hybctg8
SNR (dB)                      : 8.00
Frames simulated              : 345
Final frame errors            : 300 (target=300)
Stage-1 BER                   : 2.776e-01
Stage-1 FER                   : 8.870e-01
Final BER (LDPC+GRAND)        : 2.776e-01
Final FER (LDPC+GRAND)        : 8.696e-01
Avg stage-1 iters/frame       : 7.83
Avg HW time/frame (stage-1)   : 13.96 µs
Avg HW time/frame (GRAND)     : 6159.37 µs
Avg HW time/frame (total)     : 6173.33 µs

=== Adaptive HYBRID Monte-Carlo (channel=SIONNA_TDL) ===
Decoder label                 : hybctg15
SNR (dB)                      : 8.00
Frames simulated              : 418
Final frame errors            : 300 (target=300)
Stage-1 BER                   : 2.430e-01
Stage-1 FER                   : 7.201e-01
Final BER (LDPC+GRAND)        : 2.430e-01
Final FER (LDPC+GRAND)        : 7.177e-01
Avg stage-1 iters/frame       : 13.31
Avg HW time/frame (stage-1)   : 23.40 µs
Avg HW time/frame (GRAND)     : 5092.21 µs
Avg HW time/frame (total)     : 5115.61 µs

=== Adaptive HYBRID Monte-Carlo (channel=SIONNA_TDL) ===
Decoder label                 : hybosd4
SNR (dB)                      : 8.00
Frames simulated              : 313
Final frame errors            : 300 (target=300)
Stage-1 BER                   : 2.585e-01
Stage-1 FER                   : 9.808e-01
Final BER (LDPC+GRAND)        : 2.585e-01
Final FER (LDPC+GRAND)        : 9.585e-01
Avg stage-1 iters/frame       : 4.00
Avg HW time/frame (stage-1)   : 7.34 µs
Avg HW time/frame (GRAND)     : 3548.13 µs
Avg HW time/frame (total)     : 3555.47 µs

=== Adaptive HYBRID Monte-Carlo (channel=SIONNA_TDL) ===
Decoder label                 : hybosd8
SNR (dB)                      : 8.00
Frames simulated              : 352
Final frame errors            : 300 (target=300)
Stage-1 BER                   : 2.617e-01
Stage-1 FER                   : 8.807e-01
Final BER (LDPC+GRAND)        : 2.616e-01
Final FER (LDPC+GRAND)        : 8.523e-01
Avg stage-1 iters/frame       : 7.84
Avg HW time/frame (stage-1)   : 13.96 µs
Avg HW time/frame (GRAND)     : 3165.09 µs
Avg HW time/frame (total)     : 3179.05 µs

=== Adaptive HYBRID Monte-Carlo (channel=SIONNA_TDL) ===
Decoder label                 : hybosd15
SNR (dB)                      : 8.00
Frames simulated              : 392
Final frame errors            : 300 (target=300)
Stage-1 BER                   : 2.523e-01
Stage-1 FER                   : 7.679e-01
Final BER (LDPC+GRAND)        : 2.523e-01
Final FER (LDPC+GRAND)        : 7.653e-01
Avg stage-1 iters/frame       : 13.44
Avg HW time/frame (stage-1)   : 23.65 µs
Avg HW time/frame (GRAND)     : 2853.56 µs
Avg HW time/frame (total)     : 2877.21 µs

=== Adaptive HYBRID Monte-Carlo (channel=SIONNA_TDL) ===
Decoder label                 : hybahr4
SNR (dB)                      : 8.00
Frames simulated              : 381
Final frame errors            : 300 (target=300)
Stage-1 BER                   : 2.777e-01
Stage-1 FER                   : 9.790e-01
Final BER (LDPC+GRAND)        : 2.591e-01
Final FER (LDPC+GRAND)        : 7.874e-01
Avg stage-1 iters/frame       : 4.00
Avg HW time/frame (stage-1)   : 7.33 µs
Avg HW time/frame (GRAND)     : 6853.23 µs
Avg HW time/frame (total)     : 6860.56 µs

=== Adaptive HYBRID Monte-Carlo (channel=SIONNA_TDL) ===
Decoder label                 : hybahr8
SNR (dB)                      : 8.00
Frames simulated              : 393
Final frame errors            : 300 (target=300)
Stage-1 BER                   : 2.615e-01
Stage-1 FER                   : 8.677e-01
Final BER (LDPC+GRAND)        : 2.571e-01
Final FER (LDPC+GRAND)        : 7.634e-01
Avg stage-1 iters/frame       : 7.72
Avg HW time/frame (stage-1)   : 13.76 µs
Avg HW time/frame (GRAND)     : 6663.53 µs
Avg HW time/frame (total)     : 6677.29 µs

=== Adaptive HYBRID Monte-Carlo (channel=SIONNA_TDL) ===
Decoder label                 : hybahr15
SNR (dB)                      : 8.00
Frames simulated              : 392
Final frame errors            : 300 (target=300)
Stage-1 BER                   : 2.662e-01
Stage-1 FER                   : 7.908e-01
Final BER (LDPC+GRAND)        : 2.655e-01
Final FER (LDPC+GRAND)        : 7.653e-01
Avg stage-1 iters/frame       : 13.47
Avg HW time/frame (stage-1)   : 23.71 µs
Avg HW time/frame (GRAND)     : 6657.44 µs
Avg HW time/frame (total)     : 6681.15 µs

=== Adaptive LDPC-only Monte-Carlo (channel=SIONNA_TDL) ===
Decoder label                 : ldpc4
SNR (dB)                      : 9.80
Frames simulated              : 312
Frame errors                  : 300 (target=300)
Bit error rate (BER)          : 2.410e-01
Frame error rate (FER)        : 9.615e-01
Avg LDPC iterations/frame     : 3.99
Avg HW cycles/frame           : 5846.85
Avg HW decode time/frame      : 7.31 µs
HW model (fclk_mhz)            : 800.0 MHz

=== Adaptive LDPC-only Monte-Carlo (channel=SIONNA_TDL) ===
Decoder label                 : ldpc8
SNR (dB)                      : 9.80
Frames simulated              : 370
Frame errors                  : 300 (target=300)
Bit error rate (BER)          : 2.290e-01
Frame error rate (FER)        : 8.108e-01
Avg LDPC iterations/frame     : 7.63
Avg HW cycles/frame           : 10861.72
Avg HW decode time/frame      : 13.58 µs
HW model (fclk_mhz)            : 800.0 MHz

=== Adaptive LDPC-only Monte-Carlo (channel=SIONNA_TDL) ===
Decoder label                 : ldpc15
SNR (dB)                      : 9.80
Frames simulated              : 453
Frame errors                  : 300 (target=300)
Bit error rate (BER)          : 2.129e-01
Frame error rate (FER)        : 6.623e-01
Avg LDPC iterations/frame     : 12.68
Avg HW cycles/frame           : 17828.05
Avg HW decode time/frame      : 22.29 µs
HW model (fclk_mhz)            : 800.0 MHz

=== Adaptive LDPC-only Monte-Carlo (channel=SIONNA_TDL) ===
Decoder label                 : ldpc20
SNR (dB)                      : 9.80
Frames simulated              : 513
Frame errors                  : 300 (target=300)
Bit error rate (BER)          : 2.022e-01
Frame error rate (FER)        : 5.848e-01
Avg LDPC iterations/frame     : 15.47
Avg HW cycles/frame           : 21672.54
Avg HW decode time/frame      : 27.09 µs
HW model (fclk_mhz)            : 800.0 MHz

=== Adaptive LDPC-only Monte-Carlo (channel=SIONNA_TDL) ===
Decoder label                 : ldpc100
SNR (dB)                      : 9.80
Frames simulated              : 519
Frame errors                  : 300 (target=300)
Bit error rate (BER)          : 2.034e-01
Frame error rate (FER)        : 5.780e-01
Avg LDPC iterations/frame     : 62.51
Avg HW cycles/frame           : 87007.42
Avg HW decode time/frame      : 108.76 µs
HW model (fclk_mhz)            : 800.0 MHz

=== Adaptive HYBRID Monte-Carlo (channel=SIONNA_TDL) ===
Decoder label                 : hyb4
SNR (dB)                      : 9.80
Frames simulated              : 313
Final frame errors            : 300 (target=300)
Stage-1 BER                   : 2.506e-01
Stage-1 FER                   : 9.712e-01
Final BER (LDPC+GRAND)        : 2.506e-01
Final FER (LDPC+GRAND)        : 9.585e-01
Avg stage-1 iters/frame       : 4.00
Avg HW time/frame (stage-1)   : 7.33 µs
Avg HW time/frame (GRAND)     : 183.85 µs
Avg HW time/frame (total)     : 191.19 µs

=== Adaptive HYBRID Monte-Carlo (channel=SIONNA_TDL) ===
Decoder label                 : hyb8
SNR (dB)                      : 9.80
Frames simulated              : 403
Final frame errors            : 300 (target=300)
Stage-1 BER                   : 2.034e-01
Stage-1 FER                   : 7.519e-01
Final BER (LDPC+GRAND)        : 2.034e-01
Final FER (LDPC+GRAND)        : 7.444e-01
Avg stage-1 iters/frame       : 7.52
Avg HW time/frame (stage-1)   : 13.36 µs
Avg HW time/frame (GRAND)     : 140.97 µs
Avg HW time/frame (total)     : 154.33 µs

=== Adaptive HYBRID Monte-Carlo (channel=SIONNA_TDL) ===
Decoder label                 : hyb15
SNR (dB)                      : 9.80
Frames simulated              : 449
Final frame errors            : 300 (target=300)
Stage-1 BER                   : 2.141e-01
Stage-1 FER                   : 6.726e-01
Final BER (LDPC+GRAND)        : 2.141e-01
Final FER (LDPC+GRAND)        : 6.682e-01
Avg stage-1 iters/frame       : 12.77
Avg HW time/frame (stage-1)   : 22.44 µs
Avg HW time/frame (GRAND)     : 128.03 µs
Avg HW time/frame (total)     : 150.47 µs

=== Adaptive HYBRID Monte-Carlo (channel=SIONNA_TDL) ===
Decoder label                 : hybsv4
SNR (dB)                      : 9.80
Frames simulated              : 315
Final frame errors            : 300 (target=300)
Stage-1 BER                   : 2.505e-01
Stage-1 FER                   : 9.651e-01
Final BER (LDPC+GRAND)        : 2.505e-01
Final FER (LDPC+GRAND)        : 9.524e-01
Avg stage-1 iters/frame       : 3.99
Avg HW time/frame (stage-1)   : 7.32 µs
Avg HW time/frame (GRAND)     : 728.20 µs
Avg HW time/frame (total)     : 735.52 µs

=== Adaptive HYBRID Monte-Carlo (channel=SIONNA_TDL) ===
Decoder label                 : hybsv8
SNR (dB)                      : 9.80
Frames simulated              : 388
Final frame errors            : 300 (target=300)
Stage-1 BER                   : 2.083e-01
Stage-1 FER                   : 7.912e-01
Final BER (LDPC+GRAND)        : 2.083e-01
Final FER (LDPC+GRAND)        : 7.732e-01
Avg stage-1 iters/frame       : 7.61
Avg HW time/frame (stage-1)   : 13.53 µs
Avg HW time/frame (GRAND)     : 586.33 µs
Avg HW time/frame (total)     : 599.86 µs

=== Adaptive HYBRID Monte-Carlo (channel=SIONNA_TDL) ===
Decoder label                 : hybsv15
SNR (dB)                      : 9.80
Frames simulated              : 431
Final frame errors            : 300 (target=300)
Stage-1 BER                   : 2.231e-01
Stage-1 FER                   : 7.007e-01
Final BER (LDPC+GRAND)        : 2.231e-01
Final FER (LDPC+GRAND)        : 6.961e-01
Avg stage-1 iters/frame       : 12.94
Avg HW time/frame (stage-1)   : 22.75 µs
Avg HW time/frame (GRAND)     : 532.11 µs
Avg HW time/frame (total)     : 554.86 µs

=== Adaptive HYBRID Monte-Carlo (channel=SIONNA_TDL) ===
Decoder label                 : hybptg4
SNR (dB)                      : 9.80
Frames simulated              : 316
Final frame errors            : 300 (target=300)
Stage-1 BER                   : 2.438e-01
Stage-1 FER                   : 9.684e-01
Final BER (LDPC+GRAND)        : 2.438e-01
Final FER (LDPC+GRAND)        : 9.494e-01
Avg stage-1 iters/frame       : 3.99
Avg HW time/frame (stage-1)   : 7.32 µs
Avg HW time/frame (GRAND)     : 1492.27 µs
Avg HW time/frame (total)     : 1499.59 µs

=== Adaptive HYBRID Monte-Carlo (channel=SIONNA_TDL) ===
Decoder label                 : hybptg8
SNR (dB)                      : 9.80
Frames simulated              : 378
Final frame errors            : 300 (target=300)
Stage-1 BER                   : 2.258e-01
Stage-1 FER                   : 8.095e-01
Final BER (LDPC+GRAND)        : 2.258e-01
Final FER (LDPC+GRAND)        : 7.937e-01
Avg stage-1 iters/frame       : 7.68
Avg HW time/frame (stage-1)   : 13.66 µs
Avg HW time/frame (GRAND)     : 1242.65 µs
Avg HW time/frame (total)     : 1256.31 µs

=== Adaptive HYBRID Monte-Carlo (channel=SIONNA_TDL) ===
Decoder label                 : hybptg15
SNR (dB)                      : 9.80
Frames simulated              : 478
Final frame errors            : 300 (target=300)
Stage-1 BER                   : 2.078e-01
Stage-1 FER                   : 6.423e-01
Final BER (LDPC+GRAND)        : 2.078e-01
Final FER (LDPC+GRAND)        : 6.276e-01
Avg stage-1 iters/frame       : 12.52
Avg HW time/frame (stage-1)   : 22.00 µs
Avg HW time/frame (GRAND)     : 997.48 µs
Avg HW time/frame (total)     : 1019.48 µs

=== Adaptive HYBRID Monte-Carlo (channel=SIONNA_TDL) ===
Decoder label                 : hybctg4
SNR (dB)                      : 9.80
Frames simulated              : 366
Final frame errors            : 300 (target=300)
Stage-1 BER                   : 2.559e-01
Stage-1 FER                   : 9.699e-01
Final BER (LDPC+GRAND)        : 2.497e-01
Final FER (LDPC+GRAND)        : 8.197e-01
Avg stage-1 iters/frame       : 3.99
Avg HW time/frame (stage-1)   : 7.32 µs
Avg HW time/frame (GRAND)     : 5833.86 µs
Avg HW time/frame (total)     : 5841.18 µs

=== Adaptive HYBRID Monte-Carlo (channel=SIONNA_TDL) ===
Decoder label                 : hybctg8
SNR (dB)                      : 9.80
Frames simulated              : 399
Final frame errors            : 300 (target=300)
Stage-1 BER                   : 2.215e-01
Stage-1 FER                   : 7.845e-01
Final BER (LDPC+GRAND)        : 2.215e-01
Final FER (LDPC+GRAND)        : 7.519e-01
Avg stage-1 iters/frame       : 7.57
Avg HW time/frame (stage-1)   : 13.46 µs
Avg HW time/frame (GRAND)     : 5320.59 µs
Avg HW time/frame (total)     : 5334.04 µs

=== Adaptive HYBRID Monte-Carlo (channel=SIONNA_TDL) ===
Decoder label                 : hybctg15
SNR (dB)                      : 9.80
Frames simulated              : 467
Final frame errors            : 300 (target=300)
Stage-1 BER                   : 2.126e-01
Stage-1 FER                   : 6.445e-01
Final BER (LDPC+GRAND)        : 2.126e-01
Final FER (LDPC+GRAND)        : 6.424e-01
Avg stage-1 iters/frame       : 12.59
Avg HW time/frame (stage-1)   : 22.11 µs
Avg HW time/frame (GRAND)     : 4560.85 µs
Avg HW time/frame (total)     : 4582.96 µs

=== Adaptive HYBRID Monte-Carlo (channel=SIONNA_TDL) ===
Decoder label                 : hybosd4
SNR (dB)                      : 9.80
Frames simulated              : 314
Final frame errors            : 300 (target=300)
Stage-1 BER                   : 2.379e-01
Stage-1 FER                   : 9.682e-01
Final BER (LDPC+GRAND)        : 2.379e-01
Final FER (LDPC+GRAND)        : 9.554e-01
Avg stage-1 iters/frame       : 3.99
Avg HW time/frame (stage-1)   : 7.32 µs
Avg HW time/frame (GRAND)     : 3510.85 µs
Avg HW time/frame (total)     : 3518.17 µs

=== Adaptive HYBRID Monte-Carlo (channel=SIONNA_TDL) ===
Decoder label                 : hybosd8
SNR (dB)                      : 9.80
Frames simulated              : 389
Final frame errors            : 300 (target=300)
Stage-1 BER                   : 2.244e-01
Stage-1 FER                   : 8.021e-01
Final BER (LDPC+GRAND)        : 2.244e-01
Final FER (LDPC+GRAND)        : 7.712e-01
Avg stage-1 iters/frame       : 7.68
Avg HW time/frame (stage-1)   : 13.65 µs
Avg HW time/frame (GRAND)     : 2861.55 µs
Avg HW time/frame (total)     : 2875.20 µs

=== Adaptive HYBRID Monte-Carlo (channel=SIONNA_TDL) ===
Decoder label                 : hybosd15
SNR (dB)                      : 9.80
Frames simulated              : 456
Final frame errors            : 300 (target=300)
Stage-1 BER                   : 2.151e-01
Stage-1 FER                   : 6.689e-01
Final BER (LDPC+GRAND)        : 2.151e-01
Final FER (LDPC+GRAND)        : 6.579e-01
Avg stage-1 iters/frame       : 12.65
Avg HW time/frame (stage-1)   : 22.23 µs
Avg HW time/frame (GRAND)     : 2452.13 µs
Avg HW time/frame (total)     : 2474.36 µs

=== Adaptive HYBRID Monte-Carlo (channel=SIONNA_TDL) ===
Decoder label                 : hybahr4
SNR (dB)                      : 9.80
Frames simulated              : 427
Final frame errors            : 300 (target=300)
Stage-1 BER                   : 2.480e-01
Stage-1 FER                   : 9.719e-01
Final BER (LDPC+GRAND)        : 2.269e-01
Final FER (LDPC+GRAND)        : 7.026e-01
Avg stage-1 iters/frame       : 3.99
Avg HW time/frame (stage-1)   : 7.32 µs
Avg HW time/frame (GRAND)     : 6146.33 µs
Avg HW time/frame (total)     : 6153.66 µs

=== Adaptive HYBRID Monte-Carlo (channel=SIONNA_TDL) ===
Decoder label                 : hybahr8
SNR (dB)                      : 9.80
Frames simulated              : 465
Final frame errors            : 300 (target=300)
Stage-1 BER                   : 2.005e-01
Stage-1 FER                   : 7.527e-01
Final BER (LDPC+GRAND)        : 1.951e-01
Final FER (LDPC+GRAND)        : 6.452e-01
Avg stage-1 iters/frame       : 7.58
Avg HW time/frame (stage-1)   : 13.47 µs
Avg HW time/frame (GRAND)     : 5611.27 µs
Avg HW time/frame (total)     : 5624.75 µs

=== Adaptive HYBRID Monte-Carlo (channel=SIONNA_TDL) ===
Decoder label                 : hybahr15
SNR (dB)                      : 9.80
Frames simulated              : 471
Final frame errors            : 300 (target=300)
Stage-1 BER                   : 2.159e-01
Stage-1 FER                   : 6.582e-01
Final BER (LDPC+GRAND)        : 2.151e-01
Final FER (LDPC+GRAND)        : 6.369e-01
Avg stage-1 iters/frame       : 12.78
Avg HW time/frame (stage-1)   : 22.45 µs
Avg HW time/frame (GRAND)     : 5538.48 µs
Avg HW time/frame (total)     : 5560.93 µs

=== Adaptive LDPC-only Monte-Carlo (channel=SIONNA_TDL) ===
Decoder label                 : ldpc4
SNR (dB)                      : 7.40
Frames simulated              : 302
Frame errors                  : 300 (target=300)
Bit error rate (BER)          : 2.947e-01
Frame error rate (FER)        : 9.934e-01
Avg LDPC iterations/frame     : 4.00
Avg HW cycles/frame           : 5874.87
Avg HW decode time/frame      : 7.34 µs
HW model (fclk_mhz)            : 800.0 MHz

=== Adaptive LDPC-only Monte-Carlo (channel=SIONNA_TDL) ===
Decoder label                 : ldpc8
SNR (dB)                      : 7.40
Frames simulated              : 343
Frame errors                  : 300 (target=300)
Bit error rate (BER)          : 2.587e-01
Frame error rate (FER)        : 8.746e-01
Avg LDPC iterations/frame     : 7.85
Avg HW cycles/frame           : 11178.13
Avg HW decode time/frame      : 13.97 µs
HW model (fclk_mhz)            : 800.0 MHz

=== Adaptive LDPC-only Monte-Carlo (channel=SIONNA_TDL) ===
Decoder label                 : ldpc15
SNR (dB)                      : 7.40
Frames simulated              : 394
Frame errors                  : 300 (target=300)
Bit error rate (BER)          : 2.619e-01
Frame error rate (FER)        : 7.614e-01
Avg LDPC iterations/frame     : 13.52
Avg HW cycles/frame           : 19020.59
Avg HW decode time/frame      : 23.78 µs
HW model (fclk_mhz)            : 800.0 MHz

=== Adaptive LDPC-only Monte-Carlo (channel=SIONNA_TDL) ===
Decoder label                 : ldpc20
SNR (dB)                      : 7.40
Frames simulated              : 397
Frame errors                  : 300 (target=300)
Bit error rate (BER)          : 2.577e-01
Frame error rate (FER)        : 7.557e-01
Avg LDPC iterations/frame     : 17.36
Avg HW cycles/frame           : 24352.39
Avg HW decode time/frame      : 30.44 µs
HW model (fclk_mhz)            : 800.0 MHz

=== Adaptive LDPC-only Monte-Carlo (channel=SIONNA_TDL) ===
Decoder label                 : ldpc100
SNR (dB)                      : 7.40
Frames simulated              : 436
Frame errors                  : 300 (target=300)
Bit error rate (BER)          : 2.528e-01
Frame error rate (FER)        : 6.881e-01
Avg LDPC iterations/frame     : 73.12
Avg HW cycles/frame           : 101786.72
Avg HW decode time/frame      : 127.23 µs
HW model (fclk_mhz)            : 800.0 MHz

=== Adaptive HYBRID Monte-Carlo (channel=SIONNA_TDL) ===
Decoder label                 : hyb4
SNR (dB)                      : 7.40
Frames simulated              : 307
Final frame errors            : 300 (target=300)
Stage-1 BER                   : 2.800e-01
Stage-1 FER                   : 9.837e-01
Final BER (LDPC+GRAND)        : 2.800e-01
Final FER (LDPC+GRAND)        : 9.772e-01
Avg stage-1 iters/frame       : 4.00
Avg HW time/frame (stage-1)   : 7.33 µs
Avg HW time/frame (GRAND)     : 187.59 µs
Avg HW time/frame (total)     : 194.92 µs

=== Adaptive HYBRID Monte-Carlo (channel=SIONNA_TDL) ===
Decoder label                 : hyb8
SNR (dB)                      : 7.40
Frames simulated              : 351
Final frame errors            : 300 (target=300)
Stage-1 BER                   : 2.745e-01
Stage-1 FER                   : 8.604e-01
Final BER (LDPC+GRAND)        : 2.745e-01
Final FER (LDPC+GRAND)        : 8.547e-01
Avg stage-1 iters/frame       : 7.78
Avg HW time/frame (stage-1)   : 13.85 µs
Avg HW time/frame (GRAND)     : 163.95 µs
Avg HW time/frame (total)     : 177.80 µs

=== Adaptive HYBRID Monte-Carlo (channel=SIONNA_TDL) ===
Decoder label                 : hyb15
SNR (dB)                      : 7.40
Frames simulated              : 404
Final frame errors            : 300 (target=300)
Stage-1 BER                   : 2.589e-01
Stage-1 FER                   : 7.426e-01
Final BER (LDPC+GRAND)        : 2.589e-01
Final FER (LDPC+GRAND)        : 7.426e-01
Avg stage-1 iters/frame       : 13.35
Avg HW time/frame (stage-1)   : 23.48 µs
Avg HW time/frame (GRAND)     : 142.75 µs
Avg HW time/frame (total)     : 166.22 µs

=== Adaptive HYBRID Monte-Carlo (channel=SIONNA_TDL) ===
Decoder label                 : hybsv4
SNR (dB)                      : 7.40
Frames simulated              : 300
Final frame errors            : 300 (target=300)
Stage-1 BER                   : 2.889e-01
Stage-1 FER                   : 1.000e+00
Final BER (LDPC+GRAND)        : 2.889e-01
Final FER (LDPC+GRAND)        : 1.000e+00
Avg stage-1 iters/frame       : 4.00
Avg HW time/frame (stage-1)   : 7.35 µs
Avg HW time/frame (GRAND)     : 762.50 µs
Avg HW time/frame (total)     : 769.84 µs

=== Adaptive HYBRID Monte-Carlo (channel=SIONNA_TDL) ===
Decoder label                 : hybsv8
SNR (dB)                      : 7.40
Frames simulated              : 333
Final frame errors            : 300 (target=300)
Stage-1 BER                   : 2.865e-01
Stage-1 FER                   : 9.009e-01
Final BER (LDPC+GRAND)        : 2.865e-01
Final FER (LDPC+GRAND)        : 9.009e-01
Avg stage-1 iters/frame       : 7.82
Avg HW time/frame (stage-1)   : 13.94 µs
Avg HW time/frame (GRAND)     : 686.15 µs
Avg HW time/frame (total)     : 700.09 µs

=== Adaptive HYBRID Monte-Carlo (channel=SIONNA_TDL) ===
Decoder label                 : hybsv15
SNR (dB)                      : 7.40
Frames simulated              : 403
Final frame errors            : 300 (target=300)
Stage-1 BER                   : 2.632e-01
Stage-1 FER                   : 7.444e-01
Final BER (LDPC+GRAND)        : 2.632e-01
Final FER (LDPC+GRAND)        : 7.444e-01
Avg stage-1 iters/frame       : 13.36
Avg HW time/frame (stage-1)   : 23.49 µs
Avg HW time/frame (GRAND)     : 569.28 µs
Avg HW time/frame (total)     : 592.77 µs

=== Adaptive HYBRID Monte-Carlo (channel=SIONNA_TDL) ===
Decoder label                 : hybptg4
SNR (dB)                      : 7.40
Frames simulated              : 304
Final frame errors            : 300 (target=300)
Stage-1 BER                   : 2.899e-01
Stage-1 FER                   : 9.967e-01
Final BER (LDPC+GRAND)        : 2.899e-01
Final FER (LDPC+GRAND)        : 9.868e-01
Avg stage-1 iters/frame       : 4.00
Avg HW time/frame (stage-1)   : 7.34 µs
Avg HW time/frame (GRAND)     : 1563.08 µs
Avg HW time/frame (total)     : 1570.43 µs

=== Adaptive HYBRID Monte-Carlo (channel=SIONNA_TDL) ===
Decoder label                 : hybptg8
SNR (dB)                      : 7.40
Frames simulated              : 355
Final frame errors            : 300 (target=300)
Stage-1 BER                   : 2.670e-01
Stage-1 FER                   : 8.732e-01
Final BER (LDPC+GRAND)        : 2.670e-01
Final FER (LDPC+GRAND)        : 8.451e-01
Avg stage-1 iters/frame       : 7.78
Avg HW time/frame (stage-1)   : 13.85 µs
Avg HW time/frame (GRAND)     : 1339.81 µs
Avg HW time/frame (total)     : 1353.66 µs

=== Adaptive HYBRID Monte-Carlo (channel=SIONNA_TDL) ===
Decoder label                 : hybptg15
SNR (dB)                      : 7.40
Frames simulated              : 393
Final frame errors            : 300 (target=300)
Stage-1 BER                   : 2.708e-01
Stage-1 FER                   : 7.735e-01
Final BER (LDPC+GRAND)        : 2.708e-01
Final FER (LDPC+GRAND)        : 7.634e-01
Avg stage-1 iters/frame       : 13.49
Avg HW time/frame (stage-1)   : 23.74 µs
Avg HW time/frame (GRAND)     : 1219.91 µs
Avg HW time/frame (total)     : 1243.65 µs

=== Adaptive HYBRID Monte-Carlo (channel=SIONNA_TDL) ===
Decoder label                 : hybctg4
SNR (dB)                      : 7.40
Frames simulated              : 345
Final frame errors            : 300 (target=300)
Stage-1 BER                   : 2.852e-01
Stage-1 FER                   : 9.971e-01
Final BER (LDPC+GRAND)        : 2.795e-01
Final FER (LDPC+GRAND)        : 8.696e-01
Avg stage-1 iters/frame       : 4.00
Avg HW time/frame (stage-1)   : 7.35 µs
Avg HW time/frame (GRAND)     : 6186.09 µs
Avg HW time/frame (total)     : 6193.44 µs

=== Adaptive HYBRID Monte-Carlo (channel=SIONNA_TDL) ===
Decoder label                 : hybctg8
SNR (dB)                      : 7.40
Frames simulated              : 347
Final frame errors            : 300 (target=300)
Stage-1 BER                   : 2.694e-01
Stage-1 FER                   : 8.847e-01
Final BER (LDPC+GRAND)        : 2.694e-01
Final FER (LDPC+GRAND)        : 8.646e-01
Avg stage-1 iters/frame       : 7.79
Avg HW time/frame (stage-1)   : 13.88 µs
Avg HW time/frame (GRAND)     : 6104.31 µs
Avg HW time/frame (total)     : 6118.20 µs

=== Adaptive HYBRID Monte-Carlo (channel=SIONNA_TDL) ===
Decoder label                 : hybctg15
SNR (dB)                      : 7.40
Frames simulated              : 414
Final frame errors            : 300 (target=300)
Stage-1 BER                   : 2.510e-01
Stage-1 FER                   : 7.319e-01
Final BER (LDPC+GRAND)        : 2.509e-01
Final FER (LDPC+GRAND)        : 7.246e-01
Avg stage-1 iters/frame       : 13.22
Avg HW time/frame (stage-1)   : 23.25 µs
Avg HW time/frame (GRAND)     : 5148.80 µs
Avg HW time/frame (total)     : 5172.05 µs

=== Adaptive HYBRID Monte-Carlo (channel=SIONNA_TDL) ===
Decoder label                 : hybosd4
SNR (dB)                      : 7.40
Frames simulated              : 308
Final frame errors            : 300 (target=300)
Stage-1 BER                   : 2.896e-01
Stage-1 FER                   : 9.903e-01
Final BER (LDPC+GRAND)        : 2.896e-01
Final FER (LDPC+GRAND)        : 9.740e-01
Avg stage-1 iters/frame       : 4.00
Avg HW time/frame (stage-1)   : 7.34 µs
Avg HW time/frame (GRAND)     : 3612.97 µs
Avg HW time/frame (total)     : 3620.31 µs

=== Adaptive HYBRID Monte-Carlo (channel=SIONNA_TDL) ===
Decoder label                 : hybosd8
SNR (dB)                      : 7.40
Frames simulated              : 347
Final frame errors            : 300 (target=300)
Stage-1 BER                   : 2.739e-01
Stage-1 FER                   : 8.847e-01
Final BER (LDPC+GRAND)        : 2.738e-01
Final FER (LDPC+GRAND)        : 8.646e-01
Avg stage-1 iters/frame       : 7.76
Avg HW time/frame (stage-1)   : 13.83 µs
Avg HW time/frame (GRAND)     : 3215.71 µs
Avg HW time/frame (total)     : 3229.55 µs

=== Adaptive HYBRID Monte-Carlo (channel=SIONNA_TDL) ===
Decoder label                 : hybosd15
SNR (dB)                      : 7.40
Frames simulated              : 397
Final frame errors            : 300 (target=300)
Stage-1 BER                   : 2.622e-01
Stage-1 FER                   : 7.683e-01
Final BER (LDPC+GRAND)        : 2.621e-01
Final FER (LDPC+GRAND)        : 7.557e-01
Avg stage-1 iters/frame       : 13.56
Avg HW time/frame (stage-1)   : 23.85 µs
Avg HW time/frame (GRAND)     : 2817.94 µs
Avg HW time/frame (total)     : 2841.79 µs

=== Adaptive HYBRID Monte-Carlo (channel=SIONNA_TDL) ===
Decoder label                 : hybahr4
SNR (dB)                      : 7.40
Frames simulated              : 375
Final frame errors            : 300 (target=300)
Stage-1 BER                   : 2.820e-01
Stage-1 FER                   : 9.840e-01
Final BER (LDPC+GRAND)        : 2.664e-01
Final FER (LDPC+GRAND)        : 8.000e-01
Avg stage-1 iters/frame       : 3.99
Avg HW time/frame (stage-1)   : 7.33 µs
Avg HW time/frame (GRAND)     : 6987.75 µs
Avg HW time/frame (total)     : 6995.08 µs

=== Adaptive HYBRID Monte-Carlo (channel=SIONNA_TDL) ===
Decoder label                 : hybahr8
SNR (dB)                      : 7.40
Frames simulated              : 372
Final frame errors            : 300 (target=300)
Stage-1 BER                   : 2.728e-01
Stage-1 FER                   : 8.925e-01
Final BER (LDPC+GRAND)        : 2.689e-01
Final FER (LDPC+GRAND)        : 8.065e-01
Avg stage-1 iters/frame       : 7.79
Avg HW time/frame (stage-1)   : 13.88 µs
Avg HW time/frame (GRAND)     : 7036.79 µs
Avg HW time/frame (total)     : 7050.67 µs

=== Adaptive HYBRID Monte-Carlo (channel=SIONNA_TDL) ===
Decoder label                 : hybahr15
SNR (dB)                      : 7.40
Frames simulated              : 397
Final frame errors            : 300 (target=300)
Stage-1 BER                   : 2.606e-01
Stage-1 FER                   : 7.834e-01
Final BER (LDPC+GRAND)        : 2.598e-01
Final FER (LDPC+GRAND)        : 7.557e-01
Avg stage-1 iters/frame       : 13.57
Avg HW time/frame (stage-1)   : 23.88 µs
Avg HW time/frame (GRAND)     : 6572.64 µs
Avg HW time/frame (total)     : 6596.52 µs

=== Adaptive LDPC-only Monte-Carlo (channel=SIONNA_TDL) ===
Decoder label                 : ldpc4
SNR (dB)                      : 8.60
Frames simulated              : 309
Frame errors                  : 300 (target=300)
Bit error rate (BER)          : 2.480e-01
Frame error rate (FER)        : 9.709e-01
Avg LDPC iterations/frame     : 4.00
Avg HW cycles/frame           : 5867.65
Avg HW decode time/frame      : 7.33 µs
HW model (fclk_mhz)            : 800.0 MHz

=== Adaptive LDPC-only Monte-Carlo (channel=SIONNA_TDL) ===
Decoder label                 : ldpc8
SNR (dB)                      : 8.60
Frames simulated              : 351
Frame errors                  : 300 (target=300)
Bit error rate (BER)          : 2.429e-01
Frame error rate (FER)        : 8.547e-01
Avg LDPC iterations/frame     : 7.76
Avg HW cycles/frame           : 11053.95
Avg HW decode time/frame      : 13.82 µs
HW model (fclk_mhz)            : 800.0 MHz

=== Adaptive LDPC-only Monte-Carlo (channel=SIONNA_TDL) ===
Decoder label                 : ldpc15
SNR (dB)                      : 8.60
Frames simulated              : 409
Frame errors                  : 300 (target=300)
Bit error rate (BER)          : 2.415e-01
Frame error rate (FER)        : 7.335e-01
Avg LDPC iterations/frame     : 13.26
Avg HW cycles/frame           : 18652.44
Avg HW decode time/frame      : 23.32 µs
HW model (fclk_mhz)            : 800.0 MHz

=== Adaptive LDPC-only Monte-Carlo (channel=SIONNA_TDL) ===
Decoder label                 : ldpc20
SNR (dB)                      : 8.60
Frames simulated              : 450
Frame errors                  : 300 (target=300)
Bit error rate (BER)          : 2.255e-01
Frame error rate (FER)        : 6.667e-01
Avg LDPC iterations/frame     : 16.45
Avg HW cycles/frame           : 23064.59
Avg HW decode time/frame      : 28.83 µs
HW model (fclk_mhz)            : 800.0 MHz

=== Adaptive LDPC-only Monte-Carlo (channel=SIONNA_TDL) ===
Decoder label                 : ldpc100
SNR (dB)                      : 8.60
Frames simulated              : 465
Frame errors                  : 300 (target=300)
Bit error rate (BER)          : 2.304e-01
Frame error rate (FER)        : 6.452e-01
Avg LDPC iterations/frame     : 69.12
Avg HW cycles/frame           : 96218.36
Avg HW decode time/frame      : 120.27 µs
HW model (fclk_mhz)            : 800.0 MHz

=== Adaptive HYBRID Monte-Carlo (channel=SIONNA_TDL) ===
Decoder label                 : hyb4
SNR (dB)                      : 8.60
Frames simulated              : 313
Final frame errors            : 300 (target=300)
Stage-1 BER                   : 2.502e-01
Stage-1 FER                   : 9.649e-01
Final BER (LDPC+GRAND)        : 2.502e-01
Final FER (LDPC+GRAND)        : 9.585e-01
Avg stage-1 iters/frame       : 4.00
Avg HW time/frame (stage-1)   : 7.33 µs
Avg HW time/frame (GRAND)     : 183.53 µs
Avg HW time/frame (total)     : 190.86 µs

=== Adaptive HYBRID Monte-Carlo (channel=SIONNA_TDL) ===
Decoder label                 : hyb8
SNR (dB)                      : 8.60
Frames simulated              : 369
Final frame errors            : 300 (target=300)
Stage-1 BER                   : 2.486e-01
Stage-1 FER                   : 8.211e-01
Final BER (LDPC+GRAND)        : 2.486e-01
Final FER (LDPC+GRAND)        : 8.130e-01
Avg stage-1 iters/frame       : 7.71
Avg HW time/frame (stage-1)   : 13.72 µs
Avg HW time/frame (GRAND)     : 155.80 µs
Avg HW time/frame (total)     : 169.51 µs

=== Adaptive HYBRID Monte-Carlo (channel=SIONNA_TDL) ===
Decoder label                 : hyb15
SNR (dB)                      : 8.60
Frames simulated              : 408
Final frame errors            : 300 (target=300)
Stage-1 BER                   : 2.532e-01
Stage-1 FER                   : 7.353e-01
Final BER (LDPC+GRAND)        : 2.532e-01
Final FER (LDPC+GRAND)        : 7.353e-01
Avg stage-1 iters/frame       : 13.12
Avg HW time/frame (stage-1)   : 23.08 µs
Avg HW time/frame (GRAND)     : 141.33 µs
Avg HW time/frame (total)     : 164.42 µs

=== Adaptive HYBRID Monte-Carlo (channel=SIONNA_TDL) ===
Decoder label                 : hybsv4
SNR (dB)                      : 8.60
Frames simulated              : 306
Final frame errors            : 300 (target=300)
Stage-1 BER                   : 2.661e-01
Stage-1 FER                   : 9.804e-01
Final BER (LDPC+GRAND)        : 2.661e-01
Final FER (LDPC+GRAND)        : 9.804e-01
Avg stage-1 iters/frame       : 4.00
Avg HW time/frame (stage-1)   : 7.33 µs
Avg HW time/frame (GRAND)     : 744.12 µs
Avg HW time/frame (total)     : 751.45 µs

=== Adaptive HYBRID Monte-Carlo (channel=SIONNA_TDL) ===
Decoder label                 : hybsv8
SNR (dB)                      : 8.60
Frames simulated              : 376
Final frame errors            : 300 (target=300)
Stage-1 BER                   : 2.319e-01
Stage-1 FER                   : 8.059e-01
Final BER (LDPC+GRAND)        : 2.319e-01
Final FER (LDPC+GRAND)        : 7.979e-01
Avg stage-1 iters/frame       : 7.68
Avg HW time/frame (stage-1)   : 13.65 µs
Avg HW time/frame (GRAND)     : 608.61 µs
Avg HW time/frame (total)     : 622.26 µs

=== Adaptive HYBRID Monte-Carlo (channel=SIONNA_TDL) ===
Decoder label                 : hybsv15
SNR (dB)                      : 8.60
Frames simulated              : 420
Final frame errors            : 300 (target=300)
Stage-1 BER                   : 2.292e-01
Stage-1 FER                   : 7.262e-01
Final BER (LDPC+GRAND)        : 2.292e-01
Final FER (LDPC+GRAND)        : 7.143e-01
Avg stage-1 iters/frame       : 13.25
Avg HW time/frame (stage-1)   : 23.30 µs
Avg HW time/frame (GRAND)     : 541.97 µs
Avg HW time/frame (total)     : 565.26 µs

=== Adaptive HYBRID Monte-Carlo (channel=SIONNA_TDL) ===
Decoder label                 : hybptg4
SNR (dB)                      : 8.60
Frames simulated              : 313
Final frame errors            : 300 (target=300)
Stage-1 BER                   : 2.619e-01
Stage-1 FER                   : 9.776e-01
Final BER (LDPC+GRAND)        : 2.618e-01
Final FER (LDPC+GRAND)        : 9.585e-01
Avg stage-1 iters/frame       : 3.99
Avg HW time/frame (stage-1)   : 7.33 µs
Avg HW time/frame (GRAND)     : 1514.49 µs
Avg HW time/frame (total)     : 1521.81 µs

=== Adaptive HYBRID Monte-Carlo (channel=SIONNA_TDL) ===
Decoder label                 : hybptg8
SNR (dB)                      : 8.60
Frames simulated              : 383
Final frame errors            : 300 (target=300)
Stage-1 BER                   : 2.243e-01
Stage-1 FER                   : 8.094e-01
Final BER (LDPC+GRAND)        : 2.243e-01
Final FER (LDPC+GRAND)        : 7.833e-01
Avg stage-1 iters/frame       : 7.71
Avg HW time/frame (stage-1)   : 13.71 µs
Avg HW time/frame (GRAND)     : 1231.44 µs
Avg HW time/frame (total)     : 1245.15 µs

=== Adaptive HYBRID Monte-Carlo (channel=SIONNA_TDL) ===
Decoder label                 : hybptg15
SNR (dB)                      : 8.60
Frames simulated              : 439
Final frame errors            : 300 (target=300)
Stage-1 BER                   : 2.269e-01
Stage-1 FER                   : 6.856e-01
Final BER (LDPC+GRAND)        : 2.269e-01
Final FER (LDPC+GRAND)        : 6.834e-01
Avg stage-1 iters/frame       : 13.05
Avg HW time/frame (stage-1)   : 22.93 µs
Avg HW time/frame (GRAND)     : 1089.61 µs
Avg HW time/frame (total)     : 1112.54 µs

=== Adaptive HYBRID Monte-Carlo (channel=SIONNA_TDL) ===
Decoder label                 : hybctg4
SNR (dB)                      : 8.60
Frames simulated              : 368
Final frame errors            : 300 (target=300)
Stage-1 BER                   : 2.714e-01
Stage-1 FER                   : 9.864e-01
Final BER (LDPC+GRAND)        : 2.640e-01
Final FER (LDPC+GRAND)        : 8.152e-01
Avg stage-1 iters/frame       : 4.00
Avg HW time/frame (stage-1)   : 7.34 µs
Avg HW time/frame (GRAND)     : 5805.61 µs
Avg HW time/frame (total)     : 5812.95 µs

=== Adaptive HYBRID Monte-Carlo (channel=SIONNA_TDL) ===
Decoder label                 : hybctg8
SNR (dB)                      : 8.60
Frames simulated              : 360
Final frame errors            : 300 (target=300)
Stage-1 BER                   : 2.544e-01
Stage-1 FER                   : 8.611e-01
Final BER (LDPC+GRAND)        : 2.544e-01
Final FER (LDPC+GRAND)        : 8.333e-01
Avg stage-1 iters/frame       : 7.77
Avg HW time/frame (stage-1)   : 13.84 µs
Avg HW time/frame (GRAND)     : 5896.53 µs
Avg HW time/frame (total)     : 5910.37 µs

=== Adaptive HYBRID Monte-Carlo (channel=SIONNA_TDL) ===
Decoder label                 : hybctg15
SNR (dB)                      : 8.60
Frames simulated              : 455
Final frame errors            : 300 (target=300)
Stage-1 BER                   : 2.152e-01
Stage-1 FER                   : 6.637e-01
Final BER (LDPC+GRAND)        : 2.152e-01
Final FER (LDPC+GRAND)        : 6.593e-01
Avg stage-1 iters/frame       : 12.70
Avg HW time/frame (stage-1)   : 22.32 µs
Avg HW time/frame (GRAND)     : 4676.11 µs
Avg HW time/frame (total)     : 4698.42 µs

=== Adaptive HYBRID Monte-Carlo (channel=SIONNA_TDL) ===
Decoder label                 : hybosd4
SNR (dB)                      : 8.60
Frames simulated              : 314
Final frame errors            : 300 (target=300)
Stage-1 BER                   : 2.753e-01
Stage-1 FER                   : 9.745e-01
Final BER (LDPC+GRAND)        : 2.753e-01
Final FER (LDPC+GRAND)        : 9.554e-01
Avg stage-1 iters/frame       : 3.99
Avg HW time/frame (stage-1)   : 7.32 µs
Avg HW time/frame (GRAND)     : 3535.55 µs
Avg HW time/frame (total)     : 3542.88 µs

=== Adaptive HYBRID Monte-Carlo (channel=SIONNA_TDL) ===
Decoder label                 : hybosd8
SNR (dB)                      : 8.60
Frames simulated              : 379
Final frame errors            : 300 (target=300)
Stage-1 BER                   : 2.398e-01
Stage-1 FER                   : 8.127e-01
Final BER (LDPC+GRAND)        : 2.398e-01
Final FER (LDPC+GRAND)        : 7.916e-01
Avg stage-1 iters/frame       : 7.72
Avg HW time/frame (stage-1)   : 13.72 µs
Avg HW time/frame (GRAND)     : 2931.64 µs
Avg HW time/frame (total)     : 2945.36 µs

=== Adaptive HYBRID Monte-Carlo (channel=SIONNA_TDL) ===
Decoder label                 : hybosd15
SNR (dB)                      : 8.60
Frames simulated              : 426
Final frame errors            : 300 (target=300)
Stage-1 BER                   : 2.377e-01
Stage-1 FER                   : 7.113e-01
Final BER (LDPC+GRAND)        : 2.376e-01
Final FER (LDPC+GRAND)        : 7.042e-01
Avg stage-1 iters/frame       : 12.92
Avg HW time/frame (stage-1)   : 22.71 µs
Avg HW time/frame (GRAND)     : 2629.69 µs
Avg HW time/frame (total)     : 2652.41 µs

=== Adaptive HYBRID Monte-Carlo (channel=SIONNA_TDL) ===
Decoder label                 : hybahr4
SNR (dB)                      : 8.60
Frames simulated              : 409
Final frame errors            : 300 (target=300)
Stage-1 BER                   : 2.597e-01
Stage-1 FER                   : 9.853e-01
Final BER (LDPC+GRAND)        : 2.393e-01
Final FER (LDPC+GRAND)        : 7.335e-01
Avg stage-1 iters/frame       : 4.00
Avg HW time/frame (stage-1)   : 7.34 µs
Avg HW time/frame (GRAND)     : 6433.04 µs
Avg HW time/frame (total)     : 6440.38 µs

=== Adaptive HYBRID Monte-Carlo (channel=SIONNA_TDL) ===
Decoder label                 : hybahr8
SNR (dB)                      : 8.60
Frames simulated              : 425
Final frame errors            : 300 (target=300)
Stage-1 BER                   : 2.450e-01
Stage-1 FER                   : 8.141e-01
Final BER (LDPC+GRAND)        : 2.390e-01
Final FER (LDPC+GRAND)        : 7.059e-01
Avg stage-1 iters/frame       : 7.62
Avg HW time/frame (stage-1)   : 13.56 µs
Avg HW time/frame (GRAND)     : 6167.46 µs
Avg HW time/frame (total)     : 6181.01 µs

=== Adaptive HYBRID Monte-Carlo (channel=SIONNA_TDL) ===
Decoder label                 : hybahr15
SNR (dB)                      : 8.60
Frames simulated              : 437
Final frame errors            : 300 (target=300)
Stage-1 BER                   : 2.277e-01
Stage-1 FER                   : 7.231e-01
Final BER (LDPC+GRAND)        : 2.260e-01
Final FER (LDPC+GRAND)        : 6.865e-01
Avg stage-1 iters/frame       : 13.14
Avg HW time/frame (stage-1)   : 23.10 µs
Avg HW time/frame (GRAND)     : 5969.49 µs
Avg HW time/frame (total)     : 5992.59 µs
