[SBATCH CONFIG] SNR_SWEEP=8.5,9.5,10.5,11.5,12.5,13.5,14.5,15.5
[SBATCH CONFIG] LDPC_ITERS=15,20,100 STAGE1_ITERS=15
[SBATCH CONFIG] CHANNEL=SIONNA_TDL TDL=C DELAY=8e-7 SPEED=[8.0,14.0] CFO=120.0 CSI_MODE=nr_imperfect
[SBATCH CONFIG] RUN_RECEIVER3=1 RUN_RECEIVER4=1 RUN_RECEIVER5=0 RUN_RECEIVER6=1 RUN_RECEIVER7=1
[SBATCH CONFIG] GRAND_BGR_RATIO=3.2 GRAND_BGR_MAX_BITS=104 GRAND_BGR_MAX_VECTORS=18 GRAND_BGR_COMBO_MAX=3 GRAND_BGR_MAX_CANDIDATES=128
Numba threads: 64
[HW model]  {'fclk_mhz': 800, 'ldpc_edges_per_cycle': 64, 'ldpc_bits_per_cycle_hd': 64, 'ldpc_iter_overhead_cycles': 20, 'grand_edges_per_cycle': 64, 'grand_checks_per_cycle': 64, 'grand_batch_overhead_cycles': 200, 'grand_abs_per_cycle': 64, 'grand_sort_elem_log2_per_cycle': 64, 'grand_cost_add_per_cycle': 64, 'grand_patsort_patlog2_per_cycle': 64, 'cluster_pair_edges_per_cycle': 0}
[RUN_EXPERIMENTS] codes=['sionna5g']  snr_sweep=[8.5, 9.5, 10.5, 11.5, 12.5, 13.5, 14.5, 15.5]  out_dir=results/run_ms_scout.sbatch_27853392
[RUN_EXPERIMENTS] mc_cfg=AdaptiveMCConfig(target_frame_errors=160, min_frames=0, max_frames=180000)
Fast decoding structures prepared: 20488 edges
[RUN_EXPERIMENTS] Built code: sionna5g_k1024_n2048_qm1
[run_awgn_sweep_for_code] SNR-parallel ON: n_jobs=4, threads/worker=16, backend=loky

=== Adaptive LDPC-only Monte-Carlo (channel=SIONNA_TDL) ===
Decoder label                 : ldpc15
SNR (dB)                      : 9.50
Frames simulated              : 1165
Frame errors                  : 160 (target=160)
Bit error rate (BER)          : 3.688e-02
Frame error rate (FER)        : 1.373e-01
Avg LDPC iterations/frame     : 6.99
Avg HW cycles/frame           : 9755.16
Avg HW decode time/frame      : 12.19 µs
HW model (fclk_mhz)            : 800.0 MHz

=== Adaptive LDPC-only Monte-Carlo (channel=SIONNA_TDL) ===
Decoder label                 : ldpc20
SNR (dB)                      : 9.50
Frames simulated              : 1313
Frame errors                  : 160 (target=160)
Bit error rate (BER)          : 3.494e-02
Frame error rate (FER)        : 1.219e-01
Avg LDPC iterations/frame     : 7.59
Avg HW cycles/frame           : 10585.15
Avg HW decode time/frame      : 13.23 µs
HW model (fclk_mhz)            : 800.0 MHz

=== Adaptive LDPC-only Monte-Carlo (channel=SIONNA_TDL) ===
Decoder label                 : ldpc100
SNR (dB)                      : 9.50
Frames simulated              : 1683
Frame errors                  : 160 (target=160)
Bit error rate (BER)          : 3.130e-02
Frame error rate (FER)        : 9.507e-02
Avg LDPC iterations/frame     : 15.63
Avg HW cycles/frame           : 21743.65
Avg HW decode time/frame      : 27.18 µs
HW model (fclk_mhz)            : 800.0 MHz

=== Adaptive HYBRID Monte-Carlo (channel=SIONNA_TDL) ===
Decoder label                 : hyb15
SNR (dB)                      : 9.50
Frames simulated              : 1288
Final frame errors            : 160 (target=160)
Stage-1 BER                   : 3.476e-02
Stage-1 FER                   : 1.258e-01
Final BER (LDPC+GRAND)        : 3.476e-02
Final FER (LDPC+GRAND)        : 1.242e-01
Avg stage-1 iters/frame       : 6.87
Avg HW time/frame (stage-1)   : 11.97 µs
Avg HW time/frame (GRAND)     : 11.82 µs
Avg HW time/frame (total)     : 23.79 µs

=== Adaptive HYBRID Monte-Carlo (channel=SIONNA_TDL) ===
Decoder label                 : hybptg15
SNR (dB)                      : 9.50
Frames simulated              : 1188
Final frame errors            : 160 (target=160)
Stage-1 BER                   : 3.679e-02
Stage-1 FER                   : 1.364e-01
Final BER (LDPC+GRAND)        : 3.678e-02
Final FER (LDPC+GRAND)        : 1.347e-01
Avg stage-1 iters/frame       : 6.98
Avg HW time/frame (stage-1)   : 12.17 µs
Avg HW time/frame (GRAND)     : 212.48 µs
Avg HW time/frame (total)     : 224.65 µs

=== Adaptive HYBRID Monte-Carlo (channel=SIONNA_TDL) ===
Decoder label                 : hybctg15
SNR (dB)                      : 9.50
Frames simulated              : 1156
Final frame errors            : 160 (target=160)
Stage-1 BER                   : 3.972e-02
Stage-1 FER                   : 1.410e-01
Final BER (LDPC+GRAND)        : 3.971e-02
Final FER (LDPC+GRAND)        : 1.384e-01
Avg stage-1 iters/frame       : 7.00
Avg HW time/frame (stage-1)   : 12.20 µs
Avg HW time/frame (GRAND)     : 984.09 µs
Avg HW time/frame (total)     : 996.29 µs

=== Adaptive HYBRID Monte-Carlo (channel=SIONNA_TDL) ===
Decoder label                 : hybahr15
SNR (dB)                      : 9.50
Frames simulated              : 1221
Final frame errors            : 160 (target=160)
Stage-1 BER                   : 4.008e-02
Stage-1 FER                   : 1.482e-01
Final BER (LDPC+GRAND)        : 3.982e-02
Final FER (LDPC+GRAND)        : 1.310e-01
Avg stage-1 iters/frame       : 6.98
Avg HW time/frame (stage-1)   : 12.18 µs
Avg HW time/frame (GRAND)     : 1142.47 µs
Avg HW time/frame (total)     : 1154.65 µs

=== Adaptive HYBRID Monte-Carlo (channel=SIONNA_TDL) ===
Decoder label                 : hybbgr15
SNR (dB)                      : 9.50
Frames simulated              : 1351
Final frame errors            : 160 (target=160)
Stage-1 BER                   : 3.193e-02
Stage-1 FER                   : 1.273e-01
Final BER (LDPC+GRAND)        : 3.184e-02
Final FER (LDPC+GRAND)        : 1.184e-01
Avg stage-1 iters/frame       : 6.91
Avg HW time/frame (stage-1)   : 12.05 µs
Avg HW time/frame (GRAND)     : 376.26 µs
Avg HW time/frame (total)     : 388.32 µs

=== Adaptive LDPC-only Monte-Carlo (channel=SIONNA_TDL) ===
Decoder label                 : ldpc15
SNR (dB)                      : 12.50
Frames simulated              : 3573
Frame errors                  : 160 (target=160)
Bit error rate (BER)          : 1.150e-02
Frame error rate (FER)        : 4.478e-02
Avg LDPC iterations/frame     : 5.37
Avg HW cycles/frame           : 7473.69
Avg HW decode time/frame      : 9.34 µs
HW model (fclk_mhz)            : 800.0 MHz

=== Adaptive LDPC-only Monte-Carlo (channel=SIONNA_TDL) ===
Decoder label                 : ldpc20
SNR (dB)                      : 12.50
Frames simulated              : 4173
Frame errors                  : 160 (target=160)
Bit error rate (BER)          : 1.112e-02
Frame error rate (FER)        : 3.834e-02
Avg LDPC iterations/frame     : 5.62
Avg HW cycles/frame           : 7813.08
Avg HW decode time/frame      : 9.77 µs
HW model (fclk_mhz)            : 800.0 MHz

=== Adaptive LDPC-only Monte-Carlo (channel=SIONNA_TDL) ===
Decoder label                 : ldpc100
SNR (dB)                      : 12.50
Frames simulated              : 4888
Frame errors                  : 160 (target=160)
Bit error rate (BER)          : 1.084e-02
Frame error rate (FER)        : 3.273e-02
Avg LDPC iterations/frame     : 8.48
Avg HW cycles/frame           : 11782.91
Avg HW decode time/frame      : 14.73 µs
HW model (fclk_mhz)            : 800.0 MHz

=== Adaptive HYBRID Monte-Carlo (channel=SIONNA_TDL) ===
Decoder label                 : hyb15
SNR (dB)                      : 12.50
Frames simulated              : 3378
Final frame errors            : 160 (target=160)
Stage-1 BER                   : 1.200e-02
Stage-1 FER                   : 4.796e-02
Final BER (LDPC+GRAND)        : 1.200e-02
Final FER (LDPC+GRAND)        : 4.737e-02
Avg stage-1 iters/frame       : 5.40
Avg HW time/frame (stage-1)   : 9.39 µs
Avg HW time/frame (GRAND)     : 4.48 µs
Avg HW time/frame (total)     : 13.87 µs

=== Adaptive HYBRID Monte-Carlo (channel=SIONNA_TDL) ===
Decoder label                 : hybptg15
SNR (dB)                      : 12.50
Frames simulated              : 3316
Final frame errors            : 160 (target=160)
Stage-1 BER                   : 1.306e-02
Stage-1 FER                   : 4.885e-02
Final BER (LDPC+GRAND)        : 1.306e-02
Final FER (LDPC+GRAND)        : 4.825e-02
Avg stage-1 iters/frame       : 5.36
Avg HW time/frame (stage-1)   : 9.32 µs
Avg HW time/frame (GRAND)     : 76.11 µs
Avg HW time/frame (total)     : 85.42 µs

=== Adaptive HYBRID Monte-Carlo (channel=SIONNA_TDL) ===
Decoder label                 : hybctg15
SNR (dB)                      : 12.50
Frames simulated              : 3452
Final frame errors            : 160 (target=160)
Stage-1 BER                   : 1.117e-02
Stage-1 FER                   : 4.838e-02
Final BER (LDPC+GRAND)        : 1.117e-02
Final FER (LDPC+GRAND)        : 4.635e-02
Avg stage-1 iters/frame       : 5.42
Avg HW time/frame (stage-1)   : 9.43 µs
Avg HW time/frame (GRAND)     : 328.18 µs
Avg HW time/frame (total)     : 337.60 µs

=== Adaptive HYBRID Monte-Carlo (channel=SIONNA_TDL) ===
Decoder label                 : hybahr15
SNR (dB)                      : 12.50
Frames simulated              : 4160
Final frame errors            : 160 (target=160)
Stage-1 BER                   : 1.106e-02
Stage-1 FER                   : 4.808e-02
Final BER (LDPC+GRAND)        : 1.065e-02
Final FER (LDPC+GRAND)        : 3.846e-02
Avg stage-1 iters/frame       : 5.41
Avg HW time/frame (stage-1)   : 9.41 µs
Avg HW time/frame (GRAND)     : 340.89 µs
Avg HW time/frame (total)     : 350.30 µs

=== Adaptive HYBRID Monte-Carlo (channel=SIONNA_TDL) ===
Decoder label                 : hybbgr15
SNR (dB)                      : 12.50
Frames simulated              : 3426
Final frame errors            : 160 (target=160)
Stage-1 BER                   : 1.252e-02
Stage-1 FER                   : 5.225e-02
Final BER (LDPC+GRAND)        : 1.222e-02
Final FER (LDPC+GRAND)        : 4.670e-02
Avg stage-1 iters/frame       : 5.41
Avg HW time/frame (stage-1)   : 9.42 µs
Avg HW time/frame (GRAND)     : 149.76 µs
Avg HW time/frame (total)     : 159.17 µs

=== Adaptive LDPC-only Monte-Carlo (channel=SIONNA_TDL) ===
Decoder label                 : ldpc15
SNR (dB)                      : 10.50
Frames simulated              : 1582
Frame errors                  : 160 (target=160)
Bit error rate (BER)          : 2.670e-02
Frame error rate (FER)        : 1.011e-01
Avg LDPC iterations/frame     : 6.35
Avg HW cycles/frame           : 8858.15
Avg HW decode time/frame      : 11.07 µs
HW model (fclk_mhz)            : 800.0 MHz

=== Adaptive LDPC-only Monte-Carlo (channel=SIONNA_TDL) ===
Decoder label                 : ldpc20
SNR (dB)                      : 10.50
Frames simulated              : 1597
Frame errors                  : 160 (target=160)
Bit error rate (BER)          : 2.812e-02
Frame error rate (FER)        : 1.002e-01
Avg LDPC iterations/frame     : 6.98
Avg HW cycles/frame           : 9721.24
Avg HW decode time/frame      : 12.15 µs
HW model (fclk_mhz)            : 800.0 MHz

=== Adaptive LDPC-only Monte-Carlo (channel=SIONNA_TDL) ===
Decoder label                 : ldpc100
SNR (dB)                      : 10.50
Frames simulated              : 2180
Frame errors                  : 160 (target=160)
Bit error rate (BER)          : 2.408e-02
Frame error rate (FER)        : 7.339e-02
Avg LDPC iterations/frame     : 13.19
Avg HW cycles/frame           : 18337.97
Avg HW decode time/frame      : 22.92 µs
HW model (fclk_mhz)            : 800.0 MHz

=== Adaptive HYBRID Monte-Carlo (channel=SIONNA_TDL) ===
Decoder label                 : hyb15
SNR (dB)                      : 10.50
Frames simulated              : 1572
Final frame errors            : 160 (target=160)
Stage-1 BER                   : 2.836e-02
Stage-1 FER                   : 1.050e-01
Final BER (LDPC+GRAND)        : 2.836e-02
Final FER (LDPC+GRAND)        : 1.018e-01
Avg stage-1 iters/frame       : 6.31
Avg HW time/frame (stage-1)   : 10.99 µs
Avg HW time/frame (GRAND)     : 9.67 µs
Avg HW time/frame (total)     : 20.66 µs

=== Adaptive HYBRID Monte-Carlo (channel=SIONNA_TDL) ===
Decoder label                 : hybptg15
SNR (dB)                      : 10.50
Frames simulated              : 1478
Final frame errors            : 160 (target=160)
Stage-1 BER                   : 2.783e-02
Stage-1 FER                   : 1.110e-01
Final BER (LDPC+GRAND)        : 2.783e-02
Final FER (LDPC+GRAND)        : 1.083e-01
Avg stage-1 iters/frame       : 6.46
Avg HW time/frame (stage-1)   : 11.26 µs
Avg HW time/frame (GRAND)     : 169.13 µs
Avg HW time/frame (total)     : 180.39 µs

=== Adaptive HYBRID Monte-Carlo (channel=SIONNA_TDL) ===
Decoder label                 : hybctg15
SNR (dB)                      : 10.50
Frames simulated              : 1651
Final frame errors            : 160 (target=160)
Stage-1 BER                   : 2.622e-02
Stage-1 FER                   : 9.752e-02
Final BER (LDPC+GRAND)        : 2.621e-02
Final FER (LDPC+GRAND)        : 9.691e-02
Avg stage-1 iters/frame       : 6.31
Avg HW time/frame (stage-1)   : 11.00 µs
Avg HW time/frame (GRAND)     : 685.67 µs
Avg HW time/frame (total)     : 696.67 µs

=== Adaptive HYBRID Monte-Carlo (channel=SIONNA_TDL) ===
Decoder label                 : hybahr15
SNR (dB)                      : 10.50
Frames simulated              : 1804
Final frame errors            : 160 (target=160)
Stage-1 BER                   : 2.688e-02
Stage-1 FER                   : 9.922e-02
Final BER (LDPC+GRAND)        : 2.626e-02
Final FER (LDPC+GRAND)        : 8.869e-02
Avg stage-1 iters/frame       : 6.38
Avg HW time/frame (stage-1)   : 11.12 µs
Avg HW time/frame (GRAND)     : 774.01 µs
Avg HW time/frame (total)     : 785.13 µs

=== Adaptive HYBRID Monte-Carlo (channel=SIONNA_TDL) ===
Decoder label                 : hybbgr15
SNR (dB)                      : 10.50
Frames simulated              : 1865
Final frame errors            : 160 (target=160)
Stage-1 BER                   : 2.338e-02
Stage-1 FER                   : 9.115e-02
Final BER (LDPC+GRAND)        : 2.318e-02
Final FER (LDPC+GRAND)        : 8.579e-02
Avg stage-1 iters/frame       : 6.28
Avg HW time/frame (stage-1)   : 10.94 µs
Avg HW time/frame (GRAND)     : 272.71 µs
Avg HW time/frame (total)     : 283.64 µs

=== Adaptive LDPC-only Monte-Carlo (channel=SIONNA_TDL) ===
Decoder label                 : ldpc15
SNR (dB)                      : 14.50
Frames simulated              : 5075
Frame errors                  : 160 (target=160)
Bit error rate (BER)          : 7.501e-03
Frame error rate (FER)        : 3.153e-02
Avg LDPC iterations/frame     : 4.85
Avg HW cycles/frame           : 6741.91
Avg HW decode time/frame      : 8.43 µs
HW model (fclk_mhz)            : 800.0 MHz

=== Adaptive LDPC-only Monte-Carlo (channel=SIONNA_TDL) ===
Decoder label                 : ldpc20
SNR (dB)                      : 14.50
Frames simulated              : 6748
Frame errors                  : 160 (target=160)
Bit error rate (BER)          : 6.563e-03
Frame error rate (FER)        : 2.371e-02
Avg LDPC iterations/frame     : 4.97
Avg HW cycles/frame           : 6905.68
Avg HW decode time/frame      : 8.63 µs
HW model (fclk_mhz)            : 800.0 MHz

=== Adaptive LDPC-only Monte-Carlo (channel=SIONNA_TDL) ===
Decoder label                 : ldpc100
SNR (dB)                      : 14.50
Frames simulated              : 8561
Frame errors                  : 160 (target=160)
Bit error rate (BER)          : 6.045e-03
Frame error rate (FER)        : 1.869e-02
Avg LDPC iterations/frame     : 6.62
Avg HW cycles/frame           : 9201.37
Avg HW decode time/frame      : 11.50 µs
HW model (fclk_mhz)            : 800.0 MHz

=== Adaptive HYBRID Monte-Carlo (channel=SIONNA_TDL) ===
Decoder label                 : hyb15
SNR (dB)                      : 14.50
Frames simulated              : 5729
Final frame errors            : 160 (target=160)
Stage-1 BER                   : 6.558e-03
Stage-1 FER                   : 2.793e-02
Final BER (LDPC+GRAND)        : 6.558e-03
Final FER (LDPC+GRAND)        : 2.793e-02
Avg stage-1 iters/frame       : 4.82
Avg HW time/frame (stage-1)   : 8.38 µs
Avg HW time/frame (GRAND)     : 2.66 µs
Avg HW time/frame (total)     : 11.04 µs

=== Adaptive HYBRID Monte-Carlo (channel=SIONNA_TDL) ===
Decoder label                 : hybptg15
SNR (dB)                      : 14.50
Frames simulated              : 5511
Final frame errors            : 160 (target=160)
Stage-1 BER                   : 7.011e-03
Stage-1 FER                   : 3.030e-02
Final BER (LDPC+GRAND)        : 7.010e-03
Final FER (LDPC+GRAND)        : 2.903e-02
Avg stage-1 iters/frame       : 4.88
Avg HW time/frame (stage-1)   : 8.49 µs
Avg HW time/frame (GRAND)     : 45.39 µs
Avg HW time/frame (total)     : 53.87 µs

=== Adaptive HYBRID Monte-Carlo (channel=SIONNA_TDL) ===
Decoder label                 : hybctg15
SNR (dB)                      : 14.50
Frames simulated              : 5688
Final frame errors            : 160 (target=160)
Stage-1 BER                   : 7.011e-03
Stage-1 FER                   : 2.918e-02
Final BER (LDPC+GRAND)        : 7.010e-03
Final FER (LDPC+GRAND)        : 2.813e-02
Avg stage-1 iters/frame       : 4.88
Avg HW time/frame (stage-1)   : 8.48 µs
Avg HW time/frame (GRAND)     : 198.91 µs
Avg HW time/frame (total)     : 207.39 µs

=== Adaptive HYBRID Monte-Carlo (channel=SIONNA_TDL) ===
Decoder label                 : hybahr15
SNR (dB)                      : 14.50
Frames simulated              : 6876
Final frame errors            : 160 (target=160)
Stage-1 BER                   : 7.124e-03
Stage-1 FER                   : 2.821e-02
Final BER (LDPC+GRAND)        : 6.771e-03
Final FER (LDPC+GRAND)        : 2.327e-02
Avg stage-1 iters/frame       : 4.85
Avg HW time/frame (stage-1)   : 8.43 µs
Avg HW time/frame (GRAND)     : 203.20 µs
Avg HW time/frame (total)     : 211.63 µs

=== Adaptive HYBRID Monte-Carlo (channel=SIONNA_TDL) ===
Decoder label                 : hybbgr15
SNR (dB)                      : 14.50
Frames simulated              : 6784
Final frame errors            : 160 (target=160)
Stage-1 BER                   : 6.349e-03
Stage-1 FER                   : 2.594e-02
Final BER (LDPC+GRAND)        : 6.276e-03
Final FER (LDPC+GRAND)        : 2.358e-02
Avg stage-1 iters/frame       : 4.80
Avg HW time/frame (stage-1)   : 8.34 µs
Avg HW time/frame (GRAND)     : 75.06 µs
Avg HW time/frame (total)     : 83.39 µs

=== Adaptive LDPC-only Monte-Carlo (channel=SIONNA_TDL) ===
Decoder label                 : ldpc15
SNR (dB)                      : 11.50
Frames simulated              : 2176
Frame errors                  : 160 (target=160)
Bit error rate (BER)          : 1.879e-02
Frame error rate (FER)        : 7.353e-02
Avg LDPC iterations/frame     : 5.87
Avg HW cycles/frame           : 8178.87
Avg HW decode time/frame      : 10.22 µs
HW model (fclk_mhz)            : 800.0 MHz

=== Adaptive LDPC-only Monte-Carlo (channel=SIONNA_TDL) ===
Decoder label                 : ldpc20
SNR (dB)                      : 11.50
Frames simulated              : 2552
Frame errors                  : 160 (target=160)
Bit error rate (BER)          : 1.748e-02
Frame error rate (FER)        : 6.270e-02
Avg LDPC iterations/frame     : 6.19
Avg HW cycles/frame           : 8623.00
Avg HW decode time/frame      : 10.78 µs
HW model (fclk_mhz)            : 800.0 MHz

=== Adaptive LDPC-only Monte-Carlo (channel=SIONNA_TDL) ===
Decoder label                 : ldpc100
SNR (dB)                      : 11.50
Frames simulated              : 3114
Frame errors                  : 160 (target=160)
Bit error rate (BER)          : 1.696e-02
Frame error rate (FER)        : 5.138e-02
Avg LDPC iterations/frame     : 10.50
Avg HW cycles/frame           : 14600.10
Avg HW decode time/frame      : 18.25 µs
HW model (fclk_mhz)            : 800.0 MHz

=== Adaptive HYBRID Monte-Carlo (channel=SIONNA_TDL) ===
Decoder label                 : hyb15
SNR (dB)                      : 11.50
Frames simulated              : 2352
Final frame errors            : 160 (target=160)
Stage-1 BER                   : 1.821e-02
Stage-1 FER                   : 6.888e-02
Final BER (LDPC+GRAND)        : 1.821e-02
Final FER (LDPC+GRAND)        : 6.803e-02
Avg stage-1 iters/frame       : 5.80
Avg HW time/frame (stage-1)   : 10.09 µs
Avg HW time/frame (GRAND)     : 6.46 µs
Avg HW time/frame (total)     : 16.55 µs

=== Adaptive HYBRID Monte-Carlo (channel=SIONNA_TDL) ===
Decoder label                 : hybptg15
SNR (dB)                      : 11.50
Frames simulated              : 2159
Final frame errors            : 160 (target=160)
Stage-1 BER                   : 1.829e-02
Stage-1 FER                   : 7.596e-02
Final BER (LDPC+GRAND)        : 1.828e-02
Final FER (LDPC+GRAND)        : 7.411e-02
Avg stage-1 iters/frame       : 5.87
Avg HW time/frame (stage-1)   : 10.22 µs
Avg HW time/frame (GRAND)     : 116.34 µs
Avg HW time/frame (total)     : 126.56 µs

=== Adaptive HYBRID Monte-Carlo (channel=SIONNA_TDL) ===
Decoder label                 : hybctg15
SNR (dB)                      : 11.50
Frames simulated              : 2531
Final frame errors            : 160 (target=160)
Stage-1 BER                   : 1.631e-02
Stage-1 FER                   : 6.756e-02
Final BER (LDPC+GRAND)        : 1.630e-02
Final FER (LDPC+GRAND)        : 6.322e-02
Avg stage-1 iters/frame       : 5.83
Avg HW time/frame (stage-1)   : 10.15 µs
Avg HW time/frame (GRAND)     : 451.65 µs
Avg HW time/frame (total)     : 461.80 µs

=== Adaptive HYBRID Monte-Carlo (channel=SIONNA_TDL) ===
Decoder label                 : hybahr15
SNR (dB)                      : 11.50
Frames simulated              : 2624
Final frame errors            : 160 (target=160)
Stage-1 BER                   : 1.762e-02
Stage-1 FER                   : 6.822e-02
Final BER (LDPC+GRAND)        : 1.729e-02
Final FER (LDPC+GRAND)        : 6.098e-02
Avg stage-1 iters/frame       : 5.83
Avg HW time/frame (stage-1)   : 10.16 µs
Avg HW time/frame (GRAND)     : 530.53 µs
Avg HW time/frame (total)     : 540.68 µs

=== Adaptive HYBRID Monte-Carlo (channel=SIONNA_TDL) ===
Decoder label                 : hybbgr15
SNR (dB)                      : 11.50
Frames simulated              : 2378
Final frame errors            : 160 (target=160)
Stage-1 BER                   : 1.911e-02
Stage-1 FER                   : 7.107e-02
Final BER (LDPC+GRAND)        : 1.883e-02
Final FER (LDPC+GRAND)        : 6.728e-02
Avg stage-1 iters/frame       : 5.83
Avg HW time/frame (stage-1)   : 10.16 µs
Avg HW time/frame (GRAND)     : 214.85 µs
Avg HW time/frame (total)     : 225.00 µs

=== Adaptive LDPC-only Monte-Carlo (channel=SIONNA_TDL) ===
Decoder label                 : ldpc15
SNR (dB)                      : 13.50
Frames simulated              : 3962
Frame errors                  : 160 (target=160)
Bit error rate (BER)          : 1.030e-02
Frame error rate (FER)        : 4.038e-02
Avg LDPC iterations/frame     : 5.09
Avg HW cycles/frame           : 7085.57
Avg HW decode time/frame      : 8.86 µs
HW model (fclk_mhz)            : 800.0 MHz

=== Adaptive LDPC-only Monte-Carlo (channel=SIONNA_TDL) ===
Decoder label                 : ldpc20
SNR (dB)                      : 13.50
Frames simulated              : 4420
Frame errors                  : 160 (target=160)
Bit error rate (BER)          : 1.047e-02
Frame error rate (FER)        : 3.620e-02
Avg LDPC iterations/frame     : 5.34
Avg HW cycles/frame           : 7433.34
Avg HW decode time/frame      : 9.29 µs
HW model (fclk_mhz)            : 800.0 MHz

=== Adaptive LDPC-only Monte-Carlo (channel=SIONNA_TDL) ===
Decoder label                 : ldpc100
SNR (dB)                      : 13.50
Frames simulated              : 6465
Frame errors                  : 160 (target=160)
Bit error rate (BER)          : 8.127e-03
Frame error rate (FER)        : 2.475e-02
Avg LDPC iterations/frame     : 7.32
Avg HW cycles/frame           : 10172.03
Avg HW decode time/frame      : 12.72 µs
HW model (fclk_mhz)            : 800.0 MHz

=== Adaptive HYBRID Monte-Carlo (channel=SIONNA_TDL) ===
Decoder label                 : hyb15
SNR (dB)                      : 13.50
Frames simulated              : 4113
Final frame errors            : 160 (target=160)
Stage-1 BER                   : 9.593e-03
Stage-1 FER                   : 3.963e-02
Final BER (LDPC+GRAND)        : 9.593e-03
Final FER (LDPC+GRAND)        : 3.890e-02
Avg stage-1 iters/frame       : 5.11
Avg HW time/frame (stage-1)   : 8.89 µs
Avg HW time/frame (GRAND)     : 3.71 µs
Avg HW time/frame (total)     : 12.60 µs

=== Adaptive HYBRID Monte-Carlo (channel=SIONNA_TDL) ===
Decoder label                 : hybptg15
SNR (dB)                      : 13.50
Frames simulated              : 4153
Final frame errors            : 160 (target=160)
Stage-1 BER                   : 9.424e-03
Stage-1 FER                   : 4.021e-02
Final BER (LDPC+GRAND)        : 9.422e-03
Final FER (LDPC+GRAND)        : 3.853e-02
Avg stage-1 iters/frame       : 5.15
Avg HW time/frame (stage-1)   : 8.96 µs
Avg HW time/frame (GRAND)     : 60.32 µs
Avg HW time/frame (total)     : 69.28 µs

=== Adaptive HYBRID Monte-Carlo (channel=SIONNA_TDL) ===
Decoder label                 : hybctg15
SNR (dB)                      : 13.50
Frames simulated              : 4020
Final frame errors            : 160 (target=160)
Stage-1 BER                   : 1.082e-02
Stage-1 FER                   : 4.104e-02
Final BER (LDPC+GRAND)        : 1.082e-02
Final FER (LDPC+GRAND)        : 3.980e-02
Avg stage-1 iters/frame       : 5.14
Avg HW time/frame (stage-1)   : 8.95 µs
Avg HW time/frame (GRAND)     : 282.55 µs
Avg HW time/frame (total)     : 291.49 µs

=== Adaptive HYBRID Monte-Carlo (channel=SIONNA_TDL) ===
Decoder label                 : hybahr15
SNR (dB)                      : 13.50
Frames simulated              : 5436
Final frame errors            : 160 (target=160)
Stage-1 BER                   : 8.420e-03
Stage-1 FER                   : 3.587e-02
Final BER (LDPC+GRAND)        : 8.069e-03
Final FER (LDPC+GRAND)        : 2.943e-02
Avg stage-1 iters/frame       : 5.09
Avg HW time/frame (stage-1)   : 8.85 µs
Avg HW time/frame (GRAND)     : 258.46 µs
Avg HW time/frame (total)     : 267.32 µs

=== Adaptive HYBRID Monte-Carlo (channel=SIONNA_TDL) ===
Decoder label                 : hybbgr15
SNR (dB)                      : 13.50
Frames simulated              : 4472
Final frame errors            : 160 (target=160)
Stage-1 BER                   : 9.879e-03
Stage-1 FER                   : 3.936e-02
Final BER (LDPC+GRAND)        : 9.754e-03
Final FER (LDPC+GRAND)        : 3.578e-02
Avg stage-1 iters/frame       : 5.12
Avg HW time/frame (stage-1)   : 8.91 µs
Avg HW time/frame (GRAND)     : 114.04 µs
Avg HW time/frame (total)     : 122.95 µs
[save_awgn_results] Wrote raw results : results/run_ms_scout.sbatch_27853392/sionna_tdl_sionna5g_k1024_n2048_qm1_hybrid_20260315-175715_raw.pkl
[save_awgn_results] Wrote mean summary: results/run_ms_scout.sbatch_27853392/sionna_tdl_sionna5g_k1024_n2048_qm1_hybrid_20260315-175715_summary.csv
[save_awgn_results] Wrote tails summary: results/run_ms_scout.sbatch_27853392/sionna_tdl_sionna5g_k1024_n2048_qm1_hybrid_20260315-175715_summary_tails.csv

=== Adaptive LDPC-only Monte-Carlo (channel=SIONNA_TDL) ===
Decoder label                 : ldpc15
SNR (dB)                      : 8.50
Frames simulated              : 871
Frame errors                  : 160 (target=160)
Bit error rate (BER)          : 5.305e-02
Frame error rate (FER)        : 1.837e-01
Avg LDPC iterations/frame     : 7.67
Avg HW cycles/frame           : 10714.88
Avg HW decode time/frame      : 13.39 µs
HW model (fclk_mhz)            : 800.0 MHz

=== Adaptive LDPC-only Monte-Carlo (channel=SIONNA_TDL) ===
Decoder label                 : ldpc20
SNR (dB)                      : 8.50
Frames simulated              : 1063
Frame errors                  : 160 (target=160)
Bit error rate (BER)          : 4.328e-02
Frame error rate (FER)        : 1.505e-01
Avg LDPC iterations/frame     : 8.38
Avg HW cycles/frame           : 11694.75
Avg HW decode time/frame      : 14.62 µs
HW model (fclk_mhz)            : 800.0 MHz

=== Adaptive LDPC-only Monte-Carlo (channel=SIONNA_TDL) ===
Decoder label                 : ldpc100
SNR (dB)                      : 8.50
Frames simulated              : 1254
Frame errors                  : 160 (target=160)
Bit error rate (BER)          : 4.324e-02
Frame error rate (FER)        : 1.276e-01
Avg LDPC iterations/frame     : 19.40
Avg HW cycles/frame           : 26993.54
Avg HW decode time/frame      : 33.74 µs
HW model (fclk_mhz)            : 800.0 MHz

=== Adaptive HYBRID Monte-Carlo (channel=SIONNA_TDL) ===
Decoder label                 : hyb15
SNR (dB)                      : 8.50
Frames simulated              : 873
Final frame errors            : 160 (target=160)
Stage-1 BER                   : 5.042e-02
Stage-1 FER                   : 1.856e-01
Final BER (LDPC+GRAND)        : 5.042e-02
Final FER (LDPC+GRAND)        : 1.833e-01
Avg stage-1 iters/frame       : 7.70
Avg HW time/frame (stage-1)   : 13.44 µs
Avg HW time/frame (GRAND)     : 17.51 µs
Avg HW time/frame (total)     : 30.95 µs

=== Adaptive HYBRID Monte-Carlo (channel=SIONNA_TDL) ===
Decoder label                 : hybptg15
SNR (dB)                      : 8.50
Frames simulated              : 987
Final frame errors            : 160 (target=160)
Stage-1 BER                   : 4.750e-02
Stage-1 FER                   : 1.651e-01
Final BER (LDPC+GRAND)        : 4.749e-02
Final FER (LDPC+GRAND)        : 1.621e-01
Avg stage-1 iters/frame       : 7.46
Avg HW time/frame (stage-1)   : 13.01 µs
Avg HW time/frame (GRAND)     : 256.05 µs
Avg HW time/frame (total)     : 269.06 µs

=== Adaptive HYBRID Monte-Carlo (channel=SIONNA_TDL) ===
Decoder label                 : hybctg15
SNR (dB)                      : 8.50
Frames simulated              : 834
Final frame errors            : 160 (target=160)
Stage-1 BER                   : 5.526e-02
Stage-1 FER                   : 1.954e-01
Final BER (LDPC+GRAND)        : 5.526e-02
Final FER (LDPC+GRAND)        : 1.918e-01
Avg stage-1 iters/frame       : 7.75
Avg HW time/frame (stage-1)   : 13.54 µs
Avg HW time/frame (GRAND)     : 1355.34 µs
Avg HW time/frame (total)     : 1368.87 µs

=== Adaptive HYBRID Monte-Carlo (channel=SIONNA_TDL) ===
Decoder label                 : hybahr15
SNR (dB)                      : 8.50
Frames simulated              : 962
Final frame errors            : 160 (target=160)
Stage-1 BER                   : 4.930e-02
Stage-1 FER                   : 1.757e-01
Final BER (LDPC+GRAND)        : 4.901e-02
Final FER (LDPC+GRAND)        : 1.663e-01
Avg stage-1 iters/frame       : 7.46
Avg HW time/frame (stage-1)   : 13.03 µs
Avg HW time/frame (GRAND)     : 1446.68 µs
Avg HW time/frame (total)     : 1459.70 µs

=== Adaptive HYBRID Monte-Carlo (channel=SIONNA_TDL) ===
Decoder label                 : hybbgr15
SNR (dB)                      : 8.50
Frames simulated              : 820
Final frame errors            : 160 (target=160)
Stage-1 BER                   : 5.609e-02
Stage-1 FER                   : 2.012e-01
Final BER (LDPC+GRAND)        : 5.582e-02
Final FER (LDPC+GRAND)        : 1.951e-01
Avg stage-1 iters/frame       : 7.79
Avg HW time/frame (stage-1)   : 13.60 µs
Avg HW time/frame (GRAND)     : 619.00 µs
Avg HW time/frame (total)     : 632.60 µs

=== Adaptive LDPC-only Monte-Carlo (channel=SIONNA_TDL) ===
Decoder label                 : ldpc15
SNR (dB)                      : 15.50
Frames simulated              : 6406
Frame errors                  : 160 (target=160)
Bit error rate (BER)          : 5.921e-03
Frame error rate (FER)        : 2.498e-02
Avg LDPC iterations/frame     : 4.67
Avg HW cycles/frame           : 6488.79
Avg HW decode time/frame      : 8.11 µs
HW model (fclk_mhz)            : 800.0 MHz

=== Adaptive LDPC-only Monte-Carlo (channel=SIONNA_TDL) ===
Decoder label                 : ldpc20
SNR (dB)                      : 15.50
Frames simulated              : 7642
Frame errors                  : 160 (target=160)
Bit error rate (BER)          : 5.905e-03
Frame error rate (FER)        : 2.094e-02
Avg LDPC iterations/frame     : 4.77
Avg HW cycles/frame           : 6628.19
Avg HW decode time/frame      : 8.29 µs
HW model (fclk_mhz)            : 800.0 MHz

=== Adaptive LDPC-only Monte-Carlo (channel=SIONNA_TDL) ===
Decoder label                 : ldpc100
SNR (dB)                      : 15.50
Frames simulated              : 10864
Frame errors                  : 160 (target=160)
Bit error rate (BER)          : 4.715e-03
Frame error rate (FER)        : 1.473e-02
Avg LDPC iterations/frame     : 6.00
Avg HW cycles/frame           : 8345.63
Avg HW decode time/frame      : 10.43 µs
HW model (fclk_mhz)            : 800.0 MHz

=== Adaptive HYBRID Monte-Carlo (channel=SIONNA_TDL) ===
Decoder label                 : hyb15
SNR (dB)                      : 15.50
Frames simulated              : 6074
Final frame errors            : 160 (target=160)
Stage-1 BER                   : 6.055e-03
Stage-1 FER                   : 2.684e-02
Final BER (LDPC+GRAND)        : 6.055e-03
Final FER (LDPC+GRAND)        : 2.634e-02
Avg stage-1 iters/frame       : 4.69
Avg HW time/frame (stage-1)   : 8.15 µs
Avg HW time/frame (GRAND)     : 2.48 µs
Avg HW time/frame (total)     : 10.63 µs

=== Adaptive HYBRID Monte-Carlo (channel=SIONNA_TDL) ===
Decoder label                 : hybptg15
SNR (dB)                      : 15.50
Frames simulated              : 7133
Final frame errors            : 160 (target=160)
Stage-1 BER                   : 5.505e-03
Stage-1 FER                   : 2.341e-02
Final BER (LDPC+GRAND)        : 5.504e-03
Final FER (LDPC+GRAND)        : 2.243e-02
Avg stage-1 iters/frame       : 4.65
Avg HW time/frame (stage-1)   : 8.08 µs
Avg HW time/frame (GRAND)     : 35.07 µs
Avg HW time/frame (total)     : 43.15 µs

=== Adaptive HYBRID Monte-Carlo (channel=SIONNA_TDL) ===
Decoder label                 : hybctg15
SNR (dB)                      : 15.50
Frames simulated              : 6568
Final frame errors            : 160 (target=160)
Stage-1 BER                   : 5.771e-03
Stage-1 FER                   : 2.527e-02
Final BER (LDPC+GRAND)        : 5.770e-03
Final FER (LDPC+GRAND)        : 2.436e-02
Avg stage-1 iters/frame       : 4.70
Avg HW time/frame (stage-1)   : 8.18 µs
Avg HW time/frame (GRAND)     : 171.70 µs
Avg HW time/frame (total)     : 179.88 µs

=== Adaptive HYBRID Monte-Carlo (channel=SIONNA_TDL) ===
Decoder label                 : hybahr15
SNR (dB)                      : 15.50
Frames simulated              : 8648
Final frame errors            : 160 (target=160)
Stage-1 BER                   : 5.178e-03
Stage-1 FER                   : 2.255e-02
Final BER (LDPC+GRAND)        : 4.965e-03
Final FER (LDPC+GRAND)        : 1.850e-02
Avg stage-1 iters/frame       : 4.68
Avg HW time/frame (stage-1)   : 8.14 µs
Avg HW time/frame (GRAND)     : 161.91 µs
Avg HW time/frame (total)     : 170.05 µs

=== Adaptive HYBRID Monte-Carlo (channel=SIONNA_TDL) ===
Decoder label                 : hybbgr15
SNR (dB)                      : 15.50
Frames simulated              : 6247
Final frame errors            : 160 (target=160)
Stage-1 BER                   : 7.219e-03
Stage-1 FER                   : 2.769e-02
Final BER (LDPC+GRAND)        : 7.153e-03
Final FER (LDPC+GRAND)        : 2.561e-02
Avg stage-1 iters/frame       : 4.72
Avg HW time/frame (stage-1)   : 8.20 µs
Avg HW time/frame (GRAND)     : 81.90 µs
Avg HW time/frame (total)     : 90.10 µs
