[SBATCH CONFIG] SNR_SWEEP=9.0,9.5,10.0,10.5,11.0,11.5,12.0,12.5,13.0
[SBATCH CONFIG] LDPC_ITERS=15,20 STAGE1_ITERS=15,20
[SBATCH CONFIG] PAIR_DECODER_STREAMS=1 GRAND_RESCUE_SNAPSHOT_ITERS=4,8,12,15,20
[SBATCH CONFIG] CHANNEL=SIONNA_TDL TDL=B DELAY=4e-7 SPEED=[2.0,6.0] CFO=60.0 CSI_MODE=nr_imperfect
[SBATCH CONFIG] RUN_RECEIVER1=1 RUN_RECEIVER6=1 RUN_RECEIVER7=1
Numba threads: 64
[HW model]  {'fclk_mhz': 800, 'ldpc_edges_per_cycle': 64, 'ldpc_bits_per_cycle_hd': 64, 'ldpc_iter_overhead_cycles': 20, 'grand_edges_per_cycle': 64, 'grand_checks_per_cycle': 64, 'grand_batch_overhead_cycles': 200, 'grand_abs_per_cycle': 64, 'grand_sort_elem_log2_per_cycle': 64, 'grand_cost_add_per_cycle': 64, 'grand_patsort_patlog2_per_cycle': 64, 'cluster_pair_edges_per_cycle': 0}
[RUN_EXPERIMENTS] codes=['sionna5g']  snr_sweep=[9.0, 9.5, 10.0, 10.5, 11.0, 11.5, 12.0, 12.5, 13.0]  out_dir=results/run_ms_receiver7_localbias_scout.sbatch_29806492
[RUN_EXPERIMENTS] mc_cfg=AdaptiveMCConfig(target_frame_errors=120, min_frames=0, max_frames=220000)
Fast decoding structures prepared: 20488 edges
[RUN_EXPERIMENTS] Built code: sionna5g_k1024_n2048_qm1
[run_awgn_sweep_for_code] SNR-parallel ON: n_jobs=4, threads/worker=16, backend=loky

=== Adaptive LDPC-only Monte-Carlo (channel=SIONNA_TDL) ===
Decoder label                 : ldpc15
SNR (dB)                      : 10.00
Frames simulated              : 1944
Frame errors                  : 120 (target=120)
Bit error rate (BER)          : 1.438e-02
Frame error rate (FER)        : 6.173e-02
Avg LDPC iterations/frame     : 5.98
Avg HW cycles/frame           : 8323.81
Avg HW decode time/frame      : 10.40 µs
HW model (fclk_mhz)            : 800.0 MHz

=== Adaptive LDPC-only Monte-Carlo (channel=SIONNA_TDL) ===
Decoder label                 : ldpc20
SNR (dB)                      : 10.00
Frames simulated              : 2384
Frame errors                  : 120 (target=120)
Bit error rate (BER)          : 1.269e-02
Frame error rate (FER)        : 5.034e-02
Avg LDPC iterations/frame     : 6.23
Avg HW cycles/frame           : 8674.68
Avg HW decode time/frame      : 10.84 µs
HW model (fclk_mhz)            : 800.0 MHz

=== Adaptive HYBRID Monte-Carlo (channel=SIONNA_TDL) ===
Decoder label                 : hyb15
SNR (dB)                      : 10.00
Frames simulated              : 2032
Final frame errors            : 120 (target=120)
Stage-1 BER                   : 1.395e-02
Stage-1 FER                   : 6.152e-02
Final BER (LDPC+GRAND)        : 1.395e-02
Final FER (LDPC+GRAND)        : 5.906e-02
Avg stage-1 iters/frame       : 5.97
Avg HW time/frame (stage-1)   : 10.40 µs
Avg HW time/frame (GRAND)     : 23.31 µs
Avg HW time/frame (total)     : 33.70 µs

=== Adaptive HYBRID Monte-Carlo (channel=SIONNA_TDL) ===
Decoder label                 : hyb20
SNR (dB)                      : 10.00
Frames simulated              : 2402
Final frame errors            : 120 (target=120)
Stage-1 BER                   : 1.270e-02
Stage-1 FER                   : 5.037e-02
Final BER (LDPC+GRAND)        : 1.270e-02
Final FER (LDPC+GRAND)        : 4.996e-02
Avg stage-1 iters/frame       : 6.24
Avg HW time/frame (stage-1)   : 10.85 µs
Avg HW time/frame (GRAND)     : 24.10 µs
Avg HW time/frame (total)     : 34.95 µs

=== Adaptive HYBRID Monte-Carlo (channel=SIONNA_TDL) ===
Decoder label                 : hybahr15
SNR (dB)                      : 10.00
Frames simulated              : 2571
Final frame errors            : 120 (target=120)
Stage-1 BER                   : 1.359e-02
Stage-1 FER                   : 6.145e-02
Final BER (LDPC+GRAND)        : 1.263e-02
Final FER (LDPC+GRAND)        : 4.667e-02
Avg stage-1 iters/frame       : 5.95
Avg HW time/frame (stage-1)   : 10.36 µs
Avg HW time/frame (GRAND)     : 792.03 µs
Avg HW time/frame (total)     : 802.40 µs

=== Adaptive HYBRID Monte-Carlo (channel=SIONNA_TDL) ===
Decoder label                 : hybahr20
SNR (dB)                      : 10.00
Frames simulated              : 2620
Final frame errors            : 120 (target=120)
Stage-1 BER                   : 1.290e-02
Stage-1 FER                   : 5.153e-02
Final BER (LDPC+GRAND)        : 1.229e-02
Final FER (LDPC+GRAND)        : 4.580e-02
Avg stage-1 iters/frame       : 6.24
Avg HW time/frame (stage-1)   : 10.85 µs
Avg HW time/frame (GRAND)     : 979.88 µs
Avg HW time/frame (total)     : 990.73 µs

=== Adaptive HYBRID Monte-Carlo (channel=SIONNA_TDL) ===
Decoder label                 : hybbgr15
SNR (dB)                      : 10.00
Frames simulated              : 2504
Final frame errors            : 120 (target=120)
Stage-1 BER                   : 1.358e-02
Stage-1 FER                   : 6.150e-02
Final BER (LDPC+GRAND)        : 1.267e-02
Final FER (LDPC+GRAND)        : 4.792e-02
Avg stage-1 iters/frame       : 5.96
Avg HW time/frame (stage-1)   : 10.37 µs
Avg HW time/frame (GRAND)     : 727.04 µs
Avg HW time/frame (total)     : 737.41 µs

=== Adaptive HYBRID Monte-Carlo (channel=SIONNA_TDL) ===
Decoder label                 : hybbgr20
SNR (dB)                      : 10.00
Frames simulated              : 2571
Final frame errors            : 120 (target=120)
Stage-1 BER                   : 1.273e-02
Stage-1 FER                   : 5.095e-02
Final BER (LDPC+GRAND)        : 1.217e-02
Final FER (LDPC+GRAND)        : 4.667e-02
Avg stage-1 iters/frame       : 6.24
Avg HW time/frame (stage-1)   : 10.85 µs
Avg HW time/frame (GRAND)     : 839.39 µs
Avg HW time/frame (total)     : 850.24 µs

=== Adaptive LDPC-only Monte-Carlo (channel=SIONNA_TDL) ===
Decoder label                 : ldpc15
SNR (dB)                      : 11.50
Frames simulated              : 3864
Frame errors                  : 120 (target=120)
Bit error rate (BER)          : 6.221e-03
Frame error rate (FER)        : 3.106e-02
Avg LDPC iterations/frame     : 5.19
Avg HW cycles/frame           : 7225.65
Avg HW decode time/frame      : 9.03 µs
HW model (fclk_mhz)            : 800.0 MHz

=== Adaptive LDPC-only Monte-Carlo (channel=SIONNA_TDL) ===
Decoder label                 : ldpc20
SNR (dB)                      : 11.50
Frames simulated              : 5436
Frame errors                  : 120 (target=120)
Bit error rate (BER)          : 5.384e-03
Frame error rate (FER)        : 2.208e-02
Avg LDPC iterations/frame     : 5.33
Avg HW cycles/frame           : 7411.76
Avg HW decode time/frame      : 9.26 µs
HW model (fclk_mhz)            : 800.0 MHz

=== Adaptive HYBRID Monte-Carlo (channel=SIONNA_TDL) ===
Decoder label                 : hyb15
SNR (dB)                      : 11.50
Frames simulated              : 4089
Final frame errors            : 120 (target=120)
Stage-1 BER                   : 6.105e-03
Stage-1 FER                   : 3.081e-02
Final BER (LDPC+GRAND)        : 6.104e-03
Final FER (LDPC+GRAND)        : 2.935e-02
Avg stage-1 iters/frame       : 5.20
Avg HW time/frame (stage-1)   : 9.03 µs
Avg HW time/frame (GRAND)     : 11.66 µs
Avg HW time/frame (total)     : 20.69 µs

=== Adaptive HYBRID Monte-Carlo (channel=SIONNA_TDL) ===
Decoder label                 : hyb20
SNR (dB)                      : 11.50
Frames simulated              : 5490
Final frame errors            : 120 (target=120)
Stage-1 BER                   : 5.439e-03
Stage-1 FER                   : 2.222e-02
Final BER (LDPC+GRAND)        : 5.439e-03
Final FER (LDPC+GRAND)        : 2.186e-02
Avg stage-1 iters/frame       : 5.33
Avg HW time/frame (stage-1)   : 9.27 µs
Avg HW time/frame (GRAND)     : 10.60 µs
Avg HW time/frame (total)     : 19.87 µs

=== Adaptive HYBRID Monte-Carlo (channel=SIONNA_TDL) ===
Decoder label                 : hybahr15
SNR (dB)                      : 11.50
Frames simulated              : 6050
Final frame errors            : 120 (target=120)
Stage-1 BER                   : 5.837e-03
Stage-1 FER                   : 3.157e-02
Final BER (LDPC+GRAND)        : 5.366e-03
Final FER (LDPC+GRAND)        : 1.983e-02
Avg stage-1 iters/frame       : 5.20
Avg HW time/frame (stage-1)   : 9.03 µs
Avg HW time/frame (GRAND)     : 348.37 µs
Avg HW time/frame (total)     : 357.41 µs

=== Adaptive HYBRID Monte-Carlo (channel=SIONNA_TDL) ===
Decoder label                 : hybahr20
SNR (dB)                      : 11.50
Frames simulated              : 6084
Final frame errors            : 120 (target=120)
Stage-1 BER                   : 5.366e-03
Stage-1 FER                   : 2.235e-02
Final BER (LDPC+GRAND)        : 5.216e-03
Final FER (LDPC+GRAND)        : 1.972e-02
Avg stage-1 iters/frame       : 5.34
Avg HW time/frame (stage-1)   : 9.27 µs
Avg HW time/frame (GRAND)     : 415.34 µs
Avg HW time/frame (total)     : 424.61 µs

=== Adaptive HYBRID Monte-Carlo (channel=SIONNA_TDL) ===
Decoder label                 : hybbgr15
SNR (dB)                      : 11.50
Frames simulated              : 5520
Final frame errors            : 120 (target=120)
Stage-1 BER                   : 5.919e-03
Stage-1 FER                   : 3.152e-02
Final BER (LDPC+GRAND)        : 5.544e-03
Final FER (LDPC+GRAND)        : 2.174e-02
Avg stage-1 iters/frame       : 5.20
Avg HW time/frame (stage-1)   : 9.04 µs
Avg HW time/frame (GRAND)     : 350.57 µs
Avg HW time/frame (total)     : 359.61 µs

=== Adaptive HYBRID Monte-Carlo (channel=SIONNA_TDL) ===
Decoder label                 : hybbgr20
SNR (dB)                      : 11.50
Frames simulated              : 6079
Final frame errors            : 120 (target=120)
Stage-1 BER                   : 5.317e-03
Stage-1 FER                   : 2.221e-02
Final BER (LDPC+GRAND)        : 5.140e-03
Final FER (LDPC+GRAND)        : 1.974e-02
Avg stage-1 iters/frame       : 5.33
Avg HW time/frame (stage-1)   : 9.27 µs
Avg HW time/frame (GRAND)     : 366.02 µs
Avg HW time/frame (total)     : 375.29 µs

=== Adaptive LDPC-only Monte-Carlo (channel=SIONNA_TDL) ===
Decoder label                 : ldpc15
SNR (dB)                      : 9.50
Frames simulated              : 1586
Frame errors                  : 120 (target=120)
Bit error rate (BER)          : 1.687e-02
Frame error rate (FER)        : 7.566e-02
Avg LDPC iterations/frame     : 6.31
Avg HW cycles/frame           : 8789.18
Avg HW decode time/frame      : 10.99 µs
HW model (fclk_mhz)            : 800.0 MHz

=== Adaptive LDPC-only Monte-Carlo (channel=SIONNA_TDL) ===
Decoder label                 : ldpc20
SNR (dB)                      : 9.50
Frames simulated              : 1923
Frame errors                  : 120 (target=120)
Bit error rate (BER)          : 1.552e-02
Frame error rate (FER)        : 6.240e-02
Avg LDPC iterations/frame     : 6.63
Avg HW cycles/frame           : 9226.58
Avg HW decode time/frame      : 11.53 µs
HW model (fclk_mhz)            : 800.0 MHz

=== Adaptive HYBRID Monte-Carlo (channel=SIONNA_TDL) ===
Decoder label                 : hyb15
SNR (dB)                      : 9.50
Frames simulated              : 1624
Final frame errors            : 120 (target=120)
Stage-1 BER                   : 1.705e-02
Stage-1 FER                   : 7.635e-02
Final BER (LDPC+GRAND)        : 1.705e-02
Final FER (LDPC+GRAND)        : 7.389e-02
Avg stage-1 iters/frame       : 6.31
Avg HW time/frame (stage-1)   : 10.99 µs
Avg HW time/frame (GRAND)     : 28.90 µs
Avg HW time/frame (total)     : 39.89 µs

=== Adaptive HYBRID Monte-Carlo (channel=SIONNA_TDL) ===
Decoder label                 : hyb20
SNR (dB)                      : 9.50
Frames simulated              : 2030
Final frame errors            : 120 (target=120)
Stage-1 BER                   : 1.548e-02
Stage-1 FER                   : 6.158e-02
Final BER (LDPC+GRAND)        : 1.548e-02
Final FER (LDPC+GRAND)        : 5.911e-02
Avg stage-1 iters/frame       : 6.63
Avg HW time/frame (stage-1)   : 11.54 µs
Avg HW time/frame (GRAND)     : 29.26 µs
Avg HW time/frame (total)     : 40.80 µs

=== Adaptive HYBRID Monte-Carlo (channel=SIONNA_TDL) ===
Decoder label                 : hybahr15
SNR (dB)                      : 9.50
Frames simulated              : 2180
Final frame errors            : 120 (target=120)
Stage-1 BER                   : 1.616e-02
Stage-1 FER                   : 7.294e-02
Final BER (LDPC+GRAND)        : 1.527e-02
Final FER (LDPC+GRAND)        : 5.505e-02
Avg stage-1 iters/frame       : 6.25
Avg HW time/frame (stage-1)   : 10.88 µs
Avg HW time/frame (GRAND)     : 947.54 µs
Avg HW time/frame (total)     : 958.42 µs

=== Adaptive HYBRID Monte-Carlo (channel=SIONNA_TDL) ===
Decoder label                 : hybahr20
SNR (dB)                      : 9.50
Frames simulated              : 2191
Final frame errors            : 120 (target=120)
Stage-1 BER                   : 1.520e-02
Stage-1 FER                   : 6.070e-02
Final BER (LDPC+GRAND)        : 1.495e-02
Final FER (LDPC+GRAND)        : 5.477e-02
Avg stage-1 iters/frame       : 6.59
Avg HW time/frame (stage-1)   : 11.46 µs
Avg HW time/frame (GRAND)     : 1162.46 µs
Avg HW time/frame (total)     : 1173.92 µs

=== Adaptive HYBRID Monte-Carlo (channel=SIONNA_TDL) ===
Decoder label                 : hybbgr15
SNR (dB)                      : 9.50
Frames simulated              : 1995
Final frame errors            : 120 (target=120)
Stage-1 BER                   : 1.665e-02
Stage-1 FER                   : 7.519e-02
Final BER (LDPC+GRAND)        : 1.614e-02
Final FER (LDPC+GRAND)        : 6.015e-02
Avg stage-1 iters/frame       : 6.27
Avg HW time/frame (stage-1)   : 10.92 µs
Avg HW time/frame (GRAND)     : 930.92 µs
Avg HW time/frame (total)     : 941.85 µs

=== Adaptive HYBRID Monte-Carlo (channel=SIONNA_TDL) ===
Decoder label                 : hybbgr20
SNR (dB)                      : 9.50
Frames simulated              : 2180
Final frame errors            : 120 (target=120)
Stage-1 BER                   : 1.500e-02
Stage-1 FER                   : 6.009e-02
Final BER (LDPC+GRAND)        : 1.485e-02
Final FER (LDPC+GRAND)        : 5.505e-02
Avg stage-1 iters/frame       : 6.58
Avg HW time/frame (stage-1)   : 11.45 µs
Avg HW time/frame (GRAND)     : 1009.99 µs
Avg HW time/frame (total)     : 1021.43 µs

=== Adaptive LDPC-only Monte-Carlo (channel=SIONNA_TDL) ===
Decoder label                 : ldpc15
SNR (dB)                      : 12.00
Frames simulated              : 5663
Frame errors                  : 120 (target=120)
Bit error rate (BER)          : 4.179e-03
Frame error rate (FER)        : 2.119e-02
Avg LDPC iterations/frame     : 4.95
Avg HW cycles/frame           : 6876.50
Avg HW decode time/frame      : 8.60 µs
HW model (fclk_mhz)            : 800.0 MHz

=== Adaptive LDPC-only Monte-Carlo (channel=SIONNA_TDL) ===
Decoder label                 : ldpc20
SNR (dB)                      : 12.00
Frames simulated              : 7667
Frame errors                  : 120 (target=120)
Bit error rate (BER)          : 3.867e-03
Frame error rate (FER)        : 1.565e-02
Avg LDPC iterations/frame     : 5.04
Avg HW cycles/frame           : 7009.81
Avg HW decode time/frame      : 8.76 µs
HW model (fclk_mhz)            : 800.0 MHz

=== Adaptive HYBRID Monte-Carlo (channel=SIONNA_TDL) ===
Decoder label                 : hyb15
SNR (dB)                      : 12.00
Frames simulated              : 5924
Final frame errors            : 120 (target=120)
Stage-1 BER                   : 4.142e-03
Stage-1 FER                   : 2.127e-02
Final BER (LDPC+GRAND)        : 4.142e-03
Final FER (LDPC+GRAND)        : 2.026e-02
Avg stage-1 iters/frame       : 4.94
Avg HW time/frame (stage-1)   : 8.58 µs
Avg HW time/frame (GRAND)     : 8.02 µs
Avg HW time/frame (total)     : 16.60 µs

=== Adaptive HYBRID Monte-Carlo (channel=SIONNA_TDL) ===
Decoder label                 : hyb20
SNR (dB)                      : 12.00
Frames simulated              : 7705
Final frame errors            : 120 (target=120)
Stage-1 BER                   : 3.850e-03
Stage-1 FER                   : 1.570e-02
Final BER (LDPC+GRAND)        : 3.850e-03
Final FER (LDPC+GRAND)        : 1.557e-02
Avg stage-1 iters/frame       : 5.05
Avg HW time/frame (stage-1)   : 8.77 µs
Avg HW time/frame (GRAND)     : 7.48 µs
Avg HW time/frame (total)     : 16.24 µs

=== Adaptive HYBRID Monte-Carlo (channel=SIONNA_TDL) ===
Decoder label                 : hybahr15
SNR (dB)                      : 12.00
Frames simulated              : 8554
Final frame errors            : 120 (target=120)
Stage-1 BER                   : 4.173e-03
Stage-1 FER                   : 2.221e-02
Final BER (LDPC+GRAND)        : 3.835e-03
Final FER (LDPC+GRAND)        : 1.403e-02
Avg stage-1 iters/frame       : 4.95
Avg HW time/frame (stage-1)   : 8.61 µs
Avg HW time/frame (GRAND)     : 241.88 µs
Avg HW time/frame (total)     : 250.48 µs

=== Adaptive HYBRID Monte-Carlo (channel=SIONNA_TDL) ===
Decoder label                 : hybahr20
SNR (dB)                      : 12.00
Frames simulated              : 8844
Final frame errors            : 120 (target=120)
Stage-1 BER                   : 3.804e-03
Stage-1 FER                   : 1.549e-02
Final BER (LDPC+GRAND)        : 3.724e-03
Final FER (LDPC+GRAND)        : 1.357e-02
Avg stage-1 iters/frame       : 5.04
Avg HW time/frame (stage-1)   : 8.76 µs
Avg HW time/frame (GRAND)     : 288.65 µs
Avg HW time/frame (total)     : 297.41 µs

=== Adaptive HYBRID Monte-Carlo (channel=SIONNA_TDL) ===
Decoder label                 : hybbgr15
SNR (dB)                      : 12.00
Frames simulated              : 7583
Final frame errors            : 120 (target=120)
Stage-1 BER                   : 4.156e-03
Stage-1 FER                   : 2.202e-02
Final BER (LDPC+GRAND)        : 3.933e-03
Final FER (LDPC+GRAND)        : 1.582e-02
Avg stage-1 iters/frame       : 4.94
Avg HW time/frame (stage-1)   : 8.59 µs
Avg HW time/frame (GRAND)     : 250.61 µs
Avg HW time/frame (total)     : 259.20 µs

=== Adaptive HYBRID Monte-Carlo (channel=SIONNA_TDL) ===
Decoder label                 : hybbgr20
SNR (dB)                      : 12.00
Frames simulated              : 8515
Final frame errors            : 120 (target=120)
Stage-1 BER                   : 3.836e-03
Stage-1 FER                   : 1.562e-02
Final BER (LDPC+GRAND)        : 3.730e-03
Final FER (LDPC+GRAND)        : 1.409e-02
Avg stage-1 iters/frame       : 5.05
Avg HW time/frame (stage-1)   : 8.77 µs
Avg HW time/frame (GRAND)     : 262.93 µs
Avg HW time/frame (total)     : 271.70 µs

=== Adaptive LDPC-only Monte-Carlo (channel=SIONNA_TDL) ===
Decoder label                 : ldpc15
SNR (dB)                      : 9.00
Frames simulated              : 1258
Frame errors                  : 120 (target=120)
Bit error rate (BER)          : 2.241e-02
Frame error rate (FER)        : 9.539e-02
Avg LDPC iterations/frame     : 6.60
Avg HW cycles/frame           : 9196.03
Avg HW decode time/frame      : 11.50 µs
HW model (fclk_mhz)            : 800.0 MHz

=== Adaptive LDPC-only Monte-Carlo (channel=SIONNA_TDL) ===
Decoder label                 : ldpc20
SNR (dB)                      : 9.00
Frames simulated              : 1509
Frame errors                  : 120 (target=120)
Bit error rate (BER)          : 2.028e-02
Frame error rate (FER)        : 7.952e-02
Avg LDPC iterations/frame     : 7.04
Avg HW cycles/frame           : 9805.60
Avg HW decode time/frame      : 12.26 µs
HW model (fclk_mhz)            : 800.0 MHz

=== Adaptive HYBRID Monte-Carlo (channel=SIONNA_TDL) ===
Decoder label                 : hyb15
SNR (dB)                      : 9.00
Frames simulated              : 1273
Final frame errors            : 120 (target=120)
Stage-1 BER                   : 2.272e-02
Stage-1 FER                   : 9.584e-02
Final BER (LDPC+GRAND)        : 2.272e-02
Final FER (LDPC+GRAND)        : 9.427e-02
Avg stage-1 iters/frame       : 6.60
Avg HW time/frame (stage-1)   : 11.50 µs
Avg HW time/frame (GRAND)     : 36.44 µs
Avg HW time/frame (total)     : 47.94 µs

=== Adaptive HYBRID Monte-Carlo (channel=SIONNA_TDL) ===
Decoder label                 : hyb20
SNR (dB)                      : 9.00
Frames simulated              : 1595
Final frame errors            : 120 (target=120)
Stage-1 BER                   : 2.006e-02
Stage-1 FER                   : 7.900e-02
Final BER (LDPC+GRAND)        : 2.006e-02
Final FER (LDPC+GRAND)        : 7.524e-02
Avg stage-1 iters/frame       : 7.04
Avg HW time/frame (stage-1)   : 12.25 µs
Avg HW time/frame (GRAND)     : 37.44 µs
Avg HW time/frame (total)     : 49.69 µs

=== Adaptive HYBRID Monte-Carlo (channel=SIONNA_TDL) ===
Decoder label                 : hybahr15
SNR (dB)                      : 9.00
Frames simulated              : 1676
Final frame errors            : 120 (target=120)
Stage-1 BER                   : 2.167e-02
Stage-1 FER                   : 9.487e-02
Final BER (LDPC+GRAND)        : 2.044e-02
Final FER (LDPC+GRAND)        : 7.160e-02
Avg stage-1 iters/frame       : 6.60
Avg HW time/frame (stage-1)   : 11.49 µs
Avg HW time/frame (GRAND)     : 1207.18 µs
Avg HW time/frame (total)     : 1218.68 µs

=== Adaptive HYBRID Monte-Carlo (channel=SIONNA_TDL) ===
Decoder label                 : hybahr20
SNR (dB)                      : 9.00
Frames simulated              : 1750
Final frame errors            : 120 (target=120)
Stage-1 BER                   : 2.002e-02
Stage-1 FER                   : 7.829e-02
Final BER (LDPC+GRAND)        : 1.950e-02
Final FER (LDPC+GRAND)        : 6.857e-02
Avg stage-1 iters/frame       : 7.06
Avg HW time/frame (stage-1)   : 12.28 µs
Avg HW time/frame (GRAND)     : 1461.69 µs
Avg HW time/frame (total)     : 1473.97 µs

=== Adaptive HYBRID Monte-Carlo (channel=SIONNA_TDL) ===
Decoder label                 : hybbgr15
SNR (dB)                      : 9.00
Frames simulated              : 1563
Final frame errors            : 120 (target=120)
Stage-1 BER                   : 2.135e-02
Stage-1 FER                   : 9.405e-02
Final BER (LDPC+GRAND)        : 2.051e-02
Final FER (LDPC+GRAND)        : 7.678e-02
Avg stage-1 iters/frame       : 6.60
Avg HW time/frame (stage-1)   : 11.49 µs
Avg HW time/frame (GRAND)     : 1160.56 µs
Avg HW time/frame (total)     : 1172.05 µs

=== Adaptive HYBRID Monte-Carlo (channel=SIONNA_TDL) ===
Decoder label                 : hybbgr20
SNR (dB)                      : 9.00
Frames simulated              : 1696
Final frame errors            : 120 (target=120)
Stage-1 BER                   : 2.011e-02
Stage-1 FER                   : 7.901e-02
Final BER (LDPC+GRAND)        : 1.980e-02
Final FER (LDPC+GRAND)        : 7.075e-02
Avg stage-1 iters/frame       : 7.05
Avg HW time/frame (stage-1)   : 12.27 µs
Avg HW time/frame (GRAND)     : 1305.13 µs
Avg HW time/frame (total)     : 1317.40 µs

=== Adaptive LDPC-only Monte-Carlo (channel=SIONNA_TDL) ===
Decoder label                 : ldpc15
SNR (dB)                      : 12.50
Frames simulated              : 6043
Frame errors                  : 120 (target=120)
Bit error rate (BER)          : 3.457e-03
Frame error rate (FER)        : 1.986e-02
Avg LDPC iterations/frame     : 4.83
Avg HW cycles/frame           : 6714.86
Avg HW decode time/frame      : 8.39 µs
HW model (fclk_mhz)            : 800.0 MHz

=== Adaptive LDPC-only Monte-Carlo (channel=SIONNA_TDL) ===
Decoder label                 : ldpc20
SNR (dB)                      : 12.50
Frames simulated              : 8096
Frame errors                  : 120 (target=120)
Bit error rate (BER)          : 3.375e-03
Frame error rate (FER)        : 1.482e-02
Avg LDPC iterations/frame     : 4.92
Avg HW cycles/frame           : 6841.50
Avg HW decode time/frame      : 8.55 µs
HW model (fclk_mhz)            : 800.0 MHz

=== Adaptive HYBRID Monte-Carlo (channel=SIONNA_TDL) ===
Decoder label                 : hyb15
SNR (dB)                      : 12.50
Frames simulated              : 6585
Final frame errors            : 120 (target=120)
Stage-1 BER                   : 3.479e-03
Stage-1 FER                   : 2.020e-02
Final BER (LDPC+GRAND)        : 3.478e-03
Final FER (LDPC+GRAND)        : 1.822e-02
Avg stage-1 iters/frame       : 4.83
Avg HW time/frame (stage-1)   : 8.40 µs
Avg HW time/frame (GRAND)     : 7.46 µs
Avg HW time/frame (total)     : 15.86 µs

=== Adaptive HYBRID Monte-Carlo (channel=SIONNA_TDL) ===
Decoder label                 : hyb20
SNR (dB)                      : 12.50
Frames simulated              : 8253
Final frame errors            : 120 (target=120)
Stage-1 BER                   : 3.371e-03
Stage-1 FER                   : 1.478e-02
Final BER (LDPC+GRAND)        : 3.371e-03
Final FER (LDPC+GRAND)        : 1.454e-02
Avg stage-1 iters/frame       : 4.92
Avg HW time/frame (stage-1)   : 8.55 µs
Avg HW time/frame (GRAND)     : 7.03 µs
Avg HW time/frame (total)     : 15.57 µs

=== Adaptive HYBRID Monte-Carlo (channel=SIONNA_TDL) ===
Decoder label                 : hybahr15
SNR (dB)                      : 12.50
Frames simulated              : 8635
Final frame errors            : 120 (target=120)
Stage-1 BER                   : 3.679e-03
Stage-1 FER                   : 2.108e-02
Final BER (LDPC+GRAND)        : 3.500e-03
Final FER (LDPC+GRAND)        : 1.390e-02
Avg stage-1 iters/frame       : 4.83
Avg HW time/frame (stage-1)   : 8.39 µs
Avg HW time/frame (GRAND)     : 239.05 µs
Avg HW time/frame (total)     : 247.44 µs

=== Adaptive HYBRID Monte-Carlo (channel=SIONNA_TDL) ===
Decoder label                 : hybahr20
SNR (dB)                      : 12.50
Frames simulated              : 9262
Final frame errors            : 120 (target=120)
Stage-1 BER                   : 3.367e-03
Stage-1 FER                   : 1.468e-02
Final BER (LDPC+GRAND)        : 3.300e-03
Final FER (LDPC+GRAND)        : 1.296e-02
Avg stage-1 iters/frame       : 4.91
Avg HW time/frame (stage-1)   : 8.53 µs
Avg HW time/frame (GRAND)     : 282.03 µs
Avg HW time/frame (total)     : 290.56 µs

=== Adaptive HYBRID Monte-Carlo (channel=SIONNA_TDL) ===
Decoder label                 : hybbgr15
SNR (dB)                      : 12.50
Frames simulated              : 8096
Final frame errors            : 120 (target=120)
Stage-1 BER                   : 3.657e-03
Stage-1 FER                   : 2.137e-02
Final BER (LDPC+GRAND)        : 3.505e-03
Final FER (LDPC+GRAND)        : 1.482e-02
Avg stage-1 iters/frame       : 4.83
Avg HW time/frame (stage-1)   : 8.40 µs
Avg HW time/frame (GRAND)     : 234.13 µs
Avg HW time/frame (total)     : 242.53 µs

=== Adaptive HYBRID Monte-Carlo (channel=SIONNA_TDL) ===
Decoder label                 : hybbgr20
SNR (dB)                      : 12.50
Frames simulated              : 8934
Final frame errors            : 120 (target=120)
Stage-1 BER                   : 3.305e-03
Stage-1 FER                   : 1.455e-02
Final BER (LDPC+GRAND)        : 3.256e-03
Final FER (LDPC+GRAND)        : 1.343e-02
Avg stage-1 iters/frame       : 4.91
Avg HW time/frame (stage-1)   : 8.53 µs
Avg HW time/frame (GRAND)     : 245.44 µs
Avg HW time/frame (total)     : 253.96 µs
[save_awgn_results] Wrote raw results : results/run_ms_receiver7_localbias_scout.sbatch_29806492/sionna_tdl_sionna5g_k1024_n2048_qm1_hybrid_20260326-120045_raw.pkl
[save_awgn_results] Wrote mean summary: results/run_ms_receiver7_localbias_scout.sbatch_29806492/sionna_tdl_sionna5g_k1024_n2048_qm1_hybrid_20260326-120045_summary.csv
[save_awgn_results] Wrote tails summary: results/run_ms_receiver7_localbias_scout.sbatch_29806492/sionna_tdl_sionna5g_k1024_n2048_qm1_hybrid_20260326-120045_summary_tails.csv

=== Adaptive LDPC-only Monte-Carlo (channel=SIONNA_TDL) ===
Decoder label                 : ldpc15
SNR (dB)                      : 10.50
Frames simulated              : 2418
Frame errors                  : 120 (target=120)
Bit error rate (BER)          : 1.182e-02
Frame error rate (FER)        : 4.963e-02
Avg LDPC iterations/frame     : 5.57
Avg HW cycles/frame           : 7753.09
Avg HW decode time/frame      : 9.69 µs
HW model (fclk_mhz)            : 800.0 MHz

=== Adaptive LDPC-only Monte-Carlo (channel=SIONNA_TDL) ===
Decoder label                 : ldpc20
SNR (dB)                      : 10.50
Frames simulated              : 2767
Frame errors                  : 120 (target=120)
Bit error rate (BER)          : 1.153e-02
Frame error rate (FER)        : 4.337e-02
Avg LDPC iterations/frame     : 5.83
Avg HW cycles/frame           : 8117.51
Avg HW decode time/frame      : 10.15 µs
HW model (fclk_mhz)            : 800.0 MHz

=== Adaptive HYBRID Monte-Carlo (channel=SIONNA_TDL) ===
Decoder label                 : hyb15
SNR (dB)                      : 10.50
Frames simulated              : 2469
Final frame errors            : 120 (target=120)
Stage-1 BER                   : 1.198e-02
Stage-1 FER                   : 4.982e-02
Final BER (LDPC+GRAND)        : 1.198e-02
Final FER (LDPC+GRAND)        : 4.860e-02
Avg stage-1 iters/frame       : 5.58
Avg HW time/frame (stage-1)   : 9.70 µs
Avg HW time/frame (GRAND)     : 18.94 µs
Avg HW time/frame (total)     : 28.65 µs

=== Adaptive HYBRID Monte-Carlo (channel=SIONNA_TDL) ===
Decoder label                 : hyb20
SNR (dB)                      : 10.50
Frames simulated              : 2782
Final frame errors            : 120 (target=120)
Stage-1 BER                   : 1.158e-02
Stage-1 FER                   : 4.385e-02
Final BER (LDPC+GRAND)        : 1.158e-02
Final FER (LDPC+GRAND)        : 4.313e-02
Avg stage-1 iters/frame       : 5.84
Avg HW time/frame (stage-1)   : 10.16 µs
Avg HW time/frame (GRAND)     : 20.92 µs
Avg HW time/frame (total)     : 31.08 µs

=== Adaptive HYBRID Monte-Carlo (channel=SIONNA_TDL) ===
Decoder label                 : hybahr15
SNR (dB)                      : 10.50
Frames simulated              : 3006
Final frame errors            : 120 (target=120)
Stage-1 BER                   : 1.205e-02
Stage-1 FER                   : 5.023e-02
Final BER (LDPC+GRAND)        : 1.122e-02
Final FER (LDPC+GRAND)        : 3.992e-02
Avg stage-1 iters/frame       : 5.61
Avg HW time/frame (stage-1)   : 9.75 µs
Avg HW time/frame (GRAND)     : 677.97 µs
Avg HW time/frame (total)     : 687.73 µs

=== Adaptive HYBRID Monte-Carlo (channel=SIONNA_TDL) ===
Decoder label                 : hybahr20
SNR (dB)                      : 10.50
Frames simulated              : 3210
Final frame errors            : 120 (target=120)
Stage-1 BER                   : 1.121e-02
Stage-1 FER                   : 4.237e-02
Final BER (LDPC+GRAND)        : 1.081e-02
Final FER (LDPC+GRAND)        : 3.738e-02
Avg stage-1 iters/frame       : 5.83
Avg HW time/frame (stage-1)   : 10.14 µs
Avg HW time/frame (GRAND)     : 794.88 µs
Avg HW time/frame (total)     : 805.02 µs

=== Adaptive HYBRID Monte-Carlo (channel=SIONNA_TDL) ===
Decoder label                 : hybbgr15
SNR (dB)                      : 10.50
Frames simulated              : 2855
Final frame errors            : 120 (target=120)
Stage-1 BER                   : 1.211e-02
Stage-1 FER                   : 5.079e-02
Final BER (LDPC+GRAND)        : 1.140e-02
Final FER (LDPC+GRAND)        : 4.203e-02
Avg stage-1 iters/frame       : 5.60
Avg HW time/frame (stage-1)   : 9.75 µs
Avg HW time/frame (GRAND)     : 635.70 µs
Avg HW time/frame (total)     : 645.45 µs

=== Adaptive HYBRID Monte-Carlo (channel=SIONNA_TDL) ===
Decoder label                 : hybbgr20
SNR (dB)                      : 10.50
Frames simulated              : 3189
Final frame errors            : 120 (target=120)
Stage-1 BER                   : 1.107e-02
Stage-1 FER                   : 4.202e-02
Final BER (LDPC+GRAND)        : 1.068e-02
Final FER (LDPC+GRAND)        : 3.763e-02
Avg stage-1 iters/frame       : 5.83
Avg HW time/frame (stage-1)   : 10.14 µs
Avg HW time/frame (GRAND)     : 700.04 µs
Avg HW time/frame (total)     : 710.18 µs

=== Adaptive LDPC-only Monte-Carlo (channel=SIONNA_TDL) ===
Decoder label                 : ldpc15
SNR (dB)                      : 11.00
Frames simulated              : 3527
Frame errors                  : 120 (target=120)
Bit error rate (BER)          : 6.276e-03
Frame error rate (FER)        : 3.402e-02
Avg LDPC iterations/frame     : 5.32
Avg HW cycles/frame           : 7393.85
Avg HW decode time/frame      : 9.24 µs
HW model (fclk_mhz)            : 800.0 MHz

=== Adaptive LDPC-only Monte-Carlo (channel=SIONNA_TDL) ===
Decoder label                 : ldpc20
SNR (dB)                      : 11.00
Frames simulated              : 4402
Frame errors                  : 120 (target=120)
Bit error rate (BER)          : 6.029e-03
Frame error rate (FER)        : 2.726e-02
Avg LDPC iterations/frame     : 5.48
Avg HW cycles/frame           : 7624.90
Avg HW decode time/frame      : 9.53 µs
HW model (fclk_mhz)            : 800.0 MHz

=== Adaptive HYBRID Monte-Carlo (channel=SIONNA_TDL) ===
Decoder label                 : hyb15
SNR (dB)                      : 11.00
Frames simulated              : 3621
Final frame errors            : 120 (target=120)
Stage-1 BER                   : 6.622e-03
Stage-1 FER                   : 3.535e-02
Final BER (LDPC+GRAND)        : 6.622e-03
Final FER (LDPC+GRAND)        : 3.314e-02
Avg stage-1 iters/frame       : 5.33
Avg HW time/frame (stage-1)   : 9.27 µs
Avg HW time/frame (GRAND)     : 13.29 µs
Avg HW time/frame (total)     : 22.56 µs

=== Adaptive HYBRID Monte-Carlo (channel=SIONNA_TDL) ===
Decoder label                 : hyb20
SNR (dB)                      : 11.00
Frames simulated              : 4625
Final frame errors            : 120 (target=120)
Stage-1 BER                   : 6.024e-03
Stage-1 FER                   : 2.724e-02
Final BER (LDPC+GRAND)        : 6.023e-03
Final FER (LDPC+GRAND)        : 2.595e-02
Avg stage-1 iters/frame       : 5.50
Avg HW time/frame (stage-1)   : 9.55 µs
Avg HW time/frame (GRAND)     : 12.88 µs
Avg HW time/frame (total)     : 22.43 µs

=== Adaptive HYBRID Monte-Carlo (channel=SIONNA_TDL) ===
Decoder label                 : hybahr15
SNR (dB)                      : 11.00
Frames simulated              : 5007
Final frame errors            : 120 (target=120)
Stage-1 BER                   : 6.553e-03
Stage-1 FER                   : 3.475e-02
Final BER (LDPC+GRAND)        : 6.013e-03
Final FER (LDPC+GRAND)        : 2.397e-02
Avg stage-1 iters/frame       : 5.34
Avg HW time/frame (stage-1)   : 9.28 µs
Avg HW time/frame (GRAND)     : 410.09 µs
Avg HW time/frame (total)     : 419.37 µs

=== Adaptive HYBRID Monte-Carlo (channel=SIONNA_TDL) ===
Decoder label                 : hybahr20
SNR (dB)                      : 11.00
Frames simulated              : 5373
Final frame errors            : 120 (target=120)
Stage-1 BER                   : 5.942e-03
Stage-1 FER                   : 2.773e-02
Final BER (LDPC+GRAND)        : 5.680e-03
Final FER (LDPC+GRAND)        : 2.233e-02
Avg stage-1 iters/frame       : 5.49
Avg HW time/frame (stage-1)   : 9.53 µs
Avg HW time/frame (GRAND)     : 499.98 µs
Avg HW time/frame (total)     : 509.51 µs

=== Adaptive HYBRID Monte-Carlo (channel=SIONNA_TDL) ===
Decoder label                 : hybbgr15
SNR (dB)                      : 11.00
Frames simulated              : 4584
Final frame errors            : 120 (target=120)
Stage-1 BER                   : 6.542e-03
Stage-1 FER                   : 3.469e-02
Final BER (LDPC+GRAND)        : 6.270e-03
Final FER (LDPC+GRAND)        : 2.618e-02
Avg stage-1 iters/frame       : 5.34
Avg HW time/frame (stage-1)   : 9.29 µs
Avg HW time/frame (GRAND)     : 407.00 µs
Avg HW time/frame (total)     : 416.29 µs

=== Adaptive HYBRID Monte-Carlo (channel=SIONNA_TDL) ===
Decoder label                 : hybbgr20
SNR (dB)                      : 11.00
Frames simulated              : 5116
Final frame errors            : 120 (target=120)
Stage-1 BER                   : 5.930e-03
Stage-1 FER                   : 2.697e-02
Final BER (LDPC+GRAND)        : 5.803e-03
Final FER (LDPC+GRAND)        : 2.346e-02
Avg stage-1 iters/frame       : 5.48
Avg HW time/frame (stage-1)   : 9.53 µs
Avg HW time/frame (GRAND)     : 439.90 µs
Avg HW time/frame (total)     : 449.43 µs

=== Adaptive LDPC-only Monte-Carlo (channel=SIONNA_TDL) ===
Decoder label                 : ldpc15
SNR (dB)                      : 13.00
Frames simulated              : 7539
Frame errors                  : 120 (target=120)
Bit error rate (BER)          : 3.125e-03
Frame error rate (FER)        : 1.592e-02
Avg LDPC iterations/frame     : 4.68
Avg HW cycles/frame           : 6499.09
Avg HW decode time/frame      : 8.12 µs
HW model (fclk_mhz)            : 800.0 MHz

=== Adaptive LDPC-only Monte-Carlo (channel=SIONNA_TDL) ===
Decoder label                 : ldpc20
SNR (dB)                      : 13.00
Frames simulated              : 9785
Frame errors                  : 120 (target=120)
Bit error rate (BER)          : 2.839e-03
Frame error rate (FER)        : 1.226e-02
Avg LDPC iterations/frame     : 4.75
Avg HW cycles/frame           : 6601.44
Avg HW decode time/frame      : 8.25 µs
HW model (fclk_mhz)            : 800.0 MHz

=== Adaptive HYBRID Monte-Carlo (channel=SIONNA_TDL) ===
Decoder label                 : hyb15
SNR (dB)                      : 13.00
Frames simulated              : 8232
Final frame errors            : 120 (target=120)
Stage-1 BER                   : 3.147e-03
Stage-1 FER                   : 1.603e-02
Final BER (LDPC+GRAND)        : 3.147e-03
Final FER (LDPC+GRAND)        : 1.458e-02
Avg stage-1 iters/frame       : 4.68
Avg HW time/frame (stage-1)   : 8.13 µs
Avg HW time/frame (GRAND)     : 5.97 µs
Avg HW time/frame (total)     : 14.11 µs

=== Adaptive HYBRID Monte-Carlo (channel=SIONNA_TDL) ===
Decoder label                 : hyb20
SNR (dB)                      : 13.00
Frames simulated              : 9916
Final frame errors            : 120 (target=120)
Stage-1 BER                   : 2.863e-03
Stage-1 FER                   : 1.230e-02
Final BER (LDPC+GRAND)        : 2.863e-03
Final FER (LDPC+GRAND)        : 1.210e-02
Avg stage-1 iters/frame       : 4.75
Avg HW time/frame (stage-1)   : 8.25 µs
Avg HW time/frame (GRAND)     : 5.86 µs
Avg HW time/frame (total)     : 14.11 µs

=== Adaptive HYBRID Monte-Carlo (channel=SIONNA_TDL) ===
Decoder label                 : hybahr15
SNR (dB)                      : 13.00
Frames simulated              : 11031
Final frame errors            : 120 (target=120)
Stage-1 BER                   : 2.988e-03
Stage-1 FER                   : 1.550e-02
Final BER (LDPC+GRAND)        : 2.724e-03
Final FER (LDPC+GRAND)        : 1.088e-02
Avg stage-1 iters/frame       : 4.66
Avg HW time/frame (stage-1)   : 8.10 µs
Avg HW time/frame (GRAND)     : 186.90 µs
Avg HW time/frame (total)     : 195.00 µs

=== Adaptive HYBRID Monte-Carlo (channel=SIONNA_TDL) ===
Decoder label                 : hybahr20
SNR (dB)                      : 13.00
Frames simulated              : 11833
Final frame errors            : 120 (target=120)
Stage-1 BER                   : 2.671e-03
Stage-1 FER                   : 1.183e-02
Final BER (LDPC+GRAND)        : 2.506e-03
Final FER (LDPC+GRAND)        : 1.014e-02
Avg stage-1 iters/frame       : 4.74
Avg HW time/frame (stage-1)   : 8.24 µs
Avg HW time/frame (GRAND)     : 220.62 µs
Avg HW time/frame (total)     : 228.86 µs

=== Adaptive HYBRID Monte-Carlo (channel=SIONNA_TDL) ===
Decoder label                 : hybbgr15
SNR (dB)                      : 13.00
Frames simulated              : 10117
Final frame errors            : 120 (target=120)
Stage-1 BER                   : 3.072e-03
Stage-1 FER                   : 1.581e-02
Final BER (LDPC+GRAND)        : 2.879e-03
Final FER (LDPC+GRAND)        : 1.186e-02
Avg stage-1 iters/frame       : 4.68
Avg HW time/frame (stage-1)   : 8.13 µs
Avg HW time/frame (GRAND)     : 181.51 µs
Avg HW time/frame (total)     : 189.63 µs

=== Adaptive HYBRID Monte-Carlo (channel=SIONNA_TDL) ===
Decoder label                 : hybbgr20
SNR (dB)                      : 13.00
Frames simulated              : 10969
Final frame errors            : 120 (target=120)
Stage-1 BER                   : 2.754e-03
Stage-1 FER                   : 1.185e-02
Final BER (LDPC+GRAND)        : 2.660e-03
Final FER (LDPC+GRAND)        : 1.094e-02
Avg stage-1 iters/frame       : 4.73
Avg HW time/frame (stage-1)   : 8.22 µs
Avg HW time/frame (GRAND)     : 197.60 µs
Avg HW time/frame (total)     : 205.82 µs
